d:\git\src\ibk\ibk_drfn\#drfn-cs\_obj\ktbchart\ktbchart.pch
d:\git\src\ibk\ibk_drfn\#drfn-cs\_obj\ktbchart\stdafx.obj
d:\git\src\ibk\ibk_drfn\#drfn-cs\output\_cod\ibkchart\stdafx.cod
d:\git\src\ibk\ibk_drfn\#drfn-cs\_obj\ktbchart\ktbchartdll.obj
d:\git\src\ibk\ibk_drfn\#drfn-cs\output\_cod\ibkchart\ktbchartdll.cod
d:\git\src\ibk\ibk_drfn\#drfn-cs\_obj\ktbchart\ktbchartctl.obj
d:\git\src\ibk\ibk_drfn\#drfn-cs\output\_cod\ibkchart\ktbchartctl.cod
d:\git\src\ibk\ibk_drfn\#drfn-cs\_obj\ktbchart\ktbchartcommoninterface.obj
d:\git\src\ibk\ibk_drfn\#drfn-cs\output\_cod\ibkchart\ktbchartcommoninterface.cod
d:\git\src\ibk\ibk_drfn\#drfn-cs\_obj\ktbchart\ktbchart.obj
d:\git\src\ibk\ibk_drfn\#drfn-cs\output\_cod\ibkchart\ktbchart.cod
d:\git\src\ibk\ibk_drfn\#drfn-cs\_obj\ktbchart\indicatordefaultdata.obj
d:\git\src\ibk\ibk_drfn\#drfn-cs\output\_cod\ibkchart\indicatordefaultdata.cod
d:\git\src\ibk\ibk_drfn\#drfn-cs\_obj\ktbchart\iclncom.obj
d:\git\src\ibk\ibk_drfn\#drfn-cs\output\_cod\ibkchart\iclncom.cod
d:\git\src\ibk\ibk_drfn\#drfn-cs\_obj\ktbchart\filebuilder.obj
d:\git\src\ibk\ibk_drfn\#drfn-cs\output\_cod\ibkchart\filebuilder.cod
d:\git\src\ibk\ibk_drfn\#drfn-cs\_obj\ktbchart\exceldatacontroller.obj
d:\git\src\ibk\ibk_drfn\#drfn-cs\output\_cod\ibkchart\exceldatacontroller.cod
d:\git\src\ibk\ibk_drfn\#drfn-cs\_obj\ktbchart\dlgprintcfg.obj
d:\git\src\ibk\ibk_drfn\#drfn-cs\output\_cod\ibkchart\dlgprintcfg.cod
d:\git\src\ibk\ibk_drfn\#drfn-cs\_obj\ktbchart\dataextracter.obj
d:\git\src\ibk\ibk_drfn\#drfn-cs\output\_cod\ibkchart\dataextracter.cod
d:\git\src\ibk\ibk_drfn\#drfn-cs\_obj\ktbchart\chartcfg.obj
d:\git\src\ibk\ibk_drfn\#drfn-cs\output\_cod\ibkchart\chartcfg.cod
d:\git\src\ibk\ibk_drfn\#drfn-cs\_obj\ktbchart\cfgfileversionchecker.obj
d:\git\src\ibk\ibk_drfn\#drfn-cs\output\_cod\ibkchart\cfgfileversionchecker.cod
d:\git\src\ibk\ibk_drfn\#drfn-cs\_obj\ktbchart\viewdata.obj
d:\git\src\ibk\ibk_drfn\#drfn-cs\output\_cod\ibkchart\viewdata.cod
d:\git\src\ibk\ibk_drfn\#drfn-cs\_obj\ktbchart\tooloption.obj
d:\git\src\ibk\ibk_drfn\#drfn-cs\output\_cod\ibkchart\tooloption.cod
d:\git\src\ibk\ibk_drfn\#drfn-cs\_obj\ktbchart\propertiesdata.obj
d:\git\src\ibk\ibk_drfn\#drfn-cs\output\_cod\ibkchart\propertiesdata.cod
d:\git\src\ibk\ibk_drfn\#drfn-cs\_obj\ktbchart\outsidecommoninterfacefunction.obj
d:\git\src\ibk\ibk_drfn\#drfn-cs\output\_cod\ibkchart\outsidecommoninterfacefunction.cod
d:\git\src\ibk\ibk_drfn\#drfn-cs\_obj\ktbchart\objtool.obj
d:\git\src\ibk\ibk_drfn\#drfn-cs\output\_cod\ibkchart\objtool.cod
d:\git\src\ibk\ibk_drfn\#drfn-cs\_obj\ktbchart\imetatable.obj
d:\git\src\ibk\ibk_drfn\#drfn-cs\output\_cod\ibkchart\imetatable.cod
d:\git\src\ibk\ibk_drfn\#drfn-cs\_obj\ktbchart\datamath.obj
d:\git\src\ibk\ibk_drfn\#drfn-cs\output\_cod\ibkchart\datamath.cod
d:\git\src\ibk\ibk_drfn\#drfn-cs\_obj\ktbchart\conversion.obj
d:\git\src\ibk\ibk_drfn\#drfn-cs\output\_cod\ibkchart\conversion.cod
d:\git\src\ibk\ibk_drfn\#drfn-cs\_obj\ktbchart\savechartcfglist.obj
d:\git\src\ibk\ibk_drfn\#drfn-cs\output\_cod\ibkchart\savechartcfglist.cod
d:\git\src\ibk\ibk_drfn\#drfn-cs\_obj\ktbchart\printcontroller.obj
d:\git\src\ibk\ibk_drfn\#drfn-cs\output\_cod\ibkchart\printcontroller.cod
d:\git\src\ibk\ibk_drfn\#drfn-cs\_obj\ktbchart\neochart2001in.obj
d:\git\src\ibk\ibk_drfn\#drfn-cs\output\_cod\ibkchart\neochart2001in.cod
d:\git\src\ibk\ibk_drfn\#drfn-cs\_obj\ktbchart\localshareinfolist.obj
d:\git\src\ibk\ibk_drfn\#drfn-cs\output\_cod\ibkchart\localshareinfolist.cod
d:\git\src\ibk\ibk_drfn\#drfn-cs\_obj\ktbchart\ktbcharttool.obj
d:\git\src\ibk\ibk_drfn\#drfn-cs\output\_cod\ibkchart\ktbcharttool.cod
d:\git\src\ibk\ibk_drfn\#drfn-cs\_obj\ktbchart\ktbchartscroll.obj
d:\git\src\ibk\ibk_drfn\#drfn-cs\output\_cod\ibkchart\ktbchartscroll.cod
d:\git\src\ibk\ibk_drfn\#drfn-cs\_obj\ktbchart\ktbchartreal.obj
d:\git\src\ibk\ibk_drfn\#drfn-cs\output\_cod\ibkchart\ktbchartreal.cod
d:\git\src\ibk\ibk_drfn\#drfn-cs\_obj\ktbchart\ktbchartppg.obj
d:\git\src\ibk\ibk_drfn\#drfn-cs\output\_cod\ibkchart\ktbchartppg.cod
d:\git\src\ibk\ibk_drfn\#drfn-cs\_obj\ktbchart\ktbchartmouse.obj
d:\git\src\ibk\ibk_drfn\#drfn-cs\output\_cod\ibkchart\ktbchartmouse.cod
d:\git\src\ibk\ibk_drfn\#drfn-cs\_obj\ktbchart\ktbchartlshare.obj
d:\git\src\ibk\ibk_drfn\#drfn-cs\output\_cod\ibkchart\ktbchartlshare.cod
d:\git\src\ibk\ibk_drfn\#drfn-cs\_obj\ktbchart\ktbchartgshare.obj
d:\git\src\ibk\ibk_drfn\#drfn-cs\output\_cod\ibkchart\ktbchartgshare.cod
d:\git\src\ibk\ibk_drfn\#drfn-cs\_obj\ktbchart\ktbchartevent.obj
d:\git\src\ibk\ibk_drfn\#drfn-cs\output\_cod\ibkchart\ktbchartevent.cod
d:\git\src\ibk\ibk_drfn\#drfn-cs\_obj\ktbchart\ktbchartdrawtoimage.obj
d:\git\src\ibk\ibk_drfn\#drfn-cs\output\_cod\ibkchart\ktbchartdrawtoimage.cod
d:\git\src\ibk\ibk_drfn\#drfn-cs\_obj\ktbchart\regsvr32.trg
d:\git\src\ibk\ibk_drfn\#drfn-cs\_librd\ktbchart.lib
d:\git\src\ibk\ibk_drfn\#drfn-cs\_librd\ktbchart.exp
d:\git\src\ibk\ibk_drfn\#drfn-cs\output\ibk hot trading\dev\ibkchart.ocx
d:\git\src\ibk\ibk_drfn\#drfn-cs\_obj\ktbchart\ktbchart.pdb
d:\git\src\ibk\ibk_drfn\#drfn-cs\_obj\ktbchart\ktbchart.tlb
d:\git\src\ibk\ibk_drfn\projsrc\srcchartex\chartocx\ktbchart\ktbchart_i.c
d:\git\src\ibk\ibk_drfn\projsrc\srcchartex\chartocx\ktbchart\ktbchart_h.h
d:\git\src\ibk\ibk_drfn\#drfn-cs\_obj\ktbchart\ktbchart.res
d:\git\src\ibk\ibk_drfn\#drfn-cs\_obj\ktbchart\ktbchart.tlog\cl.command.1.tlog
d:\git\src\ibk\ibk_drfn\#drfn-cs\_obj\ktbchart\ktbchart.tlog\cl.read.1.tlog
d:\git\src\ibk\ibk_drfn\#drfn-cs\_obj\ktbchart\ktbchart.tlog\cl.write.1.tlog
d:\git\src\ibk\ibk_drfn\#drfn-cs\_obj\ktbchart\ktbchart.tlog\custombuildstep.read.1u.tlog
d:\git\src\ibk\ibk_drfn\#drfn-cs\_obj\ktbchart\ktbchart.tlog\custombuildstep.write.1u.tlog
d:\git\src\ibk\ibk_drfn\#drfn-cs\_obj\ktbchart\ktbchart.tlog\ktbchart.write.1u.tlog
d:\git\src\ibk\ibk_drfn\#drfn-cs\_obj\ktbchart\ktbchart.tlog\link.command.1.tlog
d:\git\src\ibk\ibk_drfn\#drfn-cs\_obj\ktbchart\ktbchart.tlog\link.read.1.tlog
d:\git\src\ibk\ibk_drfn\#drfn-cs\_obj\ktbchart\ktbchart.tlog\link.write.1.tlog
d:\git\src\ibk\ibk_drfn\#drfn-cs\_obj\ktbchart\ktbchart.tlog\midl.command.1.tlog
d:\git\src\ibk\ibk_drfn\#drfn-cs\_obj\ktbchart\ktbchart.tlog\midl.read.1.tlog
d:\git\src\ibk\ibk_drfn\#drfn-cs\_obj\ktbchart\ktbchart.tlog\midl.write.1.tlog
d:\git\src\ibk\ibk_drfn\#drfn-cs\_obj\ktbchart\ktbchart.tlog\rc.command.1.tlog
d:\git\src\ibk\ibk_drfn\#drfn-cs\_obj\ktbchart\ktbchart.tlog\rc.read.1.tlog
d:\git\src\ibk\ibk_drfn\#drfn-cs\_obj\ktbchart\ktbchart.tlog\rc.write.1.tlog
d:\git\src\ibk\ibk_drfn\#drfn-cs\_obj\ktbchart\ktbchart.tlog\.\../../../../#drfn-cs/_obj/ktbchart\ktbchart.tlb
d:\git\src\ibk\ibk_drfn\#drfn-cs\_obj\ktbchart\ktbchart.tlog\.\../../../../#drfn-cs/_obj/ktbchart\ktbchart.pdb
