d:\git\src\ibk\ibk_drfn\#drfn-cs\_obj\hwstrategyconfigurewizard\hwstrategyconfigurewizard.pch
d:\git\src\ibk\ibk_drfn\#drfn-cs\_obj\hwstrategyconfigurewizard\stdafx.obj
d:\git\src\ibk\ibk_drfn\#drfn-cs\output\_cod\hwstrategyconfigurewizard\stdafx.cod
d:\git\src\ibk\ibk_drfn\#drfn-cs\_obj\hwstrategyconfigurewizard\gridcell.obj
d:\git\src\ibk\ibk_drfn\#drfn-cs\output\_cod\hwstrategyconfigurewizard\gridcell.cod
d:\git\src\ibk\ibk_drfn\#drfn-cs\_obj\hwstrategyconfigurewizard\dlgtimeselector.obj
d:\git\src\ibk\ibk_drfn\#drfn-cs\output\_cod\hwstrategyconfigurewizard\dlgtimeselector.cod
d:\git\src\ibk\ibk_drfn\#drfn-cs\_obj\hwstrategyconfigurewizard\dlgsysvaroption.obj
d:\git\src\ibk\ibk_drfn\#drfn-cs\output\_cod\hwstrategyconfigurewizard\dlgsysvaroption.cod
d:\git\src\ibk\ibk_drfn\#drfn-cs\_obj\hwstrategyconfigurewizard\dlgstrategylist.obj
d:\git\src\ibk\ibk_drfn\#drfn-cs\output\_cod\hwstrategyconfigurewizard\dlgstrategylist.cod
d:\git\src\ibk\ibk_drfn\#drfn-cs\_obj\hwstrategyconfigurewizard\dlgstrategyconfigure.obj
d:\git\src\ibk\ibk_drfn\#drfn-cs\output\_cod\hwstrategyconfigurewizard\dlgstrategyconfigure.cod
d:\git\src\ibk\ibk_drfn\#drfn-cs\_obj\hwstrategyconfigurewizard\xysplitterwnd.obj
d:\git\src\ibk\ibk_drfn\#drfn-cs\output\_cod\hwstrategyconfigurewizard\xysplitterwnd.cod
d:\git\src\ibk\ibk_drfn\#drfn-cs\_obj\hwstrategyconfigurewizard\xtabctrl.obj
d:\git\src\ibk\ibk_drfn\#drfn-cs\output\_cod\hwstrategyconfigurewizard\xtabctrl.cod
d:\git\src\ibk\ibk_drfn\#drfn-cs\_obj\hwstrategyconfigurewizard\xskinbutton.obj
d:\git\src\ibk\ibk_drfn\#drfn-cs\output\_cod\hwstrategyconfigurewizard\xskinbutton.cod
d:\git\src\ibk\ibk_drfn\#drfn-cs\_obj\hwstrategyconfigurewizard\logiceditctrl.obj
d:\git\src\ibk\ibk_drfn\#drfn-cs\output\_cod\hwstrategyconfigurewizard\logiceditctrl.cod
d:\git\src\ibk\ibk_drfn\#drfn-cs\_obj\hwstrategyconfigurewizard\coloredstatic.obj
d:\git\src\ibk\ibk_drfn\#drfn-cs\output\_cod\hwstrategyconfigurewizard\coloredstatic.cod
d:\git\src\ibk\ibk_drfn\#drfn-cs\_obj\hwstrategyconfigurewizard\colorbutton.obj
d:\git\src\ibk\ibk_drfn\#drfn-cs\output\_cod\hwstrategyconfigurewizard\colorbutton.cod
d:\git\src\ibk\ibk_drfn\#drfn-cs\_obj\hwstrategyconfigurewizard\bitmapitemcombobox.obj
d:\git\src\ibk\ibk_drfn\#drfn-cs\output\_cod\hwstrategyconfigurewizard\bitmapitemcombobox.cod
d:\git\src\ibk\ibk_drfn\#drfn-cs\_obj\hwstrategyconfigurewizard\xlistctrl.obj
d:\git\src\ibk\ibk_drfn\#drfn-cs\output\_cod\hwstrategyconfigurewizard\xlistctrl.cod
d:\git\src\ibk\ibk_drfn\#drfn-cs\_obj\hwstrategyconfigurewizard\xheaderctrl.obj
d:\git\src\ibk\ibk_drfn\#drfn-cs\output\_cod\hwstrategyconfigurewizard\xheaderctrl.cod
d:\git\src\ibk\ibk_drfn\#drfn-cs\_obj\hwstrategyconfigurewizard\xedit.obj
d:\git\src\ibk\ibk_drfn\#drfn-cs\output\_cod\hwstrategyconfigurewizard\xedit.cod
d:\git\src\ibk\ibk_drfn\#drfn-cs\_obj\hwstrategyconfigurewizard\_stloadmanager.obj
d:\git\src\ibk\ibk_drfn\#drfn-cs\output\_cod\hwstrategyconfigurewizard\_stloadmanager.cod
d:\git\src\ibk\ibk_drfn\#drfn-cs\_obj\hwstrategyconfigurewizard\sttreectrl.obj
d:\git\src\ibk\ibk_drfn\#drfn-cs\output\_cod\hwstrategyconfigurewizard\sttreectrl.cod
d:\git\src\ibk\ibk_drfn\#drfn-cs\_obj\hwstrategyconfigurewizard\stlistctrl.obj
d:\git\src\ibk\ibk_drfn\#drfn-cs\output\_cod\hwstrategyconfigurewizard\stlistctrl.cod
d:\git\src\ibk\ibk_drfn\#drfn-cs\_obj\hwstrategyconfigurewizard\stgfxoutbarctrl.obj
d:\git\src\ibk\ibk_drfn\#drfn-cs\output\_cod\hwstrategyconfigurewizard\stgfxoutbarctrl.cod
d:\git\src\ibk\ibk_drfn\#drfn-cs\_obj\hwstrategyconfigurewizard\dllstloader.obj
d:\git\src\ibk\ibk_drfn\#drfn-cs\output\_cod\hwstrategyconfigurewizard\dllstloader.cod
d:\git\src\ibk\ibk_drfn\#drfn-cs\_obj\hwstrategyconfigurewizard\sditeminfo.obj
d:\git\src\ibk\ibk_drfn\#drfn-cs\output\_cod\hwstrategyconfigurewizard\sditeminfo.cod
d:\git\src\ibk\ibk_drfn\#drfn-cs\_obj\hwstrategyconfigurewizard\outlookbardlg.obj
d:\git\src\ibk\ibk_drfn\#drfn-cs\output\_cod\hwstrategyconfigurewizard\outlookbardlg.cod
d:\git\src\ibk\ibk_drfn\#drfn-cs\_obj\hwstrategyconfigurewizard\hwstrategyconfigurewizard.obj
d:\git\src\ibk\ibk_drfn\#drfn-cs\output\_cod\hwstrategyconfigurewizard\hwstrategyconfigurewizard.cod
d:\git\src\ibk\ibk_drfn\#drfn-cs\_obj\hwstrategyconfigurewizard\titletip.obj
d:\git\src\ibk\ibk_drfn\#drfn-cs\output\_cod\hwstrategyconfigurewizard\titletip.cod
d:\git\src\ibk\ibk_drfn\#drfn-cs\_obj\hwstrategyconfigurewizard\inplaceedit.obj
d:\git\src\ibk\ibk_drfn\#drfn-cs\output\_cod\hwstrategyconfigurewizard\inplaceedit.cod
d:\git\src\ibk\ibk_drfn\#drfn-cs\_obj\hwstrategyconfigurewizard\griddroptarget.obj
d:\git\src\ibk\ibk_drfn\#drfn-cs\output\_cod\hwstrategyconfigurewizard\griddroptarget.cod
d:\git\src\ibk\ibk_drfn\#drfn-cs\_obj\hwstrategyconfigurewizard\gridctrl.obj
d:\git\src\ibk\ibk_drfn\#drfn-cs\output\_cod\hwstrategyconfigurewizard\gridctrl.cod
d:\git\src\ibk\ibk_drfn\#drfn-cs\_obj\hwstrategyconfigurewizard\gridcellbase.obj
d:\git\src\ibk\ibk_drfn\#drfn-cs\output\_cod\hwstrategyconfigurewizard\gridcellbase.cod
d:\git\src\ibk\ibk_drfn\#drfn-cs\_lib\hwstrategyconfigurewizard.lib
d:\git\src\ibk\ibk_drfn\#drfn-cs\_lib\hwstrategyconfigurewizard.exp
d:\git\src\ibk\ibk_drfn\#drfn-cs\output\ibk hot trading\dev\hwstrategyconfigurewizard.dll
d:\git\src\ibk\ibk_drfn\#drfn-cs\output\ibk hot trading\dev\hwstrategyconfigurewizard.map
d:\git\src\ibk\ibk_drfn\#drfn-cs\_obj\hwstrategyconfigurewizard\hwstrategyconfigurewizard.pdb
d:\git\src\ibk\ibk_drfn\#drfn-cs\_obj\hwstrategyconfigurewizard\hwstrategyconfigurewizard.res
d:\git\src\ibk\ibk_drfn\#drfn-cs\_obj\hwstrategyconfigurewizard\hwstrate.d55c7595.tlog\cl.command.1.tlog
d:\git\src\ibk\ibk_drfn\#drfn-cs\_obj\hwstrategyconfigurewizard\hwstrate.d55c7595.tlog\cl.read.1.tlog
d:\git\src\ibk\ibk_drfn\#drfn-cs\_obj\hwstrategyconfigurewizard\hwstrate.d55c7595.tlog\cl.write.1.tlog
d:\git\src\ibk\ibk_drfn\#drfn-cs\_obj\hwstrategyconfigurewizard\hwstrate.d55c7595.tlog\hwstrategyconfigurewizard.write.1u.tlog
d:\git\src\ibk\ibk_drfn\#drfn-cs\_obj\hwstrategyconfigurewizard\hwstrate.d55c7595.tlog\link.command.1.tlog
d:\git\src\ibk\ibk_drfn\#drfn-cs\_obj\hwstrategyconfigurewizard\hwstrate.d55c7595.tlog\link.read.1.tlog
d:\git\src\ibk\ibk_drfn\#drfn-cs\_obj\hwstrategyconfigurewizard\hwstrate.d55c7595.tlog\link.write.1.tlog
d:\git\src\ibk\ibk_drfn\#drfn-cs\_obj\hwstrategyconfigurewizard\hwstrate.d55c7595.tlog\rc.command.1.tlog
d:\git\src\ibk\ibk_drfn\#drfn-cs\_obj\hwstrategyconfigurewizard\hwstrate.d55c7595.tlog\rc.read.1.tlog
d:\git\src\ibk\ibk_drfn\#drfn-cs\_obj\hwstrategyconfigurewizard\hwstrate.d55c7595.tlog\rc.write.1.tlog
d:\git\src\ibk\ibk_drfn\#drfn-cs\_obj\hwstrategyconfigurewizard\hwstrate.d55c7595.tlog\.\../../../../#drfn-cs/_obj/hwstrategyconfigurewizard\hwstrategyconfigurewizard.pdb
