  StdAfx.cpp
  _WIN32_WINNT not defined. Defaulting to _WIN32_WINNT_MAXVER (see WinSDKVer.h)
  _ChartAddInBase.cpp
  _IWUnknown.cpp
  Conversion.cpp
D:\git\src\IBK\IBK_DRFN\ProjSrc\SrcChartEx\ChartAddIn\ChartEnvSetupDlgAddIn\Include\PDll.h(468,6): warning C4996: 'strcpy': This function or variable may be unsafe. Consider using strcpy_s instead. To disable deprecation, use _CRT_SECURE_NO_WARNINGS. See online help for details.
D:\git\src\IBK\IBK_DRFN\ProjSrc\SrcChartEx\ChartAddIn\ChartEnvSetupDlgAddIn\Include_Chart\Conversion.cpp(56,2): warning C4996: 'strcpy': This function or variable may be unsafe. Consider using strcpy_s instead. To disable deprecation, use _CRT_SECURE_NO_WARNINGS. See online help for details.
D:\git\src\IBK\IBK_DRFN\ProjSrc\SrcChartEx\ChartAddIn\ChartEnvSetupDlgAddIn\Include_Chart\Conversion.cpp(106,2): warning C4996: 'sprintf': This function or variable may be unsafe. Consider using sprintf_s instead. To disable deprecation, use _CRT_SECURE_NO_WARNINGS. See online help for details.
D:\git\src\IBK\IBK_DRFN\ProjSrc\SrcChartEx\ChartAddIn\ChartEnvSetupDlgAddIn\Include_Chart\Conversion.cpp(2960,11): warning C4996: 'localtime': This function or variable may be unsafe. Consider using localtime_s instead. To disable deprecation, use _CRT_SECURE_NO_WARNINGS. See online help for details.
  DataMath.cpp
  IMetaTable.cpp
D:\git\src\IBK\IBK_DRFN\ProjSrc\SrcChartEx\ChartAddIn\ChartEnvSetupDlgAddIn\Include\PDll.h(468,6): warning C4996: 'strcpy': This function or variable may be unsafe. Consider using strcpy_s instead. To disable deprecation, use _CRT_SECURE_NO_WARNINGS. See online help for details.
D:\git\src\IBK\IBK_DRFN\ProjSrc\SrcChartEx\ChartAddIn\ChartEnvSetupDlgAddIn\Include\ProgIDInfo.h(172,3): warning C4996: 'strcpy': This function or variable may be unsafe. Consider using strcpy_s instead. To disable deprecation, use _CRT_SECURE_NO_WARNINGS. See online help for details.
D:\git\src\IBK\IBK_DRFN\ProjSrc\SrcChartEx\ChartAddIn\ChartEnvSetupDlgAddIn\Include\ProgIDInfo.h(173,3): warning C4996: 'strcpy': This function or variable may be unsafe. Consider using strcpy_s instead. To disable deprecation, use _CRT_SECURE_NO_WARNINGS. See online help for details.
D:\git\src\IBK\IBK_DRFN\ProjSrc\SrcChartEx\ChartAddIn\ChartEnvSetupDlgAddIn\Include\ProgIDInfo.h(174,3): warning C4996: 'strcpy': This function or variable may be unsafe. Consider using strcpy_s instead. To disable deprecation, use _CRT_SECURE_NO_WARNINGS. See online help for details.
D:\git\src\IBK\IBK_DRFN\ProjSrc\SrcChartEx\ChartAddIn\ChartEnvSetupDlgAddIn\Include\ProgIDInfo.h(180,4): warning C4996: 'strcpy': This function or variable may be unsafe. Consider using strcpy_s instead. To disable deprecation, use _CRT_SECURE_NO_WARNINGS. See online help for details.
D:\git\src\IBK\IBK_DRFN\ProjSrc\SrcChartEx\ChartAddIn\ChartEnvSetupDlgAddIn\Include\ProgIDInfo.h(331,4): warning C4996: 'strupr': The POSIX name for this item is deprecated. Instead, use the ISO C and C++ conformant name: _strupr. See online help for details.
D:\git\src\IBK\IBK_DRFN\ProjSrc\SrcChartEx\ChartAddIn\ChartEnvSetupDlgAddIn\Include_Chart\MapStringToWord.h(23,1): warning C4302: '형식 캐스트': 'void *'에서 'WORD'(으)로 잘립니다.
  OutsideCommonInterfaceFunction.cpp
  BaseDialog.cpp
D:\git\src\IBK\IBK_DRFN\ProjSrc\SrcChartEx\ChartAddIn\ChartEnvSetupDlgAddIn\Include_AddIn_135914\I135914\_AddInCommand.h(419,2): warning C4091: 'typedef ': 변수를 선언하지 않으면 'EAICommandType' 왼쪽은 무시됩니다.
D:\git\src\IBK\IBK_DRFN\ProjSrc\SrcChartEx\ChartAddIn\ChartEnvSetupDlgAddIn\Include\PDll.h(468,6): warning C4996: 'strcpy': This function or variable may be unsafe. Consider using strcpy_s instead. To disable deprecation, use _CRT_SECURE_NO_WARNINGS. See online help for details.
  BaseDialogContainer.cpp
D:\git\src\IBK\IBK_DRFN\ProjSrc\SrcChartEx\ChartAddIn\ChartEnvSetupDlgAddIn\Include_AddIn_135914\I135914\_AddInCommand.h(419,2): warning C4091: 'typedef ': 변수를 선언하지 않으면 'EAICommandType' 왼쪽은 무시됩니다.
  BaseListBox.cpp
  BaseTabDlg.cpp
  BitmapItemComboBox.cpp
  ChartEnvSetupDlgAddIn.cpp
D:\git\src\IBK\IBK_DRFN\ProjSrc\SrcChartEx\ChartAddIn\ChartEnvSetupDlgAddIn\Include_AddIn_135914\I135914\_AddInCommand.h(419,2): warning C4091: 'typedef ': 변수를 선언하지 않으면 'EAICommandType' 왼쪽은 무시됩니다.
  ChartEnvSetupDlgAddInImp.cpp
D:\git\src\IBK\IBK_DRFN\ProjSrc\SrcChartEx\ChartAddIn\ChartEnvSetupDlgAddIn\Include_AddIn_135914\I135914\_AddInCommand.h(419,2): warning C4091: 'typedef ': 변수를 선언하지 않으면 'EAICommandType' 왼쪽은 무시됩니다.
D:\git\src\IBK\IBK_DRFN\ProjSrc\SrcChartEx\ChartAddIn\ChartEnvSetupDlgAddIn\Include\PDll.h(468,6): warning C4996: 'strcpy': This function or variable may be unsafe. Consider using strcpy_s instead. To disable deprecation, use _CRT_SECURE_NO_WARNINGS. See online help for details.
D:\git\src\IBK\IBK_DRFN\ProjSrc\SrcChartEx\ChartAddIn\ChartEnvSetupDlgAddIn\ChartEnvSetupDlgAddIn\ChartEnvSetupDlgAddInImp.cpp(41,6): warning C4996: 'GetVersionExA': deprecated로 선언되었습니다.
  ChartStyleDataManagerAddInImp.cpp
D:\git\src\IBK\IBK_DRFN\ProjSrc\SrcChartEx\ChartAddIn\ChartEnvSetupDlgAddIn\Include_AddIn_135914\I135914\_AddInCommand.h(419,2): warning C4091: 'typedef ': 변수를 선언하지 않으면 'EAICommandType' 왼쪽은 무시됩니다.
D:\git\src\IBK\IBK_DRFN\ProjSrc\SrcChartEx\ChartAddIn\ChartEnvSetupDlgAddIn\Include\PDll.h(468,6): warning C4996: 'strcpy': This function or variable may be unsafe. Consider using strcpy_s instead. To disable deprecation, use _CRT_SECURE_NO_WARNINGS. See online help for details.
  ColorButton.cpp
  Data_ConditionTitle.cpp
D:\git\src\IBK\IBK_DRFN\ProjSrc\SrcChartEx\ChartAddIn\ChartEnvSetupDlgAddIn\Include\PDll.h(468,6): warning C4996: 'strcpy': This function or variable may be unsafe. Consider using strcpy_s instead. To disable deprecation, use _CRT_SECURE_NO_WARNINGS. See online help for details.
D:\git\src\IBK\IBK_DRFN\ProjSrc\SrcChartEx\ChartAddIn\ChartEnvSetupDlgAddIn\ChartEnvSetupDlgAddIn\ListCtrlData.h(203,2): warning C4091: 'typedef ': 변수를 선언하지 않으면 'EGraphType' 왼쪽은 무시됩니다.
  DlgEnvSetUpAll.cpp
D:\git\src\IBK\IBK_DRFN\ProjSrc\SrcChartEx\ChartAddIn\ChartEnvSetupDlgAddIn\Include_AddIn_135914\I135914\_AddInCommand.h(419,2): warning C4091: 'typedef ': 변수를 선언하지 않으면 'EAICommandType' 왼쪽은 무시됩니다.
  DlgMainTabAnalysisSetUp.cpp
D:\git\src\IBK\IBK_DRFN\ProjSrc\SrcChartEx\ChartAddIn\ChartEnvSetupDlgAddIn\Include_AddIn_135914\I135914\_AddInCommand.h(419,2): warning C4091: 'typedef ': 변수를 선언하지 않으면 'EAICommandType' 왼쪽은 무시됩니다.
  DlgMainTabBaseEnvSetUp.cpp
D:\git\src\IBK\IBK_DRFN\ProjSrc\SrcChartEx\ChartAddIn\ChartEnvSetupDlgAddIn\Include_AddIn_135914\I135914\_AddInCommand.h(419,2): warning C4091: 'typedef ': 변수를 선언하지 않으면 'EAICommandType' 왼쪽은 무시됩니다.
D:\git\src\IBK\IBK_DRFN\ProjSrc\SrcChartEx\ChartAddIn\ChartEnvSetupDlgAddIn\Include\PDll.h(468,6): warning C4996: 'strcpy': This function or variable may be unsafe. Consider using strcpy_s instead. To disable deprecation, use _CRT_SECURE_NO_WARNINGS. See online help for details.
  DlgMainTabIndicatorSetUp.cpp
D:\git\src\IBK\IBK_DRFN\ProjSrc\SrcChartEx\ChartAddIn\ChartEnvSetupDlgAddIn\Include_AddIn_135914\I135914\_AddInCommand.h(419,2): warning C4091: 'typedef ': 변수를 선언하지 않으면 'EAICommandType' 왼쪽은 무시됩니다.
D:\git\src\IBK\IBK_DRFN\ProjSrc\SrcChartEx\ChartAddIn\ChartEnvSetupDlgAddIn\Include\PDll.h(468,6): warning C4996: 'strcpy': This function or variable may be unsafe. Consider using strcpy_s instead. To disable deprecation, use _CRT_SECURE_NO_WARNINGS. See online help for details.
  코드를 생성하고 있습니다...
  컴파일하고 있습니다...
  DlgMainTabStyleSetUp.cpp
D:\git\src\IBK\IBK_DRFN\ProjSrc\SrcChartEx\ChartAddIn\ChartEnvSetupDlgAddIn\Include_AddIn_135914\I135914\_AddInCommand.h(419,2): warning C4091: 'typedef ': 변수를 선언하지 않으면 'EAICommandType' 왼쪽은 무시됩니다.
D:\git\src\IBK\IBK_DRFN\ProjSrc\SrcChartEx\ChartAddIn\ChartEnvSetupDlgAddIn\Include\PDll.h(468,6): warning C4996: 'strcpy': This function or variable may be unsafe. Consider using strcpy_s instead. To disable deprecation, use _CRT_SECURE_NO_WARNINGS. See online help for details.
D:\git\src\IBK\IBK_DRFN\ProjSrc\SrcChartEx\ChartAddIn\ChartEnvSetupDlgAddIn\ChartEnvSetupDlgAddIn\DlgMainTabStyleSetUp.cpp(1404,3): warning C4996: 'strcpy': This function or variable may be unsafe. Consider using strcpy_s instead. To disable deprecation, use _CRT_SECURE_NO_WARNINGS. See online help for details.
  DlgSubTabIndicatorExp.cpp
D:\git\src\IBK\IBK_DRFN\ProjSrc\SrcChartEx\ChartAddIn\ChartEnvSetupDlgAddIn\Include_AddIn_135914\I135914\_AddInCommand.h(419,2): warning C4091: 'typedef ': 변수를 선언하지 않으면 'EAICommandType' 왼쪽은 무시됩니다.
D:\git\src\IBK\IBK_DRFN\ProjSrc\SrcChartEx\ChartAddIn\ChartEnvSetupDlgAddIn\Include\PDll.h(468,6): warning C4996: 'strcpy': This function or variable may be unsafe. Consider using strcpy_s instead. To disable deprecation, use _CRT_SECURE_NO_WARNINGS. See online help for details.
  DropBtn.cpp
  EnvironmentData.cpp
  FindType.cpp
D:\git\src\IBK\IBK_DRFN\ProjSrc\SrcChartEx\ChartAddIn\ChartEnvSetupDlgAddIn\Include\PDll.h(468,6): warning C4996: 'strcpy': This function or variable may be unsafe. Consider using strcpy_s instead. To disable deprecation, use _CRT_SECURE_NO_WARNINGS. See online help for details.
D:\git\src\IBK\IBK_DRFN\ProjSrc\SrcChartEx\ChartAddIn\ChartEnvSetupDlgAddIn\ChartEnvSetupDlgAddIn\ListCtrlData.h(203,2): warning C4091: 'typedef ': 변수를 선언하지 않으면 'EGraphType' 왼쪽은 무시됩니다.
  GraphSetting.cpp
D:\git\src\IBK\IBK_DRFN\ProjSrc\SrcChartEx\ChartAddIn\ChartEnvSetupDlgAddIn\Include_AddIn_135914\I135914\_AddInCommand.h(419,2): warning C4091: 'typedef ': 변수를 선언하지 않으면 'EAICommandType' 왼쪽은 무시됩니다.
D:\git\src\IBK\IBK_DRFN\ProjSrc\SrcChartEx\ChartAddIn\ChartEnvSetupDlgAddIn\Include\PDll.h(468,6): warning C4996: 'strcpy': This function or variable may be unsafe. Consider using strcpy_s instead. To disable deprecation, use _CRT_SECURE_NO_WARNINGS. See online help for details.
  GroupButtonCtrl.cpp
D:\git\src\IBK\IBK_DRFN\ProjSrc\SrcChartEx\ChartAddIn\ChartEnvSetupDlgAddIn\Include_AddIn_135914\I135914\_AddInCommand.h(419,2): warning C4091: 'typedef ': 변수를 선언하지 않으면 'EAICommandType' 왼쪽은 무시됩니다.
D:\git\src\IBK\IBK_DRFN\ProjSrc\SrcChartEx\ChartAddIn\ChartEnvSetupDlgAddIn\Include\PDll.h(468,6): warning C4996: 'strcpy': This function or variable may be unsafe. Consider using strcpy_s instead. To disable deprecation, use _CRT_SECURE_NO_WARNINGS. See online help for details.
  IndicatorExpHtmlView.cpp
  IndicatorGroupButton.cpp
D:\git\src\IBK\IBK_DRFN\ProjSrc\SrcChartEx\ChartAddIn\ChartEnvSetupDlgAddIn\Include_AddIn_135914\I135914\_AddInCommand.h(419,2): warning C4091: 'typedef ': 변수를 선언하지 않으면 'EAICommandType' 왼쪽은 무시됩니다.
  IndicatorNameListCtrl.cpp
D:\git\src\IBK\IBK_DRFN\ProjSrc\SrcChartEx\ChartAddIn\ChartEnvSetupDlgAddIn\Include_AddIn_135914\I135914\_AddInCommand.h(419,2): warning C4091: 'typedef ': 변수를 선언하지 않으면 'EAICommandType' 왼쪽은 무시됩니다.
D:\git\src\IBK\IBK_DRFN\ProjSrc\SrcChartEx\ChartAddIn\ChartEnvSetupDlgAddIn\Include\PDll.h(468,6): warning C4996: 'strcpy': This function or variable may be unsafe. Consider using strcpy_s instead. To disable deprecation, use _CRT_SECURE_NO_WARNINGS. See online help for details.
  IndiConfigurationDefineData.cpp
  ListBoxColorPickerST.cpp
  MakeChildDlg.cpp
D:\git\src\IBK\IBK_DRFN\ProjSrc\SrcChartEx\ChartAddIn\ChartEnvSetupDlgAddIn\Include_AddIn_135914\I135914\_AddInCommand.h(419,2): warning C4091: 'typedef ': 변수를 선언하지 않으면 'EAICommandType' 왼쪽은 무시됩니다.
  NumEdit.cpp
D:\git\src\IBK\IBK_DRFN\ProjSrc\SrcChartEx\ChartAddIn\ChartEnvSetupDlgAddIn\ChartEnvSetupDlgAddIn\NumEdit.cpp(84,4): warning C4996: 'sscanf': This function or variable may be unsafe. Consider using sscanf_s instead. To disable deprecation, use _CRT_SECURE_NO_WARNINGS. See online help for details.
D:\git\src\IBK\IBK_DRFN\ProjSrc\SrcChartEx\ChartAddIn\ChartEnvSetupDlgAddIn\ChartEnvSetupDlgAddIn\NumEdit.cpp(154,7): warning C4996: 'sscanf': This function or variable may be unsafe. Consider using sscanf_s instead. To disable deprecation, use _CRT_SECURE_NO_WARNINGS. See online help for details.
D:\git\src\IBK\IBK_DRFN\ProjSrc\SrcChartEx\ChartAddIn\ChartEnvSetupDlgAddIn\ChartEnvSetupDlgAddIn\NumEdit.cpp(177,11): warning C4996: 'sscanf': This function or variable may be unsafe. Consider using sscanf_s instead. To disable deprecation, use _CRT_SECURE_NO_WARNINGS. See online help for details.
  NumSpinCtrl.cpp
  OrgViewData.cpp
D:\git\src\IBK\IBK_DRFN\ProjSrc\SrcChartEx\ChartAddIn\ChartEnvSetupDlgAddIn\Include_AddIn_135914\I135914\_AddInCommand.h(419,2): warning C4091: 'typedef ': 변수를 선언하지 않으면 'EAICommandType' 왼쪽은 무시됩니다.
D:\git\src\IBK\IBK_DRFN\ProjSrc\SrcChartEx\ChartAddIn\ChartEnvSetupDlgAddIn\ChartEnvSetupDlgAddIn\OrgViewData.cpp(74,20): warning C4927: 변환이 잘못되었습니다. 사용자 정의 변환이 암시적으로 두 번 이상 적용되었습니다.
D:\git\src\IBK\IBK_DRFN\ProjSrc\SrcChartEx\ChartAddIn\ChartEnvSetupDlgAddIn\ChartEnvSetupDlgAddIn\OrgViewData.cpp(74,20): message : 'ATL::CStringT<char,StrTraitMFC_DLL<char,ATL::ChTraitsCRT<_CharType>>>::CStringT(const char *)' 생성자를 호출하는 동안
          with
          [
              _CharType=char
          ]
C:\Program Files (x86)\Microsoft Visual Studio\2019\Community\VC\Tools\MSVC\14.29.30133\atlmfc\include\cstringt.h(1047): message : 'ATL::CStringT<char,StrTraitMFC_DLL<char,ATL::ChTraitsCRT<_CharType>>>::CStringT' 선언을 참조하십시오.
          with
          [
              _CharType=char
          ]
D:\git\src\IBK\IBK_DRFN\ProjSrc\SrcChartEx\ChartAddIn\ChartEnvSetupDlgAddIn\ChartEnvSetupDlgAddIn\OrgViewData.cpp(81,24): warning C4927: 변환이 잘못되었습니다. 사용자 정의 변환이 암시적으로 두 번 이상 적용되었습니다.
D:\git\src\IBK\IBK_DRFN\ProjSrc\SrcChartEx\ChartAddIn\ChartEnvSetupDlgAddIn\ChartEnvSetupDlgAddIn\OrgViewData.cpp(81,24): message : 'ATL::CStringT<char,StrTraitMFC_DLL<char,ATL::ChTraitsCRT<_CharType>>>::CStringT(const char *)' 생성자를 호출하는 동안
          with
          [
              _CharType=char
          ]
C:\Program Files (x86)\Microsoft Visual Studio\2019\Community\VC\Tools\MSVC\14.29.30133\atlmfc\include\cstringt.h(1047): message : 'ATL::CStringT<char,StrTraitMFC_DLL<char,ATL::ChTraitsCRT<_CharType>>>::CStringT' 선언을 참조하십시오.
          with
          [
              _CharType=char
          ]
  SetItemOfColorListBox.cpp
D:\git\src\IBK\IBK_DRFN\ProjSrc\SrcChartEx\ChartAddIn\ChartEnvSetupDlgAddIn\Include_AddIn_135914\I135914\_AddInCommand.h(419,2): warning C4091: 'typedef ': 변수를 선언하지 않으면 'EAICommandType' 왼쪽은 무시됩니다.
D:\git\src\IBK\IBK_DRFN\ProjSrc\SrcChartEx\ChartAddIn\ChartEnvSetupDlgAddIn\Include\PDll.h(468,6): warning C4996: 'strcpy': This function or variable may be unsafe. Consider using strcpy_s instead. To disable deprecation, use _CRT_SECURE_NO_WARNINGS. See online help for details.
  Setting_Common_Type_A.cpp
D:\git\src\IBK\IBK_DRFN\ProjSrc\SrcChartEx\ChartAddIn\ChartEnvSetupDlgAddIn\Include_AddIn_135914\I135914\_AddInCommand.h(419,2): warning C4091: 'typedef ': 변수를 선언하지 않으면 'EAICommandType' 왼쪽은 무시됩니다.
D:\git\src\IBK\IBK_DRFN\ProjSrc\SrcChartEx\ChartAddIn\ChartEnvSetupDlgAddIn\Include\PDll.h(468,6): warning C4996: 'strcpy': This function or variable may be unsafe. Consider using strcpy_s instead. To disable deprecation, use _CRT_SECURE_NO_WARNINGS. See online help for details.
  Setting_Common_Type_B.cpp
D:\git\src\IBK\IBK_DRFN\ProjSrc\SrcChartEx\ChartAddIn\ChartEnvSetupDlgAddIn\Include_AddIn_135914\I135914\_AddInCommand.h(419,2): warning C4091: 'typedef ': 변수를 선언하지 않으면 'EAICommandType' 왼쪽은 무시됩니다.
D:\git\src\IBK\IBK_DRFN\ProjSrc\SrcChartEx\ChartAddIn\ChartEnvSetupDlgAddIn\Include\PDll.h(468,6): warning C4996: 'strcpy': This function or variable may be unsafe. Consider using strcpy_s instead. To disable deprecation, use _CRT_SECURE_NO_WARNINGS. See online help for details.
  Setting_GlanceBalance.cpp
D:\git\src\IBK\IBK_DRFN\ProjSrc\SrcChartEx\ChartAddIn\ChartEnvSetupDlgAddIn\Include_AddIn_135914\I135914\_AddInCommand.h(419,2): warning C4091: 'typedef ': 변수를 선언하지 않으면 'EAICommandType' 왼쪽은 무시됩니다.
D:\git\src\IBK\IBK_DRFN\ProjSrc\SrcChartEx\ChartAddIn\ChartEnvSetupDlgAddIn\Include\PDll.h(468,6): warning C4996: 'strcpy': This function or variable may be unsafe. Consider using strcpy_s instead. To disable deprecation, use _CRT_SECURE_NO_WARNINGS. See online help for details.
  코드를 생성하고 있습니다...
  컴파일하고 있습니다...
  Setting_Price.cpp
D:\git\src\IBK\IBK_DRFN\ProjSrc\SrcChartEx\ChartAddIn\ChartEnvSetupDlgAddIn\Include_AddIn_135914\I135914\_AddInCommand.h(419,2): warning C4091: 'typedef ': 변수를 선언하지 않으면 'EAICommandType' 왼쪽은 무시됩니다.
D:\git\src\IBK\IBK_DRFN\ProjSrc\SrcChartEx\ChartAddIn\ChartEnvSetupDlgAddIn\Include\PDll.h(468,6): warning C4996: 'strcpy': This function or variable may be unsafe. Consider using strcpy_s instead. To disable deprecation, use _CRT_SECURE_NO_WARNINGS. See online help for details.
  Setting_PriceMA.cpp
D:\git\src\IBK\IBK_DRFN\ProjSrc\SrcChartEx\ChartAddIn\ChartEnvSetupDlgAddIn\Include_AddIn_135914\I135914\_AddInCommand.h(419,2): warning C4091: 'typedef ': 변수를 선언하지 않으면 'EAICommandType' 왼쪽은 무시됩니다.
D:\git\src\IBK\IBK_DRFN\ProjSrc\SrcChartEx\ChartAddIn\ChartEnvSetupDlgAddIn\Include\PDll.h(468,6): warning C4996: 'strcpy': This function or variable may be unsafe. Consider using strcpy_s instead. To disable deprecation, use _CRT_SECURE_NO_WARNINGS. See online help for details.
  Setting_PriceMA_Condition.cpp
D:\git\src\IBK\IBK_DRFN\ProjSrc\SrcChartEx\ChartAddIn\ChartEnvSetupDlgAddIn\Include_AddIn_135914\I135914\_AddInCommand.h(419,2): warning C4091: 'typedef ': 변수를 선언하지 않으면 'EAICommandType' 왼쪽은 무시됩니다.
D:\git\src\IBK\IBK_DRFN\ProjSrc\SrcChartEx\ChartAddIn\ChartEnvSetupDlgAddIn\Include\PDll.h(468,6): warning C4996: 'strcpy': This function or variable may be unsafe. Consider using strcpy_s instead. To disable deprecation, use _CRT_SECURE_NO_WARNINGS. See online help for details.
  Setting_Special_Type_A.cpp
D:\git\src\IBK\IBK_DRFN\ProjSrc\SrcChartEx\ChartAddIn\ChartEnvSetupDlgAddIn\Include_AddIn_135914\I135914\_AddInCommand.h(419,2): warning C4091: 'typedef ': 변수를 선언하지 않으면 'EAICommandType' 왼쪽은 무시됩니다.
D:\git\src\IBK\IBK_DRFN\ProjSrc\SrcChartEx\ChartAddIn\ChartEnvSetupDlgAddIn\Include\PDll.h(468,6): warning C4996: 'strcpy': This function or variable may be unsafe. Consider using strcpy_s instead. To disable deprecation, use _CRT_SECURE_NO_WARNINGS. See online help for details.
  Setting_Special_Type_B.cpp
D:\git\src\IBK\IBK_DRFN\ProjSrc\SrcChartEx\ChartAddIn\ChartEnvSetupDlgAddIn\Include_AddIn_135914\I135914\_AddInCommand.h(419,2): warning C4091: 'typedef ': 변수를 선언하지 않으면 'EAICommandType' 왼쪽은 무시됩니다.
D:\git\src\IBK\IBK_DRFN\ProjSrc\SrcChartEx\ChartAddIn\ChartEnvSetupDlgAddIn\Include\PDll.h(468,6): warning C4996: 'strcpy': This function or variable may be unsafe. Consider using strcpy_s instead. To disable deprecation, use _CRT_SECURE_NO_WARNINGS. See online help for details.
  Setting_Special_Type_C.cpp
D:\git\src\IBK\IBK_DRFN\ProjSrc\SrcChartEx\ChartAddIn\ChartEnvSetupDlgAddIn\Include_AddIn_135914\I135914\_AddInCommand.h(419,2): warning C4091: 'typedef ': 변수를 선언하지 않으면 'EAICommandType' 왼쪽은 무시됩니다.
D:\git\src\IBK\IBK_DRFN\ProjSrc\SrcChartEx\ChartAddIn\ChartEnvSetupDlgAddIn\Include\PDll.h(468,6): warning C4996: 'strcpy': This function or variable may be unsafe. Consider using strcpy_s instead. To disable deprecation, use _CRT_SECURE_NO_WARNINGS. See online help for details.
  Setting_Special_Type_D.cpp
D:\git\src\IBK\IBK_DRFN\ProjSrc\SrcChartEx\ChartAddIn\ChartEnvSetupDlgAddIn\Include_AddIn_135914\I135914\_AddInCommand.h(419,2): warning C4091: 'typedef ': 변수를 선언하지 않으면 'EAICommandType' 왼쪽은 무시됩니다.
  Setting_Special_Type_E.cpp
D:\git\src\IBK\IBK_DRFN\ProjSrc\SrcChartEx\ChartAddIn\ChartEnvSetupDlgAddIn\Include_AddIn_135914\I135914\_AddInCommand.h(419,2): warning C4091: 'typedef ': 변수를 선언하지 않으면 'EAICommandType' 왼쪽은 무시됩니다.
D:\git\src\IBK\IBK_DRFN\ProjSrc\SrcChartEx\ChartAddIn\ChartEnvSetupDlgAddIn\Include\PDll.h(468,6): warning C4996: 'strcpy': This function or variable may be unsafe. Consider using strcpy_s instead. To disable deprecation, use _CRT_SECURE_NO_WARNINGS. See online help for details.
  Setting_Volume.cpp
D:\git\src\IBK\IBK_DRFN\ProjSrc\SrcChartEx\ChartAddIn\ChartEnvSetupDlgAddIn\Include_AddIn_135914\I135914\_AddInCommand.h(419,2): warning C4091: 'typedef ': 변수를 선언하지 않으면 'EAICommandType' 왼쪽은 무시됩니다.
D:\git\src\IBK\IBK_DRFN\ProjSrc\SrcChartEx\ChartAddIn\ChartEnvSetupDlgAddIn\Include\PDll.h(468,6): warning C4996: 'strcpy': This function or variable may be unsafe. Consider using strcpy_s instead. To disable deprecation, use _CRT_SECURE_NO_WARNINGS. See online help for details.
  Setting_VolumeMA.cpp
D:\git\src\IBK\IBK_DRFN\ProjSrc\SrcChartEx\ChartAddIn\ChartEnvSetupDlgAddIn\Include_AddIn_135914\I135914\_AddInCommand.h(419,2): warning C4091: 'typedef ': 변수를 선언하지 않으면 'EAICommandType' 왼쪽은 무시됩니다.
D:\git\src\IBK\IBK_DRFN\ProjSrc\SrcChartEx\ChartAddIn\ChartEnvSetupDlgAddIn\Include\PDll.h(468,6): warning C4996: 'strcpy': This function or variable may be unsafe. Consider using strcpy_s instead. To disable deprecation, use _CRT_SECURE_NO_WARNINGS. See online help for details.
  Setting_VolumeMA_Condition.cpp
D:\git\src\IBK\IBK_DRFN\ProjSrc\SrcChartEx\ChartAddIn\ChartEnvSetupDlgAddIn\Include_AddIn_135914\I135914\_AddInCommand.h(419,2): warning C4091: 'typedef ': 변수를 선언하지 않으면 'EAICommandType' 왼쪽은 무시됩니다.
D:\git\src\IBK\IBK_DRFN\ProjSrc\SrcChartEx\ChartAddIn\ChartEnvSetupDlgAddIn\Include\PDll.h(468,6): warning C4996: 'strcpy': This function or variable may be unsafe. Consider using strcpy_s instead. To disable deprecation, use _CRT_SECURE_NO_WARNINGS. See online help for details.
  StyleDataManager.cpp
D:\git\src\IBK\IBK_DRFN\ProjSrc\SrcChartEx\ChartAddIn\ChartEnvSetupDlgAddIn\Include_AddIn_135914\I135914\_AddInCommand.h(419,2): warning C4091: 'typedef ': 변수를 선언하지 않으면 'EAICommandType' 왼쪽은 무시됩니다.
D:\git\src\IBK\IBK_DRFN\ProjSrc\SrcChartEx\ChartAddIn\ChartEnvSetupDlgAddIn\Include\PDll.h(468,6): warning C4996: 'strcpy': This function or variable may be unsafe. Consider using strcpy_s instead. To disable deprecation, use _CRT_SECURE_NO_WARNINGS. See online help for details.
  StyleFileBuilder.cpp
D:\git\src\IBK\IBK_DRFN\ProjSrc\SrcChartEx\ChartAddIn\ChartEnvSetupDlgAddIn\ChartEnvSetupDlgAddIn\StyleFileBuilder.cpp(31,17): warning C4996: 'fopen': This function or variable may be unsafe. Consider using fopen_s instead. To disable deprecation, use _CRT_SECURE_NO_WARNINGS. See online help for details.
D:\git\src\IBK\IBK_DRFN\ProjSrc\SrcChartEx\ChartAddIn\ChartEnvSetupDlgAddIn\ChartEnvSetupDlgAddIn\StyleFileBuilder.cpp(69,17): warning C4996: 'fopen': This function or variable may be unsafe. Consider using fopen_s instead. To disable deprecation, use _CRT_SECURE_NO_WARNINGS. See online help for details.
D:\git\src\IBK\IBK_DRFN\ProjSrc\SrcChartEx\ChartAddIn\ChartEnvSetupDlgAddIn\ChartEnvSetupDlgAddIn\StyleFileBuilder.cpp(81,17): warning C4996: 'fopen': This function or variable may be unsafe. Consider using fopen_s instead. To disable deprecation, use _CRT_SECURE_NO_WARNINGS. See online help for details.
  TabMainChartEnvSetUp.cpp
D:\git\src\IBK\IBK_DRFN\ProjSrc\SrcChartEx\ChartAddIn\ChartEnvSetupDlgAddIn\Include_AddIn_135914\I135914\_AddInCommand.h(419,2): warning C4091: 'typedef ': 변수를 선언하지 않으면 'EAICommandType' 왼쪽은 무시됩니다.
D:\git\src\IBK\IBK_DRFN\ProjSrc\SrcChartEx\ChartAddIn\ChartEnvSetupDlgAddIn\Include\PDll.h(468,6): warning C4996: 'strcpy': This function or variable may be unsafe. Consider using strcpy_s instead. To disable deprecation, use _CRT_SECURE_NO_WARNINGS. See online help for details.
  TabSubIndicatorSetUpCtrl.cpp
D:\git\src\IBK\IBK_DRFN\ProjSrc\SrcChartEx\ChartAddIn\ChartEnvSetupDlgAddIn\Include\PDll.h(468,6): warning C4996: 'strcpy': This function or variable may be unsafe. Consider using strcpy_s instead. To disable deprecation, use _CRT_SECURE_NO_WARNINGS. See online help for details.
D:\git\src\IBK\IBK_DRFN\ProjSrc\SrcChartEx\ChartAddIn\ChartEnvSetupDlgAddIn\Include_AddIn_135914\I135914\_AddInCommand.h(419,2): warning C4091: 'typedef ': 변수를 선언하지 않으면 'EAICommandType' 왼쪽은 무시됩니다.
  코드를 생성하고 있습니다...
C:\Program Files (x86)\Microsoft Visual Studio\2019\Community\MSBuild\Microsoft\VC\v160\Microsoft.CppBuild.targets(1363,5): warning MSB8012: TargetPath(D:\git\src\IBK\IBK_DRFN\#DRfn-CS\_Obj\ChartEnvSetupDlgAddIn\ChartEnvSetupDlgAddIn.dll)이(가) Linker의 OutputFile 속성 값(D:\git\src\IBK\IBK_DRFN\#DRfn-CS\Output\IBK hot Trading\dev\ChartEnvSetupDlgAddIn.dll)과 일치하지 않습니다. 이로 인해 프로젝트가 잘못 빌드될 수 있습니다. 이를 수정하려면 $(OutDir), $(TargetName) 및 $(TargetExt) 속성 값이 %(Link.OutputFile)에 지정된 값과 일치해야 합니다.
.\ChartEnvSetupDlgAddIn.def(4): warning LNK4017: 대상 플랫폼에는 DESCRIPTION 문이 지원되지 않습니다. 무시됩니다.
     ../../../../../#DRfn-CS/_Lib/ChartEnvSetupDlgAddIn.lib 라이브러리 및 ../../../../../#DRfn-CS/_Lib/ChartEnvSetupDlgAddIn.exp 개체를 생성하고 있습니다.
  ChartEnvSetupDlgAddIn_KC.vcxproj -> D:\git\src\IBK\IBK_DRFN\#DRfn-CS\_Obj\ChartEnvSetupDlgAddIn\ChartEnvSetupDlgAddIn.dll
