d:\git\src\ibk\ibk_drfn\#drfn-cs\_objrd\chartutil\chartutil.bsc
d:\git\src\ibk\ibk_drfn\#drfn-cs\_librd\chartutil.lib
d:\git\src\ibk\ibk_drfn\#drfn-cs\_librd\chartutil.exp
d:\git\src\ibk\ibk_drfn\#drfn-cs\_objrd\chartutil\chartutil.pch
d:\git\src\ibk\ibk_drfn\#drfn-cs\_objrd\chartutil\vc142.pdb
d:\git\src\ibk\ibk_drfn\#drfn-cs\_objrd\chartutil\vc142.idb
d:\git\src\ibk\ibk_drfn\#drfn-cs\_objrd\chartutil\stdafx.sbr
d:\git\src\ibk\ibk_drfn\#drfn-cs\_objrd\chartutil\stdafx.obj
d:\git\src\ibk\ibk_drfn\#drfn-cs\_objrd\chartutil\xeditprompt.sbr
d:\git\src\ibk\ibk_drfn\#drfn-cs\_objrd\chartutil\xcolourpopup.sbr
d:\git\src\ibk\ibk_drfn\#drfn-cs\_objrd\chartutil\xcolourpicker.sbr
d:\git\src\ibk\ibk_drfn\#drfn-cs\_objrd\chartutil\virtuallistctrl.sbr
d:\git\src\ibk\ibk_drfn\#drfn-cs\_objrd\chartutil\dlggroupname.sbr
d:\git\src\ibk\ibk_drfn\#drfn-cs\_objrd\chartutil\dlgcompsetup.sbr
d:\git\src\ibk\ibk_drfn\#drfn-cs\_objrd\chartutil\chartutil.sbr
d:\git\src\ibk\ibk_drfn\#drfn-cs\_objrd\chartutil\bitmapitemcombobox.sbr
d:\git\src\ibk\ibk_drfn\#drfn-cs\_objrd\chartutil\bitmapitemcombobox.obj
d:\git\src\ibk\ibk_drfn\#drfn-cs\_objrd\chartutil\chartutil.obj
d:\git\src\ibk\ibk_drfn\#drfn-cs\_objrd\chartutil\dlgcompsetup.obj
d:\git\src\ibk\ibk_drfn\#drfn-cs\_objrd\chartutil\dlggroupname.obj
d:\git\src\ibk\ibk_drfn\#drfn-cs\_objrd\chartutil\virtuallistctrl.obj
d:\git\src\ibk\ibk_drfn\#drfn-cs\_objrd\chartutil\xcolourpicker.obj
d:\git\src\ibk\ibk_drfn\#drfn-cs\_objrd\chartutil\xcolourpopup.obj
d:\git\src\ibk\ibk_drfn\#drfn-cs\_objrd\chartutil\xeditprompt.obj
d:\git\src\ibk\ibk_drfn\#drfn-cs\releasedebug\ibk hot trading\ibks\dev\chartutil.dll
d:\git\src\ibk\ibk_drfn\#drfn-cs\_objrd\chartutil\chartutil.pdb
d:\git\src\ibk\ibk_drfn\#drfn-cs\_objrd\chartutil\chartutil.res
d:\git\src\ibk\ibk_drfn\#drfn-cs\_objrd\chartutil\chartutil.tlog\bscmake.command.1.tlog
d:\git\src\ibk\ibk_drfn\#drfn-cs\_objrd\chartutil\chartutil.tlog\bscmake.read.1.tlog
d:\git\src\ibk\ibk_drfn\#drfn-cs\_objrd\chartutil\chartutil.tlog\bscmake.write.1.tlog
d:\git\src\ibk\ibk_drfn\#drfn-cs\_objrd\chartutil\chartutil.tlog\chartutil.write.1u.tlog
d:\git\src\ibk\ibk_drfn\#drfn-cs\_objrd\chartutil\chartutil.tlog\cl.command.1.tlog
d:\git\src\ibk\ibk_drfn\#drfn-cs\_objrd\chartutil\chartutil.tlog\cl.read.1.tlog
d:\git\src\ibk\ibk_drfn\#drfn-cs\_objrd\chartutil\chartutil.tlog\cl.write.1.tlog
d:\git\src\ibk\ibk_drfn\#drfn-cs\_objrd\chartutil\chartutil.tlog\link.command.1.tlog
d:\git\src\ibk\ibk_drfn\#drfn-cs\_objrd\chartutil\chartutil.tlog\link.read.1.tlog
d:\git\src\ibk\ibk_drfn\#drfn-cs\_objrd\chartutil\chartutil.tlog\link.write.1.tlog
d:\git\src\ibk\ibk_drfn\#drfn-cs\_objrd\chartutil\chartutil.tlog\rc.command.1.tlog
d:\git\src\ibk\ibk_drfn\#drfn-cs\_objrd\chartutil\chartutil.tlog\rc.read.1.tlog
d:\git\src\ibk\ibk_drfn\#drfn-cs\_objrd\chartutil\chartutil.tlog\rc.write.1.tlog
d:\git\src\ibk\ibk_drfn\#drfn-cs\_objrd\chartutil\chartutil.tlog\.\../../../../#drfn-cs/_objrd/chartutil\chartutil.pdb
d:\git\src\ibk\ibk_drfn\#drfn-cs\_objrd\chartutil\chartutil.tlog\.\../../../../#drfn-cs/_objrd/chartutil\chartutil.bsc
