d:\git\src\ibk\ibk_drfn\#drfn-cs\_obj\hwstrategyanalysis\hwstrategyanalysis.pch
d:\git\src\ibk\ibk_drfn\#drfn-cs\_obj\hwstrategyanalysis\stdafx.obj
d:\git\src\ibk\ibk_drfn\#drfn-cs\output\_cod\hwstrategyanalysis\stdafx.cod
d:\git\src\ibk\ibk_drfn\#drfn-cs\_obj\hwstrategyanalysis\titletip.obj
d:\git\src\ibk\ibk_drfn\#drfn-cs\output\_cod\hwstrategyanalysis\titletip.cod
d:\git\src\ibk\ibk_drfn\#drfn-cs\_obj\hwstrategyanalysis\inplaceedit.obj
d:\git\src\ibk\ibk_drfn\#drfn-cs\output\_cod\hwstrategyanalysis\inplaceedit.cod
d:\git\src\ibk\ibk_drfn\#drfn-cs\_obj\hwstrategyanalysis\griddroptarget.obj
d:\git\src\ibk\ibk_drfn\#drfn-cs\output\_cod\hwstrategyanalysis\griddroptarget.cod
d:\git\src\ibk\ibk_drfn\#drfn-cs\_obj\hwstrategyanalysis\gridctrl.obj
d:\git\src\ibk\ibk_drfn\#drfn-cs\output\_cod\hwstrategyanalysis\gridctrl.cod
d:\git\src\ibk\ibk_drfn\#drfn-cs\_obj\hwstrategyanalysis\gridcellbase.obj
d:\git\src\ibk\ibk_drfn\#drfn-cs\output\_cod\hwstrategyanalysis\gridcellbase.cod
d:\git\src\ibk\ibk_drfn\#drfn-cs\_obj\hwstrategyanalysis\gridcell.obj
d:\git\src\ibk\ibk_drfn\#drfn-cs\output\_cod\hwstrategyanalysis\gridcell.cod
d:\git\src\ibk\ibk_drfn\#drfn-cs\_obj\hwstrategyanalysis\dlgwait.obj
d:\git\src\ibk\ibk_drfn\#drfn-cs\output\_cod\hwstrategyanalysis\dlgwait.cod
d:\git\src\ibk\ibk_drfn\#drfn-cs\_obj\hwstrategyanalysis\dlginterface.obj
d:\git\src\ibk\ibk_drfn\#drfn-cs\output\_cod\hwstrategyanalysis\dlginterface.cod
d:\git\src\ibk\ibk_drfn\#drfn-cs\_obj\hwstrategyanalysis\dlganalysis.obj
d:\git\src\ibk\ibk_drfn\#drfn-cs\output\_cod\hwstrategyanalysis\dlganalysis.cod
d:\git\src\ibk\ibk_drfn\#drfn-cs\_obj\hwstrategyanalysis\xtabctrl.obj
d:\git\src\ibk\ibk_drfn\#drfn-cs\output\_cod\hwstrategyanalysis\xtabctrl.cod
d:\git\src\ibk\ibk_drfn\#drfn-cs\_obj\hwstrategyanalysis\xlistctrl.obj
d:\git\src\ibk\ibk_drfn\#drfn-cs\output\_cod\hwstrategyanalysis\xlistctrl.cod
d:\git\src\ibk\ibk_drfn\#drfn-cs\_obj\hwstrategyanalysis\xheaderctrl.obj
d:\git\src\ibk\ibk_drfn\#drfn-cs\output\_cod\hwstrategyanalysis\xheaderctrl.cod
d:\git\src\ibk\ibk_drfn\#drfn-cs\_obj\hwstrategyanalysis\xedit.obj
d:\git\src\ibk\ibk_drfn\#drfn-cs\output\_cod\hwstrategyanalysis\xedit.cod
d:\git\src\ibk\ibk_drfn\#drfn-cs\_obj\hwstrategyanalysis\xdatetime.obj
d:\git\src\ibk\ibk_drfn\#drfn-cs\output\_cod\hwstrategyanalysis\xdatetime.cod
d:\git\src\ibk\ibk_drfn\#drfn-cs\_obj\hwstrategyanalysis\tchart.obj
d:\git\src\ibk\ibk_drfn\#drfn-cs\output\_cod\hwstrategyanalysis\tchart.cod
d:\git\src\ibk\ibk_drfn\#drfn-cs\_obj\hwstrategyanalysis\series.obj
d:\git\src\ibk\ibk_drfn\#drfn-cs\output\_cod\hwstrategyanalysis\series.cod
d:\git\src\ibk\ibk_drfn\#drfn-cs\_obj\hwstrategyanalysis\mschart1.obj
d:\git\src\ibk\ibk_drfn\#drfn-cs\output\_cod\hwstrategyanalysis\mschart1.cod
d:\git\src\ibk\ibk_drfn\#drfn-cs\_obj\hwstrategyanalysis\axis.obj
d:\git\src\ibk\ibk_drfn\#drfn-cs\output\_cod\hwstrategyanalysis\axis.cod
d:\git\src\ibk\ibk_drfn\#drfn-cs\_obj\hwstrategyanalysis\axes.obj
d:\git\src\ibk\ibk_drfn\#drfn-cs\output\_cod\hwstrategyanalysis\axes.cod
d:\git\src\ibk\ibk_drfn\#drfn-cs\_obj\hwstrategyanalysis\strategyloader.obj
d:\git\src\ibk\ibk_drfn\#drfn-cs\output\_cod\hwstrategyanalysis\strategyloader.cod
d:\git\src\ibk\ibk_drfn\#drfn-cs\_obj\hwstrategyanalysis\tabtrade.obj
d:\git\src\ibk\ibk_drfn\#drfn-cs\output\_cod\hwstrategyanalysis\tabtrade.cod
d:\git\src\ibk\ibk_drfn\#drfn-cs\_obj\hwstrategyanalysis\tabstep.obj
d:\git\src\ibk\ibk_drfn\#drfn-cs\output\_cod\hwstrategyanalysis\tabstep.cod
d:\git\src\ibk\ibk_drfn\#drfn-cs\_obj\hwstrategyanalysis\tabsonikchart.obj
d:\git\src\ibk\ibk_drfn\#drfn-cs\output\_cod\hwstrategyanalysis\tabsonikchart.cod
d:\git\src\ibk\ibk_drfn\#drfn-cs\_obj\hwstrategyanalysis\tabresult.obj
d:\git\src\ibk\ibk_drfn\#drfn-cs\output\_cod\hwstrategyanalysis\tabresult.cod
d:\git\src\ibk\ibk_drfn\#drfn-cs\_obj\hwstrategyanalysis\tabearnchart.obj
d:\git\src\ibk\ibk_drfn\#drfn-cs\output\_cod\hwstrategyanalysis\tabearnchart.cod
d:\git\src\ibk\ibk_drfn\#drfn-cs\_obj\hwstrategyanalysis\tabanalchart.obj
d:\git\src\ibk\ibk_drfn\#drfn-cs\output\_cod\hwstrategyanalysis\tabanalchart.cod
d:\git\src\ibk\ibk_drfn\#drfn-cs\_obj\hwstrategyanalysis\inforight.obj
d:\git\src\ibk\ibk_drfn\#drfn-cs\output\_cod\hwstrategyanalysis\inforight.cod
d:\git\src\ibk\ibk_drfn\#drfn-cs\_obj\hwstrategyanalysis\hwstrategyanalysis.obj
d:\git\src\ibk\ibk_drfn\#drfn-cs\output\_cod\hwstrategyanalysis\hwstrategyanalysis.cod
d:\git\src\ibk\ibk_drfn\#drfn-cs\_lib\hwstrategyanalysis.lib
d:\git\src\ibk\ibk_drfn\#drfn-cs\_lib\hwstrategyanalysis.exp
d:\git\src\ibk\ibk_drfn\#drfn-cs\output\ibk hot trading\dev\hwstrategyanalysis.dll
d:\git\src\ibk\ibk_drfn\#drfn-cs\output\ibk hot trading\dev\hwstrategyanalysis.map
d:\git\src\ibk\ibk_drfn\#drfn-cs\_obj\hwstrategyanalysis\hwstrategyanalysis.pdb
d:\git\src\ibk\ibk_drfn\#drfn-cs\_obj\hwstrategyanalysis\hwstrategyanalysis.res
d:\git\src\ibk\ibk_drfn\#drfn-cs\_obj\hwstrategyanalysis\hwstrate.91ee5002.tlog\cl.command.1.tlog
d:\git\src\ibk\ibk_drfn\#drfn-cs\_obj\hwstrategyanalysis\hwstrate.91ee5002.tlog\cl.read.1.tlog
d:\git\src\ibk\ibk_drfn\#drfn-cs\_obj\hwstrategyanalysis\hwstrate.91ee5002.tlog\cl.write.1.tlog
d:\git\src\ibk\ibk_drfn\#drfn-cs\_obj\hwstrategyanalysis\hwstrate.91ee5002.tlog\hwstrategyanalysis.write.1u.tlog
d:\git\src\ibk\ibk_drfn\#drfn-cs\_obj\hwstrategyanalysis\hwstrate.91ee5002.tlog\link.command.1.tlog
d:\git\src\ibk\ibk_drfn\#drfn-cs\_obj\hwstrategyanalysis\hwstrate.91ee5002.tlog\link.read.1.tlog
d:\git\src\ibk\ibk_drfn\#drfn-cs\_obj\hwstrategyanalysis\hwstrate.91ee5002.tlog\link.write.1.tlog
d:\git\src\ibk\ibk_drfn\#drfn-cs\_obj\hwstrategyanalysis\hwstrate.91ee5002.tlog\rc.command.1.tlog
d:\git\src\ibk\ibk_drfn\#drfn-cs\_obj\hwstrategyanalysis\hwstrate.91ee5002.tlog\rc.read.1.tlog
d:\git\src\ibk\ibk_drfn\#drfn-cs\_obj\hwstrategyanalysis\hwstrate.91ee5002.tlog\rc.write.1.tlog
d:\git\src\ibk\ibk_drfn\#drfn-cs\_obj\hwstrategyanalysis\hwstrate.91ee5002.tlog\.\../../../../#drfn-cs/_obj/hwstrategyanalysis\hwstrategyanalysis.pdb
