d:\git\src\ibk\ibk_drfn\#drfn-cs\_objrd\exgridlib\exgridlib.bsc
d:\git\src\ibk\ibk_drfn\#drfn-cs\_objrd\exgridlib\exgridlib.pch
d:\git\src\ibk\ibk_drfn\#drfn-cs\_objrd\exgridlib\exgridlib.pdb
d:\git\src\ibk\ibk_drfn\#drfn-cs\_objrd\exgridlib\exgridlib.idb
d:\git\src\ibk\ibk_drfn\#drfn-cs\_objrd\exgridlib\stdafx.sbr
d:\git\src\ibk\ibk_drfn\#drfn-cs\_objrd\exgridlib\stdafx.obj
d:\git\src\ibk\ibk_drfn\#drfn-cs\_objrd\exgridlib\exgridctrl.sbr
d:\git\src\ibk\ibk_drfn\#drfn-cs\_objrd\exgridlib\exgridctrl.obj
d:\git\src\ibk\ibk_drfn\#drfn-cs\_librd\exgridlib.lib
d:\git\src\ibk\ibk_drfn\#drfn-cs\_objrd\exgridlib\exgridlib.tlog\bscmake.command.1.tlog
d:\git\src\ibk\ibk_drfn\#drfn-cs\_objrd\exgridlib\exgridlib.tlog\bscmake.read.1.tlog
d:\git\src\ibk\ibk_drfn\#drfn-cs\_objrd\exgridlib\exgridlib.tlog\bscmake.write.1.tlog
d:\git\src\ibk\ibk_drfn\#drfn-cs\_objrd\exgridlib\exgridlib.tlog\cl.command.1.tlog
d:\git\src\ibk\ibk_drfn\#drfn-cs\_objrd\exgridlib\exgridlib.tlog\cl.read.1.tlog
d:\git\src\ibk\ibk_drfn\#drfn-cs\_objrd\exgridlib\exgridlib.tlog\cl.write.1.tlog
d:\git\src\ibk\ibk_drfn\#drfn-cs\_objrd\exgridlib\exgridlib.tlog\lib-link.read.1.tlog
d:\git\src\ibk\ibk_drfn\#drfn-cs\_objrd\exgridlib\exgridlib.tlog\lib-link.write.1.tlog
d:\git\src\ibk\ibk_drfn\#drfn-cs\_objrd\exgridlib\exgridlib.tlog\lib.command.1.tlog
d:\git\src\ibk\ibk_drfn\#drfn-cs\_objrd\exgridlib\exgridlib.tlog\.\../../../../#drfn-cs/_objrd/exgridlib\exgridlib.pdb
d:\git\src\ibk\ibk_drfn\#drfn-cs\_objrd\exgridlib\exgridlib.tlog\.\../../../../#drfn-cs/_objrd/exgridlib\exgridlib.bsc
