d:\git\src\ibk\ibk_drfn\#drfn-cs\_obj\stconfiguredlg\stconfiguredlg_db.pch
d:\git\src\ibk\ibk_drfn\#drfn-cs\_obj\stconfiguredlg\stdafx.obj
d:\git\src\ibk\ibk_drfn\#drfn-cs\output\_cod\stconfiguredlg\stdafx.cod
d:\git\src\ibk\ibk_drfn\#drfn-cs\_obj\stconfiguredlg\tabrunjumun.obj
d:\git\src\ibk\ibk_drfn\#drfn-cs\output\_cod\stconfiguredlg\tabrunjumun.cod
d:\git\src\ibk\ibk_drfn\#drfn-cs\_obj\stconfiguredlg\tabrunclear.obj
d:\git\src\ibk\ibk_drfn\#drfn-cs\output\_cod\stconfiguredlg\tabrunclear.cod
d:\git\src\ibk\ibk_drfn\#drfn-cs\_obj\stconfiguredlg\tabindex.obj
d:\git\src\ibk\ibk_drfn\#drfn-cs\output\_cod\stconfiguredlg\tabindex.cod
d:\git\src\ibk\ibk_drfn\#drfn-cs\_obj\stconfiguredlg\tabbasic.obj
d:\git\src\ibk\ibk_drfn\#drfn-cs\output\_cod\stconfiguredlg\tabbasic.cod
d:\git\src\ibk\ibk_drfn\#drfn-cs\_obj\stconfiguredlg\tabauthority.obj
d:\git\src\ibk\ibk_drfn\#drfn-cs\output\_cod\stconfiguredlg\tabauthority.cod
d:\git\src\ibk\ibk_drfn\#drfn-cs\_obj\stconfiguredlg\stconfiguredlg.obj
d:\git\src\ibk\ibk_drfn\#drfn-cs\output\_cod\stconfiguredlg\stconfiguredlg.cod
d:\git\src\ibk\ibk_drfn\#drfn-cs\_obj\stconfiguredlg\rscdlg.obj
d:\git\src\ibk\ibk_drfn\#drfn-cs\output\_cod\stconfiguredlg\rscdlg.cod
d:\git\src\ibk\ibk_drfn\#drfn-cs\_obj\stconfiguredlg\dlgstoption.obj
d:\git\src\ibk\ibk_drfn\#drfn-cs\output\_cod\stconfiguredlg\dlgstoption.cod
d:\git\src\ibk\ibk_drfn\#drfn-cs\_obj\stconfiguredlg\dlgstconfig.obj
d:\git\src\ibk\ibk_drfn\#drfn-cs\output\_cod\stconfiguredlg\dlgstconfig.cod
d:\git\src\ibk\ibk_drfn\#drfn-cs\_obj\stconfiguredlg\dlgrunmain.obj
d:\git\src\ibk\ibk_drfn\#drfn-cs\output\_cod\stconfiguredlg\dlgrunmain.cod
d:\git\src\ibk\ibk_drfn\#drfn-cs\_obj\stconfiguredlg\xtabctrl.obj
d:\git\src\ibk\ibk_drfn\#drfn-cs\output\_cod\stconfiguredlg\xtabctrl.cod
d:\git\src\ibk\ibk_drfn\#drfn-cs\_obj\stconfiguredlg\xskinbutton.obj
d:\git\src\ibk\ibk_drfn\#drfn-cs\output\_cod\stconfiguredlg\xskinbutton.cod
d:\git\src\ibk\ibk_drfn\#drfn-cs\_obj\stconfiguredlg\xlistctrl.obj
d:\git\src\ibk\ibk_drfn\#drfn-cs\output\_cod\stconfiguredlg\xlistctrl.cod
d:\git\src\ibk\ibk_drfn\#drfn-cs\_obj\stconfiguredlg\xheaderctrl.obj
d:\git\src\ibk\ibk_drfn\#drfn-cs\output\_cod\stconfiguredlg\xheaderctrl.cod
d:\git\src\ibk\ibk_drfn\#drfn-cs\_obj\stconfiguredlg\xedit.obj
d:\git\src\ibk\ibk_drfn\#drfn-cs\output\_cod\stconfiguredlg\xedit.cod
d:\git\src\ibk\ibk_drfn\#drfn-cs\_obj\stconfiguredlg\datamath.obj
d:\git\src\ibk\ibk_drfn\#drfn-cs\output\_cod\stconfiguredlg\datamath.cod
d:\git\src\ibk\ibk_drfn\#drfn-cs\_obj\stconfiguredlg\conversion.obj
d:\git\src\ibk\ibk_drfn\#drfn-cs\output\_cod\stconfiguredlg\conversion.cod
d:\git\src\ibk\ibk_drfn\#drfn-cs\_obj\stconfiguredlg\colorbutton.obj
d:\git\src\ibk\ibk_drfn\#drfn-cs\output\_cod\stconfiguredlg\colorbutton.cod
d:\git\src\ibk\ibk_drfn\#drfn-cs\_obj\stconfiguredlg\color.obj
d:\git\src\ibk\ibk_drfn\#drfn-cs\output\_cod\stconfiguredlg\color.cod
d:\git\src\ibk\ibk_drfn\#drfn-cs\_obj\stconfiguredlg\bitmapitemcombobox.obj
d:\git\src\ibk\ibk_drfn\#drfn-cs\output\_cod\stconfiguredlg\bitmapitemcombobox.cod
d:\git\src\ibk\ibk_drfn\#drfn-cs\_obj\stconfiguredlg\tabvariables.obj
d:\git\src\ibk\ibk_drfn\#drfn-cs\output\_cod\stconfiguredlg\tabvariables.cod
d:\git\src\ibk\ibk_drfn\#drfn-cs\_obj\stconfiguredlg\tabsignal.obj
d:\git\src\ibk\ibk_drfn\#drfn-cs\output\_cod\stconfiguredlg\tabsignal.cod
d:\git\src\ibk\ibk_drfn\#drfn-cs\_obj\stconfiguredlg\tabrunsignal.obj
d:\git\src\ibk\ibk_drfn\#drfn-cs\output\_cod\stconfiguredlg\tabrunsignal.cod
d:\git\src\ibk\ibk_drfn\#drfn-cs\_obj\stconfiguredlg\tabrunsetup.obj
d:\git\src\ibk\ibk_drfn\#drfn-cs\output\_cod\stconfiguredlg\tabrunsetup.cod
d:\git\src\ibk\ibk_drfn\#drfn-cs\output\ibk hot trading\dev\stconfiguredlg.dll
d:\git\src\ibk\ibk_drfn\#drfn-cs\output\ibk hot trading\dev\stconfiguredlg.map
d:\git\src\ibk\ibk_drfn\#drfn-cs\_obj\stconfiguredlg\stconfiguredlg.pdb
d:\git\src\ibk\ibk_drfn\#drfn-cs\_obj\stconfiguredlg\stconfiguredlg.res
d:\git\src\ibk\ibk_drfn\#drfn-cs\_lib\stconfiguredlg.lib
d:\git\src\ibk\ibk_drfn\#drfn-cs\_lib\stconfiguredlg.exp
d:\git\src\ibk\ibk_drfn\#drfn-cs\_obj\stconfiguredlg\stconfiguredlg.tlog\cl.command.1.tlog
d:\git\src\ibk\ibk_drfn\#drfn-cs\_obj\stconfiguredlg\stconfiguredlg.tlog\cl.read.1.tlog
d:\git\src\ibk\ibk_drfn\#drfn-cs\_obj\stconfiguredlg\stconfiguredlg.tlog\cl.write.1.tlog
d:\git\src\ibk\ibk_drfn\#drfn-cs\_obj\stconfiguredlg\stconfiguredlg.tlog\link.command.1.tlog
d:\git\src\ibk\ibk_drfn\#drfn-cs\_obj\stconfiguredlg\stconfiguredlg.tlog\link.read.1.tlog
d:\git\src\ibk\ibk_drfn\#drfn-cs\_obj\stconfiguredlg\stconfiguredlg.tlog\link.write.1.tlog
d:\git\src\ibk\ibk_drfn\#drfn-cs\_obj\stconfiguredlg\stconfiguredlg.tlog\rc.command.1.tlog
d:\git\src\ibk\ibk_drfn\#drfn-cs\_obj\stconfiguredlg\stconfiguredlg.tlog\rc.read.1.tlog
d:\git\src\ibk\ibk_drfn\#drfn-cs\_obj\stconfiguredlg\stconfiguredlg.tlog\rc.write.1.tlog
d:\git\src\ibk\ibk_drfn\#drfn-cs\_obj\stconfiguredlg\stconfiguredlg.tlog\stconfiguredlg.write.1u.tlog
d:\git\src\ibk\ibk_drfn\#drfn-cs\_obj\stconfiguredlg\stconfiguredlg.tlog\.\../../../../#drfn-cs/_obj/stconfiguredlg\stconfiguredlg.pdb
