d:\git\src\ibk\ibk_drfn\#drfn-cs\_lib\chartformulate.lib
d:\git\src\ibk\ibk_drfn\#drfn-cs\_lib\chartformulate.exp
d:\git\src\ibk\ibk_drfn\#drfn-cs\_obj\chartformulate\chartformulate.pch
d:\git\src\ibk\ibk_drfn\#drfn-cs\_obj\chartformulate\stdafx.obj
d:\git\src\ibk\ibk_drfn\#drfn-cs\output\_cod\chartformulate\stdafx.cod
d:\git\src\ibk\ibk_drfn\#drfn-cs\_obj\chartformulate\signal.obj
d:\git\src\ibk\ibk_drfn\#drfn-cs\output\_cod\chartformulate\signal.cod
d:\git\src\ibk\ibk_drfn\#drfn-cs\_obj\chartformulate\mainchartformulateimplementation.obj
d:\git\src\ibk\ibk_drfn\#drfn-cs\output\_cod\chartformulate\mainchartformulateimplementation.cod
d:\git\src\ibk\ibk_drfn\#drfn-cs\_obj\chartformulate\mainchartformulate.obj
d:\git\src\ibk\ibk_drfn\#drfn-cs\output\_cod\chartformulate\mainchartformulate.cod
d:\git\src\ibk\ibk_drfn\#drfn-cs\_obj\chartformulate\indicatorfactory.obj
d:\git\src\ibk\ibk_drfn\#drfn-cs\output\_cod\chartformulate\indicatorfactory.cod
d:\git\src\ibk\ibk_drfn\#drfn-cs\_obj\chartformulate\indicator.obj
d:\git\src\ibk\ibk_drfn\#drfn-cs\output\_cod\chartformulate\indicator.cod
d:\git\src\ibk\ibk_drfn\#drfn-cs\_obj\chartformulate\getindicatorinfo.obj
d:\git\src\ibk\ibk_drfn\#drfn-cs\output\_cod\chartformulate\getindicatorinfo.cod
d:\git\src\ibk\ibk_drfn\#drfn-cs\_obj\chartformulate\findcalculatedpacket.obj
d:\git\src\ibk\ibk_drfn\#drfn-cs\output\_cod\chartformulate\findcalculatedpacket.cod
d:\git\src\ibk\ibk_drfn\#drfn-cs\_obj\chartformulate\chartformulate.obj
d:\git\src\ibk\ibk_drfn\#drfn-cs\output\_cod\chartformulate\chartformulate.cod
d:\git\src\ibk\ibk_drfn\#drfn-cs\_obj\chartformulate\calculatedata.obj
d:\git\src\ibk\ibk_drfn\#drfn-cs\output\_cod\chartformulate\calculatedata.cod
d:\git\src\ibk\ibk_drfn\#drfn-cs\_obj\chartformulate\packetpointerlist.obj
d:\git\src\ibk\ibk_drfn\#drfn-cs\output\_cod\chartformulate\packetpointerlist.cod
d:\git\src\ibk\ibk_drfn\#drfn-cs\_obj\chartformulate\imetatable.obj
d:\git\src\ibk\ibk_drfn\#drfn-cs\output\_cod\chartformulate\imetatable.cod
d:\git\src\ibk\ibk_drfn\#drfn-cs\_obj\chartformulate\datamath.obj
d:\git\src\ibk\ibk_drfn\#drfn-cs\output\_cod\chartformulate\datamath.cod
d:\git\src\ibk\ibk_drfn\#drfn-cs\_obj\chartformulate\conversion.obj
d:\git\src\ibk\ibk_drfn\#drfn-cs\output\_cod\chartformulate\conversion.cod
d:\git\src\ibk\ibk_drfn\#drfn-cs\output\ibk hot trading\dev\chartformulate.dll
d:\git\src\ibk\ibk_drfn\#drfn-cs\_obj\chartformulate\chartformulate.pdb
d:\git\src\ibk\ibk_drfn\#drfn-cs\_obj\chartformulate\chartformulate.res
d:\git\src\ibk\ibk_drfn\#drfn-cs\_obj\chartformulate\chartformulate.tlog\chartformulate.write.1u.tlog
d:\git\src\ibk\ibk_drfn\#drfn-cs\_obj\chartformulate\chartformulate.tlog\cl.command.1.tlog
d:\git\src\ibk\ibk_drfn\#drfn-cs\_obj\chartformulate\chartformulate.tlog\cl.read.1.tlog
d:\git\src\ibk\ibk_drfn\#drfn-cs\_obj\chartformulate\chartformulate.tlog\cl.write.1.tlog
d:\git\src\ibk\ibk_drfn\#drfn-cs\_obj\chartformulate\chartformulate.tlog\link.command.1.tlog
d:\git\src\ibk\ibk_drfn\#drfn-cs\_obj\chartformulate\chartformulate.tlog\link.read.1.tlog
d:\git\src\ibk\ibk_drfn\#drfn-cs\_obj\chartformulate\chartformulate.tlog\link.write.1.tlog
d:\git\src\ibk\ibk_drfn\#drfn-cs\_obj\chartformulate\chartformulate.tlog\rc.command.1.tlog
d:\git\src\ibk\ibk_drfn\#drfn-cs\_obj\chartformulate\chartformulate.tlog\rc.read.1.tlog
d:\git\src\ibk\ibk_drfn\#drfn-cs\_obj\chartformulate\chartformulate.tlog\rc.write.1.tlog
d:\git\src\ibk\ibk_drfn\#drfn-cs\_obj\chartformulate\chartformulate.tlog\.\../../../../#drfn-cs/_obj/chartformulate\chartformulate.pdb
