d:\git\src\ibk\ibk_drfn\#drfn-cs\_obj\comparechart\comparechart.pch
d:\git\src\ibk\ibk_drfn\#drfn-cs\_obj\comparechart\stdafx.obj
d:\git\src\ibk\ibk_drfn\#drfn-cs\output\_cod\comparechart\stdafx.cod
d:\git\src\ibk\ibk_drfn\#drfn-cs\_obj\comparechart\comparechart.obj
d:\git\src\ibk\ibk_drfn\#drfn-cs\output\_cod\comparechart\comparechart.cod
d:\git\src\ibk\ibk_drfn\#drfn-cs\_obj\comparechart\codedatafrominputbar.obj
d:\git\src\ibk\ibk_drfn\#drfn-cs\output\_cod\comparechart\codedatafrominputbar.cod
d:\git\src\ibk\ibk_drfn\#drfn-cs\_obj\comparechart\chartmng.obj
d:\git\src\ibk\ibk_drfn\#drfn-cs\output\_cod\comparechart\chartmng.cod
d:\git\src\ibk\ibk_drfn\#drfn-cs\_obj\comparechart\chartitemdata.obj
d:\git\src\ibk\ibk_drfn\#drfn-cs\output\_cod\comparechart\chartitemdata.cod
d:\git\src\ibk\ibk_drfn\#drfn-cs\_obj\comparechart\chartitem.obj
d:\git\src\ibk\ibk_drfn\#drfn-cs\output\_cod\comparechart\chartitem.cod
d:\git\src\ibk\ibk_drfn\#drfn-cs\_obj\comparechart\filebitmap.obj
d:\git\src\ibk\ibk_drfn\#drfn-cs\output\_cod\comparechart\filebitmap.cod
d:\git\src\ibk\ibk_drfn\#drfn-cs\_obj\comparechart\charttoolbtn.obj
d:\git\src\ibk\ibk_drfn\#drfn-cs\output\_cod\comparechart\charttoolbtn.cod
d:\git\src\ibk\ibk_drfn\#drfn-cs\_obj\comparechart\imetatable.obj
d:\git\src\ibk\ibk_drfn\#drfn-cs\output\_cod\comparechart\imetatable.cod
d:\git\src\ibk\ibk_drfn\#drfn-cs\_obj\comparechart\chartrealconverter.obj
d:\git\src\ibk\ibk_drfn\#drfn-cs\output\_cod\comparechart\chartrealconverter.cod
d:\git\src\ibk\ibk_drfn\#drfn-cs\_obj\comparechart\powlabel.obj
d:\git\src\ibk\ibk_drfn\#drfn-cs\output\_cod\comparechart\powlabel.cod
d:\git\src\ibk\ibk_drfn\#drfn-cs\_obj\comparechart\ilbutton.obj
d:\git\src\ibk\ibk_drfn\#drfn-cs\output\_cod\comparechart\ilbutton.cod
d:\git\src\ibk\ibk_drfn\#drfn-cs\_obj\comparechart\util.obj
d:\git\src\ibk\ibk_drfn\#drfn-cs\output\_cod\comparechart\util.cod
d:\git\src\ibk\ibk_drfn\#drfn-cs\_obj\comparechart\hogadata.obj
d:\git\src\ibk\ibk_drfn\#drfn-cs\output\_cod\comparechart\hogadata.cod
d:\git\src\ibk\ibk_drfn\#drfn-cs\_obj\comparechart\viewdata.obj
d:\git\src\ibk\ibk_drfn\#drfn-cs\output\_cod\comparechart\viewdata.cod
d:\git\src\ibk\ibk_drfn\#drfn-cs\_obj\comparechart\realchartdata.obj
d:\git\src\ibk\ibk_drfn\#drfn-cs\output\_cod\comparechart\realchartdata.cod
d:\git\src\ibk\ibk_drfn\#drfn-cs\_obj\comparechart\datamath.obj
d:\git\src\ibk\ibk_drfn\#drfn-cs\output\_cod\comparechart\datamath.cod
d:\git\src\ibk\ibk_drfn\#drfn-cs\_obj\comparechart\conversion.obj
d:\git\src\ibk\ibk_drfn\#drfn-cs\output\_cod\comparechart\conversion.cod
d:\git\src\ibk\ibk_drfn\#drfn-cs\_obj\comparechart\bcmenu.obj
d:\git\src\ibk\ibk_drfn\#drfn-cs\output\_cod\comparechart\bcmenu.cod
d:\git\src\ibk\ibk_drfn\#drfn-cs\_obj\comparechart\drchartocx.obj
d:\git\src\ibk\ibk_drfn\#drfn-cs\output\_cod\comparechart\drchartocx.cod
d:\git\src\ibk\ibk_drfn\#drfn-cs\_obj\comparechart\codectrl.obj
d:\git\src\ibk\ibk_drfn\#drfn-cs\output\_cod\comparechart\codectrl.cod
d:\git\src\ibk\ibk_drfn\#drfn-cs\_obj\comparechart\inputbardlg.obj
d:\git\src\ibk\ibk_drfn\#drfn-cs\output\_cod\comparechart\inputbardlg.cod
d:\git\src\ibk\ibk_drfn\#drfn-cs\_obj\comparechart\parser.obj
d:\git\src\ibk\ibk_drfn\#drfn-cs\output\_cod\comparechart\parser.cod
d:\git\src\ibk\ibk_drfn\#drfn-cs\_obj\comparechart\msgwnd.obj
d:\git\src\ibk\ibk_drfn\#drfn-cs\output\_cod\comparechart\msgwnd.cod
d:\git\src\ibk\ibk_drfn\#drfn-cs\_obj\comparechart\extinputbardlg.obj
d:\git\src\ibk\ibk_drfn\#drfn-cs\output\_cod\comparechart\extinputbardlg.cod
d:\git\src\ibk\ibk_drfn\#drfn-cs\_obj\comparechart\dlgitemmaxcount.obj
d:\git\src\ibk\ibk_drfn\#drfn-cs\output\_cod\comparechart\dlgitemmaxcount.cod
d:\git\src\ibk\ibk_drfn\#drfn-cs\_obj\comparechart\datawindowdlg.obj
d:\git\src\ibk\ibk_drfn\#drfn-cs\output\_cod\comparechart\datawindowdlg.cod
d:\git\src\ibk\ibk_drfn\#drfn-cs\_obj\comparechart\xskinbutton.obj
d:\git\src\ibk\ibk_drfn\#drfn-cs\output\_cod\comparechart\xskinbutton.cod
d:\git\src\ibk\ibk_drfn\#drfn-cs\_obj\comparechart\xlistctrl.obj
d:\git\src\ibk\ibk_drfn\#drfn-cs\output\_cod\comparechart\xlistctrl.cod
d:\git\src\ibk\ibk_drfn\#drfn-cs\_obj\comparechart\xheaderctrl.obj
d:\git\src\ibk\ibk_drfn\#drfn-cs\output\_cod\comparechart\xheaderctrl.cod
d:\git\src\ibk\ibk_drfn\#drfn-cs\_obj\comparechart\xedit.obj
d:\git\src\ibk\ibk_drfn\#drfn-cs\output\_cod\comparechart\xedit.cod
d:\git\src\ibk\ibk_drfn\#drfn-cs\_obj\comparechart\xcombolist.obj
d:\git\src\ibk\ibk_drfn\#drfn-cs\output\_cod\comparechart\xcombolist.cod
d:\git\src\ibk\ibk_drfn\#drfn-cs\_obj\comparechart\virtuallistctrl.obj
d:\git\src\ibk\ibk_drfn\#drfn-cs\output\_cod\comparechart\virtuallistctrl.cod
d:\git\src\ibk\ibk_drfn\#drfn-cs\_obj\comparechart\trtreectrl.obj
d:\git\src\ibk\ibk_drfn\#drfn-cs\output\_cod\comparechart\trtreectrl.cod
d:\git\src\ibk\ibk_drfn\#drfn-cs\_obj\comparechart\treectrlex.obj
d:\git\src\ibk\ibk_drfn\#drfn-cs\output\_cod\comparechart\treectrlex.cod
d:\git\src\ibk\ibk_drfn\#drfn-cs\_obj\comparechart\rscdlg.obj
d:\git\src\ibk\ibk_drfn\#drfn-cs\output\_cod\comparechart\rscdlg.cod
d:\git\src\ibk\ibk_drfn\#drfn-cs\_obj\comparechart\rgbbutton.obj
d:\git\src\ibk\ibk_drfn\#drfn-cs\output\_cod\comparechart\rgbbutton.cod
d:\git\src\ibk\ibk_drfn\#drfn-cs\_obj\comparechart\popupmenu.obj
d:\git\src\ibk\ibk_drfn\#drfn-cs\output\_cod\comparechart\popupmenu.cod
d:\git\src\ibk\ibk_drfn\#drfn-cs\_obj\comparechart\nsybuttonlistctrl.obj
d:\git\src\ibk\ibk_drfn\#drfn-cs\output\_cod\comparechart\nsybuttonlistctrl.cod
d:\git\src\ibk\ibk_drfn\#drfn-cs\_obj\comparechart\gfxoutbarctrl.obj
d:\git\src\ibk\ibk_drfn\#drfn-cs\output\_cod\comparechart\gfxoutbarctrl.cod
d:\git\src\ibk\ibk_drfn\#drfn-cs\_obj\comparechart\editusr.obj
d:\git\src\ibk\ibk_drfn\#drfn-cs\output\_cod\comparechart\editusr.cod
d:\git\src\ibk\ibk_drfn\#drfn-cs\_obj\comparechart\xysplitterwnd.obj
d:\git\src\ibk\ibk_drfn\#drfn-cs\output\_cod\comparechart\xysplitterwnd.cod
d:\git\src\ibk\ibk_drfn\#drfn-cs\_obj\comparechart\xtabctrl.obj
d:\git\src\ibk\ibk_drfn\#drfn-cs\output\_cod\comparechart\xtabctrl.cod
d:\git\src\ibk\ibk_drfn\#drfn-cs\_obj\comparechart\xlistctrljongdata.obj
d:\git\src\ibk\ibk_drfn\#drfn-cs\output\_cod\comparechart\xlistctrljongdata.cod
d:\git\src\ibk\ibk_drfn\#drfn-cs\_obj\comparechart\usraddlistdlg.obj
d:\git\src\ibk\ibk_drfn\#drfn-cs\output\_cod\comparechart\usraddlistdlg.cod
d:\git\src\ibk\ibk_drfn\#drfn-cs\_obj\comparechart\tabupjongdlg.obj
d:\git\src\ibk\ibk_drfn\#drfn-cs\output\_cod\comparechart\tabupjongdlg.cod
d:\git\src\ibk\ibk_drfn\#drfn-cs\_obj\comparechart\tabstockdlgwinix.obj
d:\git\src\ibk\ibk_drfn\#drfn-cs\output\_cod\comparechart\tabstockdlgwinix.cod
d:\git\src\ibk\ibk_drfn\#drfn-cs\_obj\comparechart\tabstockdlg.obj
d:\git\src\ibk\ibk_drfn\#drfn-cs\output\_cod\comparechart\tabstockdlg.cod
d:\git\src\ibk\ibk_drfn\#drfn-cs\_obj\comparechart\tabforeigndlg.obj
d:\git\src\ibk\ibk_drfn\#drfn-cs\output\_cod\comparechart\tabforeigndlg.cod
d:\git\src\ibk\ibk_drfn\#drfn-cs\_obj\comparechart\tabelwdlg.obj
d:\git\src\ibk\ibk_drfn\#drfn-cs\output\_cod\comparechart\tabelwdlg.cod
d:\git\src\ibk\ibk_drfn\#drfn-cs\_obj\comparechart\tabdlgcreator.obj
d:\git\src\ibk\ibk_drfn\#drfn-cs\output\_cod\comparechart\tabdlgcreator.cod
d:\git\src\ibk\ibk_drfn\#drfn-cs\_obj\comparechart\tabdlg.obj
d:\git\src\ibk\ibk_drfn\#drfn-cs\output\_cod\comparechart\tabdlg.cod
d:\git\src\ibk\ibk_drfn\#drfn-cs\_obj\comparechart\tabcodesearchfo.obj
d:\git\src\ibk\ibk_drfn\#drfn-cs\output\_cod\comparechart\tabcodesearchfo.cod
d:\git\src\ibk\ibk_drfn\#drfn-cs\_obj\comparechart\stddialogpartnersite.obj
d:\git\src\ibk\ibk_drfn\#drfn-cs\output\_cod\comparechart\stddialogpartnersite.cod
d:\git\src\ibk\ibk_drfn\#drfn-cs\_obj\comparechart\stddialog.obj
d:\git\src\ibk\ibk_drfn\#drfn-cs\output\_cod\comparechart\stddialog.cod
d:\git\src\ibk\ibk_drfn\#drfn-cs\_obj\comparechart\sortstringarray.obj
d:\git\src\ibk\ibk_drfn\#drfn-cs\output\_cod\comparechart\sortstringarray.cod
d:\git\src\ibk\ibk_drfn\#drfn-cs\_obj\comparechart\leftbardlg.obj
d:\git\src\ibk\ibk_drfn\#drfn-cs\output\_cod\comparechart\leftbardlg.cod
d:\git\src\ibk\ibk_drfn\#drfn-cs\_lib\comparechart.lib
d:\git\src\ibk\ibk_drfn\#drfn-cs\_lib\comparechart.exp
d:\git\src\ibk\ibk_drfn\#drfn-cs\output\ibk hot trading\dev\comparechart.dll
d:\git\src\ibk\ibk_drfn\#drfn-cs\output\ibk hot trading\dev\comparechart.map
d:\git\src\ibk\ibk_drfn\#drfn-cs\_obj\comparechart\comparechart.pdb
d:\git\src\ibk\ibk_drfn\#drfn-cs\_obj\comparechart\comparechart.tlb
d:\git\src\ibk\ibk_drfn\projsrc\srcdrfn\chart\comparechart\comparechart_i.c
d:\git\src\ibk\ibk_drfn\projsrc\srcdrfn\chart\comparechart\comparechart_h.h
d:\git\src\ibk\ibk_drfn\#drfn-cs\_obj\comparechart\comparechart.res
d:\git\src\ibk\ibk_drfn\#drfn-cs\_obj\comparechart\comparechart.tlog\cl.command.1.tlog
d:\git\src\ibk\ibk_drfn\#drfn-cs\_obj\comparechart\comparechart.tlog\cl.read.1.tlog
d:\git\src\ibk\ibk_drfn\#drfn-cs\_obj\comparechart\comparechart.tlog\cl.write.1.tlog
d:\git\src\ibk\ibk_drfn\#drfn-cs\_obj\comparechart\comparechart.tlog\comparechart.write.1u.tlog
d:\git\src\ibk\ibk_drfn\#drfn-cs\_obj\comparechart\comparechart.tlog\link.command.1.tlog
d:\git\src\ibk\ibk_drfn\#drfn-cs\_obj\comparechart\comparechart.tlog\link.read.1.tlog
d:\git\src\ibk\ibk_drfn\#drfn-cs\_obj\comparechart\comparechart.tlog\link.write.1.tlog
d:\git\src\ibk\ibk_drfn\#drfn-cs\_obj\comparechart\comparechart.tlog\midl.command.1.tlog
d:\git\src\ibk\ibk_drfn\#drfn-cs\_obj\comparechart\comparechart.tlog\midl.read.1.tlog
d:\git\src\ibk\ibk_drfn\#drfn-cs\_obj\comparechart\comparechart.tlog\midl.write.1.tlog
d:\git\src\ibk\ibk_drfn\#drfn-cs\_obj\comparechart\comparechart.tlog\rc.command.1.tlog
d:\git\src\ibk\ibk_drfn\#drfn-cs\_obj\comparechart\comparechart.tlog\rc.read.1.tlog
d:\git\src\ibk\ibk_drfn\#drfn-cs\_obj\comparechart\comparechart.tlog\rc.write.1.tlog
d:\git\src\ibk\ibk_drfn\#drfn-cs\_obj\comparechart\comparechart.tlog\.\../../../../#drfn-cs/_obj/comparechart\comparechart.tlb
d:\git\src\ibk\ibk_drfn\#drfn-cs\_obj\comparechart\comparechart.tlog\.\../../../../#drfn-cs/_obj/comparechart\comparechart.pdb
