d:\git\src\ibk\ibk_drfn\#drfn-cs\_obj\packetdata\packetdata.pch
d:\git\src\ibk\ibk_drfn\#drfn-cs\_obj\packetdata\stdafx.obj
d:\git\src\ibk\ibk_drfn\#drfn-cs\output\_cod\packetdata\stdafx.cod
d:\git\src\ibk\ibk_drfn\#drfn-cs\_obj\packetdata\timerealdatamodule.obj
d:\git\src\ibk\ibk_drfn\#drfn-cs\output\_cod\packetdata\timerealdatamodule.cod
d:\git\src\ibk\ibk_drfn\#drfn-cs\_obj\packetdata\realmodulecenter.obj
d:\git\src\ibk\ibk_drfn\#drfn-cs\output\_cod\packetdata\realmodulecenter.cod
d:\git\src\ibk\ibk_drfn\#drfn-cs\_obj\packetdata\packetlistmodule.obj
d:\git\src\ibk\ibk_drfn\#drfn-cs\output\_cod\packetdata\packetlistmodule.cod
d:\git\src\ibk\ibk_drfn\#drfn-cs\_obj\packetdata\packetlistimplementation.obj
d:\git\src\ibk\ibk_drfn\#drfn-cs\output\_cod\packetdata\packetlistimplementation.cod
d:\git\src\ibk\ibk_drfn\#drfn-cs\_obj\packetdata\packetlist.obj
d:\git\src\ibk\ibk_drfn\#drfn-cs\output\_cod\packetdata\packetlist.cod
d:\git\src\ibk\ibk_drfn\#drfn-cs\_obj\packetdata\packetimplementation.obj
d:\git\src\ibk\ibk_drfn\#drfn-cs\output\_cod\packetdata\packetimplementation.cod
d:\git\src\ibk\ibk_drfn\#drfn-cs\_obj\packetdata\packetbasedata.obj
d:\git\src\ibk\ibk_drfn\#drfn-cs\output\_cod\packetdata\packetbasedata.cod
d:\git\src\ibk\ibk_drfn\#drfn-cs\_obj\packetdata\packet.obj
d:\git\src\ibk\ibk_drfn\#drfn-cs\output\_cod\packetdata\packet.cod
d:\git\src\ibk\ibk_drfn\#drfn-cs\_obj\packetdata\timetypeconvert.obj
d:\git\src\ibk\ibk_drfn\#drfn-cs\output\_cod\packetdata\timetypeconvert.cod
d:\git\src\ibk\ibk_drfn\#drfn-cs\_obj\packetdata\imetatable.obj
d:\git\src\ibk\ibk_drfn\#drfn-cs\output\_cod\packetdata\imetatable.cod
d:\git\src\ibk\ibk_drfn\#drfn-cs\_obj\packetdata\datamath.obj
d:\git\src\ibk\ibk_drfn\#drfn-cs\output\_cod\packetdata\datamath.cod
d:\git\src\ibk\ibk_drfn\#drfn-cs\_obj\packetdata\conversion.obj
d:\git\src\ibk\ibk_drfn\#drfn-cs\output\_cod\packetdata\conversion.cod
d:\git\src\ibk\ibk_drfn\#drfn-cs\output\ibk hot trading\dev\packetdata.dll
d:\git\src\ibk\ibk_drfn\#drfn-cs\_obj\packetdata\packetdata.pdb
d:\git\src\ibk\ibk_drfn\#drfn-cs\_lib\packetdata.lib
d:\git\src\ibk\ibk_drfn\#drfn-cs\_lib\packetdata.exp
d:\git\src\ibk\ibk_drfn\#drfn-cs\_obj\packetdata\packetdata.res
d:\git\src\ibk\ibk_drfn\#drfn-cs\_obj\packetdata\packetdata.tlog\cl.command.1.tlog
d:\git\src\ibk\ibk_drfn\#drfn-cs\_obj\packetdata\packetdata.tlog\cl.read.1.tlog
d:\git\src\ibk\ibk_drfn\#drfn-cs\_obj\packetdata\packetdata.tlog\cl.write.1.tlog
d:\git\src\ibk\ibk_drfn\#drfn-cs\_obj\packetdata\packetdata.tlog\link.command.1.tlog
d:\git\src\ibk\ibk_drfn\#drfn-cs\_obj\packetdata\packetdata.tlog\link.read.1.tlog
d:\git\src\ibk\ibk_drfn\#drfn-cs\_obj\packetdata\packetdata.tlog\link.write.1.tlog
d:\git\src\ibk\ibk_drfn\#drfn-cs\_obj\packetdata\packetdata.tlog\packetdata.write.1u.tlog
d:\git\src\ibk\ibk_drfn\#drfn-cs\_obj\packetdata\packetdata.tlog\rc.command.1.tlog
d:\git\src\ibk\ibk_drfn\#drfn-cs\_obj\packetdata\packetdata.tlog\rc.read.1.tlog
d:\git\src\ibk\ibk_drfn\#drfn-cs\_obj\packetdata\packetdata.tlog\rc.write.1.tlog
d:\git\src\ibk\ibk_drfn\#drfn-cs\_obj\packetdata\packetdata.tlog\.\../../../../#drfn-cs/_obj/packetdata\packetdata.pdb
