d:\git\src\ibk\ibk_drfn\#drfn-cs\_obj\multichart\multichart.pch
d:\git\src\ibk\ibk_drfn\#drfn-cs\_obj\multichart\stdafx.obj
d:\git\src\ibk\ibk_drfn\#drfn-cs\output\_cod\multichart\stdafx.cod
d:\git\src\ibk\ibk_drfn\#drfn-cs\_obj\multichart\chartlistdlg.obj
d:\git\src\ibk\ibk_drfn\#drfn-cs\output\_cod\multichart\chartlistdlg.cod
d:\git\src\ibk\ibk_drfn\#drfn-cs\_obj\multichart\chartitemdata.obj
d:\git\src\ibk\ibk_drfn\#drfn-cs\output\_cod\multichart\chartitemdata.cod
d:\git\src\ibk\ibk_drfn\#drfn-cs\_obj\multichart\chartitem.obj
d:\git\src\ibk\ibk_drfn\#drfn-cs\output\_cod\multichart\chartitem.cod
d:\git\src\ibk\ibk_drfn\#drfn-cs\_obj\multichart\filebitmap.obj
d:\git\src\ibk\ibk_drfn\#drfn-cs\output\_cod\multichart\filebitmap.cod
d:\git\src\ibk\ibk_drfn\#drfn-cs\_obj\multichart\charttoolbtn.obj
d:\git\src\ibk\ibk_drfn\#drfn-cs\output\_cod\multichart\charttoolbtn.cod
d:\git\src\ibk\ibk_drfn\#drfn-cs\_obj\multichart\imetatable.obj
d:\git\src\ibk\ibk_drfn\#drfn-cs\output\_cod\multichart\imetatable.cod
d:\git\src\ibk\ibk_drfn\#drfn-cs\_obj\multichart\sttreectrl.obj
d:\git\src\ibk\ibk_drfn\#drfn-cs\output\_cod\multichart\sttreectrl.cod
d:\git\src\ibk\ibk_drfn\#drfn-cs\_obj\multichart\dllstloader.obj
d:\git\src\ibk\ibk_drfn\#drfn-cs\output\_cod\multichart\dllstloader.cod
d:\git\src\ibk\ibk_drfn\#drfn-cs\_obj\multichart\chartrealconverter.obj
d:\git\src\ibk\ibk_drfn\#drfn-cs\output\_cod\multichart\chartrealconverter.cod
d:\git\src\ibk\ibk_drfn\#drfn-cs\_obj\multichart\powlabel.obj
d:\git\src\ibk\ibk_drfn\#drfn-cs\output\_cod\multichart\powlabel.cod
d:\git\src\ibk\ibk_drfn\#drfn-cs\_obj\multichart\ilbutton.obj
d:\git\src\ibk\ibk_drfn\#drfn-cs\output\_cod\multichart\ilbutton.cod
d:\git\src\ibk\ibk_drfn\#drfn-cs\_obj\multichart\util.obj
d:\git\src\ibk\ibk_drfn\#drfn-cs\output\_cod\multichart\util.cod
d:\git\src\ibk\ibk_drfn\#drfn-cs\_obj\multichart\hogadata.obj
d:\git\src\ibk\ibk_drfn\#drfn-cs\output\_cod\multichart\hogadata.cod
d:\git\src\ibk\ibk_drfn\#drfn-cs\_obj\multichart\viewdata.obj
d:\git\src\ibk\ibk_drfn\#drfn-cs\output\_cod\multichart\viewdata.cod
d:\git\src\ibk\ibk_drfn\#drfn-cs\_obj\multichart\realchartdata.obj
d:\git\src\ibk\ibk_drfn\#drfn-cs\output\_cod\multichart\realchartdata.cod
d:\git\src\ibk\ibk_drfn\#drfn-cs\_obj\multichart\datamath.obj
d:\git\src\ibk\ibk_drfn\#drfn-cs\output\_cod\multichart\datamath.cod
d:\git\src\ibk\ibk_drfn\#drfn-cs\_obj\multichart\conversion.obj
d:\git\src\ibk\ibk_drfn\#drfn-cs\output\_cod\multichart\conversion.cod
d:\git\src\ibk\ibk_drfn\#drfn-cs\_obj\multichart\drchartocx.obj
d:\git\src\ibk\ibk_drfn\#drfn-cs\output\_cod\multichart\drchartocx.cod
d:\git\src\ibk\ibk_drfn\#drfn-cs\_obj\multichart\fohistorybtnctrl.obj
d:\git\src\ibk\ibk_drfn\#drfn-cs\output\_cod\multichart\fohistorybtnctrl.cod
d:\git\src\ibk\ibk_drfn\#drfn-cs\_obj\multichart\codectrl.obj
d:\git\src\ibk\ibk_drfn\#drfn-cs\output\_cod\multichart\codectrl.cod
d:\git\src\ibk\ibk_drfn\#drfn-cs\_obj\multichart\extinputbardlg.obj
d:\git\src\ibk\ibk_drfn\#drfn-cs\output\_cod\multichart\extinputbardlg.cod
d:\git\src\ibk\ibk_drfn\#drfn-cs\_obj\multichart\dlldlg.obj
d:\git\src\ibk\ibk_drfn\#drfn-cs\output\_cod\multichart\dlldlg.cod
d:\git\src\ibk\ibk_drfn\#drfn-cs\_obj\multichart\dlgtoolbar.obj
d:\git\src\ibk\ibk_drfn\#drfn-cs\output\_cod\multichart\dlgtoolbar.cod
d:\git\src\ibk\ibk_drfn\#drfn-cs\_obj\multichart\dlgstexoption.obj
d:\git\src\ibk\ibk_drfn\#drfn-cs\output\_cod\multichart\dlgstexoption.cod
d:\git\src\ibk\ibk_drfn\#drfn-cs\_obj\multichart\dlgsettingtoolbar.obj
d:\git\src\ibk\ibk_drfn\#drfn-cs\output\_cod\multichart\dlgsettingtoolbar.cod
d:\git\src\ibk\ibk_drfn\#drfn-cs\_obj\multichart\dlgglass.obj
d:\git\src\ibk\ibk_drfn\#drfn-cs\output\_cod\multichart\dlgglass.cod
d:\git\src\ibk\ibk_drfn\#drfn-cs\_obj\multichart\datawindowdlg.obj
d:\git\src\ibk\ibk_drfn\#drfn-cs\output\_cod\multichart\datawindowdlg.cod
d:\git\src\ibk\ibk_drfn\#drfn-cs\_obj\multichart\xlistctrl.obj
d:\git\src\ibk\ibk_drfn\#drfn-cs\output\_cod\multichart\xlistctrl.cod
d:\git\src\ibk\ibk_drfn\#drfn-cs\_obj\multichart\xheaderctrl.obj
d:\git\src\ibk\ibk_drfn\#drfn-cs\output\_cod\multichart\xheaderctrl.cod
d:\git\src\ibk\ibk_drfn\#drfn-cs\_obj\multichart\xedit.obj
d:\git\src\ibk\ibk_drfn\#drfn-cs\output\_cod\multichart\xedit.cod
d:\git\src\ibk\ibk_drfn\#drfn-cs\_obj\multichart\xcombolist.obj
d:\git\src\ibk\ibk_drfn\#drfn-cs\output\_cod\multichart\xcombolist.cod
d:\git\src\ibk\ibk_drfn\#drfn-cs\_obj\multichart\trtreectrl.obj
d:\git\src\ibk\ibk_drfn\#drfn-cs\output\_cod\multichart\trtreectrl.cod
d:\git\src\ibk\ibk_drfn\#drfn-cs\_obj\multichart\treectrlex.obj
d:\git\src\ibk\ibk_drfn\#drfn-cs\output\_cod\multichart\treectrlex.cod
d:\git\src\ibk\ibk_drfn\#drfn-cs\_obj\multichart\textprogressctrl.obj
d:\git\src\ibk\ibk_drfn\#drfn-cs\output\_cod\multichart\textprogressctrl.cod
d:\git\src\ibk\ibk_drfn\#drfn-cs\_obj\multichart\rgbbutton.obj
d:\git\src\ibk\ibk_drfn\#drfn-cs\output\_cod\multichart\rgbbutton.cod
d:\git\src\ibk\ibk_drfn\#drfn-cs\_obj\multichart\gfxoutbarctrl.obj
d:\git\src\ibk\ibk_drfn\#drfn-cs\output\_cod\multichart\gfxoutbarctrl.cod
d:\git\src\ibk\ibk_drfn\#drfn-cs\_obj\multichart\editusr.obj
d:\git\src\ibk\ibk_drfn\#drfn-cs\output\_cod\multichart\editusr.cod
d:\git\src\ibk\ibk_drfn\#drfn-cs\_obj\multichart\condtarget.obj
d:\git\src\ibk\ibk_drfn\#drfn-cs\output\_cod\multichart\condtarget.cod
d:\git\src\ibk\ibk_drfn\#drfn-cs\_obj\multichart\codedatafrominputbar.obj
d:\git\src\ibk\ibk_drfn\#drfn-cs\output\_cod\multichart\codedatafrominputbar.cod
d:\git\src\ibk\ibk_drfn\#drfn-cs\_obj\multichart\chartmng.obj
d:\git\src\ibk\ibk_drfn\#drfn-cs\output\_cod\multichart\chartmng.cod
d:\git\src\ibk\ibk_drfn\#drfn-cs\_obj\multichart\stddialog.obj
d:\git\src\ibk\ibk_drfn\#drfn-cs\output\_cod\multichart\stddialog.cod
d:\git\src\ibk\ibk_drfn\#drfn-cs\_obj\multichart\setcycledlg.obj
d:\git\src\ibk\ibk_drfn\#drfn-cs\output\_cod\multichart\setcycledlg.cod
d:\git\src\ibk\ibk_drfn\#drfn-cs\_obj\multichart\rscdlg.obj
d:\git\src\ibk\ibk_drfn\#drfn-cs\output\_cod\multichart\rscdlg.cod
d:\git\src\ibk\ibk_drfn\#drfn-cs\_obj\multichart\regfavoritedlg.obj
d:\git\src\ibk\ibk_drfn\#drfn-cs\output\_cod\multichart\regfavoritedlg.cod
d:\git\src\ibk\ibk_drfn\#drfn-cs\_obj\multichart\popuplist.obj
d:\git\src\ibk\ibk_drfn\#drfn-cs\output\_cod\multichart\popuplist.cod
d:\git\src\ibk\ibk_drfn\#drfn-cs\_obj\multichart\newgrpfavoritedlg.obj
d:\git\src\ibk\ibk_drfn\#drfn-cs\output\_cod\multichart\newgrpfavoritedlg.cod
d:\git\src\ibk\ibk_drfn\#drfn-cs\_obj\multichart\multichart.obj
d:\git\src\ibk\ibk_drfn\#drfn-cs\output\_cod\multichart\multichart.cod
d:\git\src\ibk\ibk_drfn\#drfn-cs\_obj\multichart\minitickbardlg.obj
d:\git\src\ibk\ibk_drfn\#drfn-cs\output\_cod\multichart\minitickbardlg.cod
d:\git\src\ibk\ibk_drfn\#drfn-cs\_obj\multichart\minitickbarcfg.obj
d:\git\src\ibk\ibk_drfn\#drfn-cs\output\_cod\multichart\minitickbarcfg.cod
d:\git\src\ibk\ibk_drfn\#drfn-cs\_obj\multichart\minibardlg.obj
d:\git\src\ibk\ibk_drfn\#drfn-cs\output\_cod\multichart\minibardlg.cod
d:\git\src\ibk\ibk_drfn\#drfn-cs\_obj\multichart\matrixselecterdlg.obj
d:\git\src\ibk\ibk_drfn\#drfn-cs\output\_cod\multichart\matrixselecterdlg.cod
d:\git\src\ibk\ibk_drfn\#drfn-cs\_obj\multichart\logman.obj
d:\git\src\ibk\ibk_drfn\#drfn-cs\output\_cod\multichart\logman.cod
d:\git\src\ibk\ibk_drfn\#drfn-cs\_obj\multichart\leftbardlg.obj
d:\git\src\ibk\ibk_drfn\#drfn-cs\output\_cod\multichart\leftbardlg.cod
d:\git\src\ibk\ibk_drfn\#drfn-cs\_obj\multichart\jongstatusintab.obj
d:\git\src\ibk\ibk_drfn\#drfn-cs\output\_cod\multichart\jongstatusintab.cod
d:\git\src\ibk\ibk_drfn\#drfn-cs\_obj\multichart\inputbardlg.obj
d:\git\src\ibk\ibk_drfn\#drfn-cs\output\_cod\multichart\inputbardlg.cod
d:\git\src\ibk\ibk_drfn\#drfn-cs\_obj\multichart\parser.obj
d:\git\src\ibk\ibk_drfn\#drfn-cs\output\_cod\multichart\parser.cod
d:\git\src\ibk\ibk_drfn\#drfn-cs\_obj\multichart\msgwnd.obj
d:\git\src\ibk\ibk_drfn\#drfn-cs\output\_cod\multichart\msgwnd.cod
d:\git\src\ibk\ibk_drfn\#drfn-cs\_obj\multichart\foreignbar.obj
d:\git\src\ibk\ibk_drfn\#drfn-cs\output\_cod\multichart\foreignbar.cod
d:\git\src\ibk\ibk_drfn\#drfn-cs\_obj\multichart\floatinghogadlg.obj
d:\git\src\ibk\ibk_drfn\#drfn-cs\output\_cod\multichart\floatinghogadlg.cod
d:\git\src\ibk\ibk_drfn\#drfn-cs\_obj\multichart\favoritethingsmng.obj
d:\git\src\ibk\ibk_drfn\#drfn-cs\output\_cod\multichart\favoritethingsmng.cod
d:\git\src\ibk\ibk_drfn\#drfn-cs\_obj\multichart\_systabexchartitem.obj
d:\git\src\ibk\ibk_drfn\#drfn-cs\output\_cod\multichart\_systabexchartitem.cod
d:\git\src\ibk\ibk_drfn\#drfn-cs\_obj\multichart\xysplitterwnd.obj
d:\git\src\ibk\ibk_drfn\#drfn-cs\output\_cod\multichart\xysplitterwnd.cod
d:\git\src\ibk\ibk_drfn\#drfn-cs\_obj\multichart\xtabctrl.obj
d:\git\src\ibk\ibk_drfn\#drfn-cs\output\_cod\multichart\xtabctrl.cod
d:\git\src\ibk\ibk_drfn\#drfn-cs\_obj\multichart\xlistctrljongdata.obj
d:\git\src\ibk\ibk_drfn\#drfn-cs\output\_cod\multichart\xlistctrljongdata.cod
d:\git\src\ibk\ibk_drfn\#drfn-cs\_obj\multichart\tabsystemtradingex.obj
d:\git\src\ibk\ibk_drfn\#drfn-cs\output\_cod\multichart\tabsystemtradingex.cod
d:\git\src\ibk\ibk_drfn\#drfn-cs\_obj\multichart\tabindices.obj
d:\git\src\ibk\ibk_drfn\#drfn-cs\output\_cod\multichart\tabindices.cod
d:\git\src\ibk\ibk_drfn\#drfn-cs\_obj\multichart\tabdlgcreator.obj
d:\git\src\ibk\ibk_drfn\#drfn-cs\output\_cod\multichart\tabdlgcreator.cod
d:\git\src\ibk\ibk_drfn\#drfn-cs\_obj\multichart\tabdlg.obj
d:\git\src\ibk\ibk_drfn\#drfn-cs\output\_cod\multichart\tabdlg.cod
d:\git\src\ibk\ibk_drfn\#drfn-cs\_obj\multichart\tabcodesearchwinix.obj
d:\git\src\ibk\ibk_drfn\#drfn-cs\output\_cod\multichart\tabcodesearchwinix.cod
d:\git\src\ibk\ibk_drfn\#drfn-cs\_obj\multichart\tabcodesearch.obj
d:\git\src\ibk\ibk_drfn\#drfn-cs\output\_cod\multichart\tabcodesearch.cod
d:\git\src\ibk\ibk_drfn\#drfn-cs\_obj\multichart\stdlgconfirm.obj
d:\git\src\ibk\ibk_drfn\#drfn-cs\output\_cod\multichart\stdlgconfirm.cod
d:\git\src\ibk\ibk_drfn\#drfn-cs\_obj\multichart\stddialogpartnersite.obj
d:\git\src\ibk\ibk_drfn\#drfn-cs\output\_cod\multichart\stddialogpartnersite.cod
d:\git\src\ibk\ibk_drfn\#drfn-cs\output\ibk hot trading\dev\multichart.dll
d:\git\src\ibk\ibk_drfn\#drfn-cs\output\ibk hot trading\dev\multichart.map
d:\git\src\ibk\ibk_drfn\#drfn-cs\_obj\multichart\multichart.pdb
d:\git\src\ibk\ibk_drfn\#drfn-cs\_obj\multichart\multichart.tlb
d:\git\src\ibk\ibk_drfn\projsrc\srcdrfn\chart\multichart\multichart_i.c
d:\git\src\ibk\ibk_drfn\projsrc\srcdrfn\chart\multichart\multichart_h.h
d:\git\src\ibk\ibk_drfn\#drfn-cs\_lib\multichart.lib
d:\git\src\ibk\ibk_drfn\#drfn-cs\_lib\multichart.exp
d:\git\src\ibk\ibk_drfn\#drfn-cs\_obj\multichart\multichart.res
d:\git\src\ibk\ibk_drfn\#drfn-cs\_obj\multichart\multichart.tlog\cl.command.1.tlog
d:\git\src\ibk\ibk_drfn\#drfn-cs\_obj\multichart\multichart.tlog\cl.read.1.tlog
d:\git\src\ibk\ibk_drfn\#drfn-cs\_obj\multichart\multichart.tlog\cl.write.1.tlog
d:\git\src\ibk\ibk_drfn\#drfn-cs\_obj\multichart\multichart.tlog\link.command.1.tlog
d:\git\src\ibk\ibk_drfn\#drfn-cs\_obj\multichart\multichart.tlog\link.read.1.tlog
d:\git\src\ibk\ibk_drfn\#drfn-cs\_obj\multichart\multichart.tlog\link.write.1.tlog
d:\git\src\ibk\ibk_drfn\#drfn-cs\_obj\multichart\multichart.tlog\midl.command.1.tlog
d:\git\src\ibk\ibk_drfn\#drfn-cs\_obj\multichart\multichart.tlog\midl.read.1.tlog
d:\git\src\ibk\ibk_drfn\#drfn-cs\_obj\multichart\multichart.tlog\midl.write.1.tlog
d:\git\src\ibk\ibk_drfn\#drfn-cs\_obj\multichart\multichart.tlog\multichart.write.1u.tlog
d:\git\src\ibk\ibk_drfn\#drfn-cs\_obj\multichart\multichart.tlog\rc.command.1.tlog
d:\git\src\ibk\ibk_drfn\#drfn-cs\_obj\multichart\multichart.tlog\rc.read.1.tlog
d:\git\src\ibk\ibk_drfn\#drfn-cs\_obj\multichart\multichart.tlog\rc.write.1.tlog
d:\git\src\ibk\ibk_drfn\#drfn-cs\_obj\multichart\multichart.tlog\.\../../../../#drfn-cs/_obj/multichart\multichart.tlb
d:\git\src\ibk\ibk_drfn\#drfn-cs\_obj\multichart\multichart.tlog\.\../../../../#drfn-cs/_obj/multichart\multichart.pdb
