d:\git\src\ibk\ibk_drfn\#drfn-cs\_obj\pctrmng\pctrmng.pch
d:\git\src\ibk\ibk_drfn\#drfn-cs\_obj\pctrmng\stdafx.obj
d:\git\src\ibk\ibk_drfn\#drfn-cs\output\_cod\pctrmng\stdafx.cod
d:\git\src\ibk\ibk_drfn\#drfn-cs\_obj\pctrmng\_datautilmanager.obj
d:\git\src\ibk\ibk_drfn\#drfn-cs\output\_cod\pctrmng\_datautilmanager.cod
d:\git\src\ibk\ibk_drfn\#drfn-cs\_obj\pctrmng\_datamonitormanager.obj
d:\git\src\ibk\ibk_drfn\#drfn-cs\output\_cod\pctrmng\_datamonitormanager.cod
d:\git\src\ibk\ibk_drfn\#drfn-cs\_obj\pctrmng\_companymanager.obj
d:\git\src\ibk\ibk_drfn\#drfn-cs\output\_cod\pctrmng\_companymanager.cod
d:\git\src\ibk\ibk_drfn\#drfn-cs\_obj\pctrmng\trcomm.obj
d:\git\src\ibk\ibk_drfn\#drfn-cs\output\_cod\pctrmng\trcomm.cod
d:\git\src\ibk\ibk_drfn\#drfn-cs\_obj\pctrmng\tracer.obj
d:\git\src\ibk\ibk_drfn\#drfn-cs\output\_cod\pctrmng\tracer.cod
d:\git\src\ibk\ibk_drfn\#drfn-cs\_obj\pctrmng\pctrmng.obj
d:\git\src\ibk\ibk_drfn\#drfn-cs\output\_cod\pctrmng\pctrmng.cod
d:\git\src\ibk\ibk_drfn\#drfn-cs\_obj\pctrmng\pctrmainwnd.obj
d:\git\src\ibk\ibk_drfn\#drfn-cs\output\_cod\pctrmng\pctrmainwnd.cod
d:\git\src\ibk\ibk_drfn\#drfn-cs\_obj\pctrmng\newsmoniterwnd.obj
d:\git\src\ibk\ibk_drfn\#drfn-cs\output\_cod\pctrmng\newsmoniterwnd.cod
d:\git\src\ibk\ibk_drfn\#drfn-cs\_obj\pctrmng\gwanwnd.obj
d:\git\src\ibk\ibk_drfn\#drfn-cs\output\_cod\pctrmng\gwanwnd.cod
d:\git\src\ibk\ibk_drfn\#drfn-cs\_obj\pctrmng\etcutil.obj
d:\git\src\ibk\ibk_drfn\#drfn-cs\output\_cod\pctrmng\etcutil.cod
d:\git\src\ibk\ibk_drfn\#drfn-cs\_obj\pctrmng\controlpos.obj
d:\git\src\ibk\ibk_drfn\#drfn-cs\output\_cod\pctrmng\controlpos.cod
d:\git\src\ibk\ibk_drfn\#drfn-cs\_obj\pctrmng\codeocx.obj
d:\git\src\ibk\ibk_drfn\#drfn-cs\output\_cod\pctrmng\codeocx.cod
d:\git\src\ibk\ibk_drfn\#drfn-cs\_obj\pctrmng\dispview.obj
d:\git\src\ibk\ibk_drfn\#drfn-cs\output\_cod\pctrmng\dispview.cod
d:\git\src\ibk\ibk_drfn\#drfn-cs\_obj\pctrmng\dispprimlib.obj
d:\git\src\ibk\ibk_drfn\#drfn-cs\output\_cod\pctrmng\dispprimlib.cod
d:\git\src\ibk\ibk_drfn\#drfn-cs\_obj\pctrmng\dispmain.obj
d:\git\src\ibk\ibk_drfn\#drfn-cs\output\_cod\pctrmng\dispmain.cod
d:\git\src\ibk\ibk_drfn\#drfn-cs\_obj\pctrmng\dispframe.obj
d:\git\src\ibk\ibk_drfn\#drfn-cs\output\_cod\pctrmng\dispframe.cod
d:\git\src\ibk\ibk_drfn\#drfn-cs\_obj\pctrmng\dispformopen.obj
d:\git\src\ibk\ibk_drfn\#drfn-cs\output\_cod\pctrmng\dispformopen.cod
d:\git\src\ibk\ibk_drfn\#drfn-cs\_obj\pctrmng\dispformdata.obj
d:\git\src\ibk\ibk_drfn\#drfn-cs\output\_cod\pctrmng\dispformdata.cod
d:\git\src\ibk\ibk_drfn\#drfn-cs\_obj\pctrmng\dispdesk.obj
d:\git\src\ibk\ibk_drfn\#drfn-cs\output\_cod\pctrmng\dispdesk.cod
d:\git\src\ibk\ibk_drfn\#drfn-cs\_obj\pctrmng\#sitedependency.obj
d:\git\src\ibk\ibk_drfn\#drfn-cs\output\_cod\pctrmng\#sitedependency.cod
d:\git\src\ibk\ibk_drfn\#drfn-cs\_obj\pctrmng\_trcommmanager.obj
d:\git\src\ibk\ibk_drfn\#drfn-cs\output\_cod\pctrmng\_trcommmanager.cod
d:\git\src\ibk\ibk_drfn\#drfn-cs\_obj\pctrmng\_systemutilmanager.obj
d:\git\src\ibk\ibk_drfn\#drfn-cs\output\_cod\pctrmng\_systemutilmanager.cod
d:\git\src\ibk\ibk_drfn\#drfn-cs\_obj\pctrmng\_stmanager.obj
d:\git\src\ibk\ibk_drfn\#drfn-cs\output\_cod\pctrmng\_stmanager.cod
d:\git\src\ibk\ibk_drfn\#drfn-cs\_obj\pctrmng\_skincolormanager.obj
d:\git\src\ibk\ibk_drfn\#drfn-cs\output\_cod\pctrmng\_skincolormanager.cod
d:\git\src\ibk\ibk_drfn\#drfn-cs\_obj\pctrmng\_registrymanager.obj
d:\git\src\ibk\ibk_drfn\#drfn-cs\output\_cod\pctrmng\_registrymanager.cod
d:\git\src\ibk\ibk_drfn\#drfn-cs\_obj\pctrmng\_pctrmanager.obj
d:\git\src\ibk\ibk_drfn\#drfn-cs\output\_cod\pctrmng\_pctrmanager.cod
d:\git\src\ibk\ibk_drfn\#drfn-cs\_obj\pctrmng\_newsignalmanager.obj
d:\git\src\ibk\ibk_drfn\#drfn-cs\output\_cod\pctrmng\_newsignalmanager.cod
d:\git\src\ibk\ibk_drfn\#drfn-cs\_obj\pctrmng\_masterdatamanager.obj
d:\git\src\ibk\ibk_drfn\#drfn-cs\output\_cod\pctrmng\_masterdatamanager.cod
d:\git\src\ibk\ibk_drfn\#drfn-cs\_obj\pctrmng\_maininfomanager.obj
d:\git\src\ibk\ibk_drfn\#drfn-cs\output\_cod\pctrmng\_maininfomanager.cod
d:\git\src\ibk\ibk_drfn\#drfn-cs\_obj\pctrmng\_mainexinfomanager.obj
d:\git\src\ibk\ibk_drfn\#drfn-cs\output\_cod\pctrmng\_mainexinfomanager.cod
d:\git\src\ibk\ibk_drfn\#drfn-cs\_obj\pctrmng\_gwanmanager.obj
d:\git\src\ibk\ibk_drfn\#drfn-cs\output\_cod\pctrmng\_gwanmanager.cod
d:\git\src\ibk\ibk_drfn\#drfn-cs\_obj\pctrmng\_gatemanager.obj
d:\git\src\ibk\ibk_drfn\#drfn-cs\output\_cod\pctrmng\_gatemanager.cod
d:\git\src\ibk\ibk_drfn\#drfn-cs\_obj\pctrmng\_drdsmanager.obj
d:\git\src\ibk\ibk_drfn\#drfn-cs\output\_cod\pctrmng\_drdsmanager.cod
d:\git\src\ibk\ibk_drfn\#drfn-cs\_obj\pctrmng\_debugmanager.obj
d:\git\src\ibk\ibk_drfn\#drfn-cs\output\_cod\pctrmng\_debugmanager.cod
d:\git\src\ibk\ibk_drfn\#drfn-cs\output\ibk hot trading\dev\pctrmng.dll
d:\git\src\ibk\ibk_drfn\#drfn-cs\output\ibk hot trading\dev\pctrmng.map
d:\git\src\ibk\ibk_drfn\#drfn-cs\_obj\pctrmng\pctrmng.pdb
d:\git\src\ibk\ibk_drfn\#drfn-cs\_lib\pctrmng.lib
d:\git\src\ibk\ibk_drfn\#drfn-cs\_lib\pctrmng.exp
d:\git\src\ibk\ibk_drfn\#drfn-cs\_obj\pctrmng\pctrmng.res
d:\git\src\ibk\ibk_drfn\#drfn-cs\_obj\pctrmng\pctrmng.tlog\cl.command.1.tlog
d:\git\src\ibk\ibk_drfn\#drfn-cs\_obj\pctrmng\pctrmng.tlog\cl.read.1.tlog
d:\git\src\ibk\ibk_drfn\#drfn-cs\_obj\pctrmng\pctrmng.tlog\cl.write.1.tlog
d:\git\src\ibk\ibk_drfn\#drfn-cs\_obj\pctrmng\pctrmng.tlog\link.command.1.tlog
d:\git\src\ibk\ibk_drfn\#drfn-cs\_obj\pctrmng\pctrmng.tlog\link.read.1.tlog
d:\git\src\ibk\ibk_drfn\#drfn-cs\_obj\pctrmng\pctrmng.tlog\link.write.1.tlog
d:\git\src\ibk\ibk_drfn\#drfn-cs\_obj\pctrmng\pctrmng.tlog\pctrmng.write.1u.tlog
d:\git\src\ibk\ibk_drfn\#drfn-cs\_obj\pctrmng\pctrmng.tlog\rc.command.1.tlog
d:\git\src\ibk\ibk_drfn\#drfn-cs\_obj\pctrmng\pctrmng.tlog\rc.read.1.tlog
d:\git\src\ibk\ibk_drfn\#drfn-cs\_obj\pctrmng\pctrmng.tlog\rc.write.1.tlog
d:\git\src\ibk\ibk_drfn\#drfn-cs\_obj\pctrmng\pctrmng.tlog\.\../../../../#drfn-cs/_obj/pctrmng\pctrmng.pdb
