d:\git\src\ibk\ibk_drfn\#drfn-cs\_obj\chartobject\chartobject.pch
d:\git\src\ibk\ibk_drfn\#drfn-cs\_obj\chartobject\stdafx.obj
d:\git\src\ibk\ibk_drfn\#drfn-cs\output\_cod\chartobject\stdafx.cod
d:\git\src\ibk\ibk_drfn\#drfn-cs\_obj\chartobject\calculatordata.obj
d:\git\src\ibk\ibk_drfn\#drfn-cs\output\_cod\chartobject\calculatordata.cod
d:\git\src\ibk\ibk_drfn\#drfn-cs\_obj\chartobject\blocktool.obj
d:\git\src\ibk\ibk_drfn\#drfn-cs\output\_cod\chartobject\blocktool.cod
d:\git\src\ibk\ibk_drfn\#drfn-cs\_obj\chartobject\blockspositioncalculator.obj
d:\git\src\ibk\ibk_drfn\#drfn-cs\output\_cod\chartobject\blockspositioncalculator.cod
d:\git\src\ibk\ibk_drfn\#drfn-cs\_obj\chartobject\blocksposition.obj
d:\git\src\ibk\ibk_drfn\#drfn-cs\output\_cod\chartobject\blocksposition.cod
d:\git\src\ibk\ibk_drfn\#drfn-cs\_obj\chartobject\blockscolumn.obj
d:\git\src\ibk\ibk_drfn\#drfn-cs\output\_cod\chartobject\blockscolumn.cod
d:\git\src\ibk\ibk_drfn\#drfn-cs\_obj\chartobject\blockimp.obj
d:\git\src\ibk\ibk_drfn\#drfn-cs\output\_cod\chartobject\blockimp.cod
d:\git\src\ibk\ibk_drfn\#drfn-cs\_obj\chartobject\blockdrawer.obj
d:\git\src\ibk\ibk_drfn\#drfn-cs\output\_cod\chartobject\blockdrawer.cod
d:\git\src\ibk\ibk_drfn\#drfn-cs\_obj\chartobject\basetoolsingleton.obj
d:\git\src\ibk\ibk_drfn\#drfn-cs\output\_cod\chartobject\basetoolsingleton.cod
d:\git\src\ibk\ibk_drfn\#drfn-cs\_obj\chartobject\viewdata.obj
d:\git\src\ibk\ibk_drfn\#drfn-cs\output\_cod\chartobject\viewdata.cod
d:\git\src\ibk\ibk_drfn\#drfn-cs\_obj\chartobject\selectsubgraphdata.obj
d:\git\src\ibk\ibk_drfn\#drfn-cs\output\_cod\chartobject\selectsubgraphdata.cod
d:\git\src\ibk\ibk_drfn\#drfn-cs\_obj\chartobject\scaledatalist.obj
d:\git\src\ibk\ibk_drfn\#drfn-cs\output\_cod\chartobject\scaledatalist.cod
d:\git\src\ibk\ibk_drfn\#drfn-cs\_obj\chartobject\scalecalculator.obj
d:\git\src\ibk\ibk_drfn\#drfn-cs\output\_cod\chartobject\scalecalculator.cod
d:\git\src\ibk\ibk_drfn\#drfn-cs\_obj\chartobject\packetpointerlist.obj
d:\git\src\ibk\ibk_drfn\#drfn-cs\output\_cod\chartobject\packetpointerlist.cod
d:\git\src\ibk\ibk_drfn\#drfn-cs\_obj\chartobject\drawdata.obj
d:\git\src\ibk\ibk_drfn\#drfn-cs\output\_cod\chartobject\drawdata.cod
d:\git\src\ibk\ibk_drfn\#drfn-cs\_obj\chartobject\imetatable.obj
d:\git\src\ibk\ibk_drfn\#drfn-cs\output\_cod\chartobject\imetatable.cod
d:\git\src\ibk\ibk_drfn\#drfn-cs\_obj\chartobject\datamath.obj
d:\git\src\ibk\ibk_drfn\#drfn-cs\output\_cod\chartobject\datamath.cod
d:\git\src\ibk\ibk_drfn\#drfn-cs\_obj\chartobject\datablocklist.obj
d:\git\src\ibk\ibk_drfn\#drfn-cs\output\_cod\chartobject\datablocklist.cod
d:\git\src\ibk\ibk_drfn\#drfn-cs\_obj\chartobject\conversion.obj
d:\git\src\ibk\ibk_drfn\#drfn-cs\output\_cod\chartobject\conversion.cod
d:\git\src\ibk\ibk_drfn\#drfn-cs\_obj\chartobject\chartformulatedata.obj
d:\git\src\ibk\ibk_drfn\#drfn-cs\output\_cod\chartobject\chartformulatedata.cod
d:\git\src\ibk\ibk_drfn\#drfn-cs\_obj\chartobject\basedata.obj
d:\git\src\ibk\ibk_drfn\#drfn-cs\output\_cod\chartobject\basedata.cod
d:\git\src\ibk\ibk_drfn\#drfn-cs\_obj\chartobject\selectedsubgraphdeque.obj
d:\git\src\ibk\ibk_drfn\#drfn-cs\output\_cod\chartobject\selectedsubgraphdeque.cod
d:\git\src\ibk\ibk_drfn\#drfn-cs\_obj\chartobject\scaletool.obj
d:\git\src\ibk\ibk_drfn\#drfn-cs\output\_cod\chartobject\scaletool.cod
d:\git\src\ibk\ibk_drfn\#drfn-cs\_obj\chartobject\scaleset.obj
d:\git\src\ibk\ibk_drfn\#drfn-cs\output\_cod\chartobject\scaleset.cod
d:\git\src\ibk\ibk_drfn\#drfn-cs\_obj\chartobject\scaleandgraphdrawer.obj
d:\git\src\ibk\ibk_drfn\#drfn-cs\output\_cod\chartobject\scaleandgraphdrawer.cod
d:\git\src\ibk\ibk_drfn\#drfn-cs\_obj\chartobject\packetrq.obj
d:\git\src\ibk\ibk_drfn\#drfn-cs\output\_cod\chartobject\packetrq.cod
d:\git\src\ibk\ibk_drfn\#drfn-cs\_obj\chartobject\packetlistmanagerimp.obj
d:\git\src\ibk\ibk_drfn\#drfn-cs\output\_cod\chartobject\packetlistmanagerimp.cod
d:\git\src\ibk\ibk_drfn\#drfn-cs\_obj\chartobject\mainblocktoolimp.obj
d:\git\src\ibk\ibk_drfn\#drfn-cs\output\_cod\chartobject\mainblocktoolimp.cod
d:\git\src\ibk\ibk_drfn\#drfn-cs\_obj\chartobject\mainblockimp.obj
d:\git\src\ibk\ibk_drfn\#drfn-cs\output\_cod\chartobject\mainblockimp.cod
d:\git\src\ibk\ibk_drfn\#drfn-cs\_obj\chartobject\graphtool.obj
d:\git\src\ibk\ibk_drfn\#drfn-cs\output\_cod\chartobject\graphtool.cod
d:\git\src\ibk\ibk_drfn\#drfn-cs\_obj\chartobject\graphsearchinfo.obj
d:\git\src\ibk\ibk_drfn\#drfn-cs\output\_cod\chartobject\graphsearchinfo.cod
d:\git\src\ibk\ibk_drfn\#drfn-cs\_obj\chartobject\graphmove.obj
d:\git\src\ibk\ibk_drfn\#drfn-cs\output\_cod\chartobject\graphmove.cod
d:\git\src\ibk\ibk_drfn\#drfn-cs\_obj\chartobject\graphimp.obj
d:\git\src\ibk\ibk_drfn\#drfn-cs\output\_cod\chartobject\graphimp.cod
d:\git\src\ibk\ibk_drfn\#drfn-cs\_obj\chartobject\drawingregioncalculator.obj
d:\git\src\ibk\ibk_drfn\#drfn-cs\output\_cod\chartobject\drawingregioncalculator.cod
d:\git\src\ibk\ibk_drfn\#drfn-cs\_obj\chartobject\dlgvertscaleset.obj
d:\git\src\ibk\ibk_drfn\#drfn-cs\output\_cod\chartobject\dlgvertscaleset.cod
d:\git\src\ibk\ibk_drfn\#drfn-cs\_obj\chartobject\dlghorzscaleset.obj
d:\git\src\ibk\ibk_drfn\#drfn-cs\output\_cod\chartobject\dlghorzscaleset.cod
d:\git\src\ibk\ibk_drfn\#drfn-cs\_obj\chartobject\dlggraphmove.obj
d:\git\src\ibk\ibk_drfn\#drfn-cs\output\_cod\chartobject\dlggraphmove.cod
d:\git\src\ibk\ibk_drfn\#drfn-cs\_obj\chartobject\dlgblockinsert.obj
d:\git\src\ibk\ibk_drfn\#drfn-cs\output\_cod\chartobject\dlgblockinsert.cod
d:\git\src\ibk\ibk_drfn\#drfn-cs\_obj\chartobject\colorbutton.obj
d:\git\src\ibk\ibk_drfn\#drfn-cs\output\_cod\chartobject\colorbutton.cod
d:\git\src\ibk\ibk_drfn\#drfn-cs\_obj\chartobject\chartobjectbasedata.obj
d:\git\src\ibk\ibk_drfn\#drfn-cs\output\_cod\chartobject\chartobjectbasedata.cod
d:\git\src\ibk\ibk_drfn\#drfn-cs\_obj\chartobject\chartobject.obj
d:\git\src\ibk\ibk_drfn\#drfn-cs\output\_cod\chartobject\chartobject.cod
d:\git\src\ibk\ibk_drfn\#drfn-cs\_obj\chartobject\xscaletimediffmanager.obj
d:\git\src\ibk\ibk_drfn\#drfn-cs\output\_cod\chartobject\xscaletimediffmanager.cod
d:\git\src\ibk\ibk_drfn\#drfn-cs\_obj\chartobject\xscalemanagerimp.obj
d:\git\src\ibk\ibk_drfn\#drfn-cs\output\_cod\chartobject\xscalemanagerimp.cod
d:\git\src\ibk\ibk_drfn\#drfn-cs\_obj\chartobject\xscalegridtime.obj
d:\git\src\ibk\ibk_drfn\#drfn-cs\output\_cod\chartobject\xscalegridtime.cod
d:\git\src\ibk\ibk_drfn\#drfn-cs\_obj\chartobject\viewminmaxcalculator.obj
d:\git\src\ibk\ibk_drfn\#drfn-cs\output\_cod\chartobject\viewminmaxcalculator.cod
d:\git\src\ibk\ibk_drfn\#drfn-cs\_obj\chartobject\vertscalegrouplist.obj
d:\git\src\ibk\ibk_drfn\#drfn-cs\output\_cod\chartobject\vertscalegrouplist.cod
d:\git\src\ibk\ibk_drfn\#drfn-cs\_obj\chartobject\vertscalegroup.obj
d:\git\src\ibk\ibk_drfn\#drfn-cs\output\_cod\chartobject\vertscalegroup.cod
d:\git\src\ibk\ibk_drfn\#drfn-cs\_obj\chartobject\tool.obj
d:\git\src\ibk\ibk_drfn\#drfn-cs\output\_cod\chartobject\tool.cod
d:\git\src\ibk\ibk_drfn\#drfn-cs\_obj\chartobject\subgraphlist.obj
d:\git\src\ibk\ibk_drfn\#drfn-cs\output\_cod\chartobject\subgraphlist.cod
d:\git\src\ibk\ibk_drfn\#drfn-cs\_obj\chartobject\subgraph.obj
d:\git\src\ibk\ibk_drfn\#drfn-cs\output\_cod\chartobject\subgraph.cod
d:\git\src\ibk\ibk_drfn\#drfn-cs\_obj\chartobject\chartobject.res
d:\git\src\ibk\ibk_drfn\#drfn-cs\_obj\chartobject\chartobject.tlog\cl.command.1.tlog
d:\git\src\ibk\ibk_drfn\#drfn-cs\_obj\chartobject\chartobject.tlog\cl.read.1.tlog
d:\git\src\ibk\ibk_drfn\#drfn-cs\_obj\chartobject\chartobject.tlog\cl.write.1.tlog
d:\git\src\ibk\ibk_drfn\#drfn-cs\_obj\chartobject\chartobject.tlog\link.command.1.tlog
d:\git\src\ibk\ibk_drfn\#drfn-cs\_obj\chartobject\chartobject.tlog\link.read.1.tlog
d:\git\src\ibk\ibk_drfn\#drfn-cs\_obj\chartobject\chartobject.tlog\link.write.1.tlog
d:\git\src\ibk\ibk_drfn\#drfn-cs\_obj\chartobject\chartobject.tlog\rc.command.1.tlog
d:\git\src\ibk\ibk_drfn\#drfn-cs\_obj\chartobject\chartobject.tlog\rc.read.1.tlog
d:\git\src\ibk\ibk_drfn\#drfn-cs\_obj\chartobject\chartobject.tlog\rc.write.1.tlog
