d:\git\src\ibk\ibk_drfn\#drfn-cs\_obj\partnermng\partnermng.pch
d:\git\src\ibk\ibk_drfn\#drfn-cs\_obj\partnermng\stdafx.obj
d:\git\src\ibk\ibk_drfn\#drfn-cs\output\_cod\partnermng\stdafx.cod
d:\git\src\ibk\ibk_drfn\#drfn-cs\_obj\partnermng\realcounter.obj
d:\git\src\ibk\ibk_drfn\#drfn-cs\output\_cod\partnermng\realcounter.cod
d:\git\src\ibk\ibk_drfn\#drfn-cs\_obj\partnermng\partnermng.obj
d:\git\src\ibk\ibk_drfn\#drfn-cs\output\_cod\partnermng\partnermng.cod
d:\git\src\ibk\ibk_drfn\#drfn-cs\_obj\partnermng\dataconverter.obj
d:\git\src\ibk\ibk_drfn\#drfn-cs\output\_cod\partnermng\dataconverter.cod
d:\git\src\ibk\ibk_drfn\#drfn-cs\_obj\partnermng\chartreplay.obj
d:\git\src\ibk\ibk_drfn\#drfn-cs\output\_cod\partnermng\chartreplay.cod
d:\git\src\ibk\ibk_drfn\#drfn-cs\_obj\partnermng\chartitemupjong.obj
d:\git\src\ibk\ibk_drfn\#drfn-cs\output\_cod\partnermng\chartitemupjong.cod
d:\git\src\ibk\ibk_drfn\#drfn-cs\_obj\partnermng\chartitemstock.obj
d:\git\src\ibk\ibk_drfn\#drfn-cs\output\_cod\partnermng\chartitemstock.cod
d:\git\src\ibk\ibk_drfn\#drfn-cs\_obj\partnermng\chartitemshoga.obj
d:\git\src\ibk\ibk_drfn\#drfn-cs\output\_cod\partnermng\chartitemshoga.cod
d:\git\src\ibk\ibk_drfn\#drfn-cs\_obj\partnermng\chartitemsfo.obj
d:\git\src\ibk\ibk_drfn\#drfn-cs\output\_cod\partnermng\chartitemsfo.cod
d:\git\src\ibk\ibk_drfn\#drfn-cs\_obj\partnermng\chartitemprefo.obj
d:\git\src\ibk\ibk_drfn\#drfn-cs\output\_cod\partnermng\chartitemprefo.cod
d:\git\src\ibk\ibk_drfn\#drfn-cs\_obj\partnermng\chartitemmarket.obj
d:\git\src\ibk\ibk_drfn\#drfn-cs\output\_cod\partnermng\chartitemmarket.cod
d:\git\src\ibk\ibk_drfn\#drfn-cs\_obj\partnermng\chartitemfxjan.obj
d:\git\src\ibk\ibk_drfn\#drfn-cs\output\_cod\partnermng\chartitemfxjan.cod
d:\git\src\ibk\ibk_drfn\#drfn-cs\_obj\partnermng\chartitemfxche.obj
d:\git\src\ibk\ibk_drfn\#drfn-cs\output\_cod\partnermng\chartitemfxche.cod
d:\git\src\ibk\ibk_drfn\#drfn-cs\_obj\partnermng\chartitemfx.obj
d:\git\src\ibk\ibk_drfn\#drfn-cs\output\_cod\partnermng\chartitemfx.cod
d:\git\src\ibk\ibk_drfn\#drfn-cs\_obj\partnermng\chartitemforeign.obj
d:\git\src\ibk\ibk_drfn\#drfn-cs\output\_cod\partnermng\chartitemforeign.cod
d:\git\src\ibk\ibk_drfn\#drfn-cs\_obj\partnermng\chartitemfojipyo.obj
d:\git\src\ibk\ibk_drfn\#drfn-cs\output\_cod\partnermng\chartitemfojipyo.cod
d:\git\src\ibk\ibk_drfn\#drfn-cs\_obj\partnermng\chartitemfohoga.obj
d:\git\src\ibk\ibk_drfn\#drfn-cs\output\_cod\partnermng\chartitemfohoga.cod
d:\git\src\ibk\ibk_drfn\#drfn-cs\_obj\partnermng\chartitemfoforeignhoga.obj
d:\git\src\ibk\ibk_drfn\#drfn-cs\output\_cod\partnermng\chartitemfoforeignhoga.cod
d:\git\src\ibk\ibk_drfn\#drfn-cs\_obj\partnermng\chartitemfoforeign.obj
d:\git\src\ibk\ibk_drfn\#drfn-cs\output\_cod\partnermng\chartitemfoforeign.cod
d:\git\src\ibk\ibk_drfn\#drfn-cs\_obj\partnermng\chartitemfo.obj
d:\git\src\ibk\ibk_drfn\#drfn-cs\output\_cod\partnermng\chartitemfo.cod
d:\git\src\ibk\ibk_drfn\#drfn-cs\_obj\partnermng\chartitemdollar.obj
d:\git\src\ibk\ibk_drfn\#drfn-cs\output\_cod\partnermng\chartitemdollar.cod
d:\git\src\ibk\ibk_drfn\#drfn-cs\_obj\partnermng\_partnerutilmanager.obj
d:\git\src\ibk\ibk_drfn\#drfn-cs\output\_cod\partnermng\_partnerutilmanager.cod
d:\git\src\ibk\ibk_drfn\#drfn-cs\_obj\partnermng\_partnermanager.obj
d:\git\src\ibk\ibk_drfn\#drfn-cs\output\_cod\partnermng\_partnermanager.cod
d:\git\src\ibk\ibk_drfn\#drfn-cs\_obj\partnermng\_gatemanager.obj
d:\git\src\ibk\ibk_drfn\#drfn-cs\output\_cod\partnermng\_gatemanager.cod
d:\git\src\ibk\ibk_drfn\#drfn-cs\_obj\partnermng\_chartbozomanager.obj
d:\git\src\ibk\ibk_drfn\#drfn-cs\output\_cod\partnermng\_chartbozomanager.cod
d:\git\src\ibk\ibk_drfn\#drfn-cs\output\ibk hot trading\dev\partnermng.dll
d:\git\src\ibk\ibk_drfn\#drfn-cs\output\ibk hot trading\dev\partnermng.map
d:\git\src\ibk\ibk_drfn\#drfn-cs\_obj\partnermng\partnermng.pdb
d:\git\src\ibk\ibk_drfn\#drfn-cs\_lib\partnermng.lib
d:\git\src\ibk\ibk_drfn\#drfn-cs\_lib\partnermng.exp
d:\git\src\ibk\ibk_drfn\#drfn-cs\_obj\partnermng\partnermng.res
d:\git\src\ibk\ibk_drfn\#drfn-cs\_obj\partnermng\partnermng.tlog\cl.command.1.tlog
d:\git\src\ibk\ibk_drfn\#drfn-cs\_obj\partnermng\partnermng.tlog\cl.read.1.tlog
d:\git\src\ibk\ibk_drfn\#drfn-cs\_obj\partnermng\partnermng.tlog\cl.write.1.tlog
d:\git\src\ibk\ibk_drfn\#drfn-cs\_obj\partnermng\partnermng.tlog\link.command.1.tlog
d:\git\src\ibk\ibk_drfn\#drfn-cs\_obj\partnermng\partnermng.tlog\link.read.1.tlog
d:\git\src\ibk\ibk_drfn\#drfn-cs\_obj\partnermng\partnermng.tlog\link.write.1.tlog
d:\git\src\ibk\ibk_drfn\#drfn-cs\_obj\partnermng\partnermng.tlog\partnermng.write.1u.tlog
d:\git\src\ibk\ibk_drfn\#drfn-cs\_obj\partnermng\partnermng.tlog\rc.command.1.tlog
d:\git\src\ibk\ibk_drfn\#drfn-cs\_obj\partnermng\partnermng.tlog\rc.read.1.tlog
d:\git\src\ibk\ibk_drfn\#drfn-cs\_obj\partnermng\partnermng.tlog\rc.write.1.tlog
d:\git\src\ibk\ibk_drfn\#drfn-cs\_obj\partnermng\partnermng.tlog\.\../../../../#drfn-cs/_obj/partnermng\partnermng.pdb
