  StdAfx.cpp
  _WIN32_WINNT not defined. Defaulting to _WIN32_WINNT_MAXVER (see WinSDKVer.h)
  ChartCtrl.cpp
D:\git\src\IBK\IBK_DRFN\ProjSrc\SrcChartEx\ChartOCX\Include\PDll.h(468,6): warning C4996: 'strcpy': This function or variable may be unsafe. Consider using strcpy_s instead. To disable deprecation, use _CRT_SECURE_NO_WARNINGS. See online help for details.
D:\git\src\IBK\IBK_DRFN\ProjSrc\SrcChartEx\ChartOCX\Include_Chart\MapStringToWord.h(23,1): warning C4302: '형식 캐스트': 'void *'에서 'WORD'(으)로 잘립니다.
D:\git\src\IBK\IBK_DRFN\ProjSrc\SrcChartEx\ChartOCX\ChartLanguageTable\ChartCtrl.cpp(54,2): warning C4996: 'strcpy': This function or variable may be unsafe. Consider using strcpy_s instead. To disable deprecation, use _CRT_SECURE_NO_WARNINGS. See online help for details.
  ChartCtrlMap.cpp
D:\git\src\IBK\IBK_DRFN\ProjSrc\SrcChartEx\ChartOCX\Include\PDll.h(468,6): warning C4996: 'strcpy': This function or variable may be unsafe. Consider using strcpy_s instead. To disable deprecation, use _CRT_SECURE_NO_WARNINGS. See online help for details.
  ChartLanguageTable.cpp
D:\git\src\IBK\IBK_DRFN\ProjSrc\SrcChartEx\ChartOCX\Include\PDll.h(468,6): warning C4996: 'strcpy': This function or variable may be unsafe. Consider using strcpy_s instead. To disable deprecation, use _CRT_SECURE_NO_WARNINGS. See online help for details.
D:\git\src\IBK\IBK_DRFN\ProjSrc\SrcChartEx\ChartOCX\Include_Chart\MapStringToWord.h(23,1): warning C4302: '형식 캐스트': 'void *'에서 'WORD'(으)로 잘립니다.
  CodePage.cpp
D:\git\src\IBK\IBK_DRFN\ProjSrc\SrcChartEx\ChartOCX\Include\PDll.h(468,6): warning C4996: 'strcpy': This function or variable may be unsafe. Consider using strcpy_s instead. To disable deprecation, use _CRT_SECURE_NO_WARNINGS. See online help for details.
D:\git\src\IBK\IBK_DRFN\ProjSrc\SrcChartEx\ChartOCX\Include_Chart\MapStringToWord.h(23,1): warning C4302: '형식 캐스트': 'void *'에서 'WORD'(으)로 잘립니다.
D:\git\src\IBK\IBK_DRFN\ProjSrc\SrcChartEx\ChartOCX\ChartLanguageTable\CodePage.cpp(224,3): warning C4996: 'strcpy': This function or variable may be unsafe. Consider using strcpy_s instead. To disable deprecation, use _CRT_SECURE_NO_WARNINGS. See online help for details.
D:\git\src\IBK\IBK_DRFN\ProjSrc\SrcChartEx\ChartOCX\ChartLanguageTable\CodePage.cpp(228,3): warning C4996: 'strcpy': This function or variable may be unsafe. Consider using strcpy_s instead. To disable deprecation, use _CRT_SECURE_NO_WARNINGS. See online help for details.
D:\git\src\IBK\IBK_DRFN\ProjSrc\SrcChartEx\ChartOCX\ChartLanguageTable\CodePage.cpp(234,4): warning C4996: 'strcpy': This function or variable may be unsafe. Consider using strcpy_s instead. To disable deprecation, use _CRT_SECURE_NO_WARNINGS. See online help for details.
  MetaTable.cpp
D:\git\src\IBK\IBK_DRFN\ProjSrc\SrcChartEx\ChartOCX\Include\PDll.h(468,6): warning C4996: 'strcpy': This function or variable may be unsafe. Consider using strcpy_s instead. To disable deprecation, use _CRT_SECURE_NO_WARNINGS. See online help for details.
D:\git\src\IBK\IBK_DRFN\ProjSrc\SrcChartEx\ChartOCX\Include_Chart\MapStringToWord.h(23,1): warning C4302: '형식 캐스트': 'void *'에서 'WORD'(으)로 잘립니다.
D:\git\src\IBK\IBK_DRFN\ProjSrc\SrcChartEx\ChartOCX\ChartLanguageTable\MetaTable.cpp(43,17): warning C4996: 'fopen': This function or variable may be unsafe. Consider using fopen_s instead. To disable deprecation, use _CRT_SECURE_NO_WARNINGS. See online help for details.
  ResourceDllManager.cpp
D:\git\src\IBK\IBK_DRFN\ProjSrc\SrcChartEx\ChartOCX\Include\PDll.h(468,6): warning C4996: 'strcpy': This function or variable may be unsafe. Consider using strcpy_s instead. To disable deprecation, use _CRT_SECURE_NO_WARNINGS. See online help for details.
  코드를 생성하고 있습니다...
C:\Program Files (x86)\Microsoft Visual Studio\2019\Community\MSBuild\Microsoft\VC\v160\Microsoft.CppBuild.targets(1363,5): warning MSB8012: TargetPath(D:\git\src\IBK\IBK_DRFN\#DRfn-CS\_Obj\ChartLanguageTable\ChartLanguageTable.dll)이(가) Linker의 OutputFile 속성 값(D:\git\src\IBK\IBK_DRFN\#DRfn-CS\Output\IBK hot Trading\dev\ChartLanguageTable.dll)과 일치하지 않습니다. 이로 인해 프로젝트가 잘못 빌드될 수 있습니다. 이를 수정하려면 $(OutDir), $(TargetName) 및 $(TargetExt) 속성 값이 %(Link.OutputFile)에 지정된 값과 일치해야 합니다.
.\ChartLanguageTable.def(4): warning LNK4017: 대상 플랫폼에는 DESCRIPTION 문이 지원되지 않습니다. 무시됩니다.
     ../../../../#DRfn-CS/_Lib/ChartLanguageTable.lib 라이브러리 및 ../../../../#DRfn-CS/_Lib/ChartLanguageTable.exp 개체를 생성하고 있습니다.
  ChartLanguageTable.vcxproj -> D:\git\src\IBK\IBK_DRFN\#DRfn-CS\_Obj\ChartLanguageTable\ChartLanguageTable.dll
