  StdAfx.cpp
  _WIN32_WINNT not defined. Defaulting to _WIN32_WINNT_MAXVER (see WinSDKVer.h)
D:\git\src\IBK\IBK_DRFN\ProjSrc\SrcDrfn\TRDll\Dr_Include\Condition_MngDef.h(15,1): warning C4005: '_countof': 매크로 재정의
C:\Program Files (x86)\Windows Kits\10\Include\10.0.22000.0\ucrt\stdlib.h(27): message : '_countof'의 이전 정의를 참조하십시오.
  fxImgButton.cpp
  DrBtnCtrl.CPP
D:\git\src\IBK\IBK_DRFN\ProjSrc\SrcDrfn\DRCommon\DR_Control\DrBtnCtrl.CPP(106,2): warning C4996: 'strcpy': This function or variable may be unsafe. Consider using strcpy_s instead. To disable deprecation, use _CRT_SECURE_NO_WARNINGS. See online help for details.
  DrInfoTip.cpp
D:\git\src\IBK\IBK_DRFN\ProjSrc\SrcDrfn\DRCommon\DR_Control\DrInfoTip.cpp(50,2): warning C4996: 'strcpy': This function or variable may be unsafe. Consider using strcpy_s instead. To disable deprecation, use _CRT_SECURE_NO_WARNINGS. See online help for details.
  DrSplitterCtrl.cpp
D:\git\src\IBK\IBK_DRFN\ProjSrc\SrcDrfn\DrCommon\Dr_Control\DrSplitterCtrl.cpp(45,22): warning C4996: 'GetVersion': deprecated로 선언되었습니다.
  DrTabCtrl.cpp
D:\git\src\IBK\IBK_DRFN\ProjSrc\SrcDrfn\DrCommon\Dr_Control\DrTabCtrl.cpp(352,2): warning C4996: 'strcpy': This function or variable may be unsafe. Consider using strcpy_s instead. To disable deprecation, use _CRT_SECURE_NO_WARNINGS. See online help for details.
  DrXLSFile.cpp
D:\git\src\IBK\IBK_DRFN\ProjSrc\SrcDrfn\DRCommon\DR_Control\DrXLSFile.cpp(43,7): warning C4996: 'fopen': This function or variable may be unsafe. Consider using fopen_s instead. To disable deprecation, use _CRT_SECURE_NO_WARNINGS. See online help for details.
D:\git\src\IBK\IBK_DRFN\ProjSrc\SrcDrfn\DRCommon\DR_Control\DrXLSFile.cpp(86,3): warning C4996: 'strncpy': This function or variable may be unsafe. Consider using strncpy_s instead. To disable deprecation, use _CRT_SECURE_NO_WARNINGS. See online help for details.
D:\git\src\IBK\IBK_DRFN\ProjSrc\SrcDrfn\DRCommon\DR_Control\DrXLSFile.cpp(90,3): warning C4996: 'strcpy': This function or variable may be unsafe. Consider using strcpy_s instead. To disable deprecation, use _CRT_SECURE_NO_WARNINGS. See online help for details.
  Utils.cpp
  Account.cpp
  CheckTreeCtrl.cpp
  ExEditCtrl.cpp
  ExListCtrl.cpp
  ExToolTip.cpp
  ExXmlTreeCtrl.cpp
  Grid_Comm.cpp
D:\git\src\IBK\IBK_DRFN\ProjSrc\SrcDrfn\TRDll\ConditionSearch\AddControl\Grid_Comm.cpp(90,2): warning C4996: 'strcpy': This function or variable may be unsafe. Consider using strcpy_s instead. To disable deprecation, use _CRT_SECURE_NO_WARNINGS. See online help for details.
D:\git\src\IBK\IBK_DRFN\ProjSrc\SrcDrfn\TRDll\ConditionSearch\AddControl\Grid_Comm.cpp(91,2): warning C4996: 'strcpy': This function or variable may be unsafe. Consider using strcpy_s instead. To disable deprecation, use _CRT_SECURE_NO_WARNINGS. See online help for details.
  Grid_Field.cpp
D:\git\src\IBK\IBK_DRFN\ProjSrc\SrcDrfn\TRDll\ConditionSearch\AddControl\Grid_Field.cpp(92,2): warning C4996: 'strcpy': This function or variable may be unsafe. Consider using strcpy_s instead. To disable deprecation, use _CRT_SECURE_NO_WARNINGS. See online help for details.
D:\git\src\IBK\IBK_DRFN\ProjSrc\SrcDrfn\TRDll\ConditionSearch\AddControl\Grid_Field.cpp(93,2): warning C4996: 'strcpy': This function or variable may be unsafe. Consider using strcpy_s instead. To disable deprecation, use _CRT_SECURE_NO_WARNINGS. See online help for details.
  Grid_Result.cpp
D:\git\src\IBK\IBK_DRFN\ProjSrc\SrcDrfn\TRDll\ConditionSearch\AddControl\Grid_Result.cpp(69,2): warning C4996: 'strcpy': This function or variable may be unsafe. Consider using strcpy_s instead. To disable deprecation, use _CRT_SECURE_NO_WARNINGS. See online help for details.
D:\git\src\IBK\IBK_DRFN\ProjSrc\SrcDrfn\TRDll\ConditionSearch\AddControl\Grid_Result.cpp(70,2): warning C4996: 'strcpy': This function or variable may be unsafe. Consider using strcpy_s instead. To disable deprecation, use _CRT_SECURE_NO_WARNINGS. See online help for details.
D:\git\src\IBK\IBK_DRFN\ProjSrc\SrcDrfn\TRDll\ConditionSearch\AddControl\Grid_Result.cpp(3662,3): warning C4996: 'strcpy': This function or variable may be unsafe. Consider using strcpy_s instead. To disable deprecation, use _CRT_SECURE_NO_WARNINGS. See online help for details.
D:\git\src\IBK\IBK_DRFN\ProjSrc\SrcDrfn\TRDll\ConditionSearch\AddControl\Grid_Result.cpp(3663,3): warning C4996: 'itoa': The POSIX name for this item is deprecated. Instead, use the ISO C and C++ conformant name: _itoa. See online help for details.
  HelpEditCtrl.cpp
D:\git\src\IBK\IBK_DRFN\ProjSrc\SrcDrfn\TRDll\ConditionSearch\AddControl\HelpEditCtrl.cpp(151,3): warning C4996: 'strcpy': This function or variable may be unsafe. Consider using strcpy_s instead. To disable deprecation, use _CRT_SECURE_NO_WARNINGS. See online help for details.
D:\git\src\IBK\IBK_DRFN\ProjSrc\SrcDrfn\TRDll\ConditionSearch\AddControl\HelpEditCtrl.cpp(200,2): warning C4996: 'strcpy': This function or variable may be unsafe. Consider using strcpy_s instead. To disable deprecation, use _CRT_SECURE_NO_WARNINGS. See online help for details.
  HelpHtmlCtrl.cpp
  HistoryComboCtrl.cpp
  LogicEditCtrl.cpp
D:\git\src\IBK\IBK_DRFN\ProjSrc\SrcDrfn\TRDll\ConditionSearch\AddControl\LogicEditCtrl.cpp(69,2): warning C4996: 'strcpy': This function or variable may be unsafe. Consider using strcpy_s instead. To disable deprecation, use _CRT_SECURE_NO_WARNINGS. See online help for details.
D:\git\src\IBK\IBK_DRFN\ProjSrc\SrcDrfn\TRDll\ConditionSearch\AddControl\LogicEditCtrl.cpp(1539,2): warning C4996: 'strcpy': This function or variable may be unsafe. Consider using strcpy_s instead. To disable deprecation, use _CRT_SECURE_NO_WARNINGS. See online help for details.
  코드를 생성하고 있습니다...
  컴파일하고 있습니다...
  MapLoadCtrl.cpp
D:\git\src\IBK\IBK_DRFN\ProjSrc\SrcDrfn\TRDll\ConditionSearch\AddControl\MapLoadCtrl.cpp(94,2): warning C4996: 'strcpy': This function or variable may be unsafe. Consider using strcpy_s instead. To disable deprecation, use _CRT_SECURE_NO_WARNINGS. See online help for details.
D:\git\src\IBK\IBK_DRFN\ProjSrc\SrcDrfn\TRDll\ConditionSearch\AddControl\MapLoadCtrl.cpp(95,2): warning C4996: 'strcpy': This function or variable may be unsafe. Consider using strcpy_s instead. To disable deprecation, use _CRT_SECURE_NO_WARNINGS. See online help for details.
D:\git\src\IBK\IBK_DRFN\ProjSrc\SrcDrfn\TRDll\ConditionSearch\AddControl\MapLoadCtrl.cpp(302,3): warning C4996: 'sprintf': This function or variable may be unsafe. Consider using sprintf_s instead. To disable deprecation, use _CRT_SECURE_NO_WARNINGS. See online help for details.
  PortEditCtrl.CPP
D:\git\src\IBK\IBK_DRFN\ProjSrc\SrcDrfn\TRDll\ConditionSearch\AddControl\PortEditCtrl.CPP(42,3): warning C4996: 'strcpy': This function or variable may be unsafe. Consider using strcpy_s instead. To disable deprecation, use _CRT_SECURE_NO_WARNINGS. See online help for details.
D:\git\src\IBK\IBK_DRFN\ProjSrc\SrcDrfn\TRDll\ConditionSearch\AddControl\PortEditCtrl.CPP(293,2): warning C4996: 'strcpy': This function or variable may be unsafe. Consider using strcpy_s instead. To disable deprecation, use _CRT_SECURE_NO_WARNINGS. See online help for details.
  print4grid.cpp
  QuickTab.cpp
  TEditCtrl.cpp
  TEditCtrlWnd.CPP
D:\git\src\IBK\IBK_DRFN\ProjSrc\SrcDrfn\TRDll\ConditionSearch\AddControl\TEditCtrlWnd.CPP(32,3): warning C4996: 'strcpy': This function or variable may be unsafe. Consider using strcpy_s instead. To disable deprecation, use _CRT_SECURE_NO_WARNINGS. See online help for details.
  XmlTreeCtrl.cpp
D:\git\src\IBK\IBK_DRFN\ProjSrc\SrcDrfn\TRDll\ConditionSearch\AddControl\XmlTreeCtrl.cpp(156,2): warning C4302: '형식 캐스트': 'const char *'에서 'WORD'(으)로 잘립니다.
D:\git\src\IBK\IBK_DRFN\ProjSrc\SrcDrfn\TRDll\ConditionSearch\AddControl\XmlTreeCtrl.cpp(770,3): warning C4996: 'sprintf': This function or variable may be unsafe. Consider using sprintf_s instead. To disable deprecation, use _CRT_SECURE_NO_WARNINGS. See online help for details.
D:\git\src\IBK\IBK_DRFN\ProjSrc\SrcDrfn\TRDll\ConditionSearch\AddControl\XmlTreeCtrl.cpp(3453,3): warning C4996: 'sprintf': This function or variable may be unsafe. Consider using sprintf_s instead. To disable deprecation, use _CRT_SECURE_NO_WARNINGS. See online help for details.
  ConditionListView.cpp
D:\git\src\IBK\IBK_DRFN\ProjSrc\SrcDrfn\TRDll\ConditionSearch\ConditionListView.cpp(28,2): warning C4996: 'strcpy': This function or variable may be unsafe. Consider using strcpy_s instead. To disable deprecation, use _CRT_SECURE_NO_WARNINGS. See online help for details.
D:\git\src\IBK\IBK_DRFN\ProjSrc\SrcDrfn\TRDll\ConditionSearch\ConditionListView.cpp(29,2): warning C4996: 'strcpy': This function or variable may be unsafe. Consider using strcpy_s instead. To disable deprecation, use _CRT_SECURE_NO_WARNINGS. See online help for details.
  conditionmakewnd.cpp
D:\git\src\IBK\IBK_DRFN\ProjSrc\SrcDrfn\TRDll\ConditionSearch\conditionmakewnd.cpp(60,2): warning C4996: 'strcpy': This function or variable may be unsafe. Consider using strcpy_s instead. To disable deprecation, use _CRT_SECURE_NO_WARNINGS. See online help for details.
D:\git\src\IBK\IBK_DRFN\ProjSrc\SrcDrfn\TRDll\ConditionSearch\conditionmakewnd.cpp(61,2): warning C4996: 'strcpy': This function or variable may be unsafe. Consider using strcpy_s instead. To disable deprecation, use _CRT_SECURE_NO_WARNINGS. See online help for details.
  conditionresultwnd.cpp
D:\git\src\IBK\IBK_DRFN\ProjSrc\SrcDrfn\TRDll\ConditionSearch\conditionresultwnd.cpp(49,2): warning C4996: 'strcpy': This function or variable may be unsafe. Consider using strcpy_s instead. To disable deprecation, use _CRT_SECURE_NO_WARNINGS. See online help for details.
D:\git\src\IBK\IBK_DRFN\ProjSrc\SrcDrfn\TRDll\ConditionSearch\conditionresultwnd.cpp(50,2): warning C4996: 'strcpy': This function or variable may be unsafe. Consider using strcpy_s instead. To disable deprecation, use _CRT_SECURE_NO_WARNINGS. See online help for details.
D:\git\src\IBK\IBK_DRFN\ProjSrc\SrcDrfn\TRDll\ConditionSearch\conditionresultwnd.cpp(2325,2): warning C4996: 'sprintf': This function or variable may be unsafe. Consider using sprintf_s instead. To disable deprecation, use _CRT_SECURE_NO_WARNINGS. See online help for details.
D:\git\src\IBK\IBK_DRFN\ProjSrc\SrcDrfn\TRDll\ConditionSearch\conditionresultwnd.cpp(2367,2): warning C4996: 'sprintf': This function or variable may be unsafe. Consider using sprintf_s instead. To disable deprecation, use _CRT_SECURE_NO_WARNINGS. See online help for details.
D:\git\src\IBK\IBK_DRFN\ProjSrc\SrcDrfn\TRDll\ConditionSearch\conditionresultwnd.cpp(3073,3): warning C4996: 'sprintf': This function or variable may be unsafe. Consider using sprintf_s instead. To disable deprecation, use _CRT_SECURE_NO_WARNINGS. See online help for details.
D:\git\src\IBK\IBK_DRFN\ProjSrc\SrcDrfn\TRDll\ConditionSearch\conditionresultwnd.cpp(3724,2): warning C4996: 'sprintf': This function or variable may be unsafe. Consider using sprintf_s instead. To disable deprecation, use _CRT_SECURE_NO_WARNINGS. See online help for details.
D:\git\src\IBK\IBK_DRFN\ProjSrc\SrcDrfn\TRDll\ConditionSearch\conditionresultwnd.cpp(3727,2): warning C4996: 'sprintf': This function or variable may be unsafe. Consider using sprintf_s instead. To disable deprecation, use _CRT_SECURE_NO_WARNINGS. See online help for details.
D:\git\src\IBK\IBK_DRFN\ProjSrc\SrcDrfn\TRDll\ConditionSearch\conditionresultwnd.cpp(3731,2): warning C4996: 'sprintf': This function or variable may be unsafe. Consider using sprintf_s instead. To disable deprecation, use _CRT_SECURE_NO_WARNINGS. See online help for details.
D:\git\src\IBK\IBK_DRFN\ProjSrc\SrcDrfn\TRDll\ConditionSearch\conditionresultwnd.cpp(3736,2): warning C4996: 'sprintf': This function or variable may be unsafe. Consider using sprintf_s instead. To disable deprecation, use _CRT_SECURE_NO_WARNINGS. See online help for details.
D:\git\src\IBK\IBK_DRFN\ProjSrc\SrcDrfn\TRDll\ConditionSearch\conditionresultwnd.cpp(3742,2): warning C4996: 'sprintf': This function or variable may be unsafe. Consider using sprintf_s instead. To disable deprecation, use _CRT_SECURE_NO_WARNINGS. See online help for details.
D:\git\src\IBK\IBK_DRFN\ProjSrc\SrcDrfn\TRDll\ConditionSearch\conditionresultwnd.cpp(3747,2): warning C4996: 'sprintf': This function or variable may be unsafe. Consider using sprintf_s instead. To disable deprecation, use _CRT_SECURE_NO_WARNINGS. See online help for details.
D:\git\src\IBK\IBK_DRFN\ProjSrc\SrcDrfn\TRDll\ConditionSearch\conditionresultwnd.cpp(3750,2): warning C4996: 'sprintf': This function or variable may be unsafe. Consider using sprintf_s instead. To disable deprecation, use _CRT_SECURE_NO_WARNINGS. See online help for details.
D:\git\src\IBK\IBK_DRFN\ProjSrc\SrcDrfn\TRDll\ConditionSearch\conditionresultwnd.cpp(3756,2): warning C4996: 'sprintf': This function or variable may be unsafe. Consider using sprintf_s instead. To disable deprecation, use _CRT_SECURE_NO_WARNINGS. See online help for details.
D:\git\src\IBK\IBK_DRFN\ProjSrc\SrcDrfn\TRDll\ConditionSearch\conditionresultwnd.cpp(3763,3): warning C4996: 'sprintf': This function or variable may be unsafe. Consider using sprintf_s instead. To disable deprecation, use _CRT_SECURE_NO_WARNINGS. See online help for details.
D:\git\src\IBK\IBK_DRFN\ProjSrc\SrcDrfn\TRDll\ConditionSearch\conditionresultwnd.cpp(3765,2): warning C4996: 'sprintf': This function or variable may be unsafe. Consider using sprintf_s instead. To disable deprecation, use _CRT_SECURE_NO_WARNINGS. See online help for details.
D:\git\src\IBK\IBK_DRFN\ProjSrc\SrcDrfn\TRDll\ConditionSearch\conditionresultwnd.cpp(3768,2): warning C4996: 'sprintf': This function or variable may be unsafe. Consider using sprintf_s instead. To disable deprecation, use _CRT_SECURE_NO_WARNINGS. See online help for details.
D:\git\src\IBK\IBK_DRFN\ProjSrc\SrcDrfn\TRDll\ConditionSearch\conditionresultwnd.cpp(3790,3): warning C4996: 'sprintf': This function or variable may be unsafe. Consider using sprintf_s instead. To disable deprecation, use _CRT_SECURE_NO_WARNINGS. See online help for details.
D:\git\src\IBK\IBK_DRFN\ProjSrc\SrcDrfn\TRDll\ConditionSearch\conditionresultwnd.cpp(3793,3): warning C4996: 'sprintf': This function or variable may be unsafe. Consider using sprintf_s instead. To disable deprecation, use _CRT_SECURE_NO_WARNINGS. See online help for details.
D:\git\src\IBK\IBK_DRFN\ProjSrc\SrcDrfn\TRDll\ConditionSearch\conditionresultwnd.cpp(3796,3): warning C4996: 'sprintf': This function or variable may be unsafe. Consider using sprintf_s instead. To disable deprecation, use _CRT_SECURE_NO_WARNINGS. See online help for details.
D:\git\src\IBK\IBK_DRFN\ProjSrc\SrcDrfn\TRDll\ConditionSearch\conditionresultwnd.cpp(3799,3): warning C4996: 'sprintf': This function or variable may be unsafe. Consider using sprintf_s instead. To disable deprecation, use _CRT_SECURE_NO_WARNINGS. See online help for details.
D:\git\src\IBK\IBK_DRFN\ProjSrc\SrcDrfn\TRDll\ConditionSearch\conditionresultwnd.cpp(3802,3): warning C4996: 'sprintf': This function or variable may be unsafe. Consider using sprintf_s instead. To disable deprecation, use _CRT_SECURE_NO_WARNINGS. See online help for details.
D:\git\src\IBK\IBK_DRFN\ProjSrc\SrcDrfn\TRDll\ConditionSearch\conditionresultwnd.cpp(3818,3): warning C4996: 'sprintf': This function or variable may be unsafe. Consider using sprintf_s instead. To disable deprecation, use _CRT_SECURE_NO_WARNINGS. See online help for details.
D:\git\src\IBK\IBK_DRFN\ProjSrc\SrcDrfn\TRDll\ConditionSearch\conditionresultwnd.cpp(3821,3): warning C4996: 'sprintf': This function or variable may be unsafe. Consider using sprintf_s instead. To disable deprecation, use _CRT_SECURE_NO_WARNINGS. See online help for details.
D:\git\src\IBK\IBK_DRFN\ProjSrc\SrcDrfn\TRDll\ConditionSearch\conditionresultwnd.cpp(3824,3): warning C4996: 'sprintf': This function or variable may be unsafe. Consider using sprintf_s instead. To disable deprecation, use _CRT_SECURE_NO_WARNINGS. See online help for details.
D:\git\src\IBK\IBK_DRFN\ProjSrc\SrcDrfn\TRDll\ConditionSearch\conditionresultwnd.cpp(3827,3): warning C4996: 'sprintf': This function or variable may be unsafe. Consider using sprintf_s instead. To disable deprecation, use _CRT_SECURE_NO_WARNINGS. See online help for details.
D:\git\src\IBK\IBK_DRFN\ProjSrc\SrcDrfn\TRDll\ConditionSearch\conditionresultwnd.cpp(3830,3): warning C4996: 'sprintf': This function or variable may be unsafe. Consider using sprintf_s instead. To disable deprecation, use _CRT_SECURE_NO_WARNINGS. See online help for details.
D:\git\src\IBK\IBK_DRFN\ProjSrc\SrcDrfn\TRDll\ConditionSearch\conditionresultwnd.cpp(3833,3): warning C4996: 'sprintf': This function or variable may be unsafe. Consider using sprintf_s instead. To disable deprecation, use _CRT_SECURE_NO_WARNINGS. See online help for details.
D:\git\src\IBK\IBK_DRFN\ProjSrc\SrcDrfn\TRDll\ConditionSearch\conditionresultwnd.cpp(3836,3): warning C4996: 'sprintf': This function or variable may be unsafe. Consider using sprintf_s instead. To disable deprecation, use _CRT_SECURE_NO_WARNINGS. See online help for details.
D:\git\src\IBK\IBK_DRFN\ProjSrc\SrcDrfn\TRDll\ConditionSearch\conditionresultwnd.cpp(3839,3): warning C4996: 'sprintf': This function or variable may be unsafe. Consider using sprintf_s instead. To disable deprecation, use _CRT_SECURE_NO_WARNINGS. See online help for details.
D:\git\src\IBK\IBK_DRFN\ProjSrc\SrcDrfn\TRDll\ConditionSearch\conditionresultwnd.cpp(3842,3): warning C4996: 'sprintf': This function or variable may be unsafe. Consider using sprintf_s instead. To disable deprecation, use _CRT_SECURE_NO_WARNINGS. See online help for details.
D:\git\src\IBK\IBK_DRFN\ProjSrc\SrcDrfn\TRDll\ConditionSearch\conditionresultwnd.cpp(3854,3): warning C4996: 'sprintf': This function or variable may be unsafe. Consider using sprintf_s instead. To disable deprecation, use _CRT_SECURE_NO_WARNINGS. See online help for details.
D:\git\src\IBK\IBK_DRFN\ProjSrc\SrcDrfn\TRDll\ConditionSearch\conditionresultwnd.cpp(3861,4): warning C4996: 'sprintf': This function or variable may be unsafe. Consider using sprintf_s instead. To disable deprecation, use _CRT_SECURE_NO_WARNINGS. See online help for details.
D:\git\src\IBK\IBK_DRFN\ProjSrc\SrcDrfn\TRDll\ConditionSearch\conditionresultwnd.cpp(3951,3): warning C4996: 'sprintf': This function or variable may be unsafe. Consider using sprintf_s instead. To disable deprecation, use _CRT_SECURE_NO_WARNINGS. See online help for details.
  ConditionSearch.cpp
  ConditionView.cpp
  dataadmin.cpp
  DlgEditSubject.cpp
D:\git\src\IBK\IBK_DRFN\ProjSrc\SrcDrfn\TRDll\ConditionSearch\DlgEditSubject.cpp(92,2): warning C4996: 'strcpy': This function or variable may be unsafe. Consider using strcpy_s instead. To disable deprecation, use _CRT_SECURE_NO_WARNINGS. See online help for details.
D:\git\src\IBK\IBK_DRFN\ProjSrc\SrcDrfn\TRDll\ConditionSearch\DlgEditSubject.cpp(729,23): warning C4477: 'sprintf' : 서식 문자열 '%s'에 'char *' 형식의 인수가 필요하지만 variadic 인수 1의 형식이 'CString'입니다.
D:\git\src\IBK\IBK_DRFN\ProjSrc\SrcDrfn\TRDll\ConditionSearch\DlgEditSubject.cpp(729,4): warning C4996: 'sprintf': This function or variable may be unsafe. Consider using sprintf_s instead. To disable deprecation, use _CRT_SECURE_NO_WARNINGS. See online help for details.
D:\git\src\IBK\IBK_DRFN\ProjSrc\SrcDrfn\TRDll\ConditionSearch\DlgEditSubject.cpp(866,22): warning C4477: 'sprintf' : 서식 문자열 '%s'에 'char *' 형식의 인수가 필요하지만 variadic 인수 1의 형식이 'CString'입니다.
D:\git\src\IBK\IBK_DRFN\ProjSrc\SrcDrfn\TRDll\ConditionSearch\DlgEditSubject.cpp(866,3): warning C4996: 'sprintf': This function or variable may be unsafe. Consider using sprintf_s instead. To disable deprecation, use _CRT_SECURE_NO_WARNINGS. See online help for details.
  DlgHelp.cpp
  DlgNoItem.cpp
D:\git\src\IBK\IBK_DRFN\ProjSrc\SrcDrfn\TRDll\ConditionSearch\DlgNoItem.cpp(17,2): warning C4996: 'strcpy': This function or variable may be unsafe. Consider using strcpy_s instead. To disable deprecation, use _CRT_SECURE_NO_WARNINGS. See online help for details.
  DlgSearchRng.cpp
  Draw3DRectangle.cpp
D:\git\src\IBK\IBK_DRFN\ProjSrc\SrcDrfn\TRDll\ConditionSearch\Draw3DRectangle.cpp(174,2): warning C4996: 'strcpy': This function or variable may be unsafe. Consider using strcpy_s instead. To disable deprecation, use _CRT_SECURE_NO_WARNINGS. See online help for details.
  FieldEditDlg.cpp
D:\git\src\IBK\IBK_DRFN\ProjSrc\SrcDrfn\TRDll\ConditionSearch\FieldEditDlg.cpp(107,2): warning C4996: 'strcpy': This function or variable may be unsafe. Consider using strcpy_s instead. To disable deprecation, use _CRT_SECURE_NO_WARNINGS. See online help for details.
  FnSetScreenWnd.cpp
D:\git\src\IBK\IBK_DRFN\ProjSrc\SrcDrfn\TRDll\ConditionSearch\FnSetScreenWnd.cpp(428,14): warning C4996: 'fopen': This function or variable may be unsafe. Consider using fopen_s instead. To disable deprecation, use _CRT_SECURE_NO_WARNINGS. See online help for details.
D:\git\src\IBK\IBK_DRFN\ProjSrc\SrcDrfn\TRDll\ConditionSearch\FnSetScreenWnd.cpp(445,14): warning C4996: 'fopen': This function or variable may be unsafe. Consider using fopen_s instead. To disable deprecation, use _CRT_SECURE_NO_WARNINGS. See online help for details.
D:\git\src\IBK\IBK_DRFN\ProjSrc\SrcDrfn\TRDll\ConditionSearch\FnSetScreenWnd.cpp(480,17): warning C4244: '초기화 중': 'ULONGLONG'에서 'long'(으)로 변환하면서 데이터가 손실될 수 있습니다.
D:\git\src\IBK\IBK_DRFN\ProjSrc\SrcDrfn\TRDll\ConditionSearch\FnSetScreenWnd.cpp(514,17): warning C4244: '초기화 중': 'ULONGLONG'에서 'long'(으)로 변환하면서 데이터가 손실될 수 있습니다.
D:\git\src\IBK\IBK_DRFN\ProjSrc\SrcDrfn\TRDll\ConditionSearch\FnSetScreenWnd.cpp(908,13): warning C4244: '초기화 중': 'ULONGLONG'에서 'int'(으)로 변환하면서 데이터가 손실될 수 있습니다.
D:\git\src\IBK\IBK_DRFN\ProjSrc\SrcDrfn\TRDll\ConditionSearch\FnSetScreenWnd.cpp(1360,13): warning C4244: '초기화 중': 'ULONGLONG'에서 'int'(으)로 변환하면서 데이터가 손실될 수 있습니다.
D:\git\src\IBK\IBK_DRFN\ProjSrc\SrcDrfn\TRDll\ConditionSearch\FnSetScreenWnd.cpp(1707,16): warning C4244: '초기화 중': 'ULONGLONG'에서 'long'(으)로 변환하면서 데이터가 손실될 수 있습니다.
  코드를 생성하고 있습니다...
  컴파일하고 있습니다...
  FolderEditDlg.cpp
D:\git\src\IBK\IBK_DRFN\ProjSrc\SrcDrfn\TRDll\ConditionSearch\FolderEditDlg.cpp(103,2): warning C4996: 'strcpy': This function or variable may be unsafe. Consider using strcpy_s instead. To disable deprecation, use _CRT_SECURE_NO_WARNINGS. See online help for details.
D:\git\src\IBK\IBK_DRFN\ProjSrc\SrcDrfn\TRDll\ConditionSearch\FolderEditDlg.cpp(771,3): warning C4996: 'sprintf': This function or variable may be unsafe. Consider using sprintf_s instead. To disable deprecation, use _CRT_SECURE_NO_WARNINGS. See online help for details.
D:\git\src\IBK\IBK_DRFN\ProjSrc\SrcDrfn\TRDll\ConditionSearch\FolderEditDlg.cpp(1045,4): warning C4996: 'strcpy': This function or variable may be unsafe. Consider using strcpy_s instead. To disable deprecation, use _CRT_SECURE_NO_WARNINGS. See online help for details.
  InputPswd.cpp
  LogicHelp.cpp
D:\git\src\IBK\IBK_DRFN\ProjSrc\SrcDrfn\TRDll\ConditionSearch\LogicHelp.cpp(19,2): warning C4996: 'strcpy': This function or variable may be unsafe. Consider using strcpy_s instead. To disable deprecation, use _CRT_SECURE_NO_WARNINGS. See online help for details.
D:\git\src\IBK\IBK_DRFN\ProjSrc\SrcDrfn\TRDll\ConditionSearch\LogicHelp.cpp(20,2): warning C4996: 'strcpy': This function or variable may be unsafe. Consider using strcpy_s instead. To disable deprecation, use _CRT_SECURE_NO_WARNINGS. See online help for details.
  MainFrmWnd.cpp
D:\git\src\IBK\IBK_DRFN\ProjSrc\SrcDrfn\TRDll\ConditionSearch\MainFrmWnd.cpp(34,2): warning C4996: 'strcpy': This function or variable may be unsafe. Consider using strcpy_s instead. To disable deprecation, use _CRT_SECURE_NO_WARNINGS. See online help for details.
D:\git\src\IBK\IBK_DRFN\ProjSrc\SrcDrfn\TRDll\ConditionSearch\MainFrmWnd.cpp(765,17): warning C4101: 'nItemCnt' :참조되지 않은 지역 변수입니다.
D:\git\src\IBK\IBK_DRFN\ProjSrc\SrcDrfn\TRDll\ConditionSearch\MainFrmWnd.cpp(1407,3): warning C4996: 'sprintf': This function or variable may be unsafe. Consider using sprintf_s instead. To disable deprecation, use _CRT_SECURE_NO_WARNINGS. See online help for details.
D:\git\src\IBK\IBK_DRFN\ProjSrc\SrcDrfn\TRDll\ConditionSearch\MainFrmWnd.cpp(1765,3): warning C4996: 'sprintf': This function or variable may be unsafe. Consider using sprintf_s instead. To disable deprecation, use _CRT_SECURE_NO_WARNINGS. See online help for details.
D:\git\src\IBK\IBK_DRFN\ProjSrc\SrcDrfn\TRDll\ConditionSearch\MainFrmWnd.cpp(2963,26): warning C4101: 'pxprc' :참조되지 않은 지역 변수입니다.
D:\git\src\IBK\IBK_DRFN\ProjSrc\SrcDrfn\TRDll\ConditionSearch\MainFrmWnd.cpp(2963,35): warning C4101: 'pxnum' :참조되지 않은 지역 변수입니다.
D:\git\src\IBK\IBK_DRFN\ProjSrc\SrcDrfn\TRDll\ConditionSearch\MainFrmWnd.cpp(3028,34): warning C4101: 'tempB' :참조되지 않은 지역 변수입니다.
D:\git\src\IBK\IBK_DRFN\ProjSrc\SrcDrfn\TRDll\ConditionSearch\MainFrmWnd.cpp(3053,34): warning C4101: 'tempB' :참조되지 않은 지역 변수입니다.
  MatchValEditDlg.cpp
D:\git\src\IBK\IBK_DRFN\ProjSrc\SrcDrfn\TRDll\ConditionSearch\MatchValEditDlg.cpp(89,2): warning C4996: 'strcpy': This function or variable may be unsafe. Consider using strcpy_s instead. To disable deprecation, use _CRT_SECURE_NO_WARNINGS. See online help for details.
D:\git\src\IBK\IBK_DRFN\ProjSrc\SrcDrfn\TRDll\ConditionSearch\MatchValEditDlg.cpp(90,2): warning C4996: 'strcpy': This function or variable may be unsafe. Consider using strcpy_s instead. To disable deprecation, use _CRT_SECURE_NO_WARNINGS. See online help for details.
  PortPolioDelDlg.cpp
D:\git\src\IBK\IBK_DRFN\ProjSrc\SrcDrfn\TRDll\ConditionSearch\PortPolioDelDlg.cpp(103,2): warning C4996: 'strcpy': This function or variable may be unsafe. Consider using strcpy_s instead. To disable deprecation, use _CRT_SECURE_NO_WARNINGS. See online help for details.
  QuickMakeDlg.cpp
D:\git\src\IBK\IBK_DRFN\ProjSrc\SrcDrfn\TRDll\ConditionSearch\QuickMakeDlg.cpp(85,2): warning C4996: 'strcpy': This function or variable may be unsafe. Consider using strcpy_s instead. To disable deprecation, use _CRT_SECURE_NO_WARNINGS. See online help for details.
  RequestMsg.cpp
D:\git\src\IBK\IBK_DRFN\ProjSrc\SrcDrfn\TRDll\ConditionSearch\RequestMsg.cpp(24,2): warning C4996: 'strcpy': This function or variable may be unsafe. Consider using strcpy_s instead. To disable deprecation, use _CRT_SECURE_NO_WARNINGS. See online help for details.
  RscDlg.cpp
  SaveDlg.cpp
D:\git\src\IBK\IBK_DRFN\ProjSrc\SrcDrfn\TRDll\ConditionSearch\SaveDlg.cpp(75,2): warning C4996: 'strcpy': This function or variable may be unsafe. Consider using strcpy_s instead. To disable deprecation, use _CRT_SECURE_NO_WARNINGS. See online help for details.
D:\git\src\IBK\IBK_DRFN\ProjSrc\SrcDrfn\TRDll\ConditionSearch\SaveDlg.cpp(417,4): warning C4996: 'strcpy': This function or variable may be unsafe. Consider using strcpy_s instead. To disable deprecation, use _CRT_SECURE_NO_WARNINGS. See online help for details.
  ScreenWnd.cpp
  코드를 생성하고 있습니다...
C:\Program Files (x86)\Microsoft Visual Studio\2019\Community\MSBuild\Microsoft\VC\v160\Microsoft.CppBuild.targets(1363,5): warning MSB8012: TargetPath(D:\git\src\IBK\IBK_DRFN\#DRfn-CS\_ObjRD\ConditionSearch\ConditionSearch.dll)이(가) Linker의 OutputFile 속성 값(D:\git\src\IBK\IBK_DRFN\#DRfn-CS\ReleaseDebug\IBK hot Trading\ibks\dev\IB712700.dll)과 일치하지 않습니다. 이로 인해 프로젝트가 잘못 빌드될 수 있습니다. 이를 수정하려면 $(OutDir), $(TargetName) 및 $(TargetExt) 속성 값이 %(Link.OutputFile)에 지정된 값과 일치해야 합니다.
C:\Program Files (x86)\Microsoft Visual Studio\2019\Community\MSBuild\Microsoft\VC\v160\Microsoft.CppBuild.targets(1365,5): warning MSB8012: TargetName(ConditionSearch)이(가) Linker의 OutputFile 속성 값(IB712700)과 일치하지 않습니다. 이로 인해 프로젝트가 잘못 빌드될 수 있습니다. 이를 수정하려면 $(OutDir), $(TargetName) 및 $(TargetExt) 속성 값이 %(Link.OutputFile)에 지정된 값과 일치해야 합니다.
.\ConditionSearch.def(4): warning LNK4017: 대상 플랫폼에는 DESCRIPTION 문이 지원되지 않습니다. 무시됩니다.
     ../../../../#DRfn-CS/_LibRD/IB712700.lib 라이브러리 및 ../../../../#DRfn-CS/_LibRD/IB712700.exp 개체를 생성하고 있습니다.
IB712700.exp : warning LNK4070: /OUT: .EXP의 ConditionSearch.dll 지시문이 '..\..\..\..\#DRfn-CS\ReleaseDebug\IBK hot Trading\ibks\dev\IB712700.dll' 출력 파일 이름과 다릅니다. 지시문이 무시됩니다.
  ConditionSearch.vcxproj -> D:\git\src\IBK\IBK_DRFN\#DRfn-CS\_ObjRD\ConditionSearch\ConditionSearch.dll
