d:\git\src\ibk\ibk_drfn\#drfn-cs\_objrd\conditionsearch\conditionsearch.pch
d:\git\src\ibk\ibk_drfn\#drfn-cs\_objrd\conditionsearch\vc142.pdb
d:\git\src\ibk\ibk_drfn\#drfn-cs\_objrd\conditionsearch\vc142.idb
d:\git\src\ibk\ibk_drfn\#drfn-cs\_objrd\conditionsearch\stdafx.sbr
d:\git\src\ibk\ibk_drfn\#drfn-cs\_objrd\conditionsearch\stdafx.obj
d:\git\src\ibk\ibk_drfn\#drfn-cs\_objrd\conditionsearch\fximgbutton.sbr
d:\git\src\ibk\ibk_drfn\#drfn-cs\_objrd\conditionsearch\drbtnctrl.sbr
d:\git\src\ibk\ibk_drfn\#drfn-cs\_objrd\conditionsearch\drinfotip.sbr
d:\git\src\ibk\ibk_drfn\#drfn-cs\_objrd\conditionsearch\drsplitterctrl.sbr
d:\git\src\ibk\ibk_drfn\#drfn-cs\_objrd\conditionsearch\drtabctrl.sbr
d:\git\src\ibk\ibk_drfn\#drfn-cs\_objrd\conditionsearch\drxlsfile.sbr
d:\git\src\ibk\ibk_drfn\#drfn-cs\_objrd\conditionsearch\utils.sbr
d:\git\src\ibk\ibk_drfn\#drfn-cs\_objrd\conditionsearch\account.sbr
d:\git\src\ibk\ibk_drfn\#drfn-cs\_objrd\conditionsearch\checktreectrl.sbr
d:\git\src\ibk\ibk_drfn\#drfn-cs\_objrd\conditionsearch\exeditctrl.sbr
d:\git\src\ibk\ibk_drfn\#drfn-cs\_objrd\conditionsearch\exlistctrl.sbr
d:\git\src\ibk\ibk_drfn\#drfn-cs\_objrd\conditionsearch\extooltip.sbr
d:\git\src\ibk\ibk_drfn\#drfn-cs\_objrd\conditionsearch\exxmltreectrl.sbr
d:\git\src\ibk\ibk_drfn\#drfn-cs\_objrd\conditionsearch\grid_comm.sbr
d:\git\src\ibk\ibk_drfn\#drfn-cs\_objrd\conditionsearch\grid_field.sbr
d:\git\src\ibk\ibk_drfn\#drfn-cs\_objrd\conditionsearch\grid_result.sbr
d:\git\src\ibk\ibk_drfn\#drfn-cs\_objrd\conditionsearch\helpeditctrl.sbr
d:\git\src\ibk\ibk_drfn\#drfn-cs\_objrd\conditionsearch\helphtmlctrl.sbr
d:\git\src\ibk\ibk_drfn\#drfn-cs\_objrd\conditionsearch\historycomboctrl.sbr
d:\git\src\ibk\ibk_drfn\#drfn-cs\_objrd\conditionsearch\logiceditctrl.sbr
d:\git\src\ibk\ibk_drfn\#drfn-cs\_objrd\conditionsearch\logiceditctrl.obj
d:\git\src\ibk\ibk_drfn\#drfn-cs\_objrd\conditionsearch\historycomboctrl.obj
d:\git\src\ibk\ibk_drfn\#drfn-cs\_objrd\conditionsearch\helphtmlctrl.obj
d:\git\src\ibk\ibk_drfn\#drfn-cs\_objrd\conditionsearch\helpeditctrl.obj
d:\git\src\ibk\ibk_drfn\#drfn-cs\_objrd\conditionsearch\grid_result.obj
d:\git\src\ibk\ibk_drfn\#drfn-cs\_objrd\conditionsearch\grid_field.obj
d:\git\src\ibk\ibk_drfn\#drfn-cs\_objrd\conditionsearch\grid_comm.obj
d:\git\src\ibk\ibk_drfn\#drfn-cs\_objrd\conditionsearch\exxmltreectrl.obj
d:\git\src\ibk\ibk_drfn\#drfn-cs\_objrd\conditionsearch\extooltip.obj
d:\git\src\ibk\ibk_drfn\#drfn-cs\_objrd\conditionsearch\exlistctrl.obj
d:\git\src\ibk\ibk_drfn\#drfn-cs\_objrd\conditionsearch\exeditctrl.obj
d:\git\src\ibk\ibk_drfn\#drfn-cs\_objrd\conditionsearch\checktreectrl.obj
d:\git\src\ibk\ibk_drfn\#drfn-cs\_objrd\conditionsearch\account.obj
d:\git\src\ibk\ibk_drfn\#drfn-cs\_objrd\conditionsearch\utils.obj
d:\git\src\ibk\ibk_drfn\#drfn-cs\_objrd\conditionsearch\drxlsfile.obj
d:\git\src\ibk\ibk_drfn\#drfn-cs\_objrd\conditionsearch\drtabctrl.obj
d:\git\src\ibk\ibk_drfn\#drfn-cs\_objrd\conditionsearch\drsplitterctrl.obj
d:\git\src\ibk\ibk_drfn\#drfn-cs\_objrd\conditionsearch\drinfotip.obj
d:\git\src\ibk\ibk_drfn\#drfn-cs\_objrd\conditionsearch\drbtnctrl.obj
d:\git\src\ibk\ibk_drfn\#drfn-cs\_objrd\conditionsearch\fximgbutton.obj
d:\git\src\ibk\ibk_drfn\#drfn-cs\_objrd\conditionsearch\maploadctrl.sbr
d:\git\src\ibk\ibk_drfn\#drfn-cs\_objrd\conditionsearch\porteditctrl.sbr
d:\git\src\ibk\ibk_drfn\#drfn-cs\_objrd\conditionsearch\print4grid.sbr
d:\git\src\ibk\ibk_drfn\#drfn-cs\_objrd\conditionsearch\quicktab.sbr
d:\git\src\ibk\ibk_drfn\#drfn-cs\_objrd\conditionsearch\teditctrl.sbr
d:\git\src\ibk\ibk_drfn\#drfn-cs\_objrd\conditionsearch\teditctrlwnd.sbr
d:\git\src\ibk\ibk_drfn\#drfn-cs\_objrd\conditionsearch\xmltreectrl.sbr
d:\git\src\ibk\ibk_drfn\#drfn-cs\_objrd\conditionsearch\conditionlistview.sbr
d:\git\src\ibk\ibk_drfn\#drfn-cs\_objrd\conditionsearch\conditionmakewnd.sbr
d:\git\src\ibk\ibk_drfn\#drfn-cs\_objrd\conditionsearch\conditionresultwnd.sbr
d:\git\src\ibk\ibk_drfn\#drfn-cs\_objrd\conditionsearch\conditionsearch.sbr
d:\git\src\ibk\ibk_drfn\#drfn-cs\_objrd\conditionsearch\conditionview.sbr
d:\git\src\ibk\ibk_drfn\#drfn-cs\_objrd\conditionsearch\dataadmin.sbr
d:\git\src\ibk\ibk_drfn\#drfn-cs\_objrd\conditionsearch\dlgeditsubject.sbr
d:\git\src\ibk\ibk_drfn\#drfn-cs\_objrd\conditionsearch\dlghelp.sbr
d:\git\src\ibk\ibk_drfn\#drfn-cs\_objrd\conditionsearch\dlgnoitem.sbr
d:\git\src\ibk\ibk_drfn\#drfn-cs\_objrd\conditionsearch\dlgsearchrng.sbr
d:\git\src\ibk\ibk_drfn\#drfn-cs\_objrd\conditionsearch\draw3drectangle.sbr
d:\git\src\ibk\ibk_drfn\#drfn-cs\_objrd\conditionsearch\fieldeditdlg.sbr
d:\git\src\ibk\ibk_drfn\#drfn-cs\_objrd\conditionsearch\fnsetscreenwnd.sbr
d:\git\src\ibk\ibk_drfn\#drfn-cs\_objrd\conditionsearch\fnsetscreenwnd.obj
d:\git\src\ibk\ibk_drfn\#drfn-cs\_objrd\conditionsearch\fieldeditdlg.obj
d:\git\src\ibk\ibk_drfn\#drfn-cs\_objrd\conditionsearch\draw3drectangle.obj
d:\git\src\ibk\ibk_drfn\#drfn-cs\_objrd\conditionsearch\dlgsearchrng.obj
d:\git\src\ibk\ibk_drfn\#drfn-cs\_objrd\conditionsearch\dlgnoitem.obj
d:\git\src\ibk\ibk_drfn\#drfn-cs\_objrd\conditionsearch\dlghelp.obj
d:\git\src\ibk\ibk_drfn\#drfn-cs\_objrd\conditionsearch\dlgeditsubject.obj
d:\git\src\ibk\ibk_drfn\#drfn-cs\_objrd\conditionsearch\dataadmin.obj
d:\git\src\ibk\ibk_drfn\#drfn-cs\_objrd\conditionsearch\conditionview.obj
d:\git\src\ibk\ibk_drfn\#drfn-cs\_objrd\conditionsearch\conditionsearch.obj
d:\git\src\ibk\ibk_drfn\#drfn-cs\_objrd\conditionsearch\conditionresultwnd.obj
d:\git\src\ibk\ibk_drfn\#drfn-cs\_objrd\conditionsearch\conditionmakewnd.obj
d:\git\src\ibk\ibk_drfn\#drfn-cs\_objrd\conditionsearch\conditionlistview.obj
d:\git\src\ibk\ibk_drfn\#drfn-cs\_objrd\conditionsearch\xmltreectrl.obj
d:\git\src\ibk\ibk_drfn\#drfn-cs\_objrd\conditionsearch\teditctrlwnd.obj
d:\git\src\ibk\ibk_drfn\#drfn-cs\_objrd\conditionsearch\teditctrl.obj
d:\git\src\ibk\ibk_drfn\#drfn-cs\_objrd\conditionsearch\quicktab.obj
d:\git\src\ibk\ibk_drfn\#drfn-cs\_objrd\conditionsearch\print4grid.obj
d:\git\src\ibk\ibk_drfn\#drfn-cs\_objrd\conditionsearch\porteditctrl.obj
d:\git\src\ibk\ibk_drfn\#drfn-cs\_objrd\conditionsearch\maploadctrl.obj
d:\git\src\ibk\ibk_drfn\#drfn-cs\_objrd\conditionsearch\foldereditdlg.sbr
d:\git\src\ibk\ibk_drfn\#drfn-cs\_objrd\conditionsearch\inputpswd.sbr
d:\git\src\ibk\ibk_drfn\#drfn-cs\_objrd\conditionsearch\logichelp.sbr
d:\git\src\ibk\ibk_drfn\#drfn-cs\_objrd\conditionsearch\mainfrmwnd.sbr
d:\git\src\ibk\ibk_drfn\#drfn-cs\_objrd\conditionsearch\matchvaleditdlg.sbr
d:\git\src\ibk\ibk_drfn\#drfn-cs\_objrd\conditionsearch\portpoliodeldlg.sbr
d:\git\src\ibk\ibk_drfn\#drfn-cs\_objrd\conditionsearch\quickmakedlg.sbr
d:\git\src\ibk\ibk_drfn\#drfn-cs\_objrd\conditionsearch\requestmsg.sbr
d:\git\src\ibk\ibk_drfn\#drfn-cs\_objrd\conditionsearch\rscdlg.sbr
d:\git\src\ibk\ibk_drfn\#drfn-cs\_objrd\conditionsearch\savedlg.sbr
d:\git\src\ibk\ibk_drfn\#drfn-cs\_objrd\conditionsearch\screenwnd.sbr
d:\git\src\ibk\ibk_drfn\#drfn-cs\_objrd\conditionsearch\screenwnd.obj
d:\git\src\ibk\ibk_drfn\#drfn-cs\_objrd\conditionsearch\savedlg.obj
d:\git\src\ibk\ibk_drfn\#drfn-cs\_objrd\conditionsearch\rscdlg.obj
d:\git\src\ibk\ibk_drfn\#drfn-cs\_objrd\conditionsearch\requestmsg.obj
d:\git\src\ibk\ibk_drfn\#drfn-cs\_objrd\conditionsearch\quickmakedlg.obj
d:\git\src\ibk\ibk_drfn\#drfn-cs\_objrd\conditionsearch\portpoliodeldlg.obj
d:\git\src\ibk\ibk_drfn\#drfn-cs\_objrd\conditionsearch\matchvaleditdlg.obj
d:\git\src\ibk\ibk_drfn\#drfn-cs\_objrd\conditionsearch\mainfrmwnd.obj
d:\git\src\ibk\ibk_drfn\#drfn-cs\_objrd\conditionsearch\logichelp.obj
d:\git\src\ibk\ibk_drfn\#drfn-cs\_objrd\conditionsearch\inputpswd.obj
d:\git\src\ibk\ibk_drfn\#drfn-cs\_objrd\conditionsearch\foldereditdlg.obj
d:\git\src\ibk\ibk_drfn\#drfn-cs\_objrd\conditionsearch\conditionsearch.res
d:\git\src\ibk\ibk_drfn\#drfn-cs\_objrd\conditionsearch\msxml.tli
d:\git\src\ibk\ibk_drfn\#drfn-cs\_objrd\conditionsearch\msxml6.tli
d:\git\src\ibk\ibk_drfn\#drfn-cs\_objrd\conditionsearch\msxml.tlh
d:\git\src\ibk\ibk_drfn\#drfn-cs\_objrd\conditionsearch\msxml6.tlh
d:\git\src\ibk\ibk_drfn\#drfn-cs\_objrd\conditionsearch\conditionsearch.tlog\cl.command.1.tlog
d:\git\src\ibk\ibk_drfn\#drfn-cs\_objrd\conditionsearch\conditionsearch.tlog\cl.read.1.tlog
d:\git\src\ibk\ibk_drfn\#drfn-cs\_objrd\conditionsearch\conditionsearch.tlog\cl.write.1.tlog
d:\git\src\ibk\ibk_drfn\#drfn-cs\_objrd\conditionsearch\conditionsearch.tlog\link.command.1.tlog
d:\git\src\ibk\ibk_drfn\#drfn-cs\_objrd\conditionsearch\conditionsearch.tlog\link.read.1.tlog
d:\git\src\ibk\ibk_drfn\#drfn-cs\_objrd\conditionsearch\conditionsearch.tlog\link.write.1.tlog
d:\git\src\ibk\ibk_drfn\#drfn-cs\_objrd\conditionsearch\conditionsearch.tlog\rc.command.1.tlog
d:\git\src\ibk\ibk_drfn\#drfn-cs\_objrd\conditionsearch\conditionsearch.tlog\rc.read.1.tlog
d:\git\src\ibk\ibk_drfn\#drfn-cs\_objrd\conditionsearch\conditionsearch.tlog\rc.write.1.tlog
