  StdAfx.cpp
  _WIN32_WINNT not defined. Defaulting to _WIN32_WINNT_MAXVER (see WinSDKVer.h)
  OutsideCommonInterfaceFunction.cpp
  ChartDragAnalAddInImp.cpp
D:\git\src\IBK\IBK_DRFN\ProjSrc\SrcChartEx\ChartAddIn\ChartPeriodSummaryAddIn\Include_AddIn\I133691\_Addincommand.h(391,2): warning C4091: 'typedef ': 변수를 선언하지 않으면 'EAICommandType' 왼쪽은 무시됩니다.
D:\git\src\IBK\IBK_DRFN\ProjSrc\SrcChartEx\ChartAddIn\ChartPeriodSummaryAddIn\Include\PDll.h(468,6): warning C4996: 'strcpy': This function or variable may be unsafe. Consider using strcpy_s instead. To disable deprecation, use _CRT_SECURE_NO_WARNINGS. See online help for details.
  ChartDragCandleAnalAddInImp.cpp
D:\git\src\IBK\IBK_DRFN\ProjSrc\SrcChartEx\ChartAddIn\ChartPeriodSummaryAddIn\Include_AddIn\I133691\_Addincommand.h(391,2): warning C4091: 'typedef ': 변수를 선언하지 않으면 'EAICommandType' 왼쪽은 무시됩니다.
D:\git\src\IBK\IBK_DRFN\ProjSrc\SrcChartEx\ChartAddIn\ChartPeriodSummaryAddIn\Include\PDll.h(468,6): warning C4996: 'strcpy': This function or variable may be unsafe. Consider using strcpy_s instead. To disable deprecation, use _CRT_SECURE_NO_WARNINGS. See online help for details.
  ChartOrderLineAddInImp.cpp
D:\git\src\IBK\IBK_DRFN\ProjSrc\SrcChartEx\ChartAddIn\ChartPeriodSummaryAddIn\Include_AddIn\I133691\_Addincommand.h(391,2): warning C4091: 'typedef ': 변수를 선언하지 않으면 'EAICommandType' 왼쪽은 무시됩니다.
D:\git\src\IBK\IBK_DRFN\ProjSrc\SrcChartEx\ChartAddIn\ChartPeriodSummaryAddIn\Include\PDll.h(468,6): warning C4996: 'strcpy': This function or variable may be unsafe. Consider using strcpy_s instead. To disable deprecation, use _CRT_SECURE_NO_WARNINGS. See online help for details.
D:\git\src\IBK\IBK_DRFN\ProjSrc\SrcChartEx\ChartAddIn\ChartPeriodSummaryAddIn\ChartOrderLineAddInImp.cpp(849,57): warning C4244: '인수': '__int64'에서 'double'(으)로 변환하면서 데이터가 손실될 수 있습니다.
D:\git\src\IBK\IBK_DRFN\ProjSrc\SrcChartEx\ChartAddIn\ChartPeriodSummaryAddIn\ChartOrderLineAddInImp.cpp(850,57): warning C4244: '인수': '__int64'에서 'double'(으)로 변환하면서 데이터가 손실될 수 있습니다.
D:\git\src\IBK\IBK_DRFN\ProjSrc\SrcChartEx\ChartAddIn\ChartPeriodSummaryAddIn\ChartOrderLineAddInImp.cpp(1053,43): warning C4244: '인수': '__int64'에서 'double'(으)로 변환하면서 데이터가 손실될 수 있습니다.
D:\git\src\IBK\IBK_DRFN\ProjSrc\SrcChartEx\ChartAddIn\ChartPeriodSummaryAddIn\ChartOrderLineAddInImp.cpp(1246,35): warning C4244: '=': '__int64'에서 'double'(으)로 변환하면서 데이터가 손실될 수 있습니다.
D:\git\src\IBK\IBK_DRFN\ProjSrc\SrcChartEx\ChartAddIn\ChartPeriodSummaryAddIn\ChartOrderLineAddInImp.cpp(1247,29): warning C4244: '=': '__int64'에서 'double'(으)로 변환하면서 데이터가 손실될 수 있습니다.
  ChartPeriodSummaryAddIn.cpp
D:\git\src\IBK\IBK_DRFN\ProjSrc\SrcChartEx\ChartAddIn\ChartPeriodSummaryAddIn\Include_Addin\I133691\_Addincommand.h(391,2): warning C4091: 'typedef ': 변수를 선언하지 않으면 'EAICommandType' 왼쪽은 무시됩니다.
  ChartPeriodSummaryAddInImp.cpp
D:\git\src\IBK\IBK_DRFN\ProjSrc\SrcChartEx\ChartAddIn\ChartPeriodSummaryAddIn\Include_AddIn\I133691\_Addincommand.h(391,2): warning C4091: 'typedef ': 변수를 선언하지 않으면 'EAICommandType' 왼쪽은 무시됩니다.
D:\git\src\IBK\IBK_DRFN\ProjSrc\SrcChartEx\ChartAddIn\ChartPeriodSummaryAddIn\Include\PDll.h(468,6): warning C4996: 'strcpy': This function or variable may be unsafe. Consider using strcpy_s instead. To disable deprecation, use _CRT_SECURE_NO_WARNINGS. See online help for details.
  BitmapItemComboBox.cpp
  ColorButton.cpp
  DlgConfirm.cpp
  _ChartAddInBase.cpp
  _IWUnknown.cpp
  Conversion.cpp
D:\git\src\IBK\IBK_DRFN\ProjSrc\SrcChartEx\ChartAddIn\ChartPeriodSummaryAddIn\Include\PDll.h(468,6): warning C4996: 'strcpy': This function or variable may be unsafe. Consider using strcpy_s instead. To disable deprecation, use _CRT_SECURE_NO_WARNINGS. See online help for details.
D:\git\src\IBK\IBK_DRFN\ProjSrc\SrcChartEx\ChartAddIn\ChartPeriodSummaryAddIn\Include_Chart\Conversion.cpp(56,2): warning C4996: 'strcpy': This function or variable may be unsafe. Consider using strcpy_s instead. To disable deprecation, use _CRT_SECURE_NO_WARNINGS. See online help for details.
D:\git\src\IBK\IBK_DRFN\ProjSrc\SrcChartEx\ChartAddIn\ChartPeriodSummaryAddIn\Include_Chart\Conversion.cpp(106,2): warning C4996: 'sprintf': This function or variable may be unsafe. Consider using sprintf_s instead. To disable deprecation, use _CRT_SECURE_NO_WARNINGS. See online help for details.
D:\git\src\IBK\IBK_DRFN\ProjSrc\SrcChartEx\ChartAddIn\ChartPeriodSummaryAddIn\Include_Chart\Conversion.cpp(2967,11): warning C4996: 'localtime': This function or variable may be unsafe. Consider using localtime_s instead. To disable deprecation, use _CRT_SECURE_NO_WARNINGS. See online help for details.
  DataMath.cpp
  IMetaTable.cpp
D:\git\src\IBK\IBK_DRFN\ProjSrc\SrcChartEx\ChartAddIn\ChartPeriodSummaryAddIn\Include\PDll.h(468,6): warning C4996: 'strcpy': This function or variable may be unsafe. Consider using strcpy_s instead. To disable deprecation, use _CRT_SECURE_NO_WARNINGS. See online help for details.
D:\git\src\IBK\IBK_DRFN\ProjSrc\SrcChartEx\ChartAddIn\ChartPeriodSummaryAddIn\Include\ProgIDInfo.h(172,3): warning C4996: 'strcpy': This function or variable may be unsafe. Consider using strcpy_s instead. To disable deprecation, use _CRT_SECURE_NO_WARNINGS. See online help for details.
D:\git\src\IBK\IBK_DRFN\ProjSrc\SrcChartEx\ChartAddIn\ChartPeriodSummaryAddIn\Include\ProgIDInfo.h(173,3): warning C4996: 'strcpy': This function or variable may be unsafe. Consider using strcpy_s instead. To disable deprecation, use _CRT_SECURE_NO_WARNINGS. See online help for details.
D:\git\src\IBK\IBK_DRFN\ProjSrc\SrcChartEx\ChartAddIn\ChartPeriodSummaryAddIn\Include\ProgIDInfo.h(174,3): warning C4996: 'strcpy': This function or variable may be unsafe. Consider using strcpy_s instead. To disable deprecation, use _CRT_SECURE_NO_WARNINGS. See online help for details.
D:\git\src\IBK\IBK_DRFN\ProjSrc\SrcChartEx\ChartAddIn\ChartPeriodSummaryAddIn\Include\ProgIDInfo.h(180,4): warning C4996: 'strcpy': This function or variable may be unsafe. Consider using strcpy_s instead. To disable deprecation, use _CRT_SECURE_NO_WARNINGS. See online help for details.
D:\git\src\IBK\IBK_DRFN\ProjSrc\SrcChartEx\ChartAddIn\ChartPeriodSummaryAddIn\Include\ProgIDInfo.h(331,4): warning C4996: 'strupr': The POSIX name for this item is deprecated. Instead, use the ISO C and C++ conformant name: _strupr. See online help for details.
D:\git\src\IBK\IBK_DRFN\ProjSrc\SrcChartEx\ChartAddIn\ChartPeriodSummaryAddIn\Include_Chart\MapStringToWord.h(23,1): warning C4302: '형식 캐스트': 'void *'에서 'WORD'(으)로 잘립니다.
  LineObj.cpp
D:\git\src\IBK\IBK_DRFN\ProjSrc\SrcChartEx\ChartAddIn\ChartPeriodSummaryAddIn\Include\PDll.h(468,6): warning C4996: 'strcpy': This function or variable may be unsafe. Consider using strcpy_s instead. To disable deprecation, use _CRT_SECURE_NO_WARNINGS. See online help for details.
  OrderLineConfigDlg.cpp
D:\git\src\IBK\IBK_DRFN\ProjSrc\SrcChartEx\ChartAddIn\ChartPeriodSummaryAddIn\Include\PDll.h(468,6): warning C4996: 'strcpy': This function or variable may be unsafe. Consider using strcpy_s instead. To disable deprecation, use _CRT_SECURE_NO_WARNINGS. See online help for details.
D:\git\src\IBK\IBK_DRFN\ProjSrc\SrcChartEx\ChartAddIn\ChartPeriodSummaryAddIn\Include_AddIn\I133691\_Addincommand.h(391,2): warning C4091: 'typedef ': 변수를 선언하지 않으면 'EAICommandType' 왼쪽은 무시됩니다.
  OrderLineManDlg.cpp
D:\git\src\IBK\IBK_DRFN\ProjSrc\SrcChartEx\ChartAddIn\ChartPeriodSummaryAddIn\Include_AddIn\I133691\_Addincommand.h(391,2): warning C4091: 'typedef ': 변수를 선언하지 않으면 'EAICommandType' 왼쪽은 무시됩니다.
  PeriodObj.cpp
D:\git\src\IBK\IBK_DRFN\ProjSrc\SrcChartEx\ChartAddIn\ChartPeriodSummaryAddIn\Include\PDll.h(468,6): warning C4996: 'strcpy': This function or variable may be unsafe. Consider using strcpy_s instead. To disable deprecation, use _CRT_SECURE_NO_WARNINGS. See online help for details.
D:\git\src\IBK\IBK_DRFN\ProjSrc\SrcChartEx\ChartAddIn\ChartPeriodSummaryAddIn\Include_AddIn\I133691\_Addincommand.h(391,2): warning C4091: 'typedef ': 변수를 선언하지 않으면 'EAICommandType' 왼쪽은 무시됩니다.
D:\git\src\IBK\IBK_DRFN\ProjSrc\SrcChartEx\ChartAddIn\ChartPeriodSummaryAddIn\PeriodObj.cpp(1145,19): warning C4244: '=': '__int64'에서 'int'(으)로 변환하면서 데이터가 손실될 수 있습니다.
D:\git\src\IBK\IBK_DRFN\ProjSrc\SrcChartEx\ChartAddIn\ChartPeriodSummaryAddIn\PeriodObj.cpp(1147,16): warning C4244: '=': '__int64'에서 'int'(으)로 변환하면서 데이터가 손실될 수 있습니다.
D:\git\src\IBK\IBK_DRFN\ProjSrc\SrcChartEx\ChartAddIn\ChartPeriodSummaryAddIn\PeriodObj.cpp(1149,16): warning C4244: '=': '__int64'에서 'int'(으)로 변환하면서 데이터가 손실될 수 있습니다.
D:\git\src\IBK\IBK_DRFN\ProjSrc\SrcChartEx\ChartAddIn\ChartPeriodSummaryAddIn\PeriodObj.cpp(1151,16): warning C4244: '=': '__int64'에서 'int'(으)로 변환하면서 데이터가 손실될 수 있습니다.
D:\git\src\IBK\IBK_DRFN\ProjSrc\SrcChartEx\ChartAddIn\ChartPeriodSummaryAddIn\PeriodObj.cpp(1153,16): warning C4244: '=': '__int64'에서 'int'(으)로 변환하면서 데이터가 손실될 수 있습니다.
D:\git\src\IBK\IBK_DRFN\ProjSrc\SrcChartEx\ChartAddIn\ChartPeriodSummaryAddIn\PeriodObj.cpp(1157,19): warning C4244: '=': '__int64'에서 'int'(으)로 변환하면서 데이터가 손실될 수 있습니다.
D:\git\src\IBK\IBK_DRFN\ProjSrc\SrcChartEx\ChartAddIn\ChartPeriodSummaryAddIn\PeriodObj.cpp(1159,16): warning C4244: '=': '__int64'에서 'int'(으)로 변환하면서 데이터가 손실될 수 있습니다.
D:\git\src\IBK\IBK_DRFN\ProjSrc\SrcChartEx\ChartAddIn\ChartPeriodSummaryAddIn\PeriodObj.cpp(1161,16): warning C4244: '=': '__int64'에서 'int'(으)로 변환하면서 데이터가 손실될 수 있습니다.
D:\git\src\IBK\IBK_DRFN\ProjSrc\SrcChartEx\ChartAddIn\ChartPeriodSummaryAddIn\PeriodObj.cpp(1163,16): warning C4244: '=': '__int64'에서 'int'(으)로 변환하면서 데이터가 손실될 수 있습니다.
D:\git\src\IBK\IBK_DRFN\ProjSrc\SrcChartEx\ChartAddIn\ChartPeriodSummaryAddIn\PeriodObj.cpp(1165,16): warning C4244: '=': '__int64'에서 'int'(으)로 변환하면서 데이터가 손실될 수 있습니다.
D:\git\src\IBK\IBK_DRFN\ProjSrc\SrcChartEx\ChartAddIn\ChartPeriodSummaryAddIn\PeriodObj.cpp(1204,13): warning C4244: '=': '__int64'에서 'int'(으)로 변환하면서 데이터가 손실될 수 있습니다.
D:\git\src\IBK\IBK_DRFN\ProjSrc\SrcChartEx\ChartAddIn\ChartPeriodSummaryAddIn\PeriodObj.cpp(1206,13): warning C4244: '=': '__int64'에서 'int'(으)로 변환하면서 데이터가 손실될 수 있습니다.
D:\git\src\IBK\IBK_DRFN\ProjSrc\SrcChartEx\ChartAddIn\ChartPeriodSummaryAddIn\PeriodObj.cpp(1208,8): warning C4244: '=': '__int64'에서 'int'(으)로 변환하면서 데이터가 손실될 수 있습니다.
D:\git\src\IBK\IBK_DRFN\ProjSrc\SrcChartEx\ChartAddIn\ChartPeriodSummaryAddIn\PeriodObj.cpp(1212,13): warning C4244: '=': '__int64'에서 'int'(으)로 변환하면서 데이터가 손실될 수 있습니다.
D:\git\src\IBK\IBK_DRFN\ProjSrc\SrcChartEx\ChartAddIn\ChartPeriodSummaryAddIn\PeriodObj.cpp(1214,13): warning C4244: '=': '__int64'에서 'int'(으)로 변환하면서 데이터가 손실될 수 있습니다.
D:\git\src\IBK\IBK_DRFN\ProjSrc\SrcChartEx\ChartAddIn\ChartPeriodSummaryAddIn\PeriodObj.cpp(1216,8): warning C4244: '=': '__int64'에서 'int'(으)로 변환하면서 데이터가 손실될 수 있습니다.
D:\git\src\IBK\IBK_DRFN\ProjSrc\SrcChartEx\ChartAddIn\ChartPeriodSummaryAddIn\PeriodObj.cpp(1224,13): warning C4244: '=': '__int64'에서 'int'(으)로 변환하면서 데이터가 손실될 수 있습니다.
D:\git\src\IBK\IBK_DRFN\ProjSrc\SrcChartEx\ChartAddIn\ChartPeriodSummaryAddIn\PeriodObj.cpp(1226,13): warning C4244: '=': '__int64'에서 'int'(으)로 변환하면서 데이터가 손실될 수 있습니다.
D:\git\src\IBK\IBK_DRFN\ProjSrc\SrcChartEx\ChartAddIn\ChartPeriodSummaryAddIn\PeriodObj.cpp(1228,13): warning C4244: '=': '__int64'에서 'int'(으)로 변환하면서 데이터가 손실될 수 있습니다.
D:\git\src\IBK\IBK_DRFN\ProjSrc\SrcChartEx\ChartAddIn\ChartPeriodSummaryAddIn\PeriodObj.cpp(1230,8): warning C4244: '=': '__int64'에서 'int'(으)로 변환하면서 데이터가 손실될 수 있습니다.
D:\git\src\IBK\IBK_DRFN\ProjSrc\SrcChartEx\ChartAddIn\ChartPeriodSummaryAddIn\PeriodObj.cpp(1235,13): warning C4244: '=': '__int64'에서 'int'(으)로 변환하면서 데이터가 손실될 수 있습니다.
D:\git\src\IBK\IBK_DRFN\ProjSrc\SrcChartEx\ChartAddIn\ChartPeriodSummaryAddIn\PeriodObj.cpp(1237,13): warning C4244: '=': '__int64'에서 'int'(으)로 변환하면서 데이터가 손실될 수 있습니다.
D:\git\src\IBK\IBK_DRFN\ProjSrc\SrcChartEx\ChartAddIn\ChartPeriodSummaryAddIn\PeriodObj.cpp(1239,13): warning C4244: '=': '__int64'에서 'int'(으)로 변환하면서 데이터가 손실될 수 있습니다.
D:\git\src\IBK\IBK_DRFN\ProjSrc\SrcChartEx\ChartAddIn\ChartPeriodSummaryAddIn\PeriodObj.cpp(1241,8): warning C4244: '=': '__int64'에서 'int'(으)로 변환하면서 데이터가 손실될 수 있습니다.
D:\git\src\IBK\IBK_DRFN\ProjSrc\SrcChartEx\ChartAddIn\ChartPeriodSummaryAddIn\PeriodObj.cpp(1247,13): warning C4244: '=': '__int64'에서 'int'(으)로 변환하면서 데이터가 손실될 수 있습니다.
D:\git\src\IBK\IBK_DRFN\ProjSrc\SrcChartEx\ChartAddIn\ChartPeriodSummaryAddIn\PeriodObj.cpp(1249,13): warning C4244: '=': '__int64'에서 'int'(으)로 변환하면서 데이터가 손실될 수 있습니다.
D:\git\src\IBK\IBK_DRFN\ProjSrc\SrcChartEx\ChartAddIn\ChartPeriodSummaryAddIn\PeriodObj.cpp(1251,8): warning C4244: '=': '__int64'에서 'int'(으)로 변환하면서 데이터가 손실될 수 있습니다.
D:\git\src\IBK\IBK_DRFN\ProjSrc\SrcChartEx\ChartAddIn\ChartPeriodSummaryAddIn\PeriodObj.cpp(1255,13): warning C4244: '=': '__int64'에서 'int'(으)로 변환하면서 데이터가 손실될 수 있습니다.
D:\git\src\IBK\IBK_DRFN\ProjSrc\SrcChartEx\ChartAddIn\ChartPeriodSummaryAddIn\PeriodObj.cpp(1257,13): warning C4244: '=': '__int64'에서 'int'(으)로 변환하면서 데이터가 손실될 수 있습니다.
D:\git\src\IBK\IBK_DRFN\ProjSrc\SrcChartEx\ChartAddIn\ChartPeriodSummaryAddIn\PeriodObj.cpp(1259,8): warning C4244: '=': '__int64'에서 'int'(으)로 변환하면서 데이터가 손실될 수 있습니다.
D:\git\src\IBK\IBK_DRFN\ProjSrc\SrcChartEx\ChartAddIn\ChartPeriodSummaryAddIn\PeriodObj.cpp(1267,13): warning C4244: '=': '__int64'에서 'int'(으)로 변환하면서 데이터가 손실될 수 있습니다.
D:\git\src\IBK\IBK_DRFN\ProjSrc\SrcChartEx\ChartAddIn\ChartPeriodSummaryAddIn\PeriodObj.cpp(1269,13): warning C4244: '=': '__int64'에서 'int'(으)로 변환하면서 데이터가 손실될 수 있습니다.
D:\git\src\IBK\IBK_DRFN\ProjSrc\SrcChartEx\ChartAddIn\ChartPeriodSummaryAddIn\PeriodObj.cpp(1271,13): warning C4244: '=': '__int64'에서 'int'(으)로 변환하면서 데이터가 손실될 수 있습니다.
D:\git\src\IBK\IBK_DRFN\ProjSrc\SrcChartEx\ChartAddIn\ChartPeriodSummaryAddIn\PeriodObj.cpp(1273,8): warning C4244: '=': '__int64'에서 'int'(으)로 변환하면서 데이터가 손실될 수 있습니다.
D:\git\src\IBK\IBK_DRFN\ProjSrc\SrcChartEx\ChartAddIn\ChartPeriodSummaryAddIn\PeriodObj.cpp(1278,13): warning C4244: '=': '__int64'에서 'int'(으)로 변환하면서 데이터가 손실될 수 있습니다.
D:\git\src\IBK\IBK_DRFN\ProjSrc\SrcChartEx\ChartAddIn\ChartPeriodSummaryAddIn\PeriodObj.cpp(1280,13): warning C4244: '=': '__int64'에서 'int'(으)로 변환하면서 데이터가 손실될 수 있습니다.
D:\git\src\IBK\IBK_DRFN\ProjSrc\SrcChartEx\ChartAddIn\ChartPeriodSummaryAddIn\PeriodObj.cpp(1282,13): warning C4244: '=': '__int64'에서 'int'(으)로 변환하면서 데이터가 손실될 수 있습니다.
D:\git\src\IBK\IBK_DRFN\ProjSrc\SrcChartEx\ChartAddIn\ChartPeriodSummaryAddIn\PeriodObj.cpp(1284,8): warning C4244: '=': '__int64'에서 'int'(으)로 변환하면서 데이터가 손실될 수 있습니다.
D:\git\src\IBK\IBK_DRFN\ProjSrc\SrcChartEx\ChartAddIn\ChartPeriodSummaryAddIn\PeriodObj.cpp(1290,13): warning C4244: '=': '__int64'에서 'int'(으)로 변환하면서 데이터가 손실될 수 있습니다.
D:\git\src\IBK\IBK_DRFN\ProjSrc\SrcChartEx\ChartAddIn\ChartPeriodSummaryAddIn\PeriodObj.cpp(1292,8): warning C4244: '=': '__int64'에서 'int'(으)로 변환하면서 데이터가 손실될 수 있습니다.
D:\git\src\IBK\IBK_DRFN\ProjSrc\SrcChartEx\ChartAddIn\ChartPeriodSummaryAddIn\PeriodObj.cpp(1296,13): warning C4244: '=': '__int64'에서 'int'(으)로 변환하면서 데이터가 손실될 수 있습니다.
D:\git\src\IBK\IBK_DRFN\ProjSrc\SrcChartEx\ChartAddIn\ChartPeriodSummaryAddIn\PeriodObj.cpp(1298,8): warning C4244: '=': '__int64'에서 'int'(으)로 변환하면서 데이터가 손실될 수 있습니다.
  PSConfigDlg.cpp
D:\git\src\IBK\IBK_DRFN\ProjSrc\SrcChartEx\ChartAddIn\ChartPeriodSummaryAddIn\Include\PDll.h(468,6): warning C4996: 'strcpy': This function or variable may be unsafe. Consider using strcpy_s instead. To disable deprecation, use _CRT_SECURE_NO_WARNINGS. See online help for details.
  코드를 생성하고 있습니다...
C:\Program Files (x86)\Microsoft Visual Studio\2019\Community\MSBuild\Microsoft\VC\v160\Microsoft.CppBuild.targets(1363,5): warning MSB8012: TargetPath(D:\git\src\IBK\IBK_DRFN\#DRfn-CS\_Obj\ChartPeriodSummaryAddIn\ChartPeriodSummaryAddIn.dll)이(가) Linker의 OutputFile 속성 값(D:\git\src\IBK\IBK_DRFN\#DRfn-CS\Output\IBK hot Trading\dev\ChartPeriodSummaryAddIn.dll)과 일치하지 않습니다. 이로 인해 프로젝트가 잘못 빌드될 수 있습니다. 이를 수정하려면 $(OutDir), $(TargetName) 및 $(TargetExt) 속성 값이 %(Link.OutputFile)에 지정된 값과 일치해야 합니다.
.\ChartPeriodSummaryAddIn.def(4): warning LNK4017: 대상 플랫폼에는 DESCRIPTION 문이 지원되지 않습니다. 무시됩니다.
     ../../../../#DRfn-CS/_Lib/ChartPeriodSummaryAddIn.lib 라이브러리 및 ../../../../#DRfn-CS/_Lib/ChartPeriodSummaryAddIn.exp 개체를 생성하고 있습니다.
  ChartPeriodSummaryAddIn.vcxproj -> D:\git\src\IBK\IBK_DRFN\#DRfn-CS\_Obj\ChartPeriodSummaryAddIn\ChartPeriodSummaryAddIn.dll
