  StdAfx.cpp
  _WIN32_WINNT not defined. Defaulting to _WIN32_WINNT_MAXVER (see WinSDKVer.h)
  IWAddInDll.cpp
D:\git\src\IBK\IBK_DRFN\ProjSrc\SrcChartEx\ChartOCX\AddInManager\Include_Addin\I423611\IWAddInDll.h(38): warning C4091: 'typedef ': 변수를 선언하지 않으면 'CIWAddInDll423611::EIVERSION' 왼쪽은 무시됩니다.
D:\git\src\IBK\IBK_DRFN\ProjSrc\SrcChartEx\ChartOCX\Include\PDll.h(468,6): warning C4996: 'strcpy': This function or variable may be unsafe. Consider using strcpy_s instead. To disable deprecation, use _CRT_SECURE_NO_WARNINGS. See online help for details.
D:\git\src\IBK\IBK_DRFN\ProjSrc\SrcChartEx\ChartOCX\AddInManager\Include_Addin\I423611\_AddInCommand.h(354,2): warning C4091: 'typedef ': 변수를 선언하지 않으면 'EAICommandType' 왼쪽은 무시됩니다.
  IWAddInToolMgr.cpp
  IWBlock.cpp
  IWChartManager.cpp
  IWChartOcx.cpp
  IWGraphInfo.cpp
  IWGraphInfoManager.cpp
  IWPacket.cpp
  IWPacketManager.cpp
  IWString.cpp
  _ChartAddInBase.cpp
D:\git\src\IBK\IBK_DRFN\ProjSrc\SrcChartEx\ChartOCX\Include\PDll.h(468,6): warning C4996: 'strcpy': This function or variable may be unsafe. Consider using strcpy_s instead. To disable deprecation, use _CRT_SECURE_NO_WARNINGS. See online help for details.
  코드를 생성하고 있습니다...
C:\Program Files (x86)\Microsoft Visual Studio\2019\Community\MSBuild\Microsoft\VC\v160\Microsoft.CppBuild.targets(1545,5): warning MSB8012: TargetPath(D:\git\src\IBK\IBK_DRFN\#DRfn-CS\_Obj\Ｉ423611\Ｉ423611.lib)이(가) Library의 OutputFile 속성 값(D:\git\src\IBK\IBK_DRFN\#DRfn-CS\_Lib\I423611.lib)과 일치하지 않습니다. 이로 인해 프로젝트가 잘못 빌드될 수 있습니다. 이를 수정하려면 $(OutDir), $(TargetName) 및 $(TargetExt) 속성 값이 %(Lib.OutputFile)에 지정된 값과 일치해야 합니다.
C:\Program Files (x86)\Microsoft Visual Studio\2019\Community\MSBuild\Microsoft\VC\v160\Microsoft.CppBuild.targets(1547,5): warning MSB8012: TargetName(Ｉ423611)이(가) Library의 OutputFile 속성 값(I423611)과 일치하지 않습니다. 이로 인해 프로젝트가 잘못 빌드될 수 있습니다. 이를 수정하려면 $(OutDir), $(TargetName) 및 $(TargetExt) 속성 값이 %(Lib.OutputFile)에 지정된 값과 일치해야 합니다.
  Ｉ423611.vcxproj -> D:\git\src\IBK\IBK_DRFN\#DRfn-CS\_Obj\Ｉ423611\Ｉ423611.lib
