d:\git\src\ibk\ibk_drfn\#drfn-cs\_obj\pctrwinix\pctrwinix.pch
d:\git\src\ibk\ibk_drfn\#drfn-cs\_obj\pctrwinix\stdafx.obj
d:\git\src\ibk\ibk_drfn\#drfn-cs\output\_cod\pctrwinix\stdafx.cod
d:\git\src\ibk\ibk_drfn\#drfn-cs\_obj\pctrwinix\_gwanmanager.obj
d:\git\src\ibk\ibk_drfn\#drfn-cs\output\_cod\pctrwinix\_gwanmanager.cod
d:\git\src\ibk\ibk_drfn\#drfn-cs\_obj\pctrwinix\_gatemanager.obj
d:\git\src\ibk\ibk_drfn\#drfn-cs\output\_cod\pctrwinix\_gatemanager.cod
d:\git\src\ibk\ibk_drfn\#drfn-cs\_obj\pctrwinix\pctrwinix.obj
d:\git\src\ibk\ibk_drfn\#drfn-cs\output\_cod\pctrwinix\pctrwinix.cod
d:\git\src\ibk\ibk_drfn\#drfn-cs\_obj\pctrwinix\localheader.obj
d:\git\src\ibk\ibk_drfn\#drfn-cs\output\_cod\pctrwinix\localheader.cod
d:\git\src\ibk\ibk_drfn\#drfn-cs\_obj\pctrwinix\codemanagerwnd.obj
d:\git\src\ibk\ibk_drfn\#drfn-cs\output\_cod\pctrwinix\codemanagerwnd.cod
d:\git\src\ibk\ibk_drfn\#drfn-cs\output\ibk hot trading\dev\pctrwinix.dll
d:\git\src\ibk\ibk_drfn\#drfn-cs\output\ibk hot trading\dev\pctrwinix.map
d:\git\src\ibk\ibk_drfn\#drfn-cs\_obj\pctrwinix\pctrwinix.pdb
d:\git\src\ibk\ibk_drfn\#drfn-cs\_lib\pctrwinix.lib
d:\git\src\ibk\ibk_drfn\#drfn-cs\_lib\pctrwinix.exp
d:\git\src\ibk\ibk_drfn\#drfn-cs\_obj\pctrwinix\pctrwinix.res
d:\git\src\ibk\ibk_drfn\#drfn-cs\_obj\pctrwinix\pctrwinix.tlog\cl.command.1.tlog
d:\git\src\ibk\ibk_drfn\#drfn-cs\_obj\pctrwinix\pctrwinix.tlog\cl.read.1.tlog
d:\git\src\ibk\ibk_drfn\#drfn-cs\_obj\pctrwinix\pctrwinix.tlog\cl.write.1.tlog
d:\git\src\ibk\ibk_drfn\#drfn-cs\_obj\pctrwinix\pctrwinix.tlog\link.command.1.tlog
d:\git\src\ibk\ibk_drfn\#drfn-cs\_obj\pctrwinix\pctrwinix.tlog\link.read.1.tlog
d:\git\src\ibk\ibk_drfn\#drfn-cs\_obj\pctrwinix\pctrwinix.tlog\link.write.1.tlog
d:\git\src\ibk\ibk_drfn\#drfn-cs\_obj\pctrwinix\pctrwinix.tlog\pctrwinix.write.1u.tlog
d:\git\src\ibk\ibk_drfn\#drfn-cs\_obj\pctrwinix\pctrwinix.tlog\rc.command.1.tlog
d:\git\src\ibk\ibk_drfn\#drfn-cs\_obj\pctrwinix\pctrwinix.tlog\rc.read.1.tlog
d:\git\src\ibk\ibk_drfn\#drfn-cs\_obj\pctrwinix\pctrwinix.tlog\rc.write.1.tlog
d:\git\src\ibk\ibk_drfn\#drfn-cs\_obj\pctrwinix\pctrwinix.tlog\.\../../../../#drfn-cs/_obj/pctrwinix\pctrwinix.pdb
