  StdAfx.cpp
  _WIN32_WINNT not defined. Defaulting to _WIN32_WINNT_MAXVER (see WinSDKVer.h)
  CodeManagerWnd.cpp
D:\git\src\IBK\IBK_DRFN\ProjSrc\SrcDrfn\inc\IBaseDefine.h(245,2): warning C4477: 'sscanf' : 서식 문자열 '%X'에 'unsigned int *' 형식의 인수가 필요하지만 variadic 인수 1의 형식이 'HWND *'입니다.
D:\git\src\IBK\IBK_DRFN\ProjSrc\SrcDrfn\inc\IBaseDefine.h(245,2): warning C4996: 'sscanf': This function or variable may be unsafe. Consider using sscanf_s instead. To disable deprecation, use _CRT_SECURE_NO_WARNINGS. See online help for details.
D:\git\src\IBK\IBK_DRFN\ProjSrc\SrcDrfn\inc\IBaseDefine.h(262,2): warning C4477: 'sscanf' : 서식 문자열 '%X'에 'unsigned int *' 형식의 인수가 필요하지만 variadic 인수 1의 형식이 'HWND *'입니다.
D:\git\src\IBK\IBK_DRFN\ProjSrc\SrcDrfn\inc\IBaseDefine.h(262,2): warning C4996: 'sscanf': This function or variable may be unsafe. Consider using sscanf_s instead. To disable deprecation, use _CRT_SECURE_NO_WARNINGS. See online help for details.
D:\git\src\IBK\IBK_DRFN\ProjSrc\SrcDrfn\inc\IBaseDefine.h(272,2): warning C4477: 'sscanf' : 서식 문자열 '%X'에 'unsigned int *' 형식의 인수가 필요하지만 variadic 인수 1의 형식이 'HWND *'입니다.
D:\git\src\IBK\IBK_DRFN\ProjSrc\SrcDrfn\inc\IBaseDefine.h(272,2): warning C4996: 'sscanf': This function or variable may be unsafe. Consider using sscanf_s instead. To disable deprecation, use _CRT_SECURE_NO_WARNINGS. See online help for details.
D:\git\src\IBK\IBK_DRFN\ProjSrc\SrcDrfn\inc\IBaseDefine.h(282,2): warning C4477: 'sscanf' : 서식 문자열 '%X'에 'unsigned int *' 형식의 인수가 필요하지만 variadic 인수 1의 형식이 'HWND *'입니다.
D:\git\src\IBK\IBK_DRFN\ProjSrc\SrcDrfn\inc\IBaseDefine.h(282,2): warning C4996: 'sscanf': This function or variable may be unsafe. Consider using sscanf_s instead. To disable deprecation, use _CRT_SECURE_NO_WARNINGS. See online help for details.
D:\git\src\IBK\IBK_DRFN\ProjSrc\SrcDrfn\inc\IBaseDefine.h(296,2): warning C4477: 'sscanf' : 서식 문자열 '%X'에 'unsigned int *' 형식의 인수가 필요하지만 variadic 인수 1의 형식이 'HWND *'입니다.
D:\git\src\IBK\IBK_DRFN\ProjSrc\SrcDrfn\inc\IBaseDefine.h(296,2): warning C4996: 'sscanf': This function or variable may be unsafe. Consider using sscanf_s instead. To disable deprecation, use _CRT_SECURE_NO_WARNINGS. See online help for details.
D:\git\src\IBK\IBK_DRFN\ProjSrc\SrcDrfn\inc\IBaseDefine.h(310,2): warning C4477: 'sscanf' : 서식 문자열 '%X'에 'unsigned int *' 형식의 인수가 필요하지만 variadic 인수 1의 형식이 'HWND *'입니다.
D:\git\src\IBK\IBK_DRFN\ProjSrc\SrcDrfn\inc\IBaseDefine.h(310,2): warning C4996: 'sscanf': This function or variable may be unsafe. Consider using sscanf_s instead. To disable deprecation, use _CRT_SECURE_NO_WARNINGS. See online help for details.
D:\git\src\IBK\IBK_DRFN\ProjSrc\SrcDrfn\DrCommon\PctrWinix\CodeManagerWnd.cpp(350,13): warning C4244: '초기화 중': 'ULONGLONG'에서 'int'(으)로 변환하면서 데이터가 손실될 수 있습니다.
D:\git\src\IBK\IBK_DRFN\ProjSrc\SrcDrfn\DrCommon\PctrWinix\CodeManagerWnd.cpp(369,3): warning C4996: 'strcpy': This function or variable may be unsafe. Consider using strcpy_s instead. To disable deprecation, use _CRT_SECURE_NO_WARNINGS. See online help for details.
D:\git\src\IBK\IBK_DRFN\ProjSrc\SrcDrfn\DrCommon\PctrWinix\CodeManagerWnd.cpp(370,3): warning C4996: 'strcpy': This function or variable may be unsafe. Consider using strcpy_s instead. To disable deprecation, use _CRT_SECURE_NO_WARNINGS. See online help for details.
D:\git\src\IBK\IBK_DRFN\ProjSrc\SrcDrfn\DrCommon\PctrWinix\CodeManagerWnd.cpp(433,13): warning C4244: '초기화 중': 'ULONGLONG'에서 'int'(으)로 변환하면서 데이터가 손실될 수 있습니다.
D:\git\src\IBK\IBK_DRFN\ProjSrc\SrcDrfn\DrCommon\PctrWinix\CodeManagerWnd.cpp(466,13): warning C4244: '초기화 중': 'ULONGLONG'에서 'int'(으)로 변환하면서 데이터가 손실될 수 있습니다.
D:\git\src\IBK\IBK_DRFN\ProjSrc\SrcDrfn\DrCommon\PctrWinix\CodeManagerWnd.cpp(491,13): warning C4244: '초기화 중': 'ULONGLONG'에서 'int'(으)로 변환하면서 데이터가 손실될 수 있습니다.
D:\git\src\IBK\IBK_DRFN\ProjSrc\SrcDrfn\DrCommon\PctrWinix\CodeManagerWnd.cpp(516,13): warning C4244: '초기화 중': 'ULONGLONG'에서 'int'(으)로 변환하면서 데이터가 손실될 수 있습니다.
D:\git\src\IBK\IBK_DRFN\ProjSrc\SrcDrfn\DrCommon\PctrWinix\CodeManagerWnd.cpp(544,27): warning C4244: '=': 'ULONGLONG'에서 'int'(으)로 변환하면서 데이터가 손실될 수 있습니다.
D:\git\src\IBK\IBK_DRFN\ProjSrc\SrcDrfn\DrCommon\PctrWinix\CodeManagerWnd.cpp(641,13): warning C4244: '초기화 중': 'ULONGLONG'에서 'int'(으)로 변환하면서 데이터가 손실될 수 있습니다.
D:\git\src\IBK\IBK_DRFN\ProjSrc\SrcDrfn\DrCommon\PctrWinix\CodeManagerWnd.cpp(677,13): warning C4244: '초기화 중': 'ULONGLONG'에서 'int'(으)로 변환하면서 데이터가 손실될 수 있습니다.
D:\git\src\IBK\IBK_DRFN\ProjSrc\SrcDrfn\DrCommon\PctrWinix\CodeManagerWnd.cpp(731,27): warning C4244: '=': 'ULONGLONG'에서 'int'(으)로 변환하면서 데이터가 손실될 수 있습니다.
D:\git\src\IBK\IBK_DRFN\ProjSrc\SrcDrfn\DrCommon\PctrWinix\CodeManagerWnd.cpp(810,13): warning C4244: '초기화 중': 'ULONGLONG'에서 'int'(으)로 변환하면서 데이터가 손실될 수 있습니다.
D:\git\src\IBK\IBK_DRFN\ProjSrc\SrcDrfn\DrCommon\PctrWinix\CodeManagerWnd.cpp(838,13): warning C4244: '초기화 중': 'ULONGLONG'에서 'int'(으)로 변환하면서 데이터가 손실될 수 있습니다.
D:\git\src\IBK\IBK_DRFN\ProjSrc\SrcDrfn\DrCommon\PctrWinix\CodeManagerWnd.cpp(872,13): warning C4244: '초기화 중': 'ULONGLONG'에서 'int'(으)로 변환하면서 데이터가 손실될 수 있습니다.
D:\git\src\IBK\IBK_DRFN\ProjSrc\SrcDrfn\DrCommon\PctrWinix\CodeManagerWnd.cpp(902,13): warning C4244: '초기화 중': 'ULONGLONG'에서 'int'(으)로 변환하면서 데이터가 손실될 수 있습니다.
  LocalHeader.cpp
D:\git\src\IBK\IBK_DRFN\ProjSrc\SrcDrfn\inc\IBaseDefine.h(245,2): warning C4477: 'sscanf' : 서식 문자열 '%X'에 'unsigned int *' 형식의 인수가 필요하지만 variadic 인수 1의 형식이 'HWND *'입니다.
D:\git\src\IBK\IBK_DRFN\ProjSrc\SrcDrfn\inc\IBaseDefine.h(245,2): warning C4996: 'sscanf': This function or variable may be unsafe. Consider using sscanf_s instead. To disable deprecation, use _CRT_SECURE_NO_WARNINGS. See online help for details.
D:\git\src\IBK\IBK_DRFN\ProjSrc\SrcDrfn\inc\IBaseDefine.h(262,2): warning C4477: 'sscanf' : 서식 문자열 '%X'에 'unsigned int *' 형식의 인수가 필요하지만 variadic 인수 1의 형식이 'HWND *'입니다.
D:\git\src\IBK\IBK_DRFN\ProjSrc\SrcDrfn\inc\IBaseDefine.h(262,2): warning C4996: 'sscanf': This function or variable may be unsafe. Consider using sscanf_s instead. To disable deprecation, use _CRT_SECURE_NO_WARNINGS. See online help for details.
D:\git\src\IBK\IBK_DRFN\ProjSrc\SrcDrfn\inc\IBaseDefine.h(272,2): warning C4477: 'sscanf' : 서식 문자열 '%X'에 'unsigned int *' 형식의 인수가 필요하지만 variadic 인수 1의 형식이 'HWND *'입니다.
D:\git\src\IBK\IBK_DRFN\ProjSrc\SrcDrfn\inc\IBaseDefine.h(272,2): warning C4996: 'sscanf': This function or variable may be unsafe. Consider using sscanf_s instead. To disable deprecation, use _CRT_SECURE_NO_WARNINGS. See online help for details.
D:\git\src\IBK\IBK_DRFN\ProjSrc\SrcDrfn\inc\IBaseDefine.h(282,2): warning C4477: 'sscanf' : 서식 문자열 '%X'에 'unsigned int *' 형식의 인수가 필요하지만 variadic 인수 1의 형식이 'HWND *'입니다.
D:\git\src\IBK\IBK_DRFN\ProjSrc\SrcDrfn\inc\IBaseDefine.h(282,2): warning C4996: 'sscanf': This function or variable may be unsafe. Consider using sscanf_s instead. To disable deprecation, use _CRT_SECURE_NO_WARNINGS. See online help for details.
D:\git\src\IBK\IBK_DRFN\ProjSrc\SrcDrfn\inc\IBaseDefine.h(296,2): warning C4477: 'sscanf' : 서식 문자열 '%X'에 'unsigned int *' 형식의 인수가 필요하지만 variadic 인수 1의 형식이 'HWND *'입니다.
D:\git\src\IBK\IBK_DRFN\ProjSrc\SrcDrfn\inc\IBaseDefine.h(296,2): warning C4996: 'sscanf': This function or variable may be unsafe. Consider using sscanf_s instead. To disable deprecation, use _CRT_SECURE_NO_WARNINGS. See online help for details.
D:\git\src\IBK\IBK_DRFN\ProjSrc\SrcDrfn\inc\IBaseDefine.h(310,2): warning C4477: 'sscanf' : 서식 문자열 '%X'에 'unsigned int *' 형식의 인수가 필요하지만 variadic 인수 1의 형식이 'HWND *'입니다.
D:\git\src\IBK\IBK_DRFN\ProjSrc\SrcDrfn\inc\IBaseDefine.h(310,2): warning C4996: 'sscanf': This function or variable may be unsafe. Consider using sscanf_s instead. To disable deprecation, use _CRT_SECURE_NO_WARNINGS. See online help for details.
  PctrWinix.cpp
D:\git\src\IBK\IBK_DRFN\ProjSrc\SrcDrfn\inc\IBaseDefine.h(245,2): warning C4477: 'sscanf' : 서식 문자열 '%X'에 'unsigned int *' 형식의 인수가 필요하지만 variadic 인수 1의 형식이 'HWND *'입니다.
D:\git\src\IBK\IBK_DRFN\ProjSrc\SrcDrfn\inc\IBaseDefine.h(245,2): warning C4996: 'sscanf': This function or variable may be unsafe. Consider using sscanf_s instead. To disable deprecation, use _CRT_SECURE_NO_WARNINGS. See online help for details.
D:\git\src\IBK\IBK_DRFN\ProjSrc\SrcDrfn\inc\IBaseDefine.h(262,2): warning C4477: 'sscanf' : 서식 문자열 '%X'에 'unsigned int *' 형식의 인수가 필요하지만 variadic 인수 1의 형식이 'HWND *'입니다.
D:\git\src\IBK\IBK_DRFN\ProjSrc\SrcDrfn\inc\IBaseDefine.h(262,2): warning C4996: 'sscanf': This function or variable may be unsafe. Consider using sscanf_s instead. To disable deprecation, use _CRT_SECURE_NO_WARNINGS. See online help for details.
D:\git\src\IBK\IBK_DRFN\ProjSrc\SrcDrfn\inc\IBaseDefine.h(272,2): warning C4477: 'sscanf' : 서식 문자열 '%X'에 'unsigned int *' 형식의 인수가 필요하지만 variadic 인수 1의 형식이 'HWND *'입니다.
D:\git\src\IBK\IBK_DRFN\ProjSrc\SrcDrfn\inc\IBaseDefine.h(272,2): warning C4996: 'sscanf': This function or variable may be unsafe. Consider using sscanf_s instead. To disable deprecation, use _CRT_SECURE_NO_WARNINGS. See online help for details.
D:\git\src\IBK\IBK_DRFN\ProjSrc\SrcDrfn\inc\IBaseDefine.h(282,2): warning C4477: 'sscanf' : 서식 문자열 '%X'에 'unsigned int *' 형식의 인수가 필요하지만 variadic 인수 1의 형식이 'HWND *'입니다.
D:\git\src\IBK\IBK_DRFN\ProjSrc\SrcDrfn\inc\IBaseDefine.h(282,2): warning C4996: 'sscanf': This function or variable may be unsafe. Consider using sscanf_s instead. To disable deprecation, use _CRT_SECURE_NO_WARNINGS. See online help for details.
D:\git\src\IBK\IBK_DRFN\ProjSrc\SrcDrfn\inc\IBaseDefine.h(296,2): warning C4477: 'sscanf' : 서식 문자열 '%X'에 'unsigned int *' 형식의 인수가 필요하지만 variadic 인수 1의 형식이 'HWND *'입니다.
D:\git\src\IBK\IBK_DRFN\ProjSrc\SrcDrfn\inc\IBaseDefine.h(296,2): warning C4996: 'sscanf': This function or variable may be unsafe. Consider using sscanf_s instead. To disable deprecation, use _CRT_SECURE_NO_WARNINGS. See online help for details.
D:\git\src\IBK\IBK_DRFN\ProjSrc\SrcDrfn\inc\IBaseDefine.h(310,2): warning C4477: 'sscanf' : 서식 문자열 '%X'에 'unsigned int *' 형식의 인수가 필요하지만 variadic 인수 1의 형식이 'HWND *'입니다.
D:\git\src\IBK\IBK_DRFN\ProjSrc\SrcDrfn\inc\IBaseDefine.h(310,2): warning C4996: 'sscanf': This function or variable may be unsafe. Consider using sscanf_s instead. To disable deprecation, use _CRT_SECURE_NO_WARNINGS. See online help for details.
  _GateManager.cpp
D:\git\src\IBK\IBK_DRFN\ProjSrc\SrcDrfn\inc\IBaseDefine.h(245,2): warning C4477: 'sscanf' : 서식 문자열 '%X'에 'unsigned int *' 형식의 인수가 필요하지만 variadic 인수 1의 형식이 'HWND *'입니다.
D:\git\src\IBK\IBK_DRFN\ProjSrc\SrcDrfn\inc\IBaseDefine.h(245,2): warning C4996: 'sscanf': This function or variable may be unsafe. Consider using sscanf_s instead. To disable deprecation, use _CRT_SECURE_NO_WARNINGS. See online help for details.
D:\git\src\IBK\IBK_DRFN\ProjSrc\SrcDrfn\inc\IBaseDefine.h(262,2): warning C4477: 'sscanf' : 서식 문자열 '%X'에 'unsigned int *' 형식의 인수가 필요하지만 variadic 인수 1의 형식이 'HWND *'입니다.
D:\git\src\IBK\IBK_DRFN\ProjSrc\SrcDrfn\inc\IBaseDefine.h(262,2): warning C4996: 'sscanf': This function or variable may be unsafe. Consider using sscanf_s instead. To disable deprecation, use _CRT_SECURE_NO_WARNINGS. See online help for details.
D:\git\src\IBK\IBK_DRFN\ProjSrc\SrcDrfn\inc\IBaseDefine.h(272,2): warning C4477: 'sscanf' : 서식 문자열 '%X'에 'unsigned int *' 형식의 인수가 필요하지만 variadic 인수 1의 형식이 'HWND *'입니다.
D:\git\src\IBK\IBK_DRFN\ProjSrc\SrcDrfn\inc\IBaseDefine.h(272,2): warning C4996: 'sscanf': This function or variable may be unsafe. Consider using sscanf_s instead. To disable deprecation, use _CRT_SECURE_NO_WARNINGS. See online help for details.
D:\git\src\IBK\IBK_DRFN\ProjSrc\SrcDrfn\inc\IBaseDefine.h(282,2): warning C4477: 'sscanf' : 서식 문자열 '%X'에 'unsigned int *' 형식의 인수가 필요하지만 variadic 인수 1의 형식이 'HWND *'입니다.
D:\git\src\IBK\IBK_DRFN\ProjSrc\SrcDrfn\inc\IBaseDefine.h(282,2): warning C4996: 'sscanf': This function or variable may be unsafe. Consider using sscanf_s instead. To disable deprecation, use _CRT_SECURE_NO_WARNINGS. See online help for details.
D:\git\src\IBK\IBK_DRFN\ProjSrc\SrcDrfn\inc\IBaseDefine.h(296,2): warning C4477: 'sscanf' : 서식 문자열 '%X'에 'unsigned int *' 형식의 인수가 필요하지만 variadic 인수 1의 형식이 'HWND *'입니다.
D:\git\src\IBK\IBK_DRFN\ProjSrc\SrcDrfn\inc\IBaseDefine.h(296,2): warning C4996: 'sscanf': This function or variable may be unsafe. Consider using sscanf_s instead. To disable deprecation, use _CRT_SECURE_NO_WARNINGS. See online help for details.
D:\git\src\IBK\IBK_DRFN\ProjSrc\SrcDrfn\inc\IBaseDefine.h(310,2): warning C4477: 'sscanf' : 서식 문자열 '%X'에 'unsigned int *' 형식의 인수가 필요하지만 variadic 인수 1의 형식이 'HWND *'입니다.
D:\git\src\IBK\IBK_DRFN\ProjSrc\SrcDrfn\inc\IBaseDefine.h(310,2): warning C4996: 'sscanf': This function or variable may be unsafe. Consider using sscanf_s instead. To disable deprecation, use _CRT_SECURE_NO_WARNINGS. See online help for details.
  _GwanManager.cpp
D:\git\src\IBK\IBK_DRFN\ProjSrc\SrcDrfn\inc\IBaseDefine.h(245,2): warning C4477: 'sscanf' : 서식 문자열 '%X'에 'unsigned int *' 형식의 인수가 필요하지만 variadic 인수 1의 형식이 'HWND *'입니다.
D:\git\src\IBK\IBK_DRFN\ProjSrc\SrcDrfn\inc\IBaseDefine.h(245,2): warning C4996: 'sscanf': This function or variable may be unsafe. Consider using sscanf_s instead. To disable deprecation, use _CRT_SECURE_NO_WARNINGS. See online help for details.
D:\git\src\IBK\IBK_DRFN\ProjSrc\SrcDrfn\inc\IBaseDefine.h(262,2): warning C4477: 'sscanf' : 서식 문자열 '%X'에 'unsigned int *' 형식의 인수가 필요하지만 variadic 인수 1의 형식이 'HWND *'입니다.
D:\git\src\IBK\IBK_DRFN\ProjSrc\SrcDrfn\inc\IBaseDefine.h(262,2): warning C4996: 'sscanf': This function or variable may be unsafe. Consider using sscanf_s instead. To disable deprecation, use _CRT_SECURE_NO_WARNINGS. See online help for details.
D:\git\src\IBK\IBK_DRFN\ProjSrc\SrcDrfn\inc\IBaseDefine.h(272,2): warning C4477: 'sscanf' : 서식 문자열 '%X'에 'unsigned int *' 형식의 인수가 필요하지만 variadic 인수 1의 형식이 'HWND *'입니다.
D:\git\src\IBK\IBK_DRFN\ProjSrc\SrcDrfn\inc\IBaseDefine.h(272,2): warning C4996: 'sscanf': This function or variable may be unsafe. Consider using sscanf_s instead. To disable deprecation, use _CRT_SECURE_NO_WARNINGS. See online help for details.
D:\git\src\IBK\IBK_DRFN\ProjSrc\SrcDrfn\inc\IBaseDefine.h(282,2): warning C4477: 'sscanf' : 서식 문자열 '%X'에 'unsigned int *' 형식의 인수가 필요하지만 variadic 인수 1의 형식이 'HWND *'입니다.
D:\git\src\IBK\IBK_DRFN\ProjSrc\SrcDrfn\inc\IBaseDefine.h(282,2): warning C4996: 'sscanf': This function or variable may be unsafe. Consider using sscanf_s instead. To disable deprecation, use _CRT_SECURE_NO_WARNINGS. See online help for details.
D:\git\src\IBK\IBK_DRFN\ProjSrc\SrcDrfn\inc\IBaseDefine.h(296,2): warning C4477: 'sscanf' : 서식 문자열 '%X'에 'unsigned int *' 형식의 인수가 필요하지만 variadic 인수 1의 형식이 'HWND *'입니다.
D:\git\src\IBK\IBK_DRFN\ProjSrc\SrcDrfn\inc\IBaseDefine.h(296,2): warning C4996: 'sscanf': This function or variable may be unsafe. Consider using sscanf_s instead. To disable deprecation, use _CRT_SECURE_NO_WARNINGS. See online help for details.
D:\git\src\IBK\IBK_DRFN\ProjSrc\SrcDrfn\inc\IBaseDefine.h(310,2): warning C4477: 'sscanf' : 서식 문자열 '%X'에 'unsigned int *' 형식의 인수가 필요하지만 variadic 인수 1의 형식이 'HWND *'입니다.
D:\git\src\IBK\IBK_DRFN\ProjSrc\SrcDrfn\inc\IBaseDefine.h(310,2): warning C4996: 'sscanf': This function or variable may be unsafe. Consider using sscanf_s instead. To disable deprecation, use _CRT_SECURE_NO_WARNINGS. See online help for details.
D:\git\src\IBK\IBK_DRFN\ProjSrc\SrcDrfn\DrCommon\PctrWinix\_GwanManager.cpp(74,23): warning C4477: 'sscanf' : 서식 문자열 '%08X'에 'unsigned int *' 형식의 인수가 필요하지만 variadic 인수 1의 형식이 'HWND *'입니다.
D:\git\src\IBK\IBK_DRFN\ProjSrc\SrcDrfn\DrCommon\PctrWinix\_GwanManager.cpp(75,23): warning C4477: 'sscanf' : 서식 문자열 '%08X'에 'unsigned int *' 형식의 인수가 필요하지만 variadic 인수 1의 형식이 'HWND *'입니다.
D:\git\src\IBK\IBK_DRFN\ProjSrc\SrcDrfn\DrCommon\PctrWinix\_GwanManager.cpp(76,23): warning C4477: 'sscanf' : 서식 문자열 '%08X'에 'unsigned int *' 형식의 인수가 필요하지만 variadic 인수 1의 형식이 'HWND *'입니다.
D:\git\src\IBK\IBK_DRFN\ProjSrc\SrcDrfn\DrCommon\PctrWinix\_GwanManager.cpp(74,2): warning C4996: 'sscanf': This function or variable may be unsafe. Consider using sscanf_s instead. To disable deprecation, use _CRT_SECURE_NO_WARNINGS. See online help for details.
D:\git\src\IBK\IBK_DRFN\ProjSrc\SrcDrfn\DrCommon\PctrWinix\_GwanManager.cpp(75,2): warning C4996: 'sscanf': This function or variable may be unsafe. Consider using sscanf_s instead. To disable deprecation, use _CRT_SECURE_NO_WARNINGS. See online help for details.
D:\git\src\IBK\IBK_DRFN\ProjSrc\SrcDrfn\DrCommon\PctrWinix\_GwanManager.cpp(76,2): warning C4996: 'sscanf': This function or variable may be unsafe. Consider using sscanf_s instead. To disable deprecation, use _CRT_SECURE_NO_WARNINGS. See online help for details.
D:\git\src\IBK\IBK_DRFN\ProjSrc\SrcDrfn\DrCommon\PctrWinix\_GwanManager.cpp(435,26): warning C4101: 'pxprc' :참조되지 않은 지역 변수입니다.
D:\git\src\IBK\IBK_DRFN\ProjSrc\SrcDrfn\DrCommon\PctrWinix\_GwanManager.cpp(435,35): warning C4101: 'pxnum' :참조되지 않은 지역 변수입니다.
  코드를 생성하고 있습니다...
C:\Program Files (x86)\Microsoft Visual Studio\2019\Community\MSBuild\Microsoft\VC\v160\Microsoft.CppBuild.targets(1363,5): warning MSB8012: TargetPath(D:\git\src\IBK\IBK_DRFN\#DRfn-CS\_Obj\PctrWinix\PctrWinix.dll)이(가) Linker의 OutputFile 속성 값(D:\git\src\IBK\IBK_DRFN\#DRfn-CS\Output\IBK hot Trading\dev\PCTRWINIX.DLL)과 일치하지 않습니다. 이로 인해 프로젝트가 잘못 빌드될 수 있습니다. 이를 수정하려면 $(OutDir), $(TargetName) 및 $(TargetExt) 속성 값이 %(Link.OutputFile)에 지정된 값과 일치해야 합니다.
.\PctrWinix.def(4): warning LNK4017: 대상 플랫폼에는 DESCRIPTION 문이 지원되지 않습니다. 무시됩니다.
     ../../../../#DRfn-CS/_Lib/PCTRWINIX.lib 라이브러리 및 ../../../../#DRfn-CS/_Lib/PCTRWINIX.exp 개체를 생성하고 있습니다.
  PctrWinix.vcxproj -> D:\git\src\IBK\IBK_DRFN\#DRfn-CS\_Obj\PctrWinix\PctrWinix.dll
