  StdAfx.cpp
  _WIN32_WINNT not defined. Defaulting to _WIN32_WINNT_MAXVER (see WinSDKVer.h)
  Conversion.cpp
D:\git\src\IBK\IBK_DRFN\ProjSrc\SrcChartEx\ChartOCX\Include\PDll.h(468,6): warning C4996: 'strcpy': This function or variable may be unsafe. Consider using strcpy_s instead. To disable deprecation, use _CRT_SECURE_NO_WARNINGS. See online help for details.
D:\git\src\IBK\IBK_DRFN\ProjSrc\SrcChartEx\ChartOCX\Include_Chart\Conversion.cpp(56,2): warning C4996: 'strcpy': This function or variable may be unsafe. Consider using strcpy_s instead. To disable deprecation, use _CRT_SECURE_NO_WARNINGS. See online help for details.
D:\git\src\IBK\IBK_DRFN\ProjSrc\SrcChartEx\ChartOCX\Include_Chart\Conversion.cpp(106,2): warning C4996: 'sprintf': This function or variable may be unsafe. Consider using sprintf_s instead. To disable deprecation, use _CRT_SECURE_NO_WARNINGS. See online help for details.
D:\git\src\IBK\IBK_DRFN\ProjSrc\SrcChartEx\ChartOCX\Include_Chart\Conversion.cpp(2952,11): warning C4996: 'localtime': This function or variable may be unsafe. Consider using localtime_s instead. To disable deprecation, use _CRT_SECURE_NO_WARNINGS. See online help for details.
  DataMath.cpp
  IMetaTable.cpp
D:\git\src\IBK\IBK_DRFN\ProjSrc\SrcChartEx\ChartOCX\Include\PDll.h(468,6): warning C4996: 'strcpy': This function or variable may be unsafe. Consider using strcpy_s instead. To disable deprecation, use _CRT_SECURE_NO_WARNINGS. See online help for details.
D:\git\src\IBK\IBK_DRFN\ProjSrc\SrcChartEx\ChartOCX\Include\ProgIDInfo.h(172,3): warning C4996: 'strcpy': This function or variable may be unsafe. Consider using strcpy_s instead. To disable deprecation, use _CRT_SECURE_NO_WARNINGS. See online help for details.
D:\git\src\IBK\IBK_DRFN\ProjSrc\SrcChartEx\ChartOCX\Include\ProgIDInfo.h(173,3): warning C4996: 'strcpy': This function or variable may be unsafe. Consider using strcpy_s instead. To disable deprecation, use _CRT_SECURE_NO_WARNINGS. See online help for details.
D:\git\src\IBK\IBK_DRFN\ProjSrc\SrcChartEx\ChartOCX\Include\ProgIDInfo.h(174,3): warning C4996: 'strcpy': This function or variable may be unsafe. Consider using strcpy_s instead. To disable deprecation, use _CRT_SECURE_NO_WARNINGS. See online help for details.
D:\git\src\IBK\IBK_DRFN\ProjSrc\SrcChartEx\ChartOCX\Include\ProgIDInfo.h(180,4): warning C4996: 'strcpy': This function or variable may be unsafe. Consider using strcpy_s instead. To disable deprecation, use _CRT_SECURE_NO_WARNINGS. See online help for details.
D:\git\src\IBK\IBK_DRFN\ProjSrc\SrcChartEx\ChartOCX\Include\ProgIDInfo.h(331,4): warning C4996: 'strupr': The POSIX name for this item is deprecated. Instead, use the ISO C and C++ conformant name: _strupr. See online help for details.
D:\git\src\IBK\IBK_DRFN\ProjSrc\SrcChartEx\ChartOCX\Include_Chart\MapStringToWord.h(23,1): warning C4302: '형식 캐스트': 'void *'에서 'WORD'(으)로 잘립니다.
  DrawData.cpp
C:\Program Files (x86)\Windows Kits\10\Include\10.0.22000.0\um\multimon.h(185,5): warning C4996: 'GetVersionExA': deprecated로 선언되었습니다.
  Color.cpp
D:\git\src\IBK\IBK_DRFN\ProjSrc\SrcChartEx\ChartOCX\IndicatorCondition\Color.cpp(539,2): warning C4996: 'strcpy': This function or variable may be unsafe. Consider using strcpy_s instead. To disable deprecation, use _CRT_SECURE_NO_WARNINGS. See online help for details.
D:\git\src\IBK\IBK_DRFN\ProjSrc\SrcChartEx\ChartOCX\IndicatorCondition\Color.cpp(1040,2): warning C4996: 'strcpy': This function or variable may be unsafe. Consider using strcpy_s instead. To disable deprecation, use _CRT_SECURE_NO_WARNINGS. See online help for details.
D:\git\src\IBK\IBK_DRFN\ProjSrc\SrcChartEx\ChartOCX\IndicatorCondition\Color.cpp(1044,2): warning C4996: 'strcpy': This function or variable may be unsafe. Consider using strcpy_s instead. To disable deprecation, use _CRT_SECURE_NO_WARNINGS. See online help for details.
D:\git\src\IBK\IBK_DRFN\ProjSrc\SrcChartEx\ChartOCX\IndicatorCondition\Color.cpp(1048,2): warning C4996: 'strcpy': This function or variable may be unsafe. Consider using strcpy_s instead. To disable deprecation, use _CRT_SECURE_NO_WARNINGS. See online help for details.
D:\git\src\IBK\IBK_DRFN\ProjSrc\SrcChartEx\ChartOCX\IndicatorCondition\Color.cpp(1052,2): warning C4996: 'strcpy': This function or variable may be unsafe. Consider using strcpy_s instead. To disable deprecation, use _CRT_SECURE_NO_WARNINGS. See online help for details.
D:\git\src\IBK\IBK_DRFN\ProjSrc\SrcChartEx\ChartOCX\IndicatorCondition\Color.cpp(1056,2): warning C4996: 'strcpy': This function or variable may be unsafe. Consider using strcpy_s instead. To disable deprecation, use _CRT_SECURE_NO_WARNINGS. See online help for details.
D:\git\src\IBK\IBK_DRFN\ProjSrc\SrcChartEx\ChartOCX\IndicatorCondition\Color.cpp(1060,2): warning C4996: 'strcpy': This function or variable may be unsafe. Consider using strcpy_s instead. To disable deprecation, use _CRT_SECURE_NO_WARNINGS. See online help for details.
D:\git\src\IBK\IBK_DRFN\ProjSrc\SrcChartEx\ChartOCX\IndicatorCondition\Color.cpp(1071,2): warning C4996: 'strcpy': This function or variable may be unsafe. Consider using strcpy_s instead. To disable deprecation, use _CRT_SECURE_NO_WARNINGS. See online help for details.
D:\git\src\IBK\IBK_DRFN\ProjSrc\SrcChartEx\ChartOCX\IndicatorCondition\Color.cpp(1075,2): warning C4996: 'strcpy': This function or variable may be unsafe. Consider using strcpy_s instead. To disable deprecation, use _CRT_SECURE_NO_WARNINGS. See online help for details.
D:\git\src\IBK\IBK_DRFN\ProjSrc\SrcChartEx\ChartOCX\IndicatorCondition\Color.cpp(1079,2): warning C4996: 'strcpy': This function or variable may be unsafe. Consider using strcpy_s instead. To disable deprecation, use _CRT_SECURE_NO_WARNINGS. See online help for details.
D:\git\src\IBK\IBK_DRFN\ProjSrc\SrcChartEx\ChartOCX\IndicatorCondition\Color.cpp(1083,2): warning C4996: 'strcpy': This function or variable may be unsafe. Consider using strcpy_s instead. To disable deprecation, use _CRT_SECURE_NO_WARNINGS. See online help for details.
D:\git\src\IBK\IBK_DRFN\ProjSrc\SrcChartEx\ChartOCX\IndicatorCondition\Color.cpp(1105,2): warning C4996: 'strcpy': This function or variable may be unsafe. Consider using strcpy_s instead. To disable deprecation, use _CRT_SECURE_NO_WARNINGS. See online help for details.
D:\git\src\IBK\IBK_DRFN\ProjSrc\SrcChartEx\ChartOCX\IndicatorCondition\Color.cpp(1129,2): warning C4996: 'itoa': The POSIX name for this item is deprecated. Instead, use the ISO C and C++ conformant name: _itoa. See online help for details.
D:\git\src\IBK\IBK_DRFN\ProjSrc\SrcChartEx\ChartOCX\IndicatorCondition\Color.cpp(1132,2): warning C4996: 'itoa': The POSIX name for this item is deprecated. Instead, use the ISO C and C++ conformant name: _itoa. See online help for details.
D:\git\src\IBK\IBK_DRFN\ProjSrc\SrcChartEx\ChartOCX\IndicatorCondition\Color.cpp(1135,2): warning C4996: 'itoa': The POSIX name for this item is deprecated. Instead, use the ISO C and C++ conformant name: _itoa. See online help for details.
  FileBuilder.cpp
D:\git\src\IBK\IBK_DRFN\ProjSrc\SrcChartEx\ChartOCX\Include_Chart\MapStringToWord.h(23,1): warning C4302: '형식 캐스트': 'void *'에서 'WORD'(으)로 잘립니다.
D:\git\src\IBK\IBK_DRFN\ProjSrc\SrcChartEx\ChartOCX\IndicatorCondition\FileBuilder.h(230): warning C4091: 'typedef ': 변수를 선언하지 않으면 'CUserVer5Dot20TypeIndiListBuilder::<unnamed-enum-E_V5_20_BUY_SELL_OVERHANGING_SUPPLY>' 왼쪽은 무시됩니다.
D:\git\src\IBK\IBK_DRFN\ProjSrc\SrcChartEx\ChartOCX\IndicatorCondition\FileBuilder.h(257): warning C4091: 'typedef ': 변수를 선언하지 않으면 'CUserVer5Dot10TypeIndiListBuilder::<unnamed-enum-E_V5_10_VOLUME_FOR_SALE>' 왼쪽은 무시됩니다.
D:\git\src\IBK\IBK_DRFN\ProjSrc\SrcChartEx\ChartOCX\IndicatorCondition\FileBuilder.h(291): warning C4091: 'typedef ': 변수를 선언하지 않으면 'CUserVer5Dot00TypeIndiListBuilder::<unnamed-enum-E_V5_00_PANDF>' 왼쪽은 무시됩니다.
D:\git\src\IBK\IBK_DRFN\ProjSrc\SrcChartEx\ChartOCX\IndicatorCondition\FileBuilder.h(353): warning C4091: 'typedef ': 변수를 선언하지 않으면 'CUserVer3Dot21TypeIndiListBuilder::<unnamed-enum-E_V3_21_PRICE>' 왼쪽은 무시됩니다.
D:\git\src\IBK\IBK_DRFN\ProjSrc\SrcChartEx\ChartOCX\Include\PDll.h(468,6): warning C4996: 'strcpy': This function or variable may be unsafe. Consider using strcpy_s instead. To disable deprecation, use _CRT_SECURE_NO_WARNINGS. See online help for details.
D:\git\src\IBK\IBK_DRFN\ProjSrc\SrcChartEx\ChartOCX\IndicatorCondition\FileBuilder.cpp(36,17): warning C4996: 'fopen': This function or variable may be unsafe. Consider using fopen_s instead. To disable deprecation, use _CRT_SECURE_NO_WARNINGS. See online help for details.
D:\git\src\IBK\IBK_DRFN\ProjSrc\SrcChartEx\ChartOCX\IndicatorCondition\FileBuilder.cpp(56,17): warning C4996: 'fopen': This function or variable may be unsafe. Consider using fopen_s instead. To disable deprecation, use _CRT_SECURE_NO_WARNINGS. See online help for details.
  GraphData.cpp
D:\git\src\IBK\IBK_DRFN\ProjSrc\SrcChartEx\ChartOCX\Include\PDll.h(468,6): warning C4996: 'strcpy': This function or variable may be unsafe. Consider using strcpy_s instead. To disable deprecation, use _CRT_SECURE_NO_WARNINGS. See online help for details.
D:\git\src\IBK\IBK_DRFN\ProjSrc\SrcChartEx\ChartOCX\IndicatorCondition\GraphData.cpp(100,2): warning C4996: 'strcpy': This function or variable may be unsafe. Consider using strcpy_s instead. To disable deprecation, use _CRT_SECURE_NO_WARNINGS. See online help for details.
D:\git\src\IBK\IBK_DRFN\ProjSrc\SrcChartEx\ChartOCX\IndicatorCondition\GraphData.cpp(253,2): warning C4996: 'strcpy': This function or variable may be unsafe. Consider using strcpy_s instead. To disable deprecation, use _CRT_SECURE_NO_WARNINGS. See online help for details.
D:\git\src\IBK\IBK_DRFN\ProjSrc\SrcChartEx\ChartOCX\IndicatorCondition\GraphData.cpp(257,2): warning C4996: 'strcpy': This function or variable may be unsafe. Consider using strcpy_s instead. To disable deprecation, use _CRT_SECURE_NO_WARNINGS. See online help for details.
D:\git\src\IBK\IBK_DRFN\ProjSrc\SrcChartEx\ChartOCX\IndicatorCondition\GraphData.cpp(261,2): warning C4996: 'strcpy': This function or variable may be unsafe. Consider using strcpy_s instead. To disable deprecation, use _CRT_SECURE_NO_WARNINGS. See online help for details.
D:\git\src\IBK\IBK_DRFN\ProjSrc\SrcChartEx\ChartOCX\IndicatorCondition\GraphData.cpp(269,2): warning C4996: 'strcpy': This function or variable may be unsafe. Consider using strcpy_s instead. To disable deprecation, use _CRT_SECURE_NO_WARNINGS. See online help for details.
D:\git\src\IBK\IBK_DRFN\ProjSrc\SrcChartEx\ChartOCX\IndicatorCondition\GraphData.cpp(228,2): warning C4996: 'itoa': The POSIX name for this item is deprecated. Instead, use the ISO C and C++ conformant name: _itoa. See online help for details.
D:\git\src\IBK\IBK_DRFN\ProjSrc\SrcChartEx\ChartOCX\IndicatorCondition\GraphData.cpp(229,2): warning C4996: 'itoa': The POSIX name for this item is deprecated. Instead, use the ISO C and C++ conformant name: _itoa. See online help for details.
D:\git\src\IBK\IBK_DRFN\ProjSrc\SrcChartEx\ChartOCX\IndicatorCondition\GraphData.cpp(230,2): warning C4996: 'itoa': The POSIX name for this item is deprecated. Instead, use the ISO C and C++ conformant name: _itoa. See online help for details.
D:\git\src\IBK\IBK_DRFN\ProjSrc\SrcChartEx\ChartOCX\IndicatorCondition\GraphData.cpp(232,2): warning C4996: 'itoa': The POSIX name for this item is deprecated. Instead, use the ISO C and C++ conformant name: _itoa. See online help for details.
D:\git\src\IBK\IBK_DRFN\ProjSrc\SrcChartEx\ChartOCX\IndicatorCondition\GraphData.cpp(480,2): warning C4996: 'strcpy': This function or variable may be unsafe. Consider using strcpy_s instead. To disable deprecation, use _CRT_SECURE_NO_WARNINGS. See online help for details.
D:\git\src\IBK\IBK_DRFN\ProjSrc\SrcChartEx\ChartOCX\IndicatorCondition\GraphData.cpp(640,2): warning C4996: 'strcpy': This function or variable may be unsafe. Consider using strcpy_s instead. To disable deprecation, use _CRT_SECURE_NO_WARNINGS. See online help for details.
D:\git\src\IBK\IBK_DRFN\ProjSrc\SrcChartEx\ChartOCX\IndicatorCondition\GraphData.cpp(772,2): warning C4996: 'strcpy': This function or variable may be unsafe. Consider using strcpy_s instead. To disable deprecation, use _CRT_SECURE_NO_WARNINGS. See online help for details.
D:\git\src\IBK\IBK_DRFN\ProjSrc\SrcChartEx\ChartOCX\IndicatorCondition\GraphData.cpp(855,2): warning C4996: 'strcpy': This function or variable may be unsafe. Consider using strcpy_s instead. To disable deprecation, use _CRT_SECURE_NO_WARNINGS. See online help for details.
D:\git\src\IBK\IBK_DRFN\ProjSrc\SrcChartEx\ChartOCX\IndicatorCondition\GraphData.cpp(862,2): warning C4996: 'strcpy': This function or variable may be unsafe. Consider using strcpy_s instead. To disable deprecation, use _CRT_SECURE_NO_WARNINGS. See online help for details.
D:\git\src\IBK\IBK_DRFN\ProjSrc\SrcChartEx\ChartOCX\IndicatorCondition\GraphData.cpp(867,2): warning C4996: 'strcpy': This function or variable may be unsafe. Consider using strcpy_s instead. To disable deprecation, use _CRT_SECURE_NO_WARNINGS. See online help for details.
D:\git\src\IBK\IBK_DRFN\ProjSrc\SrcChartEx\ChartOCX\IndicatorCondition\GraphData.cpp(872,2): warning C4996: 'strcpy': This function or variable may be unsafe. Consider using strcpy_s instead. To disable deprecation, use _CRT_SECURE_NO_WARNINGS. See online help for details.
D:\git\src\IBK\IBK_DRFN\ProjSrc\SrcChartEx\ChartOCX\IndicatorCondition\GraphData.cpp(875,2): warning C4996: 'strcpy': This function or variable may be unsafe. Consider using strcpy_s instead. To disable deprecation, use _CRT_SECURE_NO_WARNINGS. See online help for details.
D:\git\src\IBK\IBK_DRFN\ProjSrc\SrcChartEx\ChartOCX\IndicatorCondition\GraphData.cpp(881,3): warning C4996: 'strcpy': This function or variable may be unsafe. Consider using strcpy_s instead. To disable deprecation, use _CRT_SECURE_NO_WARNINGS. See online help for details.
D:\git\src\IBK\IBK_DRFN\ProjSrc\SrcChartEx\ChartOCX\IndicatorCondition\GraphData.cpp(883,3): warning C4996: 'strcpy': This function or variable may be unsafe. Consider using strcpy_s instead. To disable deprecation, use _CRT_SECURE_NO_WARNINGS. See online help for details.
D:\git\src\IBK\IBK_DRFN\ProjSrc\SrcChartEx\ChartOCX\IndicatorCondition\GraphData.cpp(1019,2): warning C4996: 'strcpy': This function or variable may be unsafe. Consider using strcpy_s instead. To disable deprecation, use _CRT_SECURE_NO_WARNINGS. See online help for details.
D:\git\src\IBK\IBK_DRFN\ProjSrc\SrcChartEx\ChartOCX\IndicatorCondition\GraphData.cpp(1330,2): warning C4996: 'strcpy': This function or variable may be unsafe. Consider using strcpy_s instead. To disable deprecation, use _CRT_SECURE_NO_WARNINGS. See online help for details.
D:\git\src\IBK\IBK_DRFN\ProjSrc\SrcChartEx\ChartOCX\IndicatorCondition\GraphData.cpp(1334,2): warning C4996: 'strcpy': This function or variable may be unsafe. Consider using strcpy_s instead. To disable deprecation, use _CRT_SECURE_NO_WARNINGS. See online help for details.
D:\git\src\IBK\IBK_DRFN\ProjSrc\SrcChartEx\ChartOCX\IndicatorCondition\GraphData.cpp(1338,2): warning C4996: 'strcpy': This function or variable may be unsafe. Consider using strcpy_s instead. To disable deprecation, use _CRT_SECURE_NO_WARNINGS. See online help for details.
D:\git\src\IBK\IBK_DRFN\ProjSrc\SrcChartEx\ChartOCX\IndicatorCondition\GraphData.cpp(1342,2): warning C4996: 'strcpy': This function or variable may be unsafe. Consider using strcpy_s instead. To disable deprecation, use _CRT_SECURE_NO_WARNINGS. See online help for details.
D:\git\src\IBK\IBK_DRFN\ProjSrc\SrcChartEx\ChartOCX\IndicatorCondition\GraphData.cpp(1346,2): warning C4996: 'strcpy': This function or variable may be unsafe. Consider using strcpy_s instead. To disable deprecation, use _CRT_SECURE_NO_WARNINGS. See online help for details.
D:\git\src\IBK\IBK_DRFN\ProjSrc\SrcChartEx\ChartOCX\IndicatorCondition\GraphData.cpp(1353,2): warning C4996: 'strcpy': This function or variable may be unsafe. Consider using strcpy_s instead. To disable deprecation, use _CRT_SECURE_NO_WARNINGS. See online help for details.
D:\git\src\IBK\IBK_DRFN\ProjSrc\SrcChartEx\ChartOCX\IndicatorCondition\GraphData.cpp(1356,2): warning C4996: 'strcpy': This function or variable may be unsafe. Consider using strcpy_s instead. To disable deprecation, use _CRT_SECURE_NO_WARNINGS. See online help for details.
D:\git\src\IBK\IBK_DRFN\ProjSrc\SrcChartEx\ChartOCX\IndicatorCondition\GraphData.cpp(1360,2): warning C4996: 'strcpy': This function or variable may be unsafe. Consider using strcpy_s instead. To disable deprecation, use _CRT_SECURE_NO_WARNINGS. See online help for details.
D:\git\src\IBK\IBK_DRFN\ProjSrc\SrcChartEx\ChartOCX\IndicatorCondition\GraphData.cpp(1365,2): warning C4996: 'strcpy': This function or variable may be unsafe. Consider using strcpy_s instead. To disable deprecation, use _CRT_SECURE_NO_WARNINGS. See online help for details.
D:\git\src\IBK\IBK_DRFN\ProjSrc\SrcChartEx\ChartOCX\IndicatorCondition\GraphData.cpp(1284,2): warning C4996: 'itoa': The POSIX name for this item is deprecated. Instead, use the ISO C and C++ conformant name: _itoa. See online help for details.
D:\git\src\IBK\IBK_DRFN\ProjSrc\SrcChartEx\ChartOCX\IndicatorCondition\GraphData.cpp(1285,2): warning C4996: 'itoa': The POSIX name for this item is deprecated. Instead, use the ISO C and C++ conformant name: _itoa. See online help for details.
D:\git\src\IBK\IBK_DRFN\ProjSrc\SrcChartEx\ChartOCX\IndicatorCondition\GraphData.cpp(1286,2): warning C4996: 'itoa': The POSIX name for this item is deprecated. Instead, use the ISO C and C++ conformant name: _itoa. See online help for details.
D:\git\src\IBK\IBK_DRFN\ProjSrc\SrcChartEx\ChartOCX\IndicatorCondition\GraphData.cpp(1288,2): warning C4996: 'itoa': The POSIX name for this item is deprecated. Instead, use the ISO C and C++ conformant name: _itoa. See online help for details.
D:\git\src\IBK\IBK_DRFN\ProjSrc\SrcChartEx\ChartOCX\IndicatorCondition\GraphData.cpp(1290,2): warning C4996: 'itoa': The POSIX name for this item is deprecated. Instead, use the ISO C and C++ conformant name: _itoa. See online help for details.
  GraphTypeData.cpp
D:\git\src\IBK\IBK_DRFN\ProjSrc\SrcChartEx\ChartOCX\Include\PDll.h(468,6): warning C4996: 'strcpy': This function or variable may be unsafe. Consider using strcpy_s instead. To disable deprecation, use _CRT_SECURE_NO_WARNINGS. See online help for details.
D:\git\src\IBK\IBK_DRFN\ProjSrc\SrcChartEx\ChartOCX\Include_Chart\MapStringToWord.h(23,1): warning C4302: '형식 캐스트': 'void *'에서 'WORD'(으)로 잘립니다.
D:\git\src\IBK\IBK_DRFN\ProjSrc\SrcChartEx\ChartOCX\IndicatorCondition\FileBuilder.h(230): warning C4091: 'typedef ': 변수를 선언하지 않으면 'CUserVer5Dot20TypeIndiListBuilder::<unnamed-enum-E_V5_20_BUY_SELL_OVERHANGING_SUPPLY>' 왼쪽은 무시됩니다.
D:\git\src\IBK\IBK_DRFN\ProjSrc\SrcChartEx\ChartOCX\IndicatorCondition\FileBuilder.h(257): warning C4091: 'typedef ': 변수를 선언하지 않으면 'CUserVer5Dot10TypeIndiListBuilder::<unnamed-enum-E_V5_10_VOLUME_FOR_SALE>' 왼쪽은 무시됩니다.
D:\git\src\IBK\IBK_DRFN\ProjSrc\SrcChartEx\ChartOCX\IndicatorCondition\FileBuilder.h(291): warning C4091: 'typedef ': 변수를 선언하지 않으면 'CUserVer5Dot00TypeIndiListBuilder::<unnamed-enum-E_V5_00_PANDF>' 왼쪽은 무시됩니다.
D:\git\src\IBK\IBK_DRFN\ProjSrc\SrcChartEx\ChartOCX\IndicatorCondition\FileBuilder.h(353): warning C4091: 'typedef ': 변수를 선언하지 않으면 'CUserVer3Dot21TypeIndiListBuilder::<unnamed-enum-E_V3_21_PRICE>' 왼쪽은 무시됩니다.
D:\git\src\IBK\IBK_DRFN\ProjSrc\SrcChartEx\ChartOCX\IndicatorCondition\GraphTypeData.cpp(255,32): warning C4018: '<': signed 또는 unsigned가 일치하지 않습니다.
  IndicatorCondition.cpp
  IndicatorConditionBaseData.cpp
D:\git\src\IBK\IBK_DRFN\ProjSrc\SrcChartEx\ChartOCX\Include\PDll.h(468,6): warning C4996: 'strcpy': This function or variable may be unsafe. Consider using strcpy_s instead. To disable deprecation, use _CRT_SECURE_NO_WARNINGS. See online help for details.
D:\git\src\IBK\IBK_DRFN\ProjSrc\SrcChartEx\ChartOCX\Include_Chart\MapStringToWord.h(23,1): warning C4302: '형식 캐스트': 'void *'에서 'WORD'(으)로 잘립니다.
D:\git\src\IBK\IBK_DRFN\ProjSrc\SrcChartEx\ChartOCX\IndicatorCondition\FileBuilder.h(230): warning C4091: 'typedef ': 변수를 선언하지 않으면 'CUserVer5Dot20TypeIndiListBuilder::<unnamed-enum-E_V5_20_BUY_SELL_OVERHANGING_SUPPLY>' 왼쪽은 무시됩니다.
D:\git\src\IBK\IBK_DRFN\ProjSrc\SrcChartEx\ChartOCX\IndicatorCondition\FileBuilder.h(257): warning C4091: 'typedef ': 변수를 선언하지 않으면 'CUserVer5Dot10TypeIndiListBuilder::<unnamed-enum-E_V5_10_VOLUME_FOR_SALE>' 왼쪽은 무시됩니다.
D:\git\src\IBK\IBK_DRFN\ProjSrc\SrcChartEx\ChartOCX\IndicatorCondition\FileBuilder.h(291): warning C4091: 'typedef ': 변수를 선언하지 않으면 'CUserVer5Dot00TypeIndiListBuilder::<unnamed-enum-E_V5_00_PANDF>' 왼쪽은 무시됩니다.
D:\git\src\IBK\IBK_DRFN\ProjSrc\SrcChartEx\ChartOCX\IndicatorCondition\FileBuilder.h(353): warning C4091: 'typedef ': 변수를 선언하지 않으면 'CUserVer3Dot21TypeIndiListBuilder::<unnamed-enum-E_V3_21_PRICE>' 왼쪽은 무시됩니다.
D:\git\src\IBK\IBK_DRFN\ProjSrc\SrcChartEx\ChartOCX\IndicatorCondition\IndicatorConditionBaseData.cpp(559,2): warning C4996: 'strcpy': This function or variable may be unsafe. Consider using strcpy_s instead. To disable deprecation, use _CRT_SECURE_NO_WARNINGS. See online help for details.
D:\git\src\IBK\IBK_DRFN\ProjSrc\SrcChartEx\ChartOCX\IndicatorCondition\IndicatorConditionBaseData.cpp(562,2): warning C4996: 'strcpy': This function or variable may be unsafe. Consider using strcpy_s instead. To disable deprecation, use _CRT_SECURE_NO_WARNINGS. See online help for details.
D:\git\src\IBK\IBK_DRFN\ProjSrc\SrcChartEx\ChartOCX\IndicatorCondition\IndicatorConditionBaseData.cpp(565,2): warning C4996: 'strcpy': This function or variable may be unsafe. Consider using strcpy_s instead. To disable deprecation, use _CRT_SECURE_NO_WARNINGS. See online help for details.
D:\git\src\IBK\IBK_DRFN\ProjSrc\SrcChartEx\ChartOCX\IndicatorCondition\IndicatorConditionBaseData.cpp(568,2): warning C4996: 'strcpy': This function or variable may be unsafe. Consider using strcpy_s instead. To disable deprecation, use _CRT_SECURE_NO_WARNINGS. See online help for details.
D:\git\src\IBK\IBK_DRFN\ProjSrc\SrcChartEx\ChartOCX\IndicatorCondition\IndicatorConditionBaseData.cpp(587,2): warning C4996: 'strcpy': This function or variable may be unsafe. Consider using strcpy_s instead. To disable deprecation, use _CRT_SECURE_NO_WARNINGS. See online help for details.
D:\git\src\IBK\IBK_DRFN\ProjSrc\SrcChartEx\ChartOCX\IndicatorCondition\IndicatorConditionBaseData.cpp(590,2): warning C4996: 'strcpy': This function or variable may be unsafe. Consider using strcpy_s instead. To disable deprecation, use _CRT_SECURE_NO_WARNINGS. See online help for details.
D:\git\src\IBK\IBK_DRFN\ProjSrc\SrcChartEx\ChartOCX\IndicatorCondition\IndicatorConditionBaseData.cpp(593,2): warning C4996: 'strcpy': This function or variable may be unsafe. Consider using strcpy_s instead. To disable deprecation, use _CRT_SECURE_NO_WARNINGS. See online help for details.
D:\git\src\IBK\IBK_DRFN\ProjSrc\SrcChartEx\ChartOCX\IndicatorCondition\IndicatorConditionBaseData.cpp(596,2): warning C4996: 'strcpy': This function or variable may be unsafe. Consider using strcpy_s instead. To disable deprecation, use _CRT_SECURE_NO_WARNINGS. See online help for details.
D:\git\src\IBK\IBK_DRFN\ProjSrc\SrcChartEx\ChartOCX\IndicatorCondition\IndicatorConditionBaseData.cpp(627,3): warning C4996: 'strcpy': This function or variable may be unsafe. Consider using strcpy_s instead. To disable deprecation, use _CRT_SECURE_NO_WARNINGS. See online help for details.
D:\git\src\IBK\IBK_DRFN\ProjSrc\SrcChartEx\ChartOCX\IndicatorCondition\IndicatorConditionBaseData.cpp(657,3): warning C4996: 'strcpy': This function or variable may be unsafe. Consider using strcpy_s instead. To disable deprecation, use _CRT_SECURE_NO_WARNINGS. See online help for details.
D:\git\src\IBK\IBK_DRFN\ProjSrc\SrcChartEx\ChartOCX\IndicatorCondition\IndicatorConditionBaseData.cpp(1056,42): warning C4018: '>=': signed 또는 unsigned가 일치하지 않습니다.
  IndicatorGroupData.cpp
  IndicatorInfo.cpp
  IndicatorInfoImplementation.cpp
D:\git\src\IBK\IBK_DRFN\ProjSrc\SrcChartEx\ChartOCX\Include_Chart\MapStringToWord.h(23,1): warning C4302: '형식 캐스트': 'void *'에서 'WORD'(으)로 잘립니다.
D:\git\src\IBK\IBK_DRFN\ProjSrc\SrcChartEx\ChartOCX\IndicatorCondition\FileBuilder.h(230): warning C4091: 'typedef ': 변수를 선언하지 않으면 'CUserVer5Dot20TypeIndiListBuilder::<unnamed-enum-E_V5_20_BUY_SELL_OVERHANGING_SUPPLY>' 왼쪽은 무시됩니다.
D:\git\src\IBK\IBK_DRFN\ProjSrc\SrcChartEx\ChartOCX\IndicatorCondition\FileBuilder.h(257): warning C4091: 'typedef ': 변수를 선언하지 않으면 'CUserVer5Dot10TypeIndiListBuilder::<unnamed-enum-E_V5_10_VOLUME_FOR_SALE>' 왼쪽은 무시됩니다.
D:\git\src\IBK\IBK_DRFN\ProjSrc\SrcChartEx\ChartOCX\IndicatorCondition\FileBuilder.h(291): warning C4091: 'typedef ': 변수를 선언하지 않으면 'CUserVer5Dot00TypeIndiListBuilder::<unnamed-enum-E_V5_00_PANDF>' 왼쪽은 무시됩니다.
D:\git\src\IBK\IBK_DRFN\ProjSrc\SrcChartEx\ChartOCX\IndicatorCondition\FileBuilder.h(353): warning C4091: 'typedef ': 변수를 선언하지 않으면 'CUserVer3Dot21TypeIndiListBuilder::<unnamed-enum-E_V3_21_PRICE>' 왼쪽은 무시됩니다.
D:\git\src\IBK\IBK_DRFN\ProjSrc\SrcChartEx\ChartOCX\IndicatorCondition\IndicatorInfoImplementation.cpp(779,21): warning C4996: 'strdup': The POSIX name for this item is deprecated. Instead, use the ISO C and C++ conformant name: _strdup. See online help for details.
  IndicatorInfoMap.cpp
D:\git\src\IBK\IBK_DRFN\ProjSrc\SrcChartEx\ChartOCX\Include\PDll.h(468,6): warning C4996: 'strcpy': This function or variable may be unsafe. Consider using strcpy_s instead. To disable deprecation, use _CRT_SECURE_NO_WARNINGS. See online help for details.
  IndicatorList.cpp
D:\git\src\IBK\IBK_DRFN\ProjSrc\SrcChartEx\ChartOCX\Include\PDll.h(468,6): warning C4996: 'strcpy': This function or variable may be unsafe. Consider using strcpy_s instead. To disable deprecation, use _CRT_SECURE_NO_WARNINGS. See online help for details.
  IndicatorListImplementation.cpp
D:\git\src\IBK\IBK_DRFN\ProjSrc\SrcChartEx\ChartOCX\Include\PDll.h(468,6): warning C4996: 'strcpy': This function or variable may be unsafe. Consider using strcpy_s instead. To disable deprecation, use _CRT_SECURE_NO_WARNINGS. See online help for details.
D:\git\src\IBK\IBK_DRFN\ProjSrc\SrcChartEx\ChartOCX\Include_Chart\MapStringToWord.h(23,1): warning C4302: '형식 캐스트': 'void *'에서 'WORD'(으)로 잘립니다.
D:\git\src\IBK\IBK_DRFN\ProjSrc\SrcChartEx\ChartOCX\IndicatorCondition\FileBuilder.h(230): warning C4091: 'typedef ': 변수를 선언하지 않으면 'CUserVer5Dot20TypeIndiListBuilder::<unnamed-enum-E_V5_20_BUY_SELL_OVERHANGING_SUPPLY>' 왼쪽은 무시됩니다.
D:\git\src\IBK\IBK_DRFN\ProjSrc\SrcChartEx\ChartOCX\IndicatorCondition\FileBuilder.h(257): warning C4091: 'typedef ': 변수를 선언하지 않으면 'CUserVer5Dot10TypeIndiListBuilder::<unnamed-enum-E_V5_10_VOLUME_FOR_SALE>' 왼쪽은 무시됩니다.
D:\git\src\IBK\IBK_DRFN\ProjSrc\SrcChartEx\ChartOCX\IndicatorCondition\FileBuilder.h(291): warning C4091: 'typedef ': 변수를 선언하지 않으면 'CUserVer5Dot00TypeIndiListBuilder::<unnamed-enum-E_V5_00_PANDF>' 왼쪽은 무시됩니다.
D:\git\src\IBK\IBK_DRFN\ProjSrc\SrcChartEx\ChartOCX\IndicatorCondition\FileBuilder.h(353): warning C4091: 'typedef ': 변수를 선언하지 않으면 'CUserVer3Dot21TypeIndiListBuilder::<unnamed-enum-E_V3_21_PRICE>' 왼쪽은 무시됩니다.
D:\git\src\IBK\IBK_DRFN\ProjSrc\SrcChartEx\ChartOCX\IndicatorCondition\IndicatorListImplementation.cpp(72,2): warning C4996: 'strcpy': This function or variable may be unsafe. Consider using strcpy_s instead. To disable deprecation, use _CRT_SECURE_NO_WARNINGS. See online help for details.
D:\git\src\IBK\IBK_DRFN\ProjSrc\SrcChartEx\ChartOCX\IndicatorCondition\IndicatorListImplementation.cpp(139,3): warning C4996: 'strcpy': This function or variable may be unsafe. Consider using strcpy_s instead. To disable deprecation, use _CRT_SECURE_NO_WARNINGS. See online help for details.
  UnchangeableIndicatorData.cpp
D:\git\src\IBK\IBK_DRFN\ProjSrc\SrcChartEx\ChartOCX\Include_Chart\MapStringToWord.h(23,1): warning C4302: '형식 캐스트': 'void *'에서 'WORD'(으)로 잘립니다.
D:\git\src\IBK\IBK_DRFN\ProjSrc\SrcChartEx\ChartOCX\IndicatorCondition\FileBuilder.h(230): warning C4091: 'typedef ': 변수를 선언하지 않으면 'CUserVer5Dot20TypeIndiListBuilder::<unnamed-enum-E_V5_20_BUY_SELL_OVERHANGING_SUPPLY>' 왼쪽은 무시됩니다.
D:\git\src\IBK\IBK_DRFN\ProjSrc\SrcChartEx\ChartOCX\IndicatorCondition\FileBuilder.h(257): warning C4091: 'typedef ': 변수를 선언하지 않으면 'CUserVer5Dot10TypeIndiListBuilder::<unnamed-enum-E_V5_10_VOLUME_FOR_SALE>' 왼쪽은 무시됩니다.
D:\git\src\IBK\IBK_DRFN\ProjSrc\SrcChartEx\ChartOCX\IndicatorCondition\FileBuilder.h(291): warning C4091: 'typedef ': 변수를 선언하지 않으면 'CUserVer5Dot00TypeIndiListBuilder::<unnamed-enum-E_V5_00_PANDF>' 왼쪽은 무시됩니다.
D:\git\src\IBK\IBK_DRFN\ProjSrc\SrcChartEx\ChartOCX\IndicatorCondition\FileBuilder.h(353): warning C4091: 'typedef ': 변수를 선언하지 않으면 'CUserVer3Dot21TypeIndiListBuilder::<unnamed-enum-E_V3_21_PRICE>' 왼쪽은 무시됩니다.
  코드를 생성하고 있습니다...
C:\Program Files (x86)\Microsoft Visual Studio\2019\Community\MSBuild\Microsoft\VC\v160\Microsoft.CppBuild.targets(1363,5): warning MSB8012: TargetPath(D:\git\src\IBK\IBK_DRFN\#DRfn-CS\_Obj\IndicatorCondition\IndicatorCondition.dll)이(가) Linker의 OutputFile 속성 값(D:\git\src\IBK\IBK_DRFN\#DRfn-CS\Output\IBK hot Trading\dev\IndicatorCondition.dll)과 일치하지 않습니다. 이로 인해 프로젝트가 잘못 빌드될 수 있습니다. 이를 수정하려면 $(OutDir), $(TargetName) 및 $(TargetExt) 속성 값이 %(Link.OutputFile)에 지정된 값과 일치해야 합니다.
.\IndicatorCondition.def(4): warning LNK4017: 대상 플랫폼에는 DESCRIPTION 문이 지원되지 않습니다. 무시됩니다.
     ../../../../#DRfn-CS/_Lib/IndicatorCondition.lib 라이브러리 및 ../../../../#DRfn-CS/_Lib/IndicatorCondition.exp 개체를 생성하고 있습니다.
  IndicatorCondition.vcxproj -> D:\git\src\IBK\IBK_DRFN\#DRfn-CS\_Obj\IndicatorCondition\IndicatorCondition.dll
