d:\git\src\ibk\ibk_drfn\#drfn-cs\_obj\indicatorcondition\indicatorcondition.pch
d:\git\src\ibk\ibk_drfn\#drfn-cs\_obj\indicatorcondition\stdafx.obj
d:\git\src\ibk\ibk_drfn\#drfn-cs\output\_cod\indicatorcondition\stdafx.cod
d:\git\src\ibk\ibk_drfn\#drfn-cs\_obj\indicatorcondition\unchangeableindicatordata.obj
d:\git\src\ibk\ibk_drfn\#drfn-cs\output\_cod\indicatorcondition\unchangeableindicatordata.cod
d:\git\src\ibk\ibk_drfn\#drfn-cs\_obj\indicatorcondition\indicatorlistimplementation.obj
d:\git\src\ibk\ibk_drfn\#drfn-cs\output\_cod\indicatorcondition\indicatorlistimplementation.cod
d:\git\src\ibk\ibk_drfn\#drfn-cs\_obj\indicatorcondition\indicatorlist.obj
d:\git\src\ibk\ibk_drfn\#drfn-cs\output\_cod\indicatorcondition\indicatorlist.cod
d:\git\src\ibk\ibk_drfn\#drfn-cs\_obj\indicatorcondition\indicatorinfomap.obj
d:\git\src\ibk\ibk_drfn\#drfn-cs\output\_cod\indicatorcondition\indicatorinfomap.cod
d:\git\src\ibk\ibk_drfn\#drfn-cs\_obj\indicatorcondition\indicatorinfoimplementation.obj
d:\git\src\ibk\ibk_drfn\#drfn-cs\output\_cod\indicatorcondition\indicatorinfoimplementation.cod
d:\git\src\ibk\ibk_drfn\#drfn-cs\_obj\indicatorcondition\indicatorinfo.obj
d:\git\src\ibk\ibk_drfn\#drfn-cs\output\_cod\indicatorcondition\indicatorinfo.cod
d:\git\src\ibk\ibk_drfn\#drfn-cs\_obj\indicatorcondition\indicatorgroupdata.obj
d:\git\src\ibk\ibk_drfn\#drfn-cs\output\_cod\indicatorcondition\indicatorgroupdata.cod
d:\git\src\ibk\ibk_drfn\#drfn-cs\_obj\indicatorcondition\indicatorconditionbasedata.obj
d:\git\src\ibk\ibk_drfn\#drfn-cs\output\_cod\indicatorcondition\indicatorconditionbasedata.cod
d:\git\src\ibk\ibk_drfn\#drfn-cs\_obj\indicatorcondition\indicatorcondition.obj
d:\git\src\ibk\ibk_drfn\#drfn-cs\output\_cod\indicatorcondition\indicatorcondition.cod
d:\git\src\ibk\ibk_drfn\#drfn-cs\_obj\indicatorcondition\graphtypedata.obj
d:\git\src\ibk\ibk_drfn\#drfn-cs\output\_cod\indicatorcondition\graphtypedata.cod
d:\git\src\ibk\ibk_drfn\#drfn-cs\_obj\indicatorcondition\graphdata.obj
d:\git\src\ibk\ibk_drfn\#drfn-cs\output\_cod\indicatorcondition\graphdata.cod
d:\git\src\ibk\ibk_drfn\#drfn-cs\_obj\indicatorcondition\filebuilder.obj
d:\git\src\ibk\ibk_drfn\#drfn-cs\output\_cod\indicatorcondition\filebuilder.cod
d:\git\src\ibk\ibk_drfn\#drfn-cs\_obj\indicatorcondition\color.obj
d:\git\src\ibk\ibk_drfn\#drfn-cs\output\_cod\indicatorcondition\color.cod
d:\git\src\ibk\ibk_drfn\#drfn-cs\_obj\indicatorcondition\drawdata.obj
d:\git\src\ibk\ibk_drfn\#drfn-cs\output\_cod\indicatorcondition\drawdata.cod
d:\git\src\ibk\ibk_drfn\#drfn-cs\_obj\indicatorcondition\imetatable.obj
d:\git\src\ibk\ibk_drfn\#drfn-cs\output\_cod\indicatorcondition\imetatable.cod
d:\git\src\ibk\ibk_drfn\#drfn-cs\_obj\indicatorcondition\datamath.obj
d:\git\src\ibk\ibk_drfn\#drfn-cs\output\_cod\indicatorcondition\datamath.cod
d:\git\src\ibk\ibk_drfn\#drfn-cs\_obj\indicatorcondition\conversion.obj
d:\git\src\ibk\ibk_drfn\#drfn-cs\output\_cod\indicatorcondition\conversion.cod
d:\git\src\ibk\ibk_drfn\#drfn-cs\_lib\indicatorcondition.lib
d:\git\src\ibk\ibk_drfn\#drfn-cs\_lib\indicatorcondition.exp
d:\git\src\ibk\ibk_drfn\#drfn-cs\output\ibk hot trading\dev\indicatorcondition.dll
d:\git\src\ibk\ibk_drfn\#drfn-cs\_obj\indicatorcondition\indicatorcondition.pdb
d:\git\src\ibk\ibk_drfn\#drfn-cs\_obj\indicatorcondition\indicatorcondition.res
d:\git\src\ibk\ibk_drfn\#drfn-cs\_obj\indicatorcondition\indicato.e358ddc6.tlog\cl.command.1.tlog
d:\git\src\ibk\ibk_drfn\#drfn-cs\_obj\indicatorcondition\indicato.e358ddc6.tlog\cl.read.1.tlog
d:\git\src\ibk\ibk_drfn\#drfn-cs\_obj\indicatorcondition\indicato.e358ddc6.tlog\cl.write.1.tlog
d:\git\src\ibk\ibk_drfn\#drfn-cs\_obj\indicatorcondition\indicato.e358ddc6.tlog\indicatorcondition.write.1u.tlog
d:\git\src\ibk\ibk_drfn\#drfn-cs\_obj\indicatorcondition\indicato.e358ddc6.tlog\link.command.1.tlog
d:\git\src\ibk\ibk_drfn\#drfn-cs\_obj\indicatorcondition\indicato.e358ddc6.tlog\link.read.1.tlog
d:\git\src\ibk\ibk_drfn\#drfn-cs\_obj\indicatorcondition\indicato.e358ddc6.tlog\link.write.1.tlog
d:\git\src\ibk\ibk_drfn\#drfn-cs\_obj\indicatorcondition\indicato.e358ddc6.tlog\rc.command.1.tlog
d:\git\src\ibk\ibk_drfn\#drfn-cs\_obj\indicatorcondition\indicato.e358ddc6.tlog\rc.read.1.tlog
d:\git\src\ibk\ibk_drfn\#drfn-cs\_obj\indicatorcondition\indicato.e358ddc6.tlog\rc.write.1.tlog
d:\git\src\ibk\ibk_drfn\#drfn-cs\_obj\indicatorcondition\indicato.e358ddc6.tlog\.\../../../../#drfn-cs/_obj/indicatorcondition\indicatorcondition.pdb
