  Jcapimin.c
  Jcapistd.c
  Jccoefct.c
  Jccolor.c
  Jcdctmgr.c
  Jchuff.c
  Jcinit.c
  Jcmainct.c
  Jcmarker.c
  Jcmaster.c
  Jcomapi.c
  Jcparam.c
  Jcphuff.c
  Jcprepct.c
  Jcsample.c
  Jctrans.c
  Jdapimin.c
  Jdapistd.c
  Jdatadst.c
  Jdatasrc.c
  코드를 생성하고 있습니다...
  컴파일하고 있습니다...
  Jdcoefct.c
  Jdcolor.c
  Jddctmgr.c
  Jdhuff.c
  Jdinput.c
  Jdmainct.c
  Jdmarker.c
  Jdmaster.c
  Jdmerge.c
  Jdphuff.c
  Jdpostct.c
  Jdsample.c
  Jdtrans.c
  Jerror.c
D:\git\src\IBK\IBK_DRFN\ProjSrc\SrcChartEx\ChartOCX\JpegLib\jmorecfg.h(161,19): warning C4142: 'INT32': 형식이 재정의되었지만 심각하지는 않습니다.
C:\Program Files (x86)\Windows Kits\10\Include\10.0.22000.0\shared\basetsd.h(77): message : 'INT32' 선언을 참조하십시오.
D:\git\src\IBK\IBK_DRFN\ProjSrc\SrcChartEx\ChartOCX\JpegLib\jmorecfg.h(215,1): warning C4005: 'FAR': 매크로 재정의
C:\Program Files (x86)\Windows Kits\10\Include\10.0.22000.0\shared\minwindef.h(150): message : 'FAR'의 이전 정의를 참조하십시오.
D:\git\src\IBK\IBK_DRFN\ProjSrc\SrcChartEx\ChartOCX\JpegLib\Jerror.c(201,5): warning C4996: 'sprintf': This function or variable may be unsafe. Consider using sprintf_s instead. To disable deprecation, use _CRT_SECURE_NO_WARNINGS. See online help for details.
D:\git\src\IBK\IBK_DRFN\ProjSrc\SrcChartEx\ChartOCX\JpegLib\Jerror.c(203,5): warning C4996: 'sprintf': This function or variable may be unsafe. Consider using sprintf_s instead. To disable deprecation, use _CRT_SECURE_NO_WARNINGS. See online help for details.
  Jfdctflt.c
  Jfdctfst.c
  Jfdctint.c
  Jidctflt.c
  Jidctfst.c
  Jidctint.c
  코드를 생성하고 있습니다...
  컴파일하고 있습니다...
  Jidctred.c
  Jmemmgr.c
D:\git\src\IBK\IBK_DRFN\ProjSrc\SrcChartEx\ChartOCX\JpegLib\Jmemmgr.c(1123,19): warning C4996: 'getenv': This function or variable may be unsafe. Consider using _dupenv_s instead. To disable deprecation, use _CRT_SECURE_NO_WARNINGS. See online help for details.
D:\git\src\IBK\IBK_DRFN\ProjSrc\SrcChartEx\ChartOCX\JpegLib\Jmemmgr.c(1126,11): warning C4996: 'sscanf': This function or variable may be unsafe. Consider using sscanf_s instead. To disable deprecation, use _CRT_SECURE_NO_WARNINGS. See online help for details.
  Jmemnobs.c
  Jpegtran.c
D:\git\src\IBK\IBK_DRFN\ProjSrc\SrcChartEx\ChartOCX\JpegLib\Jpegtran.c(158,11): warning C4996: 'sscanf': This function or variable may be unsafe. Consider using sscanf_s instead. To disable deprecation, use _CRT_SECURE_NO_WARNINGS. See online help for details.
D:\git\src\IBK\IBK_DRFN\ProjSrc\SrcChartEx\ChartOCX\JpegLib\Jpegtran.c(198,11): warning C4996: 'sscanf': This function or variable may be unsafe. Consider using sscanf_s instead. To disable deprecation, use _CRT_SECURE_NO_WARNINGS. See online help for details.
D:\git\src\IBK\IBK_DRFN\ProjSrc\SrcChartEx\ChartOCX\JpegLib\Jpegtran.c(325,23): warning C4996: 'fopen': This function or variable may be unsafe. Consider using fopen_s instead. To disable deprecation, use _CRT_SECURE_NO_WARNINGS. See online help for details.
D:\git\src\IBK\IBK_DRFN\ProjSrc\SrcChartEx\ChartOCX\JpegLib\Jpegtran.c(336,24): warning C4996: 'fopen': This function or variable may be unsafe. Consider using fopen_s instead. To disable deprecation, use _CRT_SECURE_NO_WARNINGS. See online help for details.
  Jquant1.c
  Jquant2.c
  Jutils.c
  코드를 생성하고 있습니다...
C:\Program Files (x86)\Microsoft Visual Studio\2019\Community\MSBuild\Microsoft\VC\v160\Microsoft.CppBuild.targets(1545,5): warning MSB8012: TargetPath(D:\git\src\IBK\IBK_DRFN\#DRfn-CS\_Obj\JpegLib\JpegLib.lib)이(가) Library의 OutputFile 속성 값(D:\git\src\IBK\IBK_DRFN\#DRfn-CS\_Lib\JpegLib.lib)과 일치하지 않습니다. 이로 인해 프로젝트가 잘못 빌드될 수 있습니다. 이를 수정하려면 $(OutDir), $(TargetName) 및 $(TargetExt) 속성 값이 %(Lib.OutputFile)에 지정된 값과 일치해야 합니다.
  JpegLib.vcxproj -> D:\git\src\IBK\IBK_DRFN\#DRfn-CS\_Obj\JpegLib\JpegLib.lib
