d:\git\src\ibk\ibk_drfn\#drfn-cs\_obj\indexoptimizer\indexoptimizer.pch
d:\git\src\ibk\ibk_drfn\#drfn-cs\_obj\indexoptimizer\stdafx.obj
d:\git\src\ibk\ibk_drfn\#drfn-cs\output\_cod\indexoptimizer\stdafx.cod
d:\git\src\ibk\ibk_drfn\#drfn-cs\_obj\indexoptimizer\inplaceedit.obj
d:\git\src\ibk\ibk_drfn\#drfn-cs\output\_cod\indexoptimizer\inplaceedit.cod
d:\git\src\ibk\ibk_drfn\#drfn-cs\_obj\indexoptimizer\griddroptarget.obj
d:\git\src\ibk\ibk_drfn\#drfn-cs\output\_cod\indexoptimizer\griddroptarget.cod
d:\git\src\ibk\ibk_drfn\#drfn-cs\_obj\indexoptimizer\gridctrl.obj
d:\git\src\ibk\ibk_drfn\#drfn-cs\output\_cod\indexoptimizer\gridctrl.cod
d:\git\src\ibk\ibk_drfn\#drfn-cs\_obj\indexoptimizer\gridcellbase.obj
d:\git\src\ibk\ibk_drfn\#drfn-cs\output\_cod\indexoptimizer\gridcellbase.cod
d:\git\src\ibk\ibk_drfn\#drfn-cs\_obj\indexoptimizer\gridcell.obj
d:\git\src\ibk\ibk_drfn\#drfn-cs\output\_cod\indexoptimizer\gridcell.cod
d:\git\src\ibk\ibk_drfn\#drfn-cs\_obj\indexoptimizer\dlgtrade.obj
d:\git\src\ibk\ibk_drfn\#drfn-cs\output\_cod\indexoptimizer\dlgtrade.cod
d:\git\src\ibk\ibk_drfn\#drfn-cs\_obj\indexoptimizer\dlgtimesetup.obj
d:\git\src\ibk\ibk_drfn\#drfn-cs\output\_cod\indexoptimizer\dlgtimesetup.cod
d:\git\src\ibk\ibk_drfn\#drfn-cs\_obj\indexoptimizer\dlgresult.obj
d:\git\src\ibk\ibk_drfn\#drfn-cs\output\_cod\indexoptimizer\dlgresult.cod
d:\git\src\ibk\ibk_drfn\#drfn-cs\_obj\indexoptimizer\dlgoptimizer.obj
d:\git\src\ibk\ibk_drfn\#drfn-cs\output\_cod\indexoptimizer\dlgoptimizer.cod
d:\git\src\ibk\ibk_drfn\#drfn-cs\_obj\indexoptimizer\dlginterface.obj
d:\git\src\ibk\ibk_drfn\#drfn-cs\output\_cod\indexoptimizer\dlginterface.cod
d:\git\src\ibk\ibk_drfn\#drfn-cs\_obj\indexoptimizer\xtabctrl.obj
d:\git\src\ibk\ibk_drfn\#drfn-cs\output\_cod\indexoptimizer\xtabctrl.cod
d:\git\src\ibk\ibk_drfn\#drfn-cs\_obj\indexoptimizer\sitedefine_db.obj
d:\git\src\ibk\ibk_drfn\#drfn-cs\output\_cod\indexoptimizer\sitedefine_db.cod
d:\git\src\ibk\ibk_drfn\#drfn-cs\_obj\indexoptimizer\tchart.obj
d:\git\src\ibk\ibk_drfn\#drfn-cs\output\_cod\indexoptimizer\tchart.cod
d:\git\src\ibk\ibk_drfn\#drfn-cs\_obj\indexoptimizer\series.obj
d:\git\src\ibk\ibk_drfn\#drfn-cs\output\_cod\indexoptimizer\series.cod
d:\git\src\ibk\ibk_drfn\#drfn-cs\_obj\indexoptimizer\mschart1.obj
d:\git\src\ibk\ibk_drfn\#drfn-cs\output\_cod\indexoptimizer\mschart1.cod
d:\git\src\ibk\ibk_drfn\#drfn-cs\_obj\indexoptimizer\sttreectrl.obj
d:\git\src\ibk\ibk_drfn\#drfn-cs\output\_cod\indexoptimizer\sttreectrl.cod
d:\git\src\ibk\ibk_drfn\#drfn-cs\_obj\indexoptimizer\strategyloader.obj
d:\git\src\ibk\ibk_drfn\#drfn-cs\output\_cod\indexoptimizer\strategyloader.cod
d:\git\src\ibk\ibk_drfn\#drfn-cs\_obj\indexoptimizer\stgfxoutbarctrl.obj
d:\git\src\ibk\ibk_drfn\#drfn-cs\output\_cod\indexoptimizer\stgfxoutbarctrl.cod
d:\git\src\ibk\ibk_drfn\#drfn-cs\_obj\indexoptimizer\sdataitem.obj
d:\git\src\ibk\ibk_drfn\#drfn-cs\output\_cod\indexoptimizer\sdataitem.cod
d:\git\src\ibk\ibk_drfn\#drfn-cs\_obj\indexoptimizer\dataitem.obj
d:\git\src\ibk\ibk_drfn\#drfn-cs\output\_cod\indexoptimizer\dataitem.cod
d:\git\src\ibk\ibk_drfn\#drfn-cs\_obj\indexoptimizer\tabsonikchart.obj
d:\git\src\ibk\ibk_drfn\#drfn-cs\output\_cod\indexoptimizer\tabsonikchart.cod
d:\git\src\ibk\ibk_drfn\#drfn-cs\_obj\indexoptimizer\tabearnchart.obj
d:\git\src\ibk\ibk_drfn\#drfn-cs\output\_cod\indexoptimizer\tabearnchart.cod
d:\git\src\ibk\ibk_drfn\#drfn-cs\_obj\indexoptimizer\indexoptimizer.obj
d:\git\src\ibk\ibk_drfn\#drfn-cs\output\_cod\indexoptimizer\indexoptimizer.cod
d:\git\src\ibk\ibk_drfn\#drfn-cs\_obj\indexoptimizer\titletip.obj
d:\git\src\ibk\ibk_drfn\#drfn-cs\output\_cod\indexoptimizer\titletip.cod
d:\git\src\ibk\ibk_drfn\#drfn-cs\_lib\indexoptimizer.lib
d:\git\src\ibk\ibk_drfn\#drfn-cs\_lib\indexoptimizer.exp
d:\git\src\ibk\ibk_drfn\#drfn-cs\output\ibk hot trading\dev\indexoptimizer.dll
d:\git\src\ibk\ibk_drfn\#drfn-cs\output\ibk hot trading\dev\indexoptimizer.map
d:\git\src\ibk\ibk_drfn\#drfn-cs\_obj\indexoptimizer\indexoptimizer.pdb
d:\git\src\ibk\ibk_drfn\#drfn-cs\_obj\indexoptimizer\indexoptimizer.res
d:\git\src\ibk\ibk_drfn\#drfn-cs\_obj\indexoptimizer\indexoptimizer.tlog\cl.command.1.tlog
d:\git\src\ibk\ibk_drfn\#drfn-cs\_obj\indexoptimizer\indexoptimizer.tlog\cl.read.1.tlog
d:\git\src\ibk\ibk_drfn\#drfn-cs\_obj\indexoptimizer\indexoptimizer.tlog\cl.write.1.tlog
d:\git\src\ibk\ibk_drfn\#drfn-cs\_obj\indexoptimizer\indexoptimizer.tlog\indexoptimizer.write.1u.tlog
d:\git\src\ibk\ibk_drfn\#drfn-cs\_obj\indexoptimizer\indexoptimizer.tlog\link.command.1.tlog
d:\git\src\ibk\ibk_drfn\#drfn-cs\_obj\indexoptimizer\indexoptimizer.tlog\link.read.1.tlog
d:\git\src\ibk\ibk_drfn\#drfn-cs\_obj\indexoptimizer\indexoptimizer.tlog\link.write.1.tlog
d:\git\src\ibk\ibk_drfn\#drfn-cs\_obj\indexoptimizer\indexoptimizer.tlog\rc.command.1.tlog
d:\git\src\ibk\ibk_drfn\#drfn-cs\_obj\indexoptimizer\indexoptimizer.tlog\rc.read.1.tlog
d:\git\src\ibk\ibk_drfn\#drfn-cs\_obj\indexoptimizer\indexoptimizer.tlog\rc.write.1.tlog
d:\git\src\ibk\ibk_drfn\#drfn-cs\_obj\indexoptimizer\indexoptimizer.tlog\.\../../../../#drfn-cs/_obj/indexoptimizer\indexoptimizer.pdb
