  StdAfx.cpp
  _WIN32_WINNT not defined. Defaulting to _WIN32_WINNT_MAXVER (see WinSDKVer.h)
  BitmapItemComboBox.cpp
  ChartUtil.cpp
D:\git\src\IBK\IBK_DRFN\ProjSrc\SrcDrfn\inc\IBaseDefine.h(245,2): warning C4477: 'sscanf' : 서식 문자열 '%X'에 'unsigned int *' 형식의 인수가 필요하지만 variadic 인수 1의 형식이 'HWND *'입니다.
D:\git\src\IBK\IBK_DRFN\ProjSrc\SrcDrfn\inc\IBaseDefine.h(245,2): warning C4996: 'sscanf': This function or variable may be unsafe. Consider using sscanf_s instead. To disable deprecation, use _CRT_SECURE_NO_WARNINGS. See online help for details.
D:\git\src\IBK\IBK_DRFN\ProjSrc\SrcDrfn\inc\IBaseDefine.h(262,2): warning C4477: 'sscanf' : 서식 문자열 '%X'에 'unsigned int *' 형식의 인수가 필요하지만 variadic 인수 1의 형식이 'HWND *'입니다.
D:\git\src\IBK\IBK_DRFN\ProjSrc\SrcDrfn\inc\IBaseDefine.h(262,2): warning C4996: 'sscanf': This function or variable may be unsafe. Consider using sscanf_s instead. To disable deprecation, use _CRT_SECURE_NO_WARNINGS. See online help for details.
D:\git\src\IBK\IBK_DRFN\ProjSrc\SrcDrfn\inc\IBaseDefine.h(272,2): warning C4477: 'sscanf' : 서식 문자열 '%X'에 'unsigned int *' 형식의 인수가 필요하지만 variadic 인수 1의 형식이 'HWND *'입니다.
D:\git\src\IBK\IBK_DRFN\ProjSrc\SrcDrfn\inc\IBaseDefine.h(272,2): warning C4996: 'sscanf': This function or variable may be unsafe. Consider using sscanf_s instead. To disable deprecation, use _CRT_SECURE_NO_WARNINGS. See online help for details.
D:\git\src\IBK\IBK_DRFN\ProjSrc\SrcDrfn\inc\IBaseDefine.h(282,2): warning C4477: 'sscanf' : 서식 문자열 '%X'에 'unsigned int *' 형식의 인수가 필요하지만 variadic 인수 1의 형식이 'HWND *'입니다.
D:\git\src\IBK\IBK_DRFN\ProjSrc\SrcDrfn\inc\IBaseDefine.h(282,2): warning C4996: 'sscanf': This function or variable may be unsafe. Consider using sscanf_s instead. To disable deprecation, use _CRT_SECURE_NO_WARNINGS. See online help for details.
D:\git\src\IBK\IBK_DRFN\ProjSrc\SrcDrfn\inc\IBaseDefine.h(296,2): warning C4477: 'sscanf' : 서식 문자열 '%X'에 'unsigned int *' 형식의 인수가 필요하지만 variadic 인수 1의 형식이 'HWND *'입니다.
D:\git\src\IBK\IBK_DRFN\ProjSrc\SrcDrfn\inc\IBaseDefine.h(296,2): warning C4996: 'sscanf': This function or variable may be unsafe. Consider using sscanf_s instead. To disable deprecation, use _CRT_SECURE_NO_WARNINGS. See online help for details.
D:\git\src\IBK\IBK_DRFN\ProjSrc\SrcDrfn\inc\IBaseDefine.h(310,2): warning C4477: 'sscanf' : 서식 문자열 '%X'에 'unsigned int *' 형식의 인수가 필요하지만 variadic 인수 1의 형식이 'HWND *'입니다.
D:\git\src\IBK\IBK_DRFN\ProjSrc\SrcDrfn\inc\IBaseDefine.h(310,2): warning C4996: 'sscanf': This function or variable may be unsafe. Consider using sscanf_s instead. To disable deprecation, use _CRT_SECURE_NO_WARNINGS. See online help for details.
D:\git\src\IBK\IBK_DRFN\ProjSrc\SrcDrfn\inc\DefineCode.h(29,16): warning C5208: typedef 이름에 사용되는 명명되지 않은 클래스가 비정적 데이터 멤버, 멤버 열거형 또는 멤버 클래스 이외의 멤버를 선언할 수 없습니다.
D:\git\src\IBK\IBK_DRFN\ProjSrc\SrcDrfn\inc\ITreeListMng.h(240,3): warning C4996: 'sscanf': This function or variable may be unsafe. Consider using sscanf_s instead. To disable deprecation, use _CRT_SECURE_NO_WARNINGS. See online help for details.
  DlgCompSetup.cpp
D:\git\src\IBK\IBK_DRFN\ProjSrc\SrcDrfn\inc\IBaseDefine.h(245,2): warning C4477: 'sscanf' : 서식 문자열 '%X'에 'unsigned int *' 형식의 인수가 필요하지만 variadic 인수 1의 형식이 'HWND *'입니다.
D:\git\src\IBK\IBK_DRFN\ProjSrc\SrcDrfn\inc\IBaseDefine.h(245,2): warning C4996: 'sscanf': This function or variable may be unsafe. Consider using sscanf_s instead. To disable deprecation, use _CRT_SECURE_NO_WARNINGS. See online help for details.
D:\git\src\IBK\IBK_DRFN\ProjSrc\SrcDrfn\inc\IBaseDefine.h(262,2): warning C4477: 'sscanf' : 서식 문자열 '%X'에 'unsigned int *' 형식의 인수가 필요하지만 variadic 인수 1의 형식이 'HWND *'입니다.
D:\git\src\IBK\IBK_DRFN\ProjSrc\SrcDrfn\inc\IBaseDefine.h(262,2): warning C4996: 'sscanf': This function or variable may be unsafe. Consider using sscanf_s instead. To disable deprecation, use _CRT_SECURE_NO_WARNINGS. See online help for details.
D:\git\src\IBK\IBK_DRFN\ProjSrc\SrcDrfn\inc\IBaseDefine.h(272,2): warning C4477: 'sscanf' : 서식 문자열 '%X'에 'unsigned int *' 형식의 인수가 필요하지만 variadic 인수 1의 형식이 'HWND *'입니다.
D:\git\src\IBK\IBK_DRFN\ProjSrc\SrcDrfn\inc\IBaseDefine.h(272,2): warning C4996: 'sscanf': This function or variable may be unsafe. Consider using sscanf_s instead. To disable deprecation, use _CRT_SECURE_NO_WARNINGS. See online help for details.
D:\git\src\IBK\IBK_DRFN\ProjSrc\SrcDrfn\inc\IBaseDefine.h(282,2): warning C4477: 'sscanf' : 서식 문자열 '%X'에 'unsigned int *' 형식의 인수가 필요하지만 variadic 인수 1의 형식이 'HWND *'입니다.
D:\git\src\IBK\IBK_DRFN\ProjSrc\SrcDrfn\inc\IBaseDefine.h(282,2): warning C4996: 'sscanf': This function or variable may be unsafe. Consider using sscanf_s instead. To disable deprecation, use _CRT_SECURE_NO_WARNINGS. See online help for details.
D:\git\src\IBK\IBK_DRFN\ProjSrc\SrcDrfn\inc\IBaseDefine.h(296,2): warning C4477: 'sscanf' : 서식 문자열 '%X'에 'unsigned int *' 형식의 인수가 필요하지만 variadic 인수 1의 형식이 'HWND *'입니다.
D:\git\src\IBK\IBK_DRFN\ProjSrc\SrcDrfn\inc\IBaseDefine.h(296,2): warning C4996: 'sscanf': This function or variable may be unsafe. Consider using sscanf_s instead. To disable deprecation, use _CRT_SECURE_NO_WARNINGS. See online help for details.
D:\git\src\IBK\IBK_DRFN\ProjSrc\SrcDrfn\inc\IBaseDefine.h(310,2): warning C4477: 'sscanf' : 서식 문자열 '%X'에 'unsigned int *' 형식의 인수가 필요하지만 variadic 인수 1의 형식이 'HWND *'입니다.
D:\git\src\IBK\IBK_DRFN\ProjSrc\SrcDrfn\inc\IBaseDefine.h(310,2): warning C4996: 'sscanf': This function or variable may be unsafe. Consider using sscanf_s instead. To disable deprecation, use _CRT_SECURE_NO_WARNINGS. See online help for details.
D:\git\src\IBK\IBK_DRFN\ProjSrc\SrcDrfn\inc\DefineCode.h(29,16): warning C5208: typedef 이름에 사용되는 명명되지 않은 클래스가 비정적 데이터 멤버, 멤버 열거형 또는 멤버 클래스 이외의 멤버를 선언할 수 없습니다.
D:\git\src\IBK\IBK_DRFN\ProjSrc\SrcDrfn\inc\ITreeListMng.h(240,3): warning C4996: 'sscanf': This function or variable may be unsafe. Consider using sscanf_s instead. To disable deprecation, use _CRT_SECURE_NO_WARNINGS. See online help for details.
  DlgGroupName.cpp
  VirtualListCtrl.cpp
  XColourPicker.cpp
  XColourPopup.cpp
  XEditPrompt.cpp
  코드를 생성하고 있습니다...
C:\Program Files (x86)\Microsoft Visual Studio\2019\Community\MSBuild\Microsoft\VC\v160\Microsoft.CppBuild.targets(1363,5): warning MSB8012: TargetPath(D:\git\src\IBK\IBK_DRFN\#DRfn-CS\_Obj\ChartUtil\ChartUtil.dll)이(가) Linker의 OutputFile 속성 값(D:\git\src\IBK\IBK_DRFN\#DRfn-CS\Output\IBK hot Trading\dev\ChartUtil.dll)과 일치하지 않습니다. 이로 인해 프로젝트가 잘못 빌드될 수 있습니다. 이를 수정하려면 $(OutDir), $(TargetName) 및 $(TargetExt) 속성 값이 %(Link.OutputFile)에 지정된 값과 일치해야 합니다.
.\ChartUtil.def(4): warning LNK4017: 대상 플랫폼에는 DESCRIPTION 문이 지원되지 않습니다. 무시됩니다.
     ../../../../#DRfn-CS/_Lib/ChartUtil.lib 라이브러리 및 ../../../../#DRfn-CS/_Lib/ChartUtil.exp 개체를 생성하고 있습니다.
  ChartUtil.vcxproj -> D:\git\src\IBK\IBK_DRFN\#DRfn-CS\_Obj\ChartUtil\ChartUtil.dll
