d:\git\src\ibk\ibk_drfn\#drfn-cs\_lib\chartutil.lib
d:\git\src\ibk\ibk_drfn\#drfn-cs\_lib\chartutil.exp
d:\git\src\ibk\ibk_drfn\#drfn-cs\_obj\chartutil\chartutil.pch
d:\git\src\ibk\ibk_drfn\#drfn-cs\_obj\chartutil\stdafx.obj
d:\git\src\ibk\ibk_drfn\#drfn-cs\output\_cod\chartutil\stdafx.cod
d:\git\src\ibk\ibk_drfn\#drfn-cs\_obj\chartutil\xeditprompt.obj
d:\git\src\ibk\ibk_drfn\#drfn-cs\output\_cod\chartutil\xeditprompt.cod
d:\git\src\ibk\ibk_drfn\#drfn-cs\_obj\chartutil\xcolourpopup.obj
d:\git\src\ibk\ibk_drfn\#drfn-cs\output\_cod\chartutil\xcolourpopup.cod
d:\git\src\ibk\ibk_drfn\#drfn-cs\_obj\chartutil\xcolourpicker.obj
d:\git\src\ibk\ibk_drfn\#drfn-cs\output\_cod\chartutil\xcolourpicker.cod
d:\git\src\ibk\ibk_drfn\#drfn-cs\_obj\chartutil\virtuallistctrl.obj
d:\git\src\ibk\ibk_drfn\#drfn-cs\output\_cod\chartutil\virtuallistctrl.cod
d:\git\src\ibk\ibk_drfn\#drfn-cs\_obj\chartutil\dlggroupname.obj
d:\git\src\ibk\ibk_drfn\#drfn-cs\output\_cod\chartutil\dlggroupname.cod
d:\git\src\ibk\ibk_drfn\#drfn-cs\_obj\chartutil\dlgcompsetup.obj
d:\git\src\ibk\ibk_drfn\#drfn-cs\output\_cod\chartutil\dlgcompsetup.cod
d:\git\src\ibk\ibk_drfn\#drfn-cs\_obj\chartutil\chartutil.obj
d:\git\src\ibk\ibk_drfn\#drfn-cs\output\_cod\chartutil\chartutil.cod
d:\git\src\ibk\ibk_drfn\#drfn-cs\_obj\chartutil\bitmapitemcombobox.obj
d:\git\src\ibk\ibk_drfn\#drfn-cs\output\_cod\chartutil\bitmapitemcombobox.cod
d:\git\src\ibk\ibk_drfn\#drfn-cs\output\ibk hot trading\dev\chartutil.dll
d:\git\src\ibk\ibk_drfn\#drfn-cs\output\ibk hot trading\dev\chartutil.map
d:\git\src\ibk\ibk_drfn\#drfn-cs\_obj\chartutil\chartutil.pdb
d:\git\src\ibk\ibk_drfn\#drfn-cs\_obj\chartutil\chartutil.res
d:\git\src\ibk\ibk_drfn\#drfn-cs\_obj\chartutil\chartutil.tlog\chartutil.write.1u.tlog
d:\git\src\ibk\ibk_drfn\#drfn-cs\_obj\chartutil\chartutil.tlog\cl.command.1.tlog
d:\git\src\ibk\ibk_drfn\#drfn-cs\_obj\chartutil\chartutil.tlog\cl.read.1.tlog
d:\git\src\ibk\ibk_drfn\#drfn-cs\_obj\chartutil\chartutil.tlog\cl.write.1.tlog
d:\git\src\ibk\ibk_drfn\#drfn-cs\_obj\chartutil\chartutil.tlog\link.command.1.tlog
d:\git\src\ibk\ibk_drfn\#drfn-cs\_obj\chartutil\chartutil.tlog\link.read.1.tlog
d:\git\src\ibk\ibk_drfn\#drfn-cs\_obj\chartutil\chartutil.tlog\link.write.1.tlog
d:\git\src\ibk\ibk_drfn\#drfn-cs\_obj\chartutil\chartutil.tlog\rc.command.1.tlog
d:\git\src\ibk\ibk_drfn\#drfn-cs\_obj\chartutil\chartutil.tlog\rc.read.1.tlog
d:\git\src\ibk\ibk_drfn\#drfn-cs\_obj\chartutil\chartutil.tlog\rc.write.1.tlog
d:\git\src\ibk\ibk_drfn\#drfn-cs\_obj\chartutil\chartutil.tlog\.\../../../../#drfn-cs/_obj/chartutil\chartutil.pdb
