  StdAfx.cpp
  _WIN32_WINNT not defined. Defaulting to _WIN32_WINNT_MAXVER (see WinSDKVer.h)
  _ChartAddInBase.cpp
  _IWUnknown.cpp
  Conversion.cpp
D:\git\src\IBK\IBK_DRFN\ProjSrc\SrcChartEx\ChartAddIn\ChartDesignPropertyAddIn\Include\PDll.h(468,6): warning C4996: 'strcpy': This function or variable may be unsafe. Consider using strcpy_s instead. To disable deprecation, use _CRT_SECURE_NO_WARNINGS. See online help for details.
D:\git\src\IBK\IBK_DRFN\ProjSrc\SrcChartEx\ChartAddIn\ChartDesignPropertyAddIn\Include_Chart\Conversion.cpp(56,2): warning C4996: 'strcpy': This function or variable may be unsafe. Consider using strcpy_s instead. To disable deprecation, use _CRT_SECURE_NO_WARNINGS. See online help for details.
D:\git\src\IBK\IBK_DRFN\ProjSrc\SrcChartEx\ChartAddIn\ChartDesignPropertyAddIn\Include_Chart\Conversion.cpp(106,2): warning C4996: 'sprintf': This function or variable may be unsafe. Consider using sprintf_s instead. To disable deprecation, use _CRT_SECURE_NO_WARNINGS. See online help for details.
D:\git\src\IBK\IBK_DRFN\ProjSrc\SrcChartEx\ChartAddIn\ChartDesignPropertyAddIn\Include_Chart\Conversion.cpp(2960,11): warning C4996: 'localtime': This function or variable may be unsafe. Consider using localtime_s instead. To disable deprecation, use _CRT_SECURE_NO_WARNINGS. See online help for details.
  DataMath.cpp
  IMetaTable.cpp
D:\git\src\IBK\IBK_DRFN\ProjSrc\SrcChartEx\ChartAddIn\ChartDesignPropertyAddIn\Include\PDll.h(468,6): warning C4996: 'strcpy': This function or variable may be unsafe. Consider using strcpy_s instead. To disable deprecation, use _CRT_SECURE_NO_WARNINGS. See online help for details.
D:\git\src\IBK\IBK_DRFN\ProjSrc\SrcChartEx\ChartAddIn\ChartDesignPropertyAddIn\Include\ProgIDInfo.h(172,3): warning C4996: 'strcpy': This function or variable may be unsafe. Consider using strcpy_s instead. To disable deprecation, use _CRT_SECURE_NO_WARNINGS. See online help for details.
D:\git\src\IBK\IBK_DRFN\ProjSrc\SrcChartEx\ChartAddIn\ChartDesignPropertyAddIn\Include\ProgIDInfo.h(173,3): warning C4996: 'strcpy': This function or variable may be unsafe. Consider using strcpy_s instead. To disable deprecation, use _CRT_SECURE_NO_WARNINGS. See online help for details.
D:\git\src\IBK\IBK_DRFN\ProjSrc\SrcChartEx\ChartAddIn\ChartDesignPropertyAddIn\Include\ProgIDInfo.h(174,3): warning C4996: 'strcpy': This function or variable may be unsafe. Consider using strcpy_s instead. To disable deprecation, use _CRT_SECURE_NO_WARNINGS. See online help for details.
D:\git\src\IBK\IBK_DRFN\ProjSrc\SrcChartEx\ChartAddIn\ChartDesignPropertyAddIn\Include\ProgIDInfo.h(180,4): warning C4996: 'strcpy': This function or variable may be unsafe. Consider using strcpy_s instead. To disable deprecation, use _CRT_SECURE_NO_WARNINGS. See online help for details.
D:\git\src\IBK\IBK_DRFN\ProjSrc\SrcChartEx\ChartAddIn\ChartDesignPropertyAddIn\Include\ProgIDInfo.h(331,4): warning C4996: 'strupr': The POSIX name for this item is deprecated. Instead, use the ISO C and C++ conformant name: _strupr. See online help for details.
D:\git\src\IBK\IBK_DRFN\ProjSrc\SrcChartEx\ChartAddIn\ChartDesignPropertyAddIn\Include_Chart\MapStringToWord.h(23,1): warning C4302: '형식 캐스트': 'void *'에서 'WORD'(으)로 잘립니다.
  PropertiesData.cpp
D:\git\src\IBK\IBK_DRFN\ProjSrc\SrcChartEx\ChartAddIn\ChartDesignPropertyAddIn\Include_Chart\PropertiesData.h(92,2): warning C4091: 'typedef ': 변수를 선언하지 않으면 'CHART_PROPERTY_TYPE' 왼쪽은 무시됩니다.
D:\git\src\IBK\IBK_DRFN\ProjSrc\SrcChartEx\ChartAddIn\ChartDesignPropertyAddIn\Include_Chart\PropertiesData.h(313,2): warning C4091: 'typedef ': 변수를 선언하지 않으면 'CHART_ADDIN_TYPE' 왼쪽은 무시됩니다.
  AddInLoadInfoPage.cpp
D:\git\src\IBK\IBK_DRFN\ProjSrc\SrcChartEx\ChartAddIn\ChartDesignPropertyAddIn\Include\PDll.h(468,6): warning C4996: 'strcpy': This function or variable may be unsafe. Consider using strcpy_s instead. To disable deprecation, use _CRT_SECURE_NO_WARNINGS. See online help for details.
  should not include d3dtypes.h when compiling for DX8 or newer interfaces
D:\git\src\IBK\IBK_DRFN\ProjSrc\SrcChartEx\ChartAddIn\ChartDesignPropertyAddIn\Include_Chart\xUtil_Chart.h(106,3): warning C4996: 'sscanf': This function or variable may be unsafe. Consider using sscanf_s instead. To disable deprecation, use _CRT_SECURE_NO_WARNINGS. See online help for details.
D:\git\src\IBK\IBK_DRFN\ProjSrc\SrcChartEx\ChartAddIn\ChartDesignPropertyAddIn\Include_Chart\xUtil_Chart.h(114,3): warning C4996: 'sscanf': This function or variable may be unsafe. Consider using sscanf_s instead. To disable deprecation, use _CRT_SECURE_NO_WARNINGS. See online help for details.
D:\git\src\IBK\IBK_DRFN\ProjSrc\SrcChartEx\ChartAddIn\ChartDesignPropertyAddIn\Include_Chart\xUtil_Chart.h(124,3): warning C4996: 'sscanf': This function or variable may be unsafe. Consider using sscanf_s instead. To disable deprecation, use _CRT_SECURE_NO_WARNINGS. See online help for details.
D:\git\src\IBK\IBK_DRFN\ProjSrc\SrcChartEx\ChartAddIn\ChartDesignPropertyAddIn\Include_Chart\xUtil_Chart.h(158,14): warning C4996: 'sscanf': This function or variable may be unsafe. Consider using sscanf_s instead. To disable deprecation, use _CRT_SECURE_NO_WARNINGS. See online help for details.
D:\git\src\IBK\IBK_DRFN\ProjSrc\SrcChartEx\ChartAddIn\ChartDesignPropertyAddIn\Include_Chart\xUtil_Chart.h(181,21): warning C4996: 'sscanf': This function or variable may be unsafe. Consider using sscanf_s instead. To disable deprecation, use _CRT_SECURE_NO_WARNINGS. See online help for details.
D:\git\src\IBK\IBK_DRFN\ProjSrc\SrcChartEx\ChartAddIn\ChartDesignPropertyAddIn\Include_Chart\xUtil_Chart.h(595,3): warning C4996: 'sprintf': This function or variable may be unsafe. Consider using sprintf_s instead. To disable deprecation, use _CRT_SECURE_NO_WARNINGS. See online help for details.
D:\git\src\IBK\IBK_DRFN\ProjSrc\SrcChartEx\ChartAddIn\ChartDesignPropertyAddIn\Include_Chart\xUtil_Chart.h(610,4): warning C4996: 'sprintf': This function or variable may be unsafe. Consider using sprintf_s instead. To disable deprecation, use _CRT_SECURE_NO_WARNINGS. See online help for details.
D:\git\src\IBK\IBK_DRFN\ProjSrc\SrcChartEx\ChartAddIn\ChartDesignPropertyAddIn\Include_Chart\xUtil_Chart.h(628,24): warning C4477: 'sprintf' : 서식 문자열 '%s'에 'char *' 형식의 인수가 필요하지만 variadic 인수 1의 형식이 'CString'입니다.
D:\git\src\IBK\IBK_DRFN\ProjSrc\SrcChartEx\ChartAddIn\ChartDesignPropertyAddIn\Include_Chart\xUtil_Chart.h(628,3): warning C4996: 'sprintf': This function or variable may be unsafe. Consider using sprintf_s instead. To disable deprecation, use _CRT_SECURE_NO_WARNINGS. See online help for details.
D:\git\src\IBK\IBK_DRFN\ProjSrc\SrcChartEx\ChartAddIn\ChartDesignPropertyAddIn\Include_Chart\xUtil_Chart.h(639,3): warning C4996: 'sprintf': This function or variable may be unsafe. Consider using sprintf_s instead. To disable deprecation, use _CRT_SECURE_NO_WARNINGS. See online help for details.
D:\git\src\IBK\IBK_DRFN\ProjSrc\SrcChartEx\ChartAddIn\ChartDesignPropertyAddIn\Include_Chart\xUtil_Chart.h(654,24): warning C4477: 'sprintf' : 서식 문자열 '%lf'에 'double' 형식의 인수가 필요하지만 variadic 인수 2의 형식이 'LONG'입니다.
D:\git\src\IBK\IBK_DRFN\ProjSrc\SrcChartEx\ChartAddIn\ChartDesignPropertyAddIn\Include_Chart\xUtil_Chart.h(654,3): warning C4996: 'sprintf': This function or variable may be unsafe. Consider using sprintf_s instead. To disable deprecation, use _CRT_SECURE_NO_WARNINGS. See online help for details.
D:\git\src\IBK\IBK_DRFN\ProjSrc\SrcChartEx\ChartAddIn\ChartDesignPropertyAddIn\Include_Chart\xUtil_Chart.h(816,17): warning C4996: 'fopen': This function or variable may be unsafe. Consider using fopen_s instead. To disable deprecation, use _CRT_SECURE_NO_WARNINGS. See online help for details.
D:\git\src\IBK\IBK_DRFN\ProjSrc\SrcChartEx\ChartAddIn\ChartDesignPropertyAddIn\Include_Chart\xUtil_Chart.h(847,10): warning C4996: '_vsnprintf': This function or variable may be unsafe. Consider using _vsnprintf_s instead. To disable deprecation, use _CRT_SECURE_NO_WARNINGS. See online help for details.
D:\git\src\IBK\IBK_DRFN\ProjSrc\SrcChartEx\ChartAddIn\ChartDesignPropertyAddIn\Include_Chart\PropertiesData.h(92,2): warning C4091: 'typedef ': 변수를 선언하지 않으면 'CHART_PROPERTY_TYPE' 왼쪽은 무시됩니다.
D:\git\src\IBK\IBK_DRFN\ProjSrc\SrcChartEx\ChartAddIn\ChartDesignPropertyAddIn\Include_Chart\PropertiesData.h(313,2): warning C4091: 'typedef ': 변수를 선언하지 않으면 'CHART_ADDIN_TYPE' 왼쪽은 무시됩니다.
D:\git\src\IBK\IBK_DRFN\ProjSrc\SrcChartEx\ChartAddIn\ChartDesignPropertyAddIn\ChartDesignPropertyAddIn\AddInLoadInfoPage.cpp(76,2): warning C4996: 'strcpy': This function or variable may be unsafe. Consider using strcpy_s instead. To disable deprecation, use _CRT_SECURE_NO_WARNINGS. See online help for details.
D:\git\src\IBK\IBK_DRFN\ProjSrc\SrcChartEx\ChartAddIn\ChartDesignPropertyAddIn\ChartDesignPropertyAddIn\AddInLoadInfoPage.cpp(142,3): warning C4996: 'strcpy': This function or variable may be unsafe. Consider using strcpy_s instead. To disable deprecation, use _CRT_SECURE_NO_WARNINGS. See online help for details.
D:\git\src\IBK\IBK_DRFN\ProjSrc\SrcChartEx\ChartAddIn\ChartDesignPropertyAddIn\ChartDesignPropertyAddIn\AddInLoadInfoPage.cpp(121,2): warning C4996: 'strncpy': This function or variable may be unsafe. Consider using strncpy_s instead. To disable deprecation, use _CRT_SECURE_NO_WARNINGS. See online help for details.
D:\git\src\IBK\IBK_DRFN\ProjSrc\SrcChartEx\ChartAddIn\ChartDesignPropertyAddIn\ChartDesignPropertyAddIn\AddInLoadInfoPage.cpp(227,2): warning C4996: 'strcpy': This function or variable may be unsafe. Consider using strcpy_s instead. To disable deprecation, use _CRT_SECURE_NO_WARNINGS. See online help for details.
  BlockSetDlg.cpp
D:\git\src\IBK\IBK_DRFN\ProjSrc\SrcChartEx\ChartAddIn\ChartDesignPropertyAddIn\Include\PDll.h(468,6): warning C4996: 'strcpy': This function or variable may be unsafe. Consider using strcpy_s instead. To disable deprecation, use _CRT_SECURE_NO_WARNINGS. See online help for details.
  should not include d3dtypes.h when compiling for DX8 or newer interfaces
D:\git\src\IBK\IBK_DRFN\ProjSrc\SrcChartEx\ChartAddIn\ChartDesignPropertyAddIn\Include_Chart\xUtil_Chart.h(106,3): warning C4996: 'sscanf': This function or variable may be unsafe. Consider using sscanf_s instead. To disable deprecation, use _CRT_SECURE_NO_WARNINGS. See online help for details.
D:\git\src\IBK\IBK_DRFN\ProjSrc\SrcChartEx\ChartAddIn\ChartDesignPropertyAddIn\Include_Chart\xUtil_Chart.h(114,3): warning C4996: 'sscanf': This function or variable may be unsafe. Consider using sscanf_s instead. To disable deprecation, use _CRT_SECURE_NO_WARNINGS. See online help for details.
D:\git\src\IBK\IBK_DRFN\ProjSrc\SrcChartEx\ChartAddIn\ChartDesignPropertyAddIn\Include_Chart\xUtil_Chart.h(124,3): warning C4996: 'sscanf': This function or variable may be unsafe. Consider using sscanf_s instead. To disable deprecation, use _CRT_SECURE_NO_WARNINGS. See online help for details.
D:\git\src\IBK\IBK_DRFN\ProjSrc\SrcChartEx\ChartAddIn\ChartDesignPropertyAddIn\Include_Chart\xUtil_Chart.h(158,14): warning C4996: 'sscanf': This function or variable may be unsafe. Consider using sscanf_s instead. To disable deprecation, use _CRT_SECURE_NO_WARNINGS. See online help for details.
D:\git\src\IBK\IBK_DRFN\ProjSrc\SrcChartEx\ChartAddIn\ChartDesignPropertyAddIn\Include_Chart\xUtil_Chart.h(181,21): warning C4996: 'sscanf': This function or variable may be unsafe. Consider using sscanf_s instead. To disable deprecation, use _CRT_SECURE_NO_WARNINGS. See online help for details.
D:\git\src\IBK\IBK_DRFN\ProjSrc\SrcChartEx\ChartAddIn\ChartDesignPropertyAddIn\Include_Chart\xUtil_Chart.h(595,3): warning C4996: 'sprintf': This function or variable may be unsafe. Consider using sprintf_s instead. To disable deprecation, use _CRT_SECURE_NO_WARNINGS. See online help for details.
D:\git\src\IBK\IBK_DRFN\ProjSrc\SrcChartEx\ChartAddIn\ChartDesignPropertyAddIn\Include_Chart\xUtil_Chart.h(610,4): warning C4996: 'sprintf': This function or variable may be unsafe. Consider using sprintf_s instead. To disable deprecation, use _CRT_SECURE_NO_WARNINGS. See online help for details.
D:\git\src\IBK\IBK_DRFN\ProjSrc\SrcChartEx\ChartAddIn\ChartDesignPropertyAddIn\Include_Chart\xUtil_Chart.h(628,24): warning C4477: 'sprintf' : 서식 문자열 '%s'에 'char *' 형식의 인수가 필요하지만 variadic 인수 1의 형식이 'CString'입니다.
D:\git\src\IBK\IBK_DRFN\ProjSrc\SrcChartEx\ChartAddIn\ChartDesignPropertyAddIn\Include_Chart\xUtil_Chart.h(628,3): warning C4996: 'sprintf': This function or variable may be unsafe. Consider using sprintf_s instead. To disable deprecation, use _CRT_SECURE_NO_WARNINGS. See online help for details.
D:\git\src\IBK\IBK_DRFN\ProjSrc\SrcChartEx\ChartAddIn\ChartDesignPropertyAddIn\Include_Chart\xUtil_Chart.h(639,3): warning C4996: 'sprintf': This function or variable may be unsafe. Consider using sprintf_s instead. To disable deprecation, use _CRT_SECURE_NO_WARNINGS. See online help for details.
D:\git\src\IBK\IBK_DRFN\ProjSrc\SrcChartEx\ChartAddIn\ChartDesignPropertyAddIn\Include_Chart\xUtil_Chart.h(654,24): warning C4477: 'sprintf' : 서식 문자열 '%lf'에 'double' 형식의 인수가 필요하지만 variadic 인수 2의 형식이 'LONG'입니다.
D:\git\src\IBK\IBK_DRFN\ProjSrc\SrcChartEx\ChartAddIn\ChartDesignPropertyAddIn\Include_Chart\xUtil_Chart.h(654,3): warning C4996: 'sprintf': This function or variable may be unsafe. Consider using sprintf_s instead. To disable deprecation, use _CRT_SECURE_NO_WARNINGS. See online help for details.
D:\git\src\IBK\IBK_DRFN\ProjSrc\SrcChartEx\ChartAddIn\ChartDesignPropertyAddIn\Include_Chart\xUtil_Chart.h(816,17): warning C4996: 'fopen': This function or variable may be unsafe. Consider using fopen_s instead. To disable deprecation, use _CRT_SECURE_NO_WARNINGS. See online help for details.
D:\git\src\IBK\IBK_DRFN\ProjSrc\SrcChartEx\ChartAddIn\ChartDesignPropertyAddIn\Include_Chart\xUtil_Chart.h(847,10): warning C4996: '_vsnprintf': This function or variable may be unsafe. Consider using _vsnprintf_s instead. To disable deprecation, use _CRT_SECURE_NO_WARNINGS. See online help for details.
D:\git\src\IBK\IBK_DRFN\ProjSrc\SrcChartEx\ChartAddIn\ChartDesignPropertyAddIn\Include_Chart\PropertiesData.h(92,2): warning C4091: 'typedef ': 변수를 선언하지 않으면 'CHART_PROPERTY_TYPE' 왼쪽은 무시됩니다.
D:\git\src\IBK\IBK_DRFN\ProjSrc\SrcChartEx\ChartAddIn\ChartDesignPropertyAddIn\Include_Chart\PropertiesData.h(313,2): warning C4091: 'typedef ': 변수를 선언하지 않으면 'CHART_ADDIN_TYPE' 왼쪽은 무시됩니다.
  ChartDesignPropertyAddIn.cpp
D:\git\src\IBK\IBK_DRFN\ProjSrc\SrcChartEx\ChartAddIn\ChartDesignPropertyAddIn\Include\PDll.h(468,6): warning C4996: 'strcpy': This function or variable may be unsafe. Consider using strcpy_s instead. To disable deprecation, use _CRT_SECURE_NO_WARNINGS. See online help for details.
D:\git\src\IBK\IBK_DRFN\ProjSrc\SrcChartEx\ChartAddIn\ChartDesignPropertyAddIn\Include_AddIn_134661\I134661\_AddInCommand.h(287,2): warning C4091: 'typedef ': 변수를 선언하지 않으면 'EAICommandType' 왼쪽은 무시됩니다.
  ChartDesignPropertyAddInImp.cpp
D:\git\src\IBK\IBK_DRFN\ProjSrc\SrcChartEx\ChartAddIn\ChartDesignPropertyAddIn\Include\PDll.h(468,6): warning C4996: 'strcpy': This function or variable may be unsafe. Consider using strcpy_s instead. To disable deprecation, use _CRT_SECURE_NO_WARNINGS. See online help for details.
D:\git\src\IBK\IBK_DRFN\ProjSrc\SrcChartEx\ChartAddIn\ChartDesignPropertyAddIn\Include_AddIn_134661\I134661\_AddInCommand.h(287,2): warning C4091: 'typedef ': 변수를 선언하지 않으면 'EAICommandType' 왼쪽은 무시됩니다.
  should not include d3dtypes.h when compiling for DX8 or newer interfaces
D:\git\src\IBK\IBK_DRFN\ProjSrc\SrcChartEx\ChartAddIn\ChartDesignPropertyAddIn\Include_Chart\xUtil_Chart.h(106,3): warning C4996: 'sscanf': This function or variable may be unsafe. Consider using sscanf_s instead. To disable deprecation, use _CRT_SECURE_NO_WARNINGS. See online help for details.
D:\git\src\IBK\IBK_DRFN\ProjSrc\SrcChartEx\ChartAddIn\ChartDesignPropertyAddIn\Include_Chart\xUtil_Chart.h(114,3): warning C4996: 'sscanf': This function or variable may be unsafe. Consider using sscanf_s instead. To disable deprecation, use _CRT_SECURE_NO_WARNINGS. See online help for details.
D:\git\src\IBK\IBK_DRFN\ProjSrc\SrcChartEx\ChartAddIn\ChartDesignPropertyAddIn\Include_Chart\xUtil_Chart.h(124,3): warning C4996: 'sscanf': This function or variable may be unsafe. Consider using sscanf_s instead. To disable deprecation, use _CRT_SECURE_NO_WARNINGS. See online help for details.
D:\git\src\IBK\IBK_DRFN\ProjSrc\SrcChartEx\ChartAddIn\ChartDesignPropertyAddIn\Include_Chart\xUtil_Chart.h(158,14): warning C4996: 'sscanf': This function or variable may be unsafe. Consider using sscanf_s instead. To disable deprecation, use _CRT_SECURE_NO_WARNINGS. See online help for details.
D:\git\src\IBK\IBK_DRFN\ProjSrc\SrcChartEx\ChartAddIn\ChartDesignPropertyAddIn\Include_Chart\xUtil_Chart.h(181,21): warning C4996: 'sscanf': This function or variable may be unsafe. Consider using sscanf_s instead. To disable deprecation, use _CRT_SECURE_NO_WARNINGS. See online help for details.
D:\git\src\IBK\IBK_DRFN\ProjSrc\SrcChartEx\ChartAddIn\ChartDesignPropertyAddIn\Include_Chart\xUtil_Chart.h(595,3): warning C4996: 'sprintf': This function or variable may be unsafe. Consider using sprintf_s instead. To disable deprecation, use _CRT_SECURE_NO_WARNINGS. See online help for details.
D:\git\src\IBK\IBK_DRFN\ProjSrc\SrcChartEx\ChartAddIn\ChartDesignPropertyAddIn\Include_Chart\xUtil_Chart.h(610,4): warning C4996: 'sprintf': This function or variable may be unsafe. Consider using sprintf_s instead. To disable deprecation, use _CRT_SECURE_NO_WARNINGS. See online help for details.
D:\git\src\IBK\IBK_DRFN\ProjSrc\SrcChartEx\ChartAddIn\ChartDesignPropertyAddIn\Include_Chart\xUtil_Chart.h(628,24): warning C4477: 'sprintf' : 서식 문자열 '%s'에 'char *' 형식의 인수가 필요하지만 variadic 인수 1의 형식이 'CString'입니다.
D:\git\src\IBK\IBK_DRFN\ProjSrc\SrcChartEx\ChartAddIn\ChartDesignPropertyAddIn\Include_Chart\xUtil_Chart.h(628,3): warning C4996: 'sprintf': This function or variable may be unsafe. Consider using sprintf_s instead. To disable deprecation, use _CRT_SECURE_NO_WARNINGS. See online help for details.
D:\git\src\IBK\IBK_DRFN\ProjSrc\SrcChartEx\ChartAddIn\ChartDesignPropertyAddIn\Include_Chart\xUtil_Chart.h(639,3): warning C4996: 'sprintf': This function or variable may be unsafe. Consider using sprintf_s instead. To disable deprecation, use _CRT_SECURE_NO_WARNINGS. See online help for details.
D:\git\src\IBK\IBK_DRFN\ProjSrc\SrcChartEx\ChartAddIn\ChartDesignPropertyAddIn\Include_Chart\xUtil_Chart.h(654,24): warning C4477: 'sprintf' : 서식 문자열 '%lf'에 'double' 형식의 인수가 필요하지만 variadic 인수 2의 형식이 'LONG'입니다.
D:\git\src\IBK\IBK_DRFN\ProjSrc\SrcChartEx\ChartAddIn\ChartDesignPropertyAddIn\Include_Chart\xUtil_Chart.h(654,3): warning C4996: 'sprintf': This function or variable may be unsafe. Consider using sprintf_s instead. To disable deprecation, use _CRT_SECURE_NO_WARNINGS. See online help for details.
D:\git\src\IBK\IBK_DRFN\ProjSrc\SrcChartEx\ChartAddIn\ChartDesignPropertyAddIn\Include_Chart\xUtil_Chart.h(816,17): warning C4996: 'fopen': This function or variable may be unsafe. Consider using fopen_s instead. To disable deprecation, use _CRT_SECURE_NO_WARNINGS. See online help for details.
D:\git\src\IBK\IBK_DRFN\ProjSrc\SrcChartEx\ChartAddIn\ChartDesignPropertyAddIn\Include_Chart\xUtil_Chart.h(847,10): warning C4996: '_vsnprintf': This function or variable may be unsafe. Consider using _vsnprintf_s instead. To disable deprecation, use _CRT_SECURE_NO_WARNINGS. See online help for details.
D:\git\src\IBK\IBK_DRFN\ProjSrc\SrcChartEx\ChartAddIn\ChartDesignPropertyAddIn\Include_Chart\PropertiesData.h(92,2): warning C4091: 'typedef ': 변수를 선언하지 않으면 'CHART_PROPERTY_TYPE' 왼쪽은 무시됩니다.
D:\git\src\IBK\IBK_DRFN\ProjSrc\SrcChartEx\ChartAddIn\ChartDesignPropertyAddIn\Include_Chart\PropertiesData.h(313,2): warning C4091: 'typedef ': 변수를 선언하지 않으면 'CHART_ADDIN_TYPE' 왼쪽은 무시됩니다.
  chartdrop.cpp
  ChartLink.cpp
D:\git\src\IBK\IBK_DRFN\ProjSrc\SrcChartEx\ChartAddIn\ChartDesignPropertyAddIn\Include\PDll.h(468,6): warning C4996: 'strcpy': This function or variable may be unsafe. Consider using strcpy_s instead. To disable deprecation, use _CRT_SECURE_NO_WARNINGS. See online help for details.
D:\git\src\IBK\IBK_DRFN\ProjSrc\SrcChartEx\ChartAddIn\ChartDesignPropertyAddIn\Include_AddIn_134661\I134661\_AddInCommand.h(287,2): warning C4091: 'typedef ': 변수를 선언하지 않으면 'EAICommandType' 왼쪽은 무시됩니다.
  ChartListPage.cpp
D:\git\src\IBK\IBK_DRFN\ProjSrc\SrcChartEx\ChartAddIn\ChartDesignPropertyAddIn\Include\PDll.h(468,6): warning C4996: 'strcpy': This function or variable may be unsafe. Consider using strcpy_s instead. To disable deprecation, use _CRT_SECURE_NO_WARNINGS. See online help for details.
D:\git\src\IBK\IBK_DRFN\ProjSrc\SrcChartEx\ChartAddIn\ChartDesignPropertyAddIn\Include_AddIn_134661\I134661\_AddInCommand.h(287,2): warning C4091: 'typedef ': 변수를 선언하지 않으면 'EAICommandType' 왼쪽은 무시됩니다.
  should not include d3dtypes.h when compiling for DX8 or newer interfaces
D:\git\src\IBK\IBK_DRFN\ProjSrc\SrcChartEx\ChartAddIn\ChartDesignPropertyAddIn\Include_Chart\xUtil_Chart.h(106,3): warning C4996: 'sscanf': This function or variable may be unsafe. Consider using sscanf_s instead. To disable deprecation, use _CRT_SECURE_NO_WARNINGS. See online help for details.
D:\git\src\IBK\IBK_DRFN\ProjSrc\SrcChartEx\ChartAddIn\ChartDesignPropertyAddIn\Include_Chart\xUtil_Chart.h(114,3): warning C4996: 'sscanf': This function or variable may be unsafe. Consider using sscanf_s instead. To disable deprecation, use _CRT_SECURE_NO_WARNINGS. See online help for details.
D:\git\src\IBK\IBK_DRFN\ProjSrc\SrcChartEx\ChartAddIn\ChartDesignPropertyAddIn\Include_Chart\xUtil_Chart.h(124,3): warning C4996: 'sscanf': This function or variable may be unsafe. Consider using sscanf_s instead. To disable deprecation, use _CRT_SECURE_NO_WARNINGS. See online help for details.
D:\git\src\IBK\IBK_DRFN\ProjSrc\SrcChartEx\ChartAddIn\ChartDesignPropertyAddIn\Include_Chart\xUtil_Chart.h(158,14): warning C4996: 'sscanf': This function or variable may be unsafe. Consider using sscanf_s instead. To disable deprecation, use _CRT_SECURE_NO_WARNINGS. See online help for details.
D:\git\src\IBK\IBK_DRFN\ProjSrc\SrcChartEx\ChartAddIn\ChartDesignPropertyAddIn\Include_Chart\xUtil_Chart.h(181,21): warning C4996: 'sscanf': This function or variable may be unsafe. Consider using sscanf_s instead. To disable deprecation, use _CRT_SECURE_NO_WARNINGS. See online help for details.
D:\git\src\IBK\IBK_DRFN\ProjSrc\SrcChartEx\ChartAddIn\ChartDesignPropertyAddIn\Include_Chart\xUtil_Chart.h(595,3): warning C4996: 'sprintf': This function or variable may be unsafe. Consider using sprintf_s instead. To disable deprecation, use _CRT_SECURE_NO_WARNINGS. See online help for details.
D:\git\src\IBK\IBK_DRFN\ProjSrc\SrcChartEx\ChartAddIn\ChartDesignPropertyAddIn\Include_Chart\xUtil_Chart.h(610,4): warning C4996: 'sprintf': This function or variable may be unsafe. Consider using sprintf_s instead. To disable deprecation, use _CRT_SECURE_NO_WARNINGS. See online help for details.
D:\git\src\IBK\IBK_DRFN\ProjSrc\SrcChartEx\ChartAddIn\ChartDesignPropertyAddIn\Include_Chart\xUtil_Chart.h(628,24): warning C4477: 'sprintf' : 서식 문자열 '%s'에 'char *' 형식의 인수가 필요하지만 variadic 인수 1의 형식이 'CString'입니다.
D:\git\src\IBK\IBK_DRFN\ProjSrc\SrcChartEx\ChartAddIn\ChartDesignPropertyAddIn\Include_Chart\xUtil_Chart.h(628,3): warning C4996: 'sprintf': This function or variable may be unsafe. Consider using sprintf_s instead. To disable deprecation, use _CRT_SECURE_NO_WARNINGS. See online help for details.
D:\git\src\IBK\IBK_DRFN\ProjSrc\SrcChartEx\ChartAddIn\ChartDesignPropertyAddIn\Include_Chart\xUtil_Chart.h(639,3): warning C4996: 'sprintf': This function or variable may be unsafe. Consider using sprintf_s instead. To disable deprecation, use _CRT_SECURE_NO_WARNINGS. See online help for details.
D:\git\src\IBK\IBK_DRFN\ProjSrc\SrcChartEx\ChartAddIn\ChartDesignPropertyAddIn\Include_Chart\xUtil_Chart.h(654,24): warning C4477: 'sprintf' : 서식 문자열 '%lf'에 'double' 형식의 인수가 필요하지만 variadic 인수 2의 형식이 'LONG'입니다.
D:\git\src\IBK\IBK_DRFN\ProjSrc\SrcChartEx\ChartAddIn\ChartDesignPropertyAddIn\Include_Chart\xUtil_Chart.h(654,3): warning C4996: 'sprintf': This function or variable may be unsafe. Consider using sprintf_s instead. To disable deprecation, use _CRT_SECURE_NO_WARNINGS. See online help for details.
D:\git\src\IBK\IBK_DRFN\ProjSrc\SrcChartEx\ChartAddIn\ChartDesignPropertyAddIn\Include_Chart\xUtil_Chart.h(816,17): warning C4996: 'fopen': This function or variable may be unsafe. Consider using fopen_s instead. To disable deprecation, use _CRT_SECURE_NO_WARNINGS. See online help for details.
D:\git\src\IBK\IBK_DRFN\ProjSrc\SrcChartEx\ChartAddIn\ChartDesignPropertyAddIn\Include_Chart\xUtil_Chart.h(847,10): warning C4996: '_vsnprintf': This function or variable may be unsafe. Consider using _vsnprintf_s instead. To disable deprecation, use _CRT_SECURE_NO_WARNINGS. See online help for details.
D:\git\src\IBK\IBK_DRFN\ProjSrc\SrcChartEx\ChartAddIn\ChartDesignPropertyAddIn\Include_Chart\PropertiesData.h(92,2): warning C4091: 'typedef ': 변수를 선언하지 않으면 'CHART_PROPERTY_TYPE' 왼쪽은 무시됩니다.
D:\git\src\IBK\IBK_DRFN\ProjSrc\SrcChartEx\ChartAddIn\ChartDesignPropertyAddIn\Include_Chart\PropertiesData.h(313,2): warning C4091: 'typedef ': 변수를 선언하지 않으면 'CHART_ADDIN_TYPE' 왼쪽은 무시됩니다.
  ChartPropertySheet.cpp
D:\git\src\IBK\IBK_DRFN\ProjSrc\SrcChartEx\ChartAddIn\ChartDesignPropertyAddIn\Include\PDll.h(468,6): warning C4996: 'strcpy': This function or variable may be unsafe. Consider using strcpy_s instead. To disable deprecation, use _CRT_SECURE_NO_WARNINGS. See online help for details.
D:\git\src\IBK\IBK_DRFN\ProjSrc\SrcChartEx\ChartAddIn\ChartDesignPropertyAddIn\Include_Chart\PropertiesData.h(92,2): warning C4091: 'typedef ': 변수를 선언하지 않으면 'CHART_PROPERTY_TYPE' 왼쪽은 무시됩니다.
D:\git\src\IBK\IBK_DRFN\ProjSrc\SrcChartEx\ChartAddIn\ChartDesignPropertyAddIn\Include_Chart\PropertiesData.h(313,2): warning C4091: 'typedef ': 변수를 선언하지 않으면 'CHART_ADDIN_TYPE' 왼쪽은 무시됩니다.
D:\git\src\IBK\IBK_DRFN\ProjSrc\SrcChartEx\ChartAddIn\ChartDesignPropertyAddIn\Include_AddIn_134661\I134661\_AddInCommand.h(287,2): warning C4091: 'typedef ': 변수를 선언하지 않으면 'EAICommandType' 왼쪽은 무시됩니다.
  CheckComboBox.cpp
  ColorSetDlg.cpp
D:\git\src\IBK\IBK_DRFN\ProjSrc\SrcChartEx\ChartAddIn\ChartDesignPropertyAddIn\Include\PDll.h(468,6): warning C4996: 'strcpy': This function or variable may be unsafe. Consider using strcpy_s instead. To disable deprecation, use _CRT_SECURE_NO_WARNINGS. See online help for details.
  should not include d3dtypes.h when compiling for DX8 or newer interfaces
D:\git\src\IBK\IBK_DRFN\ProjSrc\SrcChartEx\ChartAddIn\ChartDesignPropertyAddIn\Include_Chart\xUtil_Chart.h(106,3): warning C4996: 'sscanf': This function or variable may be unsafe. Consider using sscanf_s instead. To disable deprecation, use _CRT_SECURE_NO_WARNINGS. See online help for details.
D:\git\src\IBK\IBK_DRFN\ProjSrc\SrcChartEx\ChartAddIn\ChartDesignPropertyAddIn\Include_Chart\xUtil_Chart.h(114,3): warning C4996: 'sscanf': This function or variable may be unsafe. Consider using sscanf_s instead. To disable deprecation, use _CRT_SECURE_NO_WARNINGS. See online help for details.
D:\git\src\IBK\IBK_DRFN\ProjSrc\SrcChartEx\ChartAddIn\ChartDesignPropertyAddIn\Include_Chart\xUtil_Chart.h(124,3): warning C4996: 'sscanf': This function or variable may be unsafe. Consider using sscanf_s instead. To disable deprecation, use _CRT_SECURE_NO_WARNINGS. See online help for details.
D:\git\src\IBK\IBK_DRFN\ProjSrc\SrcChartEx\ChartAddIn\ChartDesignPropertyAddIn\Include_Chart\xUtil_Chart.h(158,14): warning C4996: 'sscanf': This function or variable may be unsafe. Consider using sscanf_s instead. To disable deprecation, use _CRT_SECURE_NO_WARNINGS. See online help for details.
D:\git\src\IBK\IBK_DRFN\ProjSrc\SrcChartEx\ChartAddIn\ChartDesignPropertyAddIn\Include_Chart\xUtil_Chart.h(181,21): warning C4996: 'sscanf': This function or variable may be unsafe. Consider using sscanf_s instead. To disable deprecation, use _CRT_SECURE_NO_WARNINGS. See online help for details.
D:\git\src\IBK\IBK_DRFN\ProjSrc\SrcChartEx\ChartAddIn\ChartDesignPropertyAddIn\Include_Chart\xUtil_Chart.h(595,3): warning C4996: 'sprintf': This function or variable may be unsafe. Consider using sprintf_s instead. To disable deprecation, use _CRT_SECURE_NO_WARNINGS. See online help for details.
D:\git\src\IBK\IBK_DRFN\ProjSrc\SrcChartEx\ChartAddIn\ChartDesignPropertyAddIn\Include_Chart\xUtil_Chart.h(610,4): warning C4996: 'sprintf': This function or variable may be unsafe. Consider using sprintf_s instead. To disable deprecation, use _CRT_SECURE_NO_WARNINGS. See online help for details.
D:\git\src\IBK\IBK_DRFN\ProjSrc\SrcChartEx\ChartAddIn\ChartDesignPropertyAddIn\Include_Chart\xUtil_Chart.h(628,24): warning C4477: 'sprintf' : 서식 문자열 '%s'에 'char *' 형식의 인수가 필요하지만 variadic 인수 1의 형식이 'CString'입니다.
D:\git\src\IBK\IBK_DRFN\ProjSrc\SrcChartEx\ChartAddIn\ChartDesignPropertyAddIn\Include_Chart\xUtil_Chart.h(628,3): warning C4996: 'sprintf': This function or variable may be unsafe. Consider using sprintf_s instead. To disable deprecation, use _CRT_SECURE_NO_WARNINGS. See online help for details.
D:\git\src\IBK\IBK_DRFN\ProjSrc\SrcChartEx\ChartAddIn\ChartDesignPropertyAddIn\Include_Chart\xUtil_Chart.h(639,3): warning C4996: 'sprintf': This function or variable may be unsafe. Consider using sprintf_s instead. To disable deprecation, use _CRT_SECURE_NO_WARNINGS. See online help for details.
D:\git\src\IBK\IBK_DRFN\ProjSrc\SrcChartEx\ChartAddIn\ChartDesignPropertyAddIn\Include_Chart\xUtil_Chart.h(654,24): warning C4477: 'sprintf' : 서식 문자열 '%lf'에 'double' 형식의 인수가 필요하지만 variadic 인수 2의 형식이 'LONG'입니다.
D:\git\src\IBK\IBK_DRFN\ProjSrc\SrcChartEx\ChartAddIn\ChartDesignPropertyAddIn\Include_Chart\xUtil_Chart.h(654,3): warning C4996: 'sprintf': This function or variable may be unsafe. Consider using sprintf_s instead. To disable deprecation, use _CRT_SECURE_NO_WARNINGS. See online help for details.
D:\git\src\IBK\IBK_DRFN\ProjSrc\SrcChartEx\ChartAddIn\ChartDesignPropertyAddIn\Include_Chart\xUtil_Chart.h(816,17): warning C4996: 'fopen': This function or variable may be unsafe. Consider using fopen_s instead. To disable deprecation, use _CRT_SECURE_NO_WARNINGS. See online help for details.
D:\git\src\IBK\IBK_DRFN\ProjSrc\SrcChartEx\ChartAddIn\ChartDesignPropertyAddIn\Include_Chart\xUtil_Chart.h(847,10): warning C4996: '_vsnprintf': This function or variable may be unsafe. Consider using _vsnprintf_s instead. To disable deprecation, use _CRT_SECURE_NO_WARNINGS. See online help for details.
D:\git\src\IBK\IBK_DRFN\ProjSrc\SrcChartEx\ChartAddIn\ChartDesignPropertyAddIn\Include_AddIn_134661\I134661\_AddInCommand.h(287,2): warning C4091: 'typedef ': 변수를 선언하지 않으면 'EAICommandType' 왼쪽은 무시됩니다.
D:\git\src\IBK\IBK_DRFN\ProjSrc\SrcChartEx\ChartAddIn\ChartDesignPropertyAddIn\Include_Chart\PropertiesData.h(92,2): warning C4091: 'typedef ': 변수를 선언하지 않으면 'CHART_PROPERTY_TYPE' 왼쪽은 무시됩니다.
D:\git\src\IBK\IBK_DRFN\ProjSrc\SrcChartEx\ChartAddIn\ChartDesignPropertyAddIn\Include_Chart\PropertiesData.h(313,2): warning C4091: 'typedef ': 변수를 선언하지 않으면 'CHART_ADDIN_TYPE' 왼쪽은 무시됩니다.
  ColourPicker.cpp
  ColourPopup.cpp
D:\git\src\IBK\IBK_DRFN\ProjSrc\SrcChartEx\ChartAddIn\ChartDesignPropertyAddIn\Include\PDll.h(468,6): warning C4996: 'strcpy': This function or variable may be unsafe. Consider using strcpy_s instead. To disable deprecation, use _CRT_SECURE_NO_WARNINGS. See online help for details.
  ComboEdit.cpp
  ComboInListView.cpp
  코드를 생성하고 있습니다...
  컴파일하고 있습니다...
  DataOfChartListPage.cpp
D:\git\src\IBK\IBK_DRFN\ProjSrc\SrcChartEx\ChartAddIn\ChartDesignPropertyAddIn\Include\PDll.h(468,6): warning C4996: 'strcpy': This function or variable may be unsafe. Consider using strcpy_s instead. To disable deprecation, use _CRT_SECURE_NO_WARNINGS. See online help for details.
D:\git\src\IBK\IBK_DRFN\ProjSrc\SrcChartEx\ChartAddIn\ChartDesignPropertyAddIn\Include_AddIn_134661\I134661\_AddInCommand.h(287,2): warning C4091: 'typedef ': 변수를 선언하지 않으면 'EAICommandType' 왼쪽은 무시됩니다.
  DataOfPacketPage.cpp
D:\git\src\IBK\IBK_DRFN\ProjSrc\SrcChartEx\ChartAddIn\ChartDesignPropertyAddIn\Include\PDll.h(468,6): warning C4996: 'strcpy': This function or variable may be unsafe. Consider using strcpy_s instead. To disable deprecation, use _CRT_SECURE_NO_WARNINGS. See online help for details.
  DFontPropPage.cpp
D:\git\src\IBK\IBK_DRFN\ProjSrc\SrcChartEx\ChartAddIn\ChartDesignPropertyAddIn\Include\PDll.h(468,6): warning C4996: 'strcpy': This function or variable may be unsafe. Consider using strcpy_s instead. To disable deprecation, use _CRT_SECURE_NO_WARNINGS. See online help for details.
  should not include d3dtypes.h when compiling for DX8 or newer interfaces
D:\git\src\IBK\IBK_DRFN\ProjSrc\SrcChartEx\ChartAddIn\ChartDesignPropertyAddIn\Include_Chart\xUtil_Chart.h(106,3): warning C4996: 'sscanf': This function or variable may be unsafe. Consider using sscanf_s instead. To disable deprecation, use _CRT_SECURE_NO_WARNINGS. See online help for details.
D:\git\src\IBK\IBK_DRFN\ProjSrc\SrcChartEx\ChartAddIn\ChartDesignPropertyAddIn\Include_Chart\xUtil_Chart.h(114,3): warning C4996: 'sscanf': This function or variable may be unsafe. Consider using sscanf_s instead. To disable deprecation, use _CRT_SECURE_NO_WARNINGS. See online help for details.
D:\git\src\IBK\IBK_DRFN\ProjSrc\SrcChartEx\ChartAddIn\ChartDesignPropertyAddIn\Include_Chart\xUtil_Chart.h(124,3): warning C4996: 'sscanf': This function or variable may be unsafe. Consider using sscanf_s instead. To disable deprecation, use _CRT_SECURE_NO_WARNINGS. See online help for details.
D:\git\src\IBK\IBK_DRFN\ProjSrc\SrcChartEx\ChartAddIn\ChartDesignPropertyAddIn\Include_Chart\xUtil_Chart.h(158,14): warning C4996: 'sscanf': This function or variable may be unsafe. Consider using sscanf_s instead. To disable deprecation, use _CRT_SECURE_NO_WARNINGS. See online help for details.
D:\git\src\IBK\IBK_DRFN\ProjSrc\SrcChartEx\ChartAddIn\ChartDesignPropertyAddIn\Include_Chart\xUtil_Chart.h(181,21): warning C4996: 'sscanf': This function or variable may be unsafe. Consider using sscanf_s instead. To disable deprecation, use _CRT_SECURE_NO_WARNINGS. See online help for details.
D:\git\src\IBK\IBK_DRFN\ProjSrc\SrcChartEx\ChartAddIn\ChartDesignPropertyAddIn\Include_Chart\xUtil_Chart.h(595,3): warning C4996: 'sprintf': This function or variable may be unsafe. Consider using sprintf_s instead. To disable deprecation, use _CRT_SECURE_NO_WARNINGS. See online help for details.
D:\git\src\IBK\IBK_DRFN\ProjSrc\SrcChartEx\ChartAddIn\ChartDesignPropertyAddIn\Include_Chart\xUtil_Chart.h(610,4): warning C4996: 'sprintf': This function or variable may be unsafe. Consider using sprintf_s instead. To disable deprecation, use _CRT_SECURE_NO_WARNINGS. See online help for details.
D:\git\src\IBK\IBK_DRFN\ProjSrc\SrcChartEx\ChartAddIn\ChartDesignPropertyAddIn\Include_Chart\xUtil_Chart.h(628,24): warning C4477: 'sprintf' : 서식 문자열 '%s'에 'char *' 형식의 인수가 필요하지만 variadic 인수 1의 형식이 'CString'입니다.
D:\git\src\IBK\IBK_DRFN\ProjSrc\SrcChartEx\ChartAddIn\ChartDesignPropertyAddIn\Include_Chart\xUtil_Chart.h(628,3): warning C4996: 'sprintf': This function or variable may be unsafe. Consider using sprintf_s instead. To disable deprecation, use _CRT_SECURE_NO_WARNINGS. See online help for details.
D:\git\src\IBK\IBK_DRFN\ProjSrc\SrcChartEx\ChartAddIn\ChartDesignPropertyAddIn\Include_Chart\xUtil_Chart.h(639,3): warning C4996: 'sprintf': This function or variable may be unsafe. Consider using sprintf_s instead. To disable deprecation, use _CRT_SECURE_NO_WARNINGS. See online help for details.
D:\git\src\IBK\IBK_DRFN\ProjSrc\SrcChartEx\ChartAddIn\ChartDesignPropertyAddIn\Include_Chart\xUtil_Chart.h(654,24): warning C4477: 'sprintf' : 서식 문자열 '%lf'에 'double' 형식의 인수가 필요하지만 variadic 인수 2의 형식이 'LONG'입니다.
D:\git\src\IBK\IBK_DRFN\ProjSrc\SrcChartEx\ChartAddIn\ChartDesignPropertyAddIn\Include_Chart\xUtil_Chart.h(654,3): warning C4996: 'sprintf': This function or variable may be unsafe. Consider using sprintf_s instead. To disable deprecation, use _CRT_SECURE_NO_WARNINGS. See online help for details.
D:\git\src\IBK\IBK_DRFN\ProjSrc\SrcChartEx\ChartAddIn\ChartDesignPropertyAddIn\Include_Chart\xUtil_Chart.h(816,17): warning C4996: 'fopen': This function or variable may be unsafe. Consider using fopen_s instead. To disable deprecation, use _CRT_SECURE_NO_WARNINGS. See online help for details.
D:\git\src\IBK\IBK_DRFN\ProjSrc\SrcChartEx\ChartAddIn\ChartDesignPropertyAddIn\Include_Chart\xUtil_Chart.h(847,10): warning C4996: '_vsnprintf': This function or variable may be unsafe. Consider using _vsnprintf_s instead. To disable deprecation, use _CRT_SECURE_NO_WARNINGS. See online help for details.
D:\git\src\IBK\IBK_DRFN\ProjSrc\SrcChartEx\ChartAddIn\ChartDesignPropertyAddIn\Include_Chart\PropertiesData.h(92,2): warning C4091: 'typedef ': 변수를 선언하지 않으면 'CHART_PROPERTY_TYPE' 왼쪽은 무시됩니다.
D:\git\src\IBK\IBK_DRFN\ProjSrc\SrcChartEx\ChartAddIn\ChartDesignPropertyAddIn\Include_Chart\PropertiesData.h(313,2): warning C4091: 'typedef ': 변수를 선언하지 않으면 'CHART_ADDIN_TYPE' 왼쪽은 무시됩니다.
D:\git\src\IBK\IBK_DRFN\ProjSrc\SrcChartEx\ChartAddIn\ChartDesignPropertyAddIn\ChartDesignPropertyAddIn\DFontPropPage.cpp(349,2): warning C4996: 'strcpy': This function or variable may be unsafe. Consider using strcpy_s instead. To disable deprecation, use _CRT_SECURE_NO_WARNINGS. See online help for details.
  DialogExpander.cpp
  DlgBlockHorizontalScale.cpp
D:\git\src\IBK\IBK_DRFN\ProjSrc\SrcChartEx\ChartAddIn\ChartDesignPropertyAddIn\Include\PDll.h(468,6): warning C4996: 'strcpy': This function or variable may be unsafe. Consider using strcpy_s instead. To disable deprecation, use _CRT_SECURE_NO_WARNINGS. See online help for details.
  DlgBlockVerticalScale.cpp
D:\git\src\IBK\IBK_DRFN\ProjSrc\SrcChartEx\ChartAddIn\ChartDesignPropertyAddIn\Include\PDll.h(468,6): warning C4996: 'strcpy': This function or variable may be unsafe. Consider using strcpy_s instead. To disable deprecation, use _CRT_SECURE_NO_WARNINGS. See online help for details.
  DlgChartInvertSetting.cpp
D:\git\src\IBK\IBK_DRFN\ProjSrc\SrcChartEx\ChartAddIn\ChartDesignPropertyAddIn\Include\PDll.h(468,6): warning C4996: 'strcpy': This function or variable may be unsafe. Consider using strcpy_s instead. To disable deprecation, use _CRT_SECURE_NO_WARNINGS. See online help for details.
  DlgGlobalLanguageTable.cpp
D:\git\src\IBK\IBK_DRFN\ProjSrc\SrcChartEx\ChartAddIn\ChartDesignPropertyAddIn\Include\PDll.h(468,6): warning C4996: 'strcpy': This function or variable may be unsafe. Consider using strcpy_s instead. To disable deprecation, use _CRT_SECURE_NO_WARNINGS. See online help for details.
D:\git\src\IBK\IBK_DRFN\ProjSrc\SrcChartEx\ChartAddIn\ChartDesignPropertyAddIn\ChartDesignPropertyAddIn\DlgGlobalLanguageTable.cpp(265,16): warning C4996: 'stricmp': The POSIX name for this item is deprecated. Instead, use the ISO C and C++ conformant name: _stricmp. See online help for details.
  DlgGraphSetting.cpp
D:\git\src\IBK\IBK_DRFN\ProjSrc\SrcChartEx\ChartAddIn\ChartDesignPropertyAddIn\Include\PDll.h(468,6): warning C4996: 'strcpy': This function or variable may be unsafe. Consider using strcpy_s instead. To disable deprecation, use _CRT_SECURE_NO_WARNINGS. See online help for details.
D:\git\src\IBK\IBK_DRFN\ProjSrc\SrcChartEx\ChartAddIn\ChartDesignPropertyAddIn\Include_AddIn_134661\I134661\_AddInCommand.h(287,2): warning C4091: 'typedef ': 변수를 선언하지 않으면 'EAICommandType' 왼쪽은 무시됩니다.
  DlgGraphSetting2.cpp
D:\git\src\IBK\IBK_DRFN\ProjSrc\SrcChartEx\ChartAddIn\ChartDesignPropertyAddIn\Include\PDll.h(468,6): warning C4996: 'strcpy': This function or variable may be unsafe. Consider using strcpy_s instead. To disable deprecation, use _CRT_SECURE_NO_WARNINGS. See online help for details.
  DlgLocalLanguageTable.cpp
D:\git\src\IBK\IBK_DRFN\ProjSrc\SrcChartEx\ChartAddIn\ChartDesignPropertyAddIn\Include\PDll.h(468,6): warning C4996: 'strcpy': This function or variable may be unsafe. Consider using strcpy_s instead. To disable deprecation, use _CRT_SECURE_NO_WARNINGS. See online help for details.
  should not include d3dtypes.h when compiling for DX8 or newer interfaces
D:\git\src\IBK\IBK_DRFN\ProjSrc\SrcChartEx\ChartAddIn\ChartDesignPropertyAddIn\Include_Chart\xUtil_Chart.h(106,3): warning C4996: 'sscanf': This function or variable may be unsafe. Consider using sscanf_s instead. To disable deprecation, use _CRT_SECURE_NO_WARNINGS. See online help for details.
D:\git\src\IBK\IBK_DRFN\ProjSrc\SrcChartEx\ChartAddIn\ChartDesignPropertyAddIn\Include_Chart\xUtil_Chart.h(114,3): warning C4996: 'sscanf': This function or variable may be unsafe. Consider using sscanf_s instead. To disable deprecation, use _CRT_SECURE_NO_WARNINGS. See online help for details.
D:\git\src\IBK\IBK_DRFN\ProjSrc\SrcChartEx\ChartAddIn\ChartDesignPropertyAddIn\Include_Chart\xUtil_Chart.h(124,3): warning C4996: 'sscanf': This function or variable may be unsafe. Consider using sscanf_s instead. To disable deprecation, use _CRT_SECURE_NO_WARNINGS. See online help for details.
D:\git\src\IBK\IBK_DRFN\ProjSrc\SrcChartEx\ChartAddIn\ChartDesignPropertyAddIn\Include_Chart\xUtil_Chart.h(158,14): warning C4996: 'sscanf': This function or variable may be unsafe. Consider using sscanf_s instead. To disable deprecation, use _CRT_SECURE_NO_WARNINGS. See online help for details.
D:\git\src\IBK\IBK_DRFN\ProjSrc\SrcChartEx\ChartAddIn\ChartDesignPropertyAddIn\Include_Chart\xUtil_Chart.h(181,21): warning C4996: 'sscanf': This function or variable may be unsafe. Consider using sscanf_s instead. To disable deprecation, use _CRT_SECURE_NO_WARNINGS. See online help for details.
D:\git\src\IBK\IBK_DRFN\ProjSrc\SrcChartEx\ChartAddIn\ChartDesignPropertyAddIn\Include_Chart\xUtil_Chart.h(595,3): warning C4996: 'sprintf': This function or variable may be unsafe. Consider using sprintf_s instead. To disable deprecation, use _CRT_SECURE_NO_WARNINGS. See online help for details.
D:\git\src\IBK\IBK_DRFN\ProjSrc\SrcChartEx\ChartAddIn\ChartDesignPropertyAddIn\Include_Chart\xUtil_Chart.h(610,4): warning C4996: 'sprintf': This function or variable may be unsafe. Consider using sprintf_s instead. To disable deprecation, use _CRT_SECURE_NO_WARNINGS. See online help for details.
D:\git\src\IBK\IBK_DRFN\ProjSrc\SrcChartEx\ChartAddIn\ChartDesignPropertyAddIn\Include_Chart\xUtil_Chart.h(628,24): warning C4477: 'sprintf' : 서식 문자열 '%s'에 'char *' 형식의 인수가 필요하지만 variadic 인수 1의 형식이 'CString'입니다.
D:\git\src\IBK\IBK_DRFN\ProjSrc\SrcChartEx\ChartAddIn\ChartDesignPropertyAddIn\Include_Chart\xUtil_Chart.h(628,3): warning C4996: 'sprintf': This function or variable may be unsafe. Consider using sprintf_s instead. To disable deprecation, use _CRT_SECURE_NO_WARNINGS. See online help for details.
D:\git\src\IBK\IBK_DRFN\ProjSrc\SrcChartEx\ChartAddIn\ChartDesignPropertyAddIn\Include_Chart\xUtil_Chart.h(639,3): warning C4996: 'sprintf': This function or variable may be unsafe. Consider using sprintf_s instead. To disable deprecation, use _CRT_SECURE_NO_WARNINGS. See online help for details.
D:\git\src\IBK\IBK_DRFN\ProjSrc\SrcChartEx\ChartAddIn\ChartDesignPropertyAddIn\Include_Chart\xUtil_Chart.h(654,24): warning C4477: 'sprintf' : 서식 문자열 '%lf'에 'double' 형식의 인수가 필요하지만 variadic 인수 2의 형식이 'LONG'입니다.
D:\git\src\IBK\IBK_DRFN\ProjSrc\SrcChartEx\ChartAddIn\ChartDesignPropertyAddIn\Include_Chart\xUtil_Chart.h(654,3): warning C4996: 'sprintf': This function or variable may be unsafe. Consider using sprintf_s instead. To disable deprecation, use _CRT_SECURE_NO_WARNINGS. See online help for details.
D:\git\src\IBK\IBK_DRFN\ProjSrc\SrcChartEx\ChartAddIn\ChartDesignPropertyAddIn\Include_Chart\xUtil_Chart.h(816,17): warning C4996: 'fopen': This function or variable may be unsafe. Consider using fopen_s instead. To disable deprecation, use _CRT_SECURE_NO_WARNINGS. See online help for details.
D:\git\src\IBK\IBK_DRFN\ProjSrc\SrcChartEx\ChartAddIn\ChartDesignPropertyAddIn\Include_Chart\xUtil_Chart.h(847,10): warning C4996: '_vsnprintf': This function or variable may be unsafe. Consider using _vsnprintf_s instead. To disable deprecation, use _CRT_SECURE_NO_WARNINGS. See online help for details.
D:\git\src\IBK\IBK_DRFN\ProjSrc\SrcChartEx\ChartAddIn\ChartDesignPropertyAddIn\Include_Chart\PropertiesData.h(92,2): warning C4091: 'typedef ': 변수를 선언하지 않으면 'CHART_PROPERTY_TYPE' 왼쪽은 무시됩니다.
D:\git\src\IBK\IBK_DRFN\ProjSrc\SrcChartEx\ChartAddIn\ChartDesignPropertyAddIn\Include_Chart\PropertiesData.h(313,2): warning C4091: 'typedef ': 변수를 선언하지 않으면 'CHART_ADDIN_TYPE' 왼쪽은 무시됩니다.
D:\git\src\IBK\IBK_DRFN\ProjSrc\SrcChartEx\ChartAddIn\ChartDesignPropertyAddIn\ChartDesignPropertyAddIn\DlgLocalLanguageTable.cpp(102,2): warning C4996: 'strcpy': This function or variable may be unsafe. Consider using strcpy_s instead. To disable deprecation, use _CRT_SECURE_NO_WARNINGS. See online help for details.
D:\git\src\IBK\IBK_DRFN\ProjSrc\SrcChartEx\ChartAddIn\ChartDesignPropertyAddIn\ChartDesignPropertyAddIn\DlgLocalLanguageTable.cpp(236,3): warning C4996: 'strcpy': This function or variable may be unsafe. Consider using strcpy_s instead. To disable deprecation, use _CRT_SECURE_NO_WARNINGS. See online help for details.
D:\git\src\IBK\IBK_DRFN\ProjSrc\SrcChartEx\ChartAddIn\ChartDesignPropertyAddIn\ChartDesignPropertyAddIn\DlgLocalLanguageTable.cpp(243,3): warning C4996: 'strcpy': This function or variable may be unsafe. Consider using strcpy_s instead. To disable deprecation, use _CRT_SECURE_NO_WARNINGS. See online help for details.
D:\git\src\IBK\IBK_DRFN\ProjSrc\SrcChartEx\ChartAddIn\ChartDesignPropertyAddIn\ChartDesignPropertyAddIn\DlgLocalLanguageTable.cpp(258,4): warning C4996: 'strcpy': This function or variable may be unsafe. Consider using strcpy_s instead. To disable deprecation, use _CRT_SECURE_NO_WARNINGS. See online help for details.
  DlgShareSet.cpp
D:\git\src\IBK\IBK_DRFN\ProjSrc\SrcChartEx\ChartAddIn\ChartDesignPropertyAddIn\Include\PDll.h(468,6): warning C4996: 'strcpy': This function or variable may be unsafe. Consider using strcpy_s instead. To disable deprecation, use _CRT_SECURE_NO_WARNINGS. See online help for details.
  DlgSubGraphSetting.cpp
D:\git\src\IBK\IBK_DRFN\ProjSrc\SrcChartEx\ChartAddIn\ChartDesignPropertyAddIn\Include\PDll.h(468,6): warning C4996: 'strcpy': This function or variable may be unsafe. Consider using strcpy_s instead. To disable deprecation, use _CRT_SECURE_NO_WARNINGS. See online help for details.
D:\git\src\IBK\IBK_DRFN\ProjSrc\SrcChartEx\ChartAddIn\ChartDesignPropertyAddIn\Include_AddIn_134661\I134661\_AddInCommand.h(287,2): warning C4091: 'typedef ': 변수를 선언하지 않으면 'EAICommandType' 왼쪽은 무시됩니다.
  DlgToolTip.cpp
D:\git\src\IBK\IBK_DRFN\ProjSrc\SrcChartEx\ChartAddIn\ChartDesignPropertyAddIn\Include\PDll.h(468,6): warning C4996: 'strcpy': This function or variable may be unsafe. Consider using strcpy_s instead. To disable deprecation, use _CRT_SECURE_NO_WARNINGS. See online help for details.
D:\git\src\IBK\IBK_DRFN\ProjSrc\SrcChartEx\ChartAddIn\ChartDesignPropertyAddIn\ChartDesignPropertyAddIn\DlgToolTip.cpp(277,2): warning C4996: 'strcpy': This function or variable may be unsafe. Consider using strcpy_s instead. To disable deprecation, use _CRT_SECURE_NO_WARNINGS. See online help for details.
  EditableListCtrl.cpp
  GraphColorCollection.cpp
D:\git\src\IBK\IBK_DRFN\ProjSrc\SrcChartEx\ChartAddIn\ChartDesignPropertyAddIn\Include\PDll.h(468,6): warning C4996: 'strcpy': This function or variable may be unsafe. Consider using strcpy_s instead. To disable deprecation, use _CRT_SECURE_NO_WARNINGS. See online help for details.
D:\git\src\IBK\IBK_DRFN\ProjSrc\SrcChartEx\ChartAddIn\ChartDesignPropertyAddIn\Include_AddIn_134661\I134661\_AddInCommand.h(287,2): warning C4091: 'typedef ': 변수를 선언하지 않으면 'EAICommandType' 왼쪽은 무시됩니다.
  GraphSettingButton.cpp
D:\git\src\IBK\IBK_DRFN\ProjSrc\SrcChartEx\ChartAddIn\ChartDesignPropertyAddIn\Include\PDll.h(468,6): warning C4996: 'strcpy': This function or variable may be unsafe. Consider using strcpy_s instead. To disable deprecation, use _CRT_SECURE_NO_WARNINGS. See online help for details.
D:\git\src\IBK\IBK_DRFN\ProjSrc\SrcChartEx\ChartAddIn\ChartDesignPropertyAddIn\Include_AddIn_134661\I134661\_AddInCommand.h(287,2): warning C4091: 'typedef ': 변수를 선언하지 않으면 'EAICommandType' 왼쪽은 무시됩니다.
  InitializeControlDlg.cpp
D:\git\src\IBK\IBK_DRFN\ProjSrc\SrcChartEx\ChartAddIn\ChartDesignPropertyAddIn\Include\PDll.h(468,6): warning C4996: 'strcpy': This function or variable may be unsafe. Consider using strcpy_s instead. To disable deprecation, use _CRT_SECURE_NO_WARNINGS. See online help for details.
  LineColor.cpp
D:\git\src\IBK\IBK_DRFN\ProjSrc\SrcChartEx\ChartAddIn\ChartDesignPropertyAddIn\Include\PDll.h(468,6): warning C4996: 'strcpy': This function or variable may be unsafe. Consider using strcpy_s instead. To disable deprecation, use _CRT_SECURE_NO_WARNINGS. See online help for details.
  listeditctrl.cpp
  코드를 생성하고 있습니다...
  컴파일하고 있습니다...
  LVEdit.cpp
  MyListCtrl.cpp
  MyTreeCtrl.cpp
D:\git\src\IBK\IBK_DRFN\ProjSrc\SrcChartEx\ChartAddIn\ChartDesignPropertyAddIn\Include\PDll.h(468,6): warning C4996: 'strcpy': This function or variable may be unsafe. Consider using strcpy_s instead. To disable deprecation, use _CRT_SECURE_NO_WARNINGS. See online help for details.
D:\git\src\IBK\IBK_DRFN\ProjSrc\SrcChartEx\ChartAddIn\ChartDesignPropertyAddIn\Include_AddIn_134661\I134661\_AddInCommand.h(287,2): warning C4091: 'typedef ': 변수를 선언하지 않으면 'EAICommandType' 왼쪽은 무시됩니다.
D:\git\src\IBK\IBK_DRFN\ProjSrc\SrcChartEx\ChartAddIn\ChartDesignPropertyAddIn\ChartDesignPropertyAddIn\MyTreeCtrl.cpp(92,3): warning C4996: 'strcpy': This function or variable may be unsafe. Consider using strcpy_s instead. To disable deprecation, use _CRT_SECURE_NO_WARNINGS. See online help for details.
  NeoColorTable.cpp
  NoSystemMenuCombo.cpp
D:\git\src\IBK\IBK_DRFN\ProjSrc\SrcChartEx\ChartAddIn\ChartDesignPropertyAddIn\Include\PDll.h(468,6): warning C4996: 'strcpy': This function or variable may be unsafe. Consider using strcpy_s instead. To disable deprecation, use _CRT_SECURE_NO_WARNINGS. See online help for details.
  NoSystemMenuEdit.cpp
D:\git\src\IBK\IBK_DRFN\ProjSrc\SrcChartEx\ChartAddIn\ChartDesignPropertyAddIn\Include\PDll.h(468,6): warning C4996: 'strcpy': This function or variable may be unsafe. Consider using strcpy_s instead. To disable deprecation, use _CRT_SECURE_NO_WARNINGS. See online help for details.
  NumericalInquiryOptionDlg.cpp
D:\git\src\IBK\IBK_DRFN\ProjSrc\SrcChartEx\ChartAddIn\ChartDesignPropertyAddIn\Include\PDll.h(468,6): warning C4996: 'strcpy': This function or variable may be unsafe. Consider using strcpy_s instead. To disable deprecation, use _CRT_SECURE_NO_WARNINGS. See online help for details.
  PacketPage.cpp
D:\git\src\IBK\IBK_DRFN\ProjSrc\SrcChartEx\ChartAddIn\ChartDesignPropertyAddIn\Include\PDll.h(468,6): warning C4996: 'strcpy': This function or variable may be unsafe. Consider using strcpy_s instead. To disable deprecation, use _CRT_SECURE_NO_WARNINGS. See online help for details.
  should not include d3dtypes.h when compiling for DX8 or newer interfaces
D:\git\src\IBK\IBK_DRFN\ProjSrc\SrcChartEx\ChartAddIn\ChartDesignPropertyAddIn\Include_Chart\xUtil_Chart.h(106,3): warning C4996: 'sscanf': This function or variable may be unsafe. Consider using sscanf_s instead. To disable deprecation, use _CRT_SECURE_NO_WARNINGS. See online help for details.
D:\git\src\IBK\IBK_DRFN\ProjSrc\SrcChartEx\ChartAddIn\ChartDesignPropertyAddIn\Include_Chart\xUtil_Chart.h(114,3): warning C4996: 'sscanf': This function or variable may be unsafe. Consider using sscanf_s instead. To disable deprecation, use _CRT_SECURE_NO_WARNINGS. See online help for details.
D:\git\src\IBK\IBK_DRFN\ProjSrc\SrcChartEx\ChartAddIn\ChartDesignPropertyAddIn\Include_Chart\xUtil_Chart.h(124,3): warning C4996: 'sscanf': This function or variable may be unsafe. Consider using sscanf_s instead. To disable deprecation, use _CRT_SECURE_NO_WARNINGS. See online help for details.
D:\git\src\IBK\IBK_DRFN\ProjSrc\SrcChartEx\ChartAddIn\ChartDesignPropertyAddIn\Include_Chart\xUtil_Chart.h(158,14): warning C4996: 'sscanf': This function or variable may be unsafe. Consider using sscanf_s instead. To disable deprecation, use _CRT_SECURE_NO_WARNINGS. See online help for details.
D:\git\src\IBK\IBK_DRFN\ProjSrc\SrcChartEx\ChartAddIn\ChartDesignPropertyAddIn\Include_Chart\xUtil_Chart.h(181,21): warning C4996: 'sscanf': This function or variable may be unsafe. Consider using sscanf_s instead. To disable deprecation, use _CRT_SECURE_NO_WARNINGS. See online help for details.
D:\git\src\IBK\IBK_DRFN\ProjSrc\SrcChartEx\ChartAddIn\ChartDesignPropertyAddIn\Include_Chart\xUtil_Chart.h(595,3): warning C4996: 'sprintf': This function or variable may be unsafe. Consider using sprintf_s instead. To disable deprecation, use _CRT_SECURE_NO_WARNINGS. See online help for details.
D:\git\src\IBK\IBK_DRFN\ProjSrc\SrcChartEx\ChartAddIn\ChartDesignPropertyAddIn\Include_Chart\xUtil_Chart.h(610,4): warning C4996: 'sprintf': This function or variable may be unsafe. Consider using sprintf_s instead. To disable deprecation, use _CRT_SECURE_NO_WARNINGS. See online help for details.
D:\git\src\IBK\IBK_DRFN\ProjSrc\SrcChartEx\ChartAddIn\ChartDesignPropertyAddIn\Include_Chart\xUtil_Chart.h(628,24): warning C4477: 'sprintf' : 서식 문자열 '%s'에 'char *' 형식의 인수가 필요하지만 variadic 인수 1의 형식이 'CString'입니다.
D:\git\src\IBK\IBK_DRFN\ProjSrc\SrcChartEx\ChartAddIn\ChartDesignPropertyAddIn\Include_Chart\xUtil_Chart.h(628,3): warning C4996: 'sprintf': This function or variable may be unsafe. Consider using sprintf_s instead. To disable deprecation, use _CRT_SECURE_NO_WARNINGS. See online help for details.
D:\git\src\IBK\IBK_DRFN\ProjSrc\SrcChartEx\ChartAddIn\ChartDesignPropertyAddIn\Include_Chart\xUtil_Chart.h(639,3): warning C4996: 'sprintf': This function or variable may be unsafe. Consider using sprintf_s instead. To disable deprecation, use _CRT_SECURE_NO_WARNINGS. See online help for details.
D:\git\src\IBK\IBK_DRFN\ProjSrc\SrcChartEx\ChartAddIn\ChartDesignPropertyAddIn\Include_Chart\xUtil_Chart.h(654,24): warning C4477: 'sprintf' : 서식 문자열 '%lf'에 'double' 형식의 인수가 필요하지만 variadic 인수 2의 형식이 'LONG'입니다.
D:\git\src\IBK\IBK_DRFN\ProjSrc\SrcChartEx\ChartAddIn\ChartDesignPropertyAddIn\Include_Chart\xUtil_Chart.h(654,3): warning C4996: 'sprintf': This function or variable may be unsafe. Consider using sprintf_s instead. To disable deprecation, use _CRT_SECURE_NO_WARNINGS. See online help for details.
D:\git\src\IBK\IBK_DRFN\ProjSrc\SrcChartEx\ChartAddIn\ChartDesignPropertyAddIn\Include_Chart\xUtil_Chart.h(816,17): warning C4996: 'fopen': This function or variable may be unsafe. Consider using fopen_s instead. To disable deprecation, use _CRT_SECURE_NO_WARNINGS. See online help for details.
D:\git\src\IBK\IBK_DRFN\ProjSrc\SrcChartEx\ChartAddIn\ChartDesignPropertyAddIn\Include_Chart\xUtil_Chart.h(847,10): warning C4996: '_vsnprintf': This function or variable may be unsafe. Consider using _vsnprintf_s instead. To disable deprecation, use _CRT_SECURE_NO_WARNINGS. See online help for details.
D:\git\src\IBK\IBK_DRFN\ProjSrc\SrcChartEx\ChartAddIn\ChartDesignPropertyAddIn\Include_AddIn_134661\I134661\_AddInCommand.h(287,2): warning C4091: 'typedef ': 변수를 선언하지 않으면 'EAICommandType' 왼쪽은 무시됩니다.
D:\git\src\IBK\IBK_DRFN\ProjSrc\SrcChartEx\ChartAddIn\ChartDesignPropertyAddIn\Include_Chart\PropertiesData.h(92,2): warning C4091: 'typedef ': 변수를 선언하지 않으면 'CHART_PROPERTY_TYPE' 왼쪽은 무시됩니다.
D:\git\src\IBK\IBK_DRFN\ProjSrc\SrcChartEx\ChartAddIn\ChartDesignPropertyAddIn\Include_Chart\PropertiesData.h(313,2): warning C4091: 'typedef ': 변수를 선언하지 않으면 'CHART_ADDIN_TYPE' 왼쪽은 무시됩니다.
  PacketSuperGrid.cpp
D:\git\src\IBK\IBK_DRFN\ProjSrc\SrcChartEx\ChartAddIn\ChartDesignPropertyAddIn\ChartDesignPropertyAddIn\PacketSuperGrid.cpp(1,1): warning C4819: 현재 코드 페이지(949)에서 표시할 수 없는 문자가 파일에 들어 있습니다. 데이터가 손실되지 않게 하려면 해당 파일을 유니코드 형식으로 저장하십시오.
D:\git\src\IBK\IBK_DRFN\ProjSrc\SrcChartEx\ChartAddIn\ChartDesignPropertyAddIn\Include\PDll.h(468,6): warning C4996: 'strcpy': This function or variable may be unsafe. Consider using strcpy_s instead. To disable deprecation, use _CRT_SECURE_NO_WARNINGS. See online help for details.
  PacketUserDefine.cpp
D:\git\src\IBK\IBK_DRFN\ProjSrc\SrcChartEx\ChartAddIn\ChartDesignPropertyAddIn\Include\PDll.h(468,6): warning C4996: 'strcpy': This function or variable may be unsafe. Consider using strcpy_s instead. To disable deprecation, use _CRT_SECURE_NO_WARNINGS. See online help for details.
  Realinfo.cpp
D:\git\src\IBK\IBK_DRFN\ProjSrc\SrcChartEx\ChartAddIn\ChartDesignPropertyAddIn\Include\PDll.h(468,6): warning C4996: 'strcpy': This function or variable may be unsafe. Consider using strcpy_s instead. To disable deprecation, use _CRT_SECURE_NO_WARNINGS. See online help for details.
  RealPacketPage.cpp
D:\git\src\IBK\IBK_DRFN\ProjSrc\SrcChartEx\ChartAddIn\ChartDesignPropertyAddIn\Include\PDll.h(468,6): warning C4996: 'strcpy': This function or variable may be unsafe. Consider using strcpy_s instead. To disable deprecation, use _CRT_SECURE_NO_WARNINGS. See online help for details.
  should not include d3dtypes.h when compiling for DX8 or newer interfaces
D:\git\src\IBK\IBK_DRFN\ProjSrc\SrcChartEx\ChartAddIn\ChartDesignPropertyAddIn\Include_Chart\xUtil_Chart.h(106,3): warning C4996: 'sscanf': This function or variable may be unsafe. Consider using sscanf_s instead. To disable deprecation, use _CRT_SECURE_NO_WARNINGS. See online help for details.
D:\git\src\IBK\IBK_DRFN\ProjSrc\SrcChartEx\ChartAddIn\ChartDesignPropertyAddIn\Include_Chart\xUtil_Chart.h(114,3): warning C4996: 'sscanf': This function or variable may be unsafe. Consider using sscanf_s instead. To disable deprecation, use _CRT_SECURE_NO_WARNINGS. See online help for details.
D:\git\src\IBK\IBK_DRFN\ProjSrc\SrcChartEx\ChartAddIn\ChartDesignPropertyAddIn\Include_Chart\xUtil_Chart.h(124,3): warning C4996: 'sscanf': This function or variable may be unsafe. Consider using sscanf_s instead. To disable deprecation, use _CRT_SECURE_NO_WARNINGS. See online help for details.
D:\git\src\IBK\IBK_DRFN\ProjSrc\SrcChartEx\ChartAddIn\ChartDesignPropertyAddIn\Include_Chart\xUtil_Chart.h(158,14): warning C4996: 'sscanf': This function or variable may be unsafe. Consider using sscanf_s instead. To disable deprecation, use _CRT_SECURE_NO_WARNINGS. See online help for details.
D:\git\src\IBK\IBK_DRFN\ProjSrc\SrcChartEx\ChartAddIn\ChartDesignPropertyAddIn\Include_Chart\xUtil_Chart.h(181,21): warning C4996: 'sscanf': This function or variable may be unsafe. Consider using sscanf_s instead. To disable deprecation, use _CRT_SECURE_NO_WARNINGS. See online help for details.
D:\git\src\IBK\IBK_DRFN\ProjSrc\SrcChartEx\ChartAddIn\ChartDesignPropertyAddIn\Include_Chart\xUtil_Chart.h(595,3): warning C4996: 'sprintf': This function or variable may be unsafe. Consider using sprintf_s instead. To disable deprecation, use _CRT_SECURE_NO_WARNINGS. See online help for details.
D:\git\src\IBK\IBK_DRFN\ProjSrc\SrcChartEx\ChartAddIn\ChartDesignPropertyAddIn\Include_Chart\xUtil_Chart.h(610,4): warning C4996: 'sprintf': This function or variable may be unsafe. Consider using sprintf_s instead. To disable deprecation, use _CRT_SECURE_NO_WARNINGS. See online help for details.
D:\git\src\IBK\IBK_DRFN\ProjSrc\SrcChartEx\ChartAddIn\ChartDesignPropertyAddIn\Include_Chart\xUtil_Chart.h(628,24): warning C4477: 'sprintf' : 서식 문자열 '%s'에 'char *' 형식의 인수가 필요하지만 variadic 인수 1의 형식이 'CString'입니다.
D:\git\src\IBK\IBK_DRFN\ProjSrc\SrcChartEx\ChartAddIn\ChartDesignPropertyAddIn\Include_Chart\xUtil_Chart.h(628,3): warning C4996: 'sprintf': This function or variable may be unsafe. Consider using sprintf_s instead. To disable deprecation, use _CRT_SECURE_NO_WARNINGS. See online help for details.
D:\git\src\IBK\IBK_DRFN\ProjSrc\SrcChartEx\ChartAddIn\ChartDesignPropertyAddIn\Include_Chart\xUtil_Chart.h(639,3): warning C4996: 'sprintf': This function or variable may be unsafe. Consider using sprintf_s instead. To disable deprecation, use _CRT_SECURE_NO_WARNINGS. See online help for details.
D:\git\src\IBK\IBK_DRFN\ProjSrc\SrcChartEx\ChartAddIn\ChartDesignPropertyAddIn\Include_Chart\xUtil_Chart.h(654,24): warning C4477: 'sprintf' : 서식 문자열 '%lf'에 'double' 형식의 인수가 필요하지만 variadic 인수 2의 형식이 'LONG'입니다.
D:\git\src\IBK\IBK_DRFN\ProjSrc\SrcChartEx\ChartAddIn\ChartDesignPropertyAddIn\Include_Chart\xUtil_Chart.h(654,3): warning C4996: 'sprintf': This function or variable may be unsafe. Consider using sprintf_s instead. To disable deprecation, use _CRT_SECURE_NO_WARNINGS. See online help for details.
D:\git\src\IBK\IBK_DRFN\ProjSrc\SrcChartEx\ChartAddIn\ChartDesignPropertyAddIn\Include_Chart\xUtil_Chart.h(816,17): warning C4996: 'fopen': This function or variable may be unsafe. Consider using fopen_s instead. To disable deprecation, use _CRT_SECURE_NO_WARNINGS. See online help for details.
D:\git\src\IBK\IBK_DRFN\ProjSrc\SrcChartEx\ChartAddIn\ChartDesignPropertyAddIn\Include_Chart\xUtil_Chart.h(847,10): warning C4996: '_vsnprintf': This function or variable may be unsafe. Consider using _vsnprintf_s instead. To disable deprecation, use _CRT_SECURE_NO_WARNINGS. See online help for details.
D:\git\src\IBK\IBK_DRFN\ProjSrc\SrcChartEx\ChartAddIn\ChartDesignPropertyAddIn\Include_AddIn_134661\I134661\_AddInCommand.h(287,2): warning C4091: 'typedef ': 변수를 선언하지 않으면 'EAICommandType' 왼쪽은 무시됩니다.
D:\git\src\IBK\IBK_DRFN\ProjSrc\SrcChartEx\ChartAddIn\ChartDesignPropertyAddIn\Include_Chart\PropertiesData.h(92,2): warning C4091: 'typedef ': 변수를 선언하지 않으면 'CHART_PROPERTY_TYPE' 왼쪽은 무시됩니다.
D:\git\src\IBK\IBK_DRFN\ProjSrc\SrcChartEx\ChartAddIn\ChartDesignPropertyAddIn\Include_Chart\PropertiesData.h(313,2): warning C4091: 'typedef ': 변수를 선언하지 않으면 'CHART_ADDIN_TYPE' 왼쪽은 무시됩니다.
  SharedDataPage.cpp
D:\git\src\IBK\IBK_DRFN\ProjSrc\SrcChartEx\ChartAddIn\ChartDesignPropertyAddIn\Include\PDll.h(468,6): warning C4996: 'strcpy': This function or variable may be unsafe. Consider using strcpy_s instead. To disable deprecation, use _CRT_SECURE_NO_WARNINGS. See online help for details.
  should not include d3dtypes.h when compiling for DX8 or newer interfaces
D:\git\src\IBK\IBK_DRFN\ProjSrc\SrcChartEx\ChartAddIn\ChartDesignPropertyAddIn\Include_Chart\xUtil_Chart.h(106,3): warning C4996: 'sscanf': This function or variable may be unsafe. Consider using sscanf_s instead. To disable deprecation, use _CRT_SECURE_NO_WARNINGS. See online help for details.
D:\git\src\IBK\IBK_DRFN\ProjSrc\SrcChartEx\ChartAddIn\ChartDesignPropertyAddIn\Include_Chart\xUtil_Chart.h(114,3): warning C4996: 'sscanf': This function or variable may be unsafe. Consider using sscanf_s instead. To disable deprecation, use _CRT_SECURE_NO_WARNINGS. See online help for details.
D:\git\src\IBK\IBK_DRFN\ProjSrc\SrcChartEx\ChartAddIn\ChartDesignPropertyAddIn\Include_Chart\xUtil_Chart.h(124,3): warning C4996: 'sscanf': This function or variable may be unsafe. Consider using sscanf_s instead. To disable deprecation, use _CRT_SECURE_NO_WARNINGS. See online help for details.
D:\git\src\IBK\IBK_DRFN\ProjSrc\SrcChartEx\ChartAddIn\ChartDesignPropertyAddIn\Include_Chart\xUtil_Chart.h(158,14): warning C4996: 'sscanf': This function or variable may be unsafe. Consider using sscanf_s instead. To disable deprecation, use _CRT_SECURE_NO_WARNINGS. See online help for details.
D:\git\src\IBK\IBK_DRFN\ProjSrc\SrcChartEx\ChartAddIn\ChartDesignPropertyAddIn\Include_Chart\xUtil_Chart.h(181,21): warning C4996: 'sscanf': This function or variable may be unsafe. Consider using sscanf_s instead. To disable deprecation, use _CRT_SECURE_NO_WARNINGS. See online help for details.
D:\git\src\IBK\IBK_DRFN\ProjSrc\SrcChartEx\ChartAddIn\ChartDesignPropertyAddIn\Include_Chart\xUtil_Chart.h(595,3): warning C4996: 'sprintf': This function or variable may be unsafe. Consider using sprintf_s instead. To disable deprecation, use _CRT_SECURE_NO_WARNINGS. See online help for details.
D:\git\src\IBK\IBK_DRFN\ProjSrc\SrcChartEx\ChartAddIn\ChartDesignPropertyAddIn\Include_Chart\xUtil_Chart.h(610,4): warning C4996: 'sprintf': This function or variable may be unsafe. Consider using sprintf_s instead. To disable deprecation, use _CRT_SECURE_NO_WARNINGS. See online help for details.
D:\git\src\IBK\IBK_DRFN\ProjSrc\SrcChartEx\ChartAddIn\ChartDesignPropertyAddIn\Include_Chart\xUtil_Chart.h(628,24): warning C4477: 'sprintf' : 서식 문자열 '%s'에 'char *' 형식의 인수가 필요하지만 variadic 인수 1의 형식이 'CString'입니다.
D:\git\src\IBK\IBK_DRFN\ProjSrc\SrcChartEx\ChartAddIn\ChartDesignPropertyAddIn\Include_Chart\xUtil_Chart.h(628,3): warning C4996: 'sprintf': This function or variable may be unsafe. Consider using sprintf_s instead. To disable deprecation, use _CRT_SECURE_NO_WARNINGS. See online help for details.
D:\git\src\IBK\IBK_DRFN\ProjSrc\SrcChartEx\ChartAddIn\ChartDesignPropertyAddIn\Include_Chart\xUtil_Chart.h(639,3): warning C4996: 'sprintf': This function or variable may be unsafe. Consider using sprintf_s instead. To disable deprecation, use _CRT_SECURE_NO_WARNINGS. See online help for details.
D:\git\src\IBK\IBK_DRFN\ProjSrc\SrcChartEx\ChartAddIn\ChartDesignPropertyAddIn\Include_Chart\xUtil_Chart.h(654,24): warning C4477: 'sprintf' : 서식 문자열 '%lf'에 'double' 형식의 인수가 필요하지만 variadic 인수 2의 형식이 'LONG'입니다.
D:\git\src\IBK\IBK_DRFN\ProjSrc\SrcChartEx\ChartAddIn\ChartDesignPropertyAddIn\Include_Chart\xUtil_Chart.h(654,3): warning C4996: 'sprintf': This function or variable may be unsafe. Consider using sprintf_s instead. To disable deprecation, use _CRT_SECURE_NO_WARNINGS. See online help for details.
D:\git\src\IBK\IBK_DRFN\ProjSrc\SrcChartEx\ChartAddIn\ChartDesignPropertyAddIn\Include_Chart\xUtil_Chart.h(816,17): warning C4996: 'fopen': This function or variable may be unsafe. Consider using fopen_s instead. To disable deprecation, use _CRT_SECURE_NO_WARNINGS. See online help for details.
D:\git\src\IBK\IBK_DRFN\ProjSrc\SrcChartEx\ChartAddIn\ChartDesignPropertyAddIn\Include_Chart\xUtil_Chart.h(847,10): warning C4996: '_vsnprintf': This function or variable may be unsafe. Consider using _vsnprintf_s instead. To disable deprecation, use _CRT_SECURE_NO_WARNINGS. See online help for details.
D:\git\src\IBK\IBK_DRFN\ProjSrc\SrcChartEx\ChartAddIn\ChartDesignPropertyAddIn\Include_AddIn_134661\I134661\_AddInCommand.h(287,2): warning C4091: 'typedef ': 변수를 선언하지 않으면 'EAICommandType' 왼쪽은 무시됩니다.
D:\git\src\IBK\IBK_DRFN\ProjSrc\SrcChartEx\ChartAddIn\ChartDesignPropertyAddIn\Include_Chart\PropertiesData.h(92,2): warning C4091: 'typedef ': 변수를 선언하지 않으면 'CHART_PROPERTY_TYPE' 왼쪽은 무시됩니다.
D:\git\src\IBK\IBK_DRFN\ProjSrc\SrcChartEx\ChartAddIn\ChartDesignPropertyAddIn\Include_Chart\PropertiesData.h(313,2): warning C4091: 'typedef ': 변수를 선언하지 않으면 'CHART_ADDIN_TYPE' 왼쪽은 무시됩니다.
D:\git\src\IBK\IBK_DRFN\ProjSrc\SrcChartEx\ChartAddIn\ChartDesignPropertyAddIn\ChartDesignPropertyAddIn\SharedDataPage.cpp(146,2): warning C4996: 'sprintf': This function or variable may be unsafe. Consider using sprintf_s instead. To disable deprecation, use _CRT_SECURE_NO_WARNINGS. See online help for details.
D:\git\src\IBK\IBK_DRFN\ProjSrc\SrcChartEx\ChartAddIn\ChartDesignPropertyAddIn\ChartDesignPropertyAddIn\SharedDataPage.cpp(150,2): warning C4996: 'sprintf': This function or variable may be unsafe. Consider using sprintf_s instead. To disable deprecation, use _CRT_SECURE_NO_WARNINGS. See online help for details.
D:\git\src\IBK\IBK_DRFN\ProjSrc\SrcChartEx\ChartAddIn\ChartDesignPropertyAddIn\ChartDesignPropertyAddIn\SharedDataPage.cpp(153,2): warning C4996: 'sprintf': This function or variable may be unsafe. Consider using sprintf_s instead. To disable deprecation, use _CRT_SECURE_NO_WARNINGS. See online help for details.
D:\git\src\IBK\IBK_DRFN\ProjSrc\SrcChartEx\ChartAddIn\ChartDesignPropertyAddIn\ChartDesignPropertyAddIn\SharedDataPage.cpp(156,2): warning C4996: 'sprintf': This function or variable may be unsafe. Consider using sprintf_s instead. To disable deprecation, use _CRT_SECURE_NO_WARNINGS. See online help for details.
D:\git\src\IBK\IBK_DRFN\ProjSrc\SrcChartEx\ChartAddIn\ChartDesignPropertyAddIn\ChartDesignPropertyAddIn\SharedDataPage.cpp(170,3): warning C4996: 'sprintf': This function or variable may be unsafe. Consider using sprintf_s instead. To disable deprecation, use _CRT_SECURE_NO_WARNINGS. See online help for details.
D:\git\src\IBK\IBK_DRFN\ProjSrc\SrcChartEx\ChartAddIn\ChartDesignPropertyAddIn\ChartDesignPropertyAddIn\SharedDataPage.cpp(332,2): warning C4996: 'sprintf': This function or variable may be unsafe. Consider using sprintf_s instead. To disable deprecation, use _CRT_SECURE_NO_WARNINGS. See online help for details.
D:\git\src\IBK\IBK_DRFN\ProjSrc\SrcChartEx\ChartAddIn\ChartDesignPropertyAddIn\ChartDesignPropertyAddIn\SharedDataPage.cpp(335,2): warning C4996: 'sprintf': This function or variable may be unsafe. Consider using sprintf_s instead. To disable deprecation, use _CRT_SECURE_NO_WARNINGS. See online help for details.
D:\git\src\IBK\IBK_DRFN\ProjSrc\SrcChartEx\ChartAddIn\ChartDesignPropertyAddIn\ChartDesignPropertyAddIn\SharedDataPage.cpp(338,2): warning C4996: 'sprintf': This function or variable may be unsafe. Consider using sprintf_s instead. To disable deprecation, use _CRT_SECURE_NO_WARNINGS. See online help for details.
  supergridctrl.cpp
D:\git\src\IBK\IBK_DRFN\ProjSrc\SrcChartEx\ChartAddIn\ChartDesignPropertyAddIn\Include\PDll.h(468,6): warning C4996: 'strcpy': This function or variable may be unsafe. Consider using strcpy_s instead. To disable deprecation, use _CRT_SECURE_NO_WARNINGS. See online help for details.
  ToolandRButtonBase_ListCtrl.cpp
D:\git\src\IBK\IBK_DRFN\ProjSrc\SrcChartEx\ChartAddIn\ChartDesignPropertyAddIn\ChartDesignPropertyAddIn\ToolandRButtonBase_ListCtrl.cpp(96,2): warning C4996: 'strcpy': This function or variable may be unsafe. Consider using strcpy_s instead. To disable deprecation, use _CRT_SECURE_NO_WARNINGS. See online help for details.
  ToolandRButtonDlgwithGrid_ListCtrl.cpp
D:\git\src\IBK\IBK_DRFN\ProjSrc\SrcChartEx\ChartAddIn\ChartDesignPropertyAddIn\Include\PDll.h(468,6): warning C4996: 'strcpy': This function or variable may be unsafe. Consider using strcpy_s instead. To disable deprecation, use _CRT_SECURE_NO_WARNINGS. See online help for details.
  ToolandRButtonGrid_ListCtrl.cpp
D:\git\src\IBK\IBK_DRFN\ProjSrc\SrcChartEx\ChartAddIn\ChartDesignPropertyAddIn\Include\PDll.h(468,6): warning C4996: 'strcpy': This function or variable may be unsafe. Consider using strcpy_s instead. To disable deprecation, use _CRT_SECURE_NO_WARNINGS. See online help for details.
  ToolandRButtonItemMgr.cpp
D:\git\src\IBK\IBK_DRFN\ProjSrc\SrcChartEx\ChartAddIn\ChartDesignPropertyAddIn\Include\PDll.h(468,6): warning C4996: 'strcpy': This function or variable may be unsafe. Consider using strcpy_s instead. To disable deprecation, use _CRT_SECURE_NO_WARNINGS. See online help for details.
  ToolandRButtonPage.cpp
D:\git\src\IBK\IBK_DRFN\ProjSrc\SrcChartEx\ChartAddIn\ChartDesignPropertyAddIn\Include\PDll.h(468,6): warning C4996: 'strcpy': This function or variable may be unsafe. Consider using strcpy_s instead. To disable deprecation, use _CRT_SECURE_NO_WARNINGS. See online help for details.
  should not include d3dtypes.h when compiling for DX8 or newer interfaces
D:\git\src\IBK\IBK_DRFN\ProjSrc\SrcChartEx\ChartAddIn\ChartDesignPropertyAddIn\Include_Chart\xUtil_Chart.h(106,3): warning C4996: 'sscanf': This function or variable may be unsafe. Consider using sscanf_s instead. To disable deprecation, use _CRT_SECURE_NO_WARNINGS. See online help for details.
D:\git\src\IBK\IBK_DRFN\ProjSrc\SrcChartEx\ChartAddIn\ChartDesignPropertyAddIn\Include_Chart\xUtil_Chart.h(114,3): warning C4996: 'sscanf': This function or variable may be unsafe. Consider using sscanf_s instead. To disable deprecation, use _CRT_SECURE_NO_WARNINGS. See online help for details.
D:\git\src\IBK\IBK_DRFN\ProjSrc\SrcChartEx\ChartAddIn\ChartDesignPropertyAddIn\Include_Chart\xUtil_Chart.h(124,3): warning C4996: 'sscanf': This function or variable may be unsafe. Consider using sscanf_s instead. To disable deprecation, use _CRT_SECURE_NO_WARNINGS. See online help for details.
D:\git\src\IBK\IBK_DRFN\ProjSrc\SrcChartEx\ChartAddIn\ChartDesignPropertyAddIn\Include_Chart\xUtil_Chart.h(158,14): warning C4996: 'sscanf': This function or variable may be unsafe. Consider using sscanf_s instead. To disable deprecation, use _CRT_SECURE_NO_WARNINGS. See online help for details.
D:\git\src\IBK\IBK_DRFN\ProjSrc\SrcChartEx\ChartAddIn\ChartDesignPropertyAddIn\Include_Chart\xUtil_Chart.h(181,21): warning C4996: 'sscanf': This function or variable may be unsafe. Consider using sscanf_s instead. To disable deprecation, use _CRT_SECURE_NO_WARNINGS. See online help for details.
D:\git\src\IBK\IBK_DRFN\ProjSrc\SrcChartEx\ChartAddIn\ChartDesignPropertyAddIn\Include_Chart\xUtil_Chart.h(595,3): warning C4996: 'sprintf': This function or variable may be unsafe. Consider using sprintf_s instead. To disable deprecation, use _CRT_SECURE_NO_WARNINGS. See online help for details.
D:\git\src\IBK\IBK_DRFN\ProjSrc\SrcChartEx\ChartAddIn\ChartDesignPropertyAddIn\Include_Chart\xUtil_Chart.h(610,4): warning C4996: 'sprintf': This function or variable may be unsafe. Consider using sprintf_s instead. To disable deprecation, use _CRT_SECURE_NO_WARNINGS. See online help for details.
D:\git\src\IBK\IBK_DRFN\ProjSrc\SrcChartEx\ChartAddIn\ChartDesignPropertyAddIn\Include_Chart\xUtil_Chart.h(628,24): warning C4477: 'sprintf' : 서식 문자열 '%s'에 'char *' 형식의 인수가 필요하지만 variadic 인수 1의 형식이 'CString'입니다.
D:\git\src\IBK\IBK_DRFN\ProjSrc\SrcChartEx\ChartAddIn\ChartDesignPropertyAddIn\Include_Chart\xUtil_Chart.h(628,3): warning C4996: 'sprintf': This function or variable may be unsafe. Consider using sprintf_s instead. To disable deprecation, use _CRT_SECURE_NO_WARNINGS. See online help for details.
D:\git\src\IBK\IBK_DRFN\ProjSrc\SrcChartEx\ChartAddIn\ChartDesignPropertyAddIn\Include_Chart\xUtil_Chart.h(639,3): warning C4996: 'sprintf': This function or variable may be unsafe. Consider using sprintf_s instead. To disable deprecation, use _CRT_SECURE_NO_WARNINGS. See online help for details.
D:\git\src\IBK\IBK_DRFN\ProjSrc\SrcChartEx\ChartAddIn\ChartDesignPropertyAddIn\Include_Chart\xUtil_Chart.h(654,24): warning C4477: 'sprintf' : 서식 문자열 '%lf'에 'double' 형식의 인수가 필요하지만 variadic 인수 2의 형식이 'LONG'입니다.
D:\git\src\IBK\IBK_DRFN\ProjSrc\SrcChartEx\ChartAddIn\ChartDesignPropertyAddIn\Include_Chart\xUtil_Chart.h(654,3): warning C4996: 'sprintf': This function or variable may be unsafe. Consider using sprintf_s instead. To disable deprecation, use _CRT_SECURE_NO_WARNINGS. See online help for details.
D:\git\src\IBK\IBK_DRFN\ProjSrc\SrcChartEx\ChartAddIn\ChartDesignPropertyAddIn\Include_Chart\xUtil_Chart.h(816,17): warning C4996: 'fopen': This function or variable may be unsafe. Consider using fopen_s instead. To disable deprecation, use _CRT_SECURE_NO_WARNINGS. See online help for details.
D:\git\src\IBK\IBK_DRFN\ProjSrc\SrcChartEx\ChartAddIn\ChartDesignPropertyAddIn\Include_Chart\xUtil_Chart.h(847,10): warning C4996: '_vsnprintf': This function or variable may be unsafe. Consider using _vsnprintf_s instead. To disable deprecation, use _CRT_SECURE_NO_WARNINGS. See online help for details.
D:\git\src\IBK\IBK_DRFN\ProjSrc\SrcChartEx\ChartAddIn\ChartDesignPropertyAddIn\Include_AddIn_134661\I134661\_AddInCommand.h(287,2): warning C4091: 'typedef ': 변수를 선언하지 않으면 'EAICommandType' 왼쪽은 무시됩니다.
D:\git\src\IBK\IBK_DRFN\ProjSrc\SrcChartEx\ChartAddIn\ChartDesignPropertyAddIn\Include_Chart\PropertiesData.h(92,2): warning C4091: 'typedef ': 변수를 선언하지 않으면 'CHART_PROPERTY_TYPE' 왼쪽은 무시됩니다.
D:\git\src\IBK\IBK_DRFN\ProjSrc\SrcChartEx\ChartAddIn\ChartDesignPropertyAddIn\Include_Chart\PropertiesData.h(313,2): warning C4091: 'typedef ': 변수를 선언하지 않으면 'CHART_ADDIN_TYPE' 왼쪽은 무시됩니다.
  ToolandRButtonTabCtrl.cpp
D:\git\src\IBK\IBK_DRFN\ProjSrc\SrcChartEx\ChartAddIn\ChartDesignPropertyAddIn\Include\PDll.h(468,6): warning C4996: 'strcpy': This function or variable may be unsafe. Consider using strcpy_s instead. To disable deprecation, use _CRT_SECURE_NO_WARNINGS. See online help for details.
  코드를 생성하고 있습니다...
  컴파일하고 있습니다...
  ToolListData.cpp
D:\git\src\IBK\IBK_DRFN\ProjSrc\SrcChartEx\ChartAddIn\ChartDesignPropertyAddIn\Include\PDll.h(468,6): warning C4996: 'strcpy': This function or variable may be unsafe. Consider using strcpy_s instead. To disable deprecation, use _CRT_SECURE_NO_WARNINGS. See online help for details.
  TreeCombo.cpp
  TreeDropList.cpp
D:\git\src\IBK\IBK_DRFN\ProjSrc\SrcChartEx\ChartAddIn\ChartDesignPropertyAddIn\Include\PDll.h(468,6): warning C4996: 'strcpy': This function or variable may be unsafe. Consider using strcpy_s instead. To disable deprecation, use _CRT_SECURE_NO_WARNINGS. See online help for details.
D:\git\src\IBK\IBK_DRFN\ProjSrc\SrcChartEx\ChartAddIn\ChartDesignPropertyAddIn\ChartDesignPropertyAddIn\TreeDropList.cpp(505,13): warning C4996: 'fopen': This function or variable may be unsafe. Consider using fopen_s instead. To disable deprecation, use _CRT_SECURE_NO_WARNINGS. See online help for details.
D:\git\src\IBK\IBK_DRFN\ProjSrc\SrcChartEx\ChartAddIn\ChartDesignPropertyAddIn\ChartDesignPropertyAddIn\TreeDropList.cpp(677,2): warning C4996: 'strcpy': This function or variable may be unsafe. Consider using strcpy_s instead. To disable deprecation, use _CRT_SECURE_NO_WARNINGS. See online help for details.
D:\git\src\IBK\IBK_DRFN\ProjSrc\SrcChartEx\ChartAddIn\ChartDesignPropertyAddIn\ChartDesignPropertyAddIn\TreeDropList.cpp(678,2): warning C4996: 'strcpy': This function or variable may be unsafe. Consider using strcpy_s instead. To disable deprecation, use _CRT_SECURE_NO_WARNINGS. See online help for details.
  ViewDesignPage.cpp
D:\git\src\IBK\IBK_DRFN\ProjSrc\SrcChartEx\ChartAddIn\ChartDesignPropertyAddIn\Include\PDll.h(468,6): warning C4996: 'strcpy': This function or variable may be unsafe. Consider using strcpy_s instead. To disable deprecation, use _CRT_SECURE_NO_WARNINGS. See online help for details.
  should not include d3dtypes.h when compiling for DX8 or newer interfaces
D:\git\src\IBK\IBK_DRFN\ProjSrc\SrcChartEx\ChartAddIn\ChartDesignPropertyAddIn\Include_Chart\xUtil_Chart.h(106,3): warning C4996: 'sscanf': This function or variable may be unsafe. Consider using sscanf_s instead. To disable deprecation, use _CRT_SECURE_NO_WARNINGS. See online help for details.
D:\git\src\IBK\IBK_DRFN\ProjSrc\SrcChartEx\ChartAddIn\ChartDesignPropertyAddIn\Include_Chart\xUtil_Chart.h(114,3): warning C4996: 'sscanf': This function or variable may be unsafe. Consider using sscanf_s instead. To disable deprecation, use _CRT_SECURE_NO_WARNINGS. See online help for details.
D:\git\src\IBK\IBK_DRFN\ProjSrc\SrcChartEx\ChartAddIn\ChartDesignPropertyAddIn\Include_Chart\xUtil_Chart.h(124,3): warning C4996: 'sscanf': This function or variable may be unsafe. Consider using sscanf_s instead. To disable deprecation, use _CRT_SECURE_NO_WARNINGS. See online help for details.
D:\git\src\IBK\IBK_DRFN\ProjSrc\SrcChartEx\ChartAddIn\ChartDesignPropertyAddIn\Include_Chart\xUtil_Chart.h(158,14): warning C4996: 'sscanf': This function or variable may be unsafe. Consider using sscanf_s instead. To disable deprecation, use _CRT_SECURE_NO_WARNINGS. See online help for details.
D:\git\src\IBK\IBK_DRFN\ProjSrc\SrcChartEx\ChartAddIn\ChartDesignPropertyAddIn\Include_Chart\xUtil_Chart.h(181,21): warning C4996: 'sscanf': This function or variable may be unsafe. Consider using sscanf_s instead. To disable deprecation, use _CRT_SECURE_NO_WARNINGS. See online help for details.
D:\git\src\IBK\IBK_DRFN\ProjSrc\SrcChartEx\ChartAddIn\ChartDesignPropertyAddIn\Include_Chart\xUtil_Chart.h(595,3): warning C4996: 'sprintf': This function or variable may be unsafe. Consider using sprintf_s instead. To disable deprecation, use _CRT_SECURE_NO_WARNINGS. See online help for details.
D:\git\src\IBK\IBK_DRFN\ProjSrc\SrcChartEx\ChartAddIn\ChartDesignPropertyAddIn\Include_Chart\xUtil_Chart.h(610,4): warning C4996: 'sprintf': This function or variable may be unsafe. Consider using sprintf_s instead. To disable deprecation, use _CRT_SECURE_NO_WARNINGS. See online help for details.
D:\git\src\IBK\IBK_DRFN\ProjSrc\SrcChartEx\ChartAddIn\ChartDesignPropertyAddIn\Include_Chart\xUtil_Chart.h(628,24): warning C4477: 'sprintf' : 서식 문자열 '%s'에 'char *' 형식의 인수가 필요하지만 variadic 인수 1의 형식이 'CString'입니다.
D:\git\src\IBK\IBK_DRFN\ProjSrc\SrcChartEx\ChartAddIn\ChartDesignPropertyAddIn\Include_Chart\xUtil_Chart.h(628,3): warning C4996: 'sprintf': This function or variable may be unsafe. Consider using sprintf_s instead. To disable deprecation, use _CRT_SECURE_NO_WARNINGS. See online help for details.
D:\git\src\IBK\IBK_DRFN\ProjSrc\SrcChartEx\ChartAddIn\ChartDesignPropertyAddIn\Include_Chart\xUtil_Chart.h(639,3): warning C4996: 'sprintf': This function or variable may be unsafe. Consider using sprintf_s instead. To disable deprecation, use _CRT_SECURE_NO_WARNINGS. See online help for details.
D:\git\src\IBK\IBK_DRFN\ProjSrc\SrcChartEx\ChartAddIn\ChartDesignPropertyAddIn\Include_Chart\xUtil_Chart.h(654,24): warning C4477: 'sprintf' : 서식 문자열 '%lf'에 'double' 형식의 인수가 필요하지만 variadic 인수 2의 형식이 'LONG'입니다.
D:\git\src\IBK\IBK_DRFN\ProjSrc\SrcChartEx\ChartAddIn\ChartDesignPropertyAddIn\Include_Chart\xUtil_Chart.h(654,3): warning C4996: 'sprintf': This function or variable may be unsafe. Consider using sprintf_s instead. To disable deprecation, use _CRT_SECURE_NO_WARNINGS. See online help for details.
D:\git\src\IBK\IBK_DRFN\ProjSrc\SrcChartEx\ChartAddIn\ChartDesignPropertyAddIn\Include_Chart\xUtil_Chart.h(816,17): warning C4996: 'fopen': This function or variable may be unsafe. Consider using fopen_s instead. To disable deprecation, use _CRT_SECURE_NO_WARNINGS. See online help for details.
D:\git\src\IBK\IBK_DRFN\ProjSrc\SrcChartEx\ChartAddIn\ChartDesignPropertyAddIn\Include_Chart\xUtil_Chart.h(847,10): warning C4996: '_vsnprintf': This function or variable may be unsafe. Consider using _vsnprintf_s instead. To disable deprecation, use _CRT_SECURE_NO_WARNINGS. See online help for details.
D:\git\src\IBK\IBK_DRFN\ProjSrc\SrcChartEx\ChartAddIn\ChartDesignPropertyAddIn\Include_AddIn_134661\I134661\_AddInCommand.h(287,2): warning C4091: 'typedef ': 변수를 선언하지 않으면 'EAICommandType' 왼쪽은 무시됩니다.
D:\git\src\IBK\IBK_DRFN\ProjSrc\SrcChartEx\ChartAddIn\ChartDesignPropertyAddIn\Include_Chart\PropertiesData.h(92,2): warning C4091: 'typedef ': 변수를 선언하지 않으면 'CHART_PROPERTY_TYPE' 왼쪽은 무시됩니다.
D:\git\src\IBK\IBK_DRFN\ProjSrc\SrcChartEx\ChartAddIn\ChartDesignPropertyAddIn\Include_Chart\PropertiesData.h(313,2): warning C4091: 'typedef ': 변수를 선언하지 않으면 'CHART_ADDIN_TYPE' 왼쪽은 무시됩니다.
  ViewDesignPage2.cpp
D:\git\src\IBK\IBK_DRFN\ProjSrc\SrcChartEx\ChartAddIn\ChartDesignPropertyAddIn\Include\PDll.h(468,6): warning C4996: 'strcpy': This function or variable may be unsafe. Consider using strcpy_s instead. To disable deprecation, use _CRT_SECURE_NO_WARNINGS. See online help for details.
  should not include d3dtypes.h when compiling for DX8 or newer interfaces
D:\git\src\IBK\IBK_DRFN\ProjSrc\SrcChartEx\ChartAddIn\ChartDesignPropertyAddIn\Include_Chart\xUtil_Chart.h(106,3): warning C4996: 'sscanf': This function or variable may be unsafe. Consider using sscanf_s instead. To disable deprecation, use _CRT_SECURE_NO_WARNINGS. See online help for details.
D:\git\src\IBK\IBK_DRFN\ProjSrc\SrcChartEx\ChartAddIn\ChartDesignPropertyAddIn\Include_Chart\xUtil_Chart.h(114,3): warning C4996: 'sscanf': This function or variable may be unsafe. Consider using sscanf_s instead. To disable deprecation, use _CRT_SECURE_NO_WARNINGS. See online help for details.
D:\git\src\IBK\IBK_DRFN\ProjSrc\SrcChartEx\ChartAddIn\ChartDesignPropertyAddIn\Include_Chart\xUtil_Chart.h(124,3): warning C4996: 'sscanf': This function or variable may be unsafe. Consider using sscanf_s instead. To disable deprecation, use _CRT_SECURE_NO_WARNINGS. See online help for details.
D:\git\src\IBK\IBK_DRFN\ProjSrc\SrcChartEx\ChartAddIn\ChartDesignPropertyAddIn\Include_Chart\xUtil_Chart.h(158,14): warning C4996: 'sscanf': This function or variable may be unsafe. Consider using sscanf_s instead. To disable deprecation, use _CRT_SECURE_NO_WARNINGS. See online help for details.
D:\git\src\IBK\IBK_DRFN\ProjSrc\SrcChartEx\ChartAddIn\ChartDesignPropertyAddIn\Include_Chart\xUtil_Chart.h(181,21): warning C4996: 'sscanf': This function or variable may be unsafe. Consider using sscanf_s instead. To disable deprecation, use _CRT_SECURE_NO_WARNINGS. See online help for details.
D:\git\src\IBK\IBK_DRFN\ProjSrc\SrcChartEx\ChartAddIn\ChartDesignPropertyAddIn\Include_Chart\xUtil_Chart.h(595,3): warning C4996: 'sprintf': This function or variable may be unsafe. Consider using sprintf_s instead. To disable deprecation, use _CRT_SECURE_NO_WARNINGS. See online help for details.
D:\git\src\IBK\IBK_DRFN\ProjSrc\SrcChartEx\ChartAddIn\ChartDesignPropertyAddIn\Include_Chart\xUtil_Chart.h(610,4): warning C4996: 'sprintf': This function or variable may be unsafe. Consider using sprintf_s instead. To disable deprecation, use _CRT_SECURE_NO_WARNINGS. See online help for details.
D:\git\src\IBK\IBK_DRFN\ProjSrc\SrcChartEx\ChartAddIn\ChartDesignPropertyAddIn\Include_Chart\xUtil_Chart.h(628,24): warning C4477: 'sprintf' : 서식 문자열 '%s'에 'char *' 형식의 인수가 필요하지만 variadic 인수 1의 형식이 'CString'입니다.
D:\git\src\IBK\IBK_DRFN\ProjSrc\SrcChartEx\ChartAddIn\ChartDesignPropertyAddIn\Include_Chart\xUtil_Chart.h(628,3): warning C4996: 'sprintf': This function or variable may be unsafe. Consider using sprintf_s instead. To disable deprecation, use _CRT_SECURE_NO_WARNINGS. See online help for details.
D:\git\src\IBK\IBK_DRFN\ProjSrc\SrcChartEx\ChartAddIn\ChartDesignPropertyAddIn\Include_Chart\xUtil_Chart.h(639,3): warning C4996: 'sprintf': This function or variable may be unsafe. Consider using sprintf_s instead. To disable deprecation, use _CRT_SECURE_NO_WARNINGS. See online help for details.
D:\git\src\IBK\IBK_DRFN\ProjSrc\SrcChartEx\ChartAddIn\ChartDesignPropertyAddIn\Include_Chart\xUtil_Chart.h(654,24): warning C4477: 'sprintf' : 서식 문자열 '%lf'에 'double' 형식의 인수가 필요하지만 variadic 인수 2의 형식이 'LONG'입니다.
D:\git\src\IBK\IBK_DRFN\ProjSrc\SrcChartEx\ChartAddIn\ChartDesignPropertyAddIn\Include_Chart\xUtil_Chart.h(654,3): warning C4996: 'sprintf': This function or variable may be unsafe. Consider using sprintf_s instead. To disable deprecation, use _CRT_SECURE_NO_WARNINGS. See online help for details.
D:\git\src\IBK\IBK_DRFN\ProjSrc\SrcChartEx\ChartAddIn\ChartDesignPropertyAddIn\Include_Chart\xUtil_Chart.h(816,17): warning C4996: 'fopen': This function or variable may be unsafe. Consider using fopen_s instead. To disable deprecation, use _CRT_SECURE_NO_WARNINGS. See online help for details.
D:\git\src\IBK\IBK_DRFN\ProjSrc\SrcChartEx\ChartAddIn\ChartDesignPropertyAddIn\Include_Chart\xUtil_Chart.h(847,10): warning C4996: '_vsnprintf': This function or variable may be unsafe. Consider using _vsnprintf_s instead. To disable deprecation, use _CRT_SECURE_NO_WARNINGS. See online help for details.
D:\git\src\IBK\IBK_DRFN\ProjSrc\SrcChartEx\ChartAddIn\ChartDesignPropertyAddIn\Include_Chart\PropertiesData.h(92,2): warning C4091: 'typedef ': 변수를 선언하지 않으면 'CHART_PROPERTY_TYPE' 왼쪽은 무시됩니다.
D:\git\src\IBK\IBK_DRFN\ProjSrc\SrcChartEx\ChartAddIn\ChartDesignPropertyAddIn\Include_Chart\PropertiesData.h(313,2): warning C4091: 'typedef ': 변수를 선언하지 않으면 'CHART_ADDIN_TYPE' 왼쪽은 무시됩니다.
D:\git\src\IBK\IBK_DRFN\ProjSrc\SrcChartEx\ChartAddIn\ChartDesignPropertyAddIn\Include_AddIn_134661\I134661\_AddInCommand.h(287,2): warning C4091: 'typedef ': 변수를 선언하지 않으면 'EAICommandType' 왼쪽은 무시됩니다.
  코드를 생성하고 있습니다...
C:\Program Files (x86)\Microsoft Visual Studio\2019\Community\MSBuild\Microsoft\VC\v160\Microsoft.CppBuild.targets(1363,5): warning MSB8012: TargetPath(D:\git\src\IBK\IBK_DRFN\#DRfn-CS\_Obj\ChartDesignPropertyAddIn\ChartDesignPropertyAddIn.dll)이(가) Linker의 OutputFile 속성 값(D:\git\src\IBK\IBK_DRFN\#DRfn-CS\Output\IBK hot Trading\dev\ChartDesignPropertyAddIn.dll)과 일치하지 않습니다. 이로 인해 프로젝트가 잘못 빌드될 수 있습니다. 이를 수정하려면 $(OutDir), $(TargetName) 및 $(TargetExt) 속성 값이 %(Link.OutputFile)에 지정된 값과 일치해야 합니다.
.\ChartDesignPropertyAddIn.def(4): warning LNK4017: 대상 플랫폼에는 DESCRIPTION 문이 지원되지 않습니다. 무시됩니다.
     ../../../../../#DRfn-CS/_Lib/ChartDesignPropertyAddIn.lib 라이브러리 및 ../../../../../#DRfn-CS/_Lib/ChartDesignPropertyAddIn.exp 개체를 생성하고 있습니다.
  ChartDesignPropertyAddIn_KC.vcxproj -> D:\git\src\IBK\IBK_DRFN\#DRfn-CS\_Obj\ChartDesignPropertyAddIn\ChartDesignPropertyAddIn.dll
